2025-07-19 16:08:30,613 - INFO - 開始掃描專案: C:\Users\User\Desktop\OceanTale\effekseer\Efk\CrazyPirateShip
2025-07-19 16:08:30,613 - INFO - 找到 4 個EFK檔案, 3 個EFKMAT檔案, 1 個EFKMODEL檔案
2025-07-19 16:08:30,613 - INFO - 分析EFK檔案 1/4: Attack.efk
2025-07-19 16:08:30,619 - INFO - 成功解析EFK檔案，找到 8 個引用
2025-07-19 16:08:30,619 - INFO - 分析EFK檔案 2/4: Aurora.efk
2025-07-19 16:08:30,622 - INFO - 成功解析EFK檔案，找到 5 個引用
2025-07-19 16:08:30,622 - INFO - 分析EFK檔案 3/4: EarthGlow.efk
2025-07-19 16:08:30,623 - INFO - 成功解析EFK檔案，找到 3 個引用
2025-07-19 16:08:30,623 - INFO - 分析EFK檔案 4/4: Explosion.efk
2025-07-19 16:08:30,625 - INFO - 成功解析EFK檔案，找到 1 個引用
2025-07-19 16:08:30,625 - INFO - 分析EFKMAT檔案 1/3: Aurora.efkmat
2025-07-19 16:08:30,647 - INFO - 成功解析EFKMAT檔案，找到 1 個引用
2025-07-19 16:08:30,647 - INFO - 分析EFKMAT檔案 2/3: cannon_dissolve_3.efkmat
2025-07-19 16:08:30,662 - INFO - 成功解析EFKMAT檔案，找到 2 個引用
2025-07-19 16:08:30,662 - INFO - 分析EFKMAT檔案 3/3: Dissolve_04.efkmat
2025-07-19 16:08:30,668 - INFO - 成功解析EFKMAT檔案，找到 2 個引用
2025-07-19 16:08:30,668 - INFO - 分析EFKMODEL檔案 1/1: Aurora_Path.efkmodel
2025-07-19 16:08:30,724 - WARNING - EFKMODEL檔案解析完成，但未找到引用
2025-07-19 16:08:30,724 - INFO - 掃描摘要 - 總檔案數: 8, 成功: 8, 失敗: 0
2025-07-19 16:08:30,724 - INFO - 掃描完成，總共解析出 7 個有效結果
2025-07-19 16:08:30,727 - INFO - 開始掃描專案: C:\Users\User\Desktop\OceanTale\effekseer\Efk
2025-07-19 16:08:30,728 - INFO - 找到 35 個EFK檔案, 14 個EFKMAT檔案, 4 個EFKMODEL檔案
2025-07-19 16:08:30,728 - INFO - 分析EFK檔案 1/35: Attack.efk
2025-07-19 16:08:30,732 - INFO - 成功解析EFK檔案，找到 8 個引用
2025-07-19 16:08:30,732 - INFO - 分析EFK檔案 2/35: Aurora.efk
2025-07-19 16:08:30,733 - INFO - 成功解析EFK檔案，找到 5 個引用
2025-07-19 16:08:30,733 - INFO - 分析EFK檔案 3/35: EarthGlow.efk
2025-07-19 16:08:30,735 - INFO - 成功解析EFK檔案，找到 3 個引用
2025-07-19 16:08:30,735 - INFO - 分析EFK檔案 4/35: Explosion.efk
2025-07-19 16:08:30,736 - INFO - 成功解析EFK檔案，找到 1 個引用
2025-07-19 16:08:30,737 - INFO - 分析EFK檔案 5/35: Aurora.efk
2025-07-19 16:08:30,742 - INFO - 成功解析EFK檔案，找到 9 個引用
2025-07-19 16:08:30,742 - INFO - 分析EFK檔案 6/35: EarthGlow.efk
2025-07-19 16:08:30,743 - INFO - 成功解析EFK檔案，找到 5 個引用
2025-07-19 16:08:30,744 - INFO - 分析EFK檔案 7/35: MantisShrimpAccumulate_1_BgFire.efk
2025-07-19 16:08:30,745 - INFO - 成功解析EFK檔案，找到 4 個引用
2025-07-19 16:08:30,745 - INFO - 分析EFK檔案 8/35: MantisShrimpAccumulate_1_EnergyBall.efk
2025-07-19 16:08:30,749 - INFO - 成功解析EFK檔案，找到 5 個引用
2025-07-19 16:08:30,749 - INFO - 分析EFK檔案 9/35: MantisShrimpAccumulate_1_EnergyLine.efk
2025-07-19 16:08:30,750 - INFO - 成功解析EFK檔案，找到 1 個引用
2025-07-19 16:08:30,750 - INFO - 分析EFK檔案 10/35: MantisShrimpAccumulate_2_BgFire.efk
2025-07-19 16:08:30,751 - INFO - 成功解析EFK檔案，找到 4 個引用
2025-07-19 16:08:30,751 - INFO - 分析EFK檔案 11/35: MantisShrimpAccumulate_2_EnergyBall.efk
2025-07-19 16:08:30,753 - INFO - 成功解析EFK檔案，找到 4 個引用
2025-07-19 16:08:30,753 - INFO - 分析EFK檔案 12/35: MantisShrimpAccumulate_2_EnergyLine.efk
2025-07-19 16:08:30,756 - INFO - 成功解析EFK檔案，找到 5 個引用
2025-07-19 16:08:30,756 - INFO - 分析EFK檔案 13/35: MantisShrimpBump.efk
2025-07-19 16:08:30,760 - INFO - 成功解析EFK檔案，找到 8 個引用
2025-07-19 16:08:30,760 - INFO - 分析EFK檔案 14/35: MantisShrimpFlash.efk
2025-07-19 16:08:30,762 - INFO - 成功解析EFK檔案，找到 8 個引用
2025-07-19 16:08:30,762 - INFO - 分析EFK檔案 15/35: MantisShrimpHit_1.efk
2025-07-19 16:08:30,765 - INFO - 成功解析EFK檔案，找到 8 個引用
2025-07-19 16:08:30,765 - INFO - 分析EFK檔案 16/35: MantisShrimpHit_2.efk
2025-07-19 16:08:30,769 - INFO - 成功解析EFK檔案，找到 5 個引用
2025-07-19 16:08:30,769 - INFO - 分析EFK檔案 17/35: MantisShrimpLight.efk
2025-07-19 16:08:30,777 - INFO - 成功解析EFK檔案，找到 1 個引用
2025-07-19 16:08:30,777 - INFO - 分析EFK檔案 18/35: MantisShrimpProvoke.efk
2025-07-19 16:08:30,779 - INFO - 成功解析EFK檔案，找到 4 個引用
2025-07-19 16:08:30,779 - INFO - 分析EFK檔案 19/35: MantisShrimpPunch_1.efk
2025-07-19 16:08:30,782 - INFO - 成功解析EFK檔案，找到 6 個引用
2025-07-19 16:08:30,782 - INFO - 分析EFK檔案 20/35: MantisShrimpRipple.efk
2025-07-19 16:08:30,783 - INFO - 成功解析EFK檔案，找到 4 個引用
2025-07-19 16:08:30,783 - INFO - 分析EFK檔案 21/35: AngryMask.efk
2025-07-19 16:08:30,784 - INFO - 成功解析EFK檔案，找到 2 個引用
2025-07-19 16:08:30,784 - INFO - 分析EFK檔案 22/35: angryMaskFast.efk
2025-07-19 16:08:30,784 - INFO - 成功解析EFK檔案，找到 2 個引用
2025-07-19 16:08:30,784 - INFO - 分析EFK檔案 23/35: angryMaskLong.efk
2025-07-19 16:08:30,785 - INFO - 成功解析EFK檔案，找到 2 個引用
2025-07-19 16:08:30,785 - INFO - 分析EFK檔案 24/35: Attack_big_1.efk
2025-07-19 16:08:30,786 - INFO - 成功解析EFK檔案，找到 5 個引用
2025-07-19 16:08:30,786 - INFO - 分析EFK檔案 25/35: Attack_big_2.efk
2025-07-19 16:08:30,788 - INFO - 成功解析EFK檔案，找到 5 個引用
2025-07-19 16:08:30,789 - INFO - 分析EFK檔案 26/35: Attack_big_3.efk
2025-07-19 16:08:30,790 - INFO - 成功解析EFK檔案，找到 5 個引用
2025-07-19 16:08:30,790 - INFO - 分析EFK檔案 27/35: Attack_big_4.efk
2025-07-19 16:08:30,791 - INFO - 成功解析EFK檔案，找到 5 個引用
2025-07-19 16:08:30,792 - INFO - 分析EFK檔案 28/35: Attack_big_5.efk
2025-07-19 16:08:30,793 - INFO - 成功解析EFK檔案，找到 5 個引用
2025-07-19 16:08:30,793 - INFO - 分析EFK檔案 29/35: Attack_big_6.efk
2025-07-19 16:08:30,794 - INFO - 成功解析EFK檔案，找到 5 個引用
2025-07-19 16:08:30,794 - INFO - 分析EFK檔案 30/35: Attack_big_full.efk
2025-07-19 16:08:30,801 - INFO - 成功解析EFK檔案，找到 1 個引用
2025-07-19 16:08:30,802 - INFO - 分析EFK檔案 31/35: Attack_small.efk
2025-07-19 16:08:30,803 - INFO - 成功解析EFK檔案，找到 5 個引用
2025-07-19 16:08:30,803 - INFO - 分析EFK檔案 32/35: Lightning.efk
2025-07-19 16:08:30,805 - INFO - 成功解析EFK檔案，找到 6 個引用
2025-07-19 16:08:30,805 - INFO - 分析EFK檔案 33/35: LightningFast.efk
2025-07-19 16:08:30,807 - INFO - 成功解析EFK檔案，找到 6 個引用
2025-07-19 16:08:30,807 - INFO - 分析EFK檔案 34/35: LightningSlow.efk
2025-07-19 16:08:30,809 - INFO - 成功解析EFK檔案，找到 6 個引用
2025-07-19 16:08:30,809 - INFO - 分析EFK檔案 35/35: WaterSkiing.efk
2025-07-19 16:08:30,811 - INFO - 成功解析EFK檔案，找到 1 個引用
2025-07-19 16:08:30,811 - INFO - 分析EFKMAT檔案 1/14: Aurora.efkmat
2025-07-19 16:08:30,833 - INFO - 成功解析EFKMAT檔案，找到 1 個引用
2025-07-19 16:08:30,833 - INFO - 分析EFKMAT檔案 2/14: cannon_dissolve_3.efkmat
2025-07-19 16:08:30,849 - INFO - 成功解析EFKMAT檔案，找到 2 個引用
2025-07-19 16:08:30,849 - INFO - 分析EFKMAT檔案 3/14: Dissolve_04.efkmat
2025-07-19 16:08:30,855 - INFO - 成功解析EFKMAT檔案，找到 2 個引用
2025-07-19 16:08:30,855 - INFO - 分析EFKMAT檔案 4/14: Aurora.efkmat
2025-07-19 16:08:30,879 - INFO - 成功解析EFKMAT檔案，找到 1 個引用
2025-07-19 16:08:30,879 - INFO - 分析EFKMAT檔案 5/14: Explosion_Floor.efkmat
2025-07-19 16:08:30,888 - INFO - 成功解析EFKMAT檔案，找到 2 個引用
2025-07-19 16:08:30,888 - INFO - 分析EFKMAT檔案 6/14: FocusMAsk.efkmat
2025-07-19 16:08:30,891 - WARNING - EFKMAT檔案解析完成，但未找到引用
2025-07-19 16:08:30,891 - INFO - 分析EFKMAT檔案 7/14: lightning_01_dissolve.efkmat
2025-07-19 16:08:30,904 - INFO - 成功解析EFKMAT檔案，找到 3 個引用
2025-07-19 16:08:30,905 - INFO - 分析EFKMAT檔案 8/14: Shape_flow_tail_01.efkmat
2025-07-19 16:08:30,917 - INFO - 成功解析EFKMAT檔案，找到 1 個引用
2025-07-19 16:08:30,917 - INFO - 分析EFKMAT檔案 9/14: Shape_flow_tail_01_disslove.efkmat
2025-07-19 16:08:30,933 - INFO - 成功解析EFKMAT檔案，找到 2 個引用
2025-07-19 16:08:30,933 - INFO - 分析EFKMAT檔案 10/14: Slime_Track.efkmat
2025-07-19 16:08:30,944 - INFO - 成功解析EFKMAT檔案，找到 2 個引用
2025-07-19 16:08:30,944 - INFO - 分析EFKMAT檔案 11/14: Stationmaster_ring_2.efkmat
2025-07-19 16:08:30,955 - INFO - 成功解析EFKMAT檔案，找到 1 個引用
2025-07-19 16:08:30,955 - INFO - 分析EFKMAT檔案 12/14: FocusMAsk.efkmat
2025-07-19 16:08:30,957 - WARNING - EFKMAT檔案解析完成，但未找到引用
2025-07-19 16:08:30,957 - INFO - 分析EFKMAT檔案 13/14: lightning_01.efkmat
2025-07-19 16:08:30,968 - INFO - 成功解析EFKMAT檔案，找到 2 個引用
2025-07-19 16:08:30,968 - INFO - 分析EFKMAT檔案 14/14: Shape_flow_tail_01_dissolve_h.efkmat
2025-07-19 16:08:30,983 - INFO - 成功解析EFKMAT檔案，找到 1 個引用
2025-07-19 16:08:30,983 - INFO - 分析EFKMODEL檔案 1/4: Aurora_Path.efkmodel
2025-07-19 16:08:31,043 - WARNING - EFKMODEL檔案解析完成，但未找到引用
2025-07-19 16:08:31,043 - INFO - 分析EFKMODEL檔案 2/4: Aurora_Path.efkmodel
2025-07-19 16:08:31,098 - WARNING - EFKMODEL檔案解析完成，但未找到引用
2025-07-19 16:08:31,098 - INFO - 分析EFKMODEL檔案 3/4: Aurora_Path_01.efkmodel
2025-07-19 16:08:31,133 - WARNING - EFKMODEL檔案解析完成，但未找到引用
2025-07-19 16:08:31,133 - INFO - 分析EFKMODEL檔案 4/4: Blade.efkmodel
2025-07-19 16:08:31,184 - WARNING - EFKMODEL檔案解析完成，但未找到引用
2025-07-19 16:08:31,186 - INFO - 掃描摘要 - 總檔案數: 53, 成功: 53, 失敗: 0
2025-07-19 16:08:31,186 - INFO - 掃描完成，總共解析出 47 個有效結果
