2025-07-19 16:55:23,598 - INFO - 開始掃描專案: C:\Users\User\Desktop\OceanTale\effekseer\Efk
2025-07-19 16:55:23,599 - INFO - 找到 35 個EFK檔案, 14 個EFKMAT檔案, 4 個EFKMODEL檔案
2025-07-19 16:55:23,599 - INFO - 分析EFK檔案 1/35: Attack.efk
2025-07-19 16:55:23,605 - INFO - 成功解析EFK檔案，找到 8 個引用
2025-07-19 16:55:23,605 - INFO - 分析EFK檔案 2/35: Aurora.efk
2025-07-19 16:55:23,606 - INFO - 成功解析EFK檔案，找到 5 個引用
2025-07-19 16:55:23,606 - INFO - 分析EFK檔案 3/35: EarthGlow.efk
2025-07-19 16:55:23,608 - INFO - 成功解析EFK檔案，找到 3 個引用
2025-07-19 16:55:23,608 - INFO - 分析EFK檔案 4/35: Explosion.efk
2025-07-19 16:55:23,611 - INFO - 成功解析EFK檔案，找到 1 個引用
2025-07-19 16:55:23,611 - INFO - 分析EFK檔案 5/35: Aurora.efk
2025-07-19 16:55:23,616 - INFO - 成功解析EFK檔案，找到 9 個引用
2025-07-19 16:55:23,616 - INFO - 分析EFK檔案 6/35: EarthGlow.efk
2025-07-19 16:55:23,618 - INFO - 成功解析EFK檔案，找到 5 個引用
2025-07-19 16:55:23,618 - INFO - 分析EFK檔案 7/35: MantisShrimpAccumulate_1_BgFire.efk
2025-07-19 16:55:23,619 - INFO - 成功解析EFK檔案，找到 4 個引用
2025-07-19 16:55:23,619 - INFO - 分析EFK檔案 8/35: MantisShrimpAccumulate_1_EnergyBall.efk
2025-07-19 16:55:23,621 - INFO - 成功解析EFK檔案，找到 5 個引用
2025-07-19 16:55:23,621 - INFO - 分析EFK檔案 9/35: MantisShrimpAccumulate_1_EnergyLine.efk
2025-07-19 16:55:23,623 - INFO - 成功解析EFK檔案，找到 1 個引用
2025-07-19 16:55:23,623 - INFO - 分析EFK檔案 10/35: MantisShrimpAccumulate_2_BgFire.efk
2025-07-19 16:55:23,625 - INFO - 成功解析EFK檔案，找到 4 個引用
2025-07-19 16:55:23,625 - INFO - 分析EFK檔案 11/35: MantisShrimpAccumulate_2_EnergyBall.efk
2025-07-19 16:55:23,626 - INFO - 成功解析EFK檔案，找到 4 個引用
2025-07-19 16:55:23,626 - INFO - 分析EFK檔案 12/35: MantisShrimpAccumulate_2_EnergyLine.efk
2025-07-19 16:55:23,629 - INFO - 成功解析EFK檔案，找到 5 個引用
2025-07-19 16:55:23,629 - INFO - 分析EFK檔案 13/35: MantisShrimpBump.efk
2025-07-19 16:55:23,633 - INFO - 成功解析EFK檔案，找到 8 個引用
2025-07-19 16:55:23,633 - INFO - 分析EFK檔案 14/35: MantisShrimpFlash.efk
2025-07-19 16:55:23,635 - INFO - 成功解析EFK檔案，找到 8 個引用
2025-07-19 16:55:23,635 - INFO - 分析EFK檔案 15/35: MantisShrimpHit_1.efk
2025-07-19 16:55:23,638 - INFO - 成功解析EFK檔案，找到 8 個引用
2025-07-19 16:55:23,638 - INFO - 分析EFK檔案 16/35: MantisShrimpHit_2.efk
2025-07-19 16:55:23,643 - INFO - 成功解析EFK檔案，找到 5 個引用
2025-07-19 16:55:23,643 - INFO - 分析EFK檔案 17/35: MantisShrimpLight.efk
2025-07-19 16:55:23,650 - INFO - 成功解析EFK檔案，找到 1 個引用
2025-07-19 16:55:23,650 - INFO - 分析EFK檔案 18/35: MantisShrimpProvoke.efk
2025-07-19 16:55:23,651 - INFO - 成功解析EFK檔案，找到 4 個引用
2025-07-19 16:55:23,652 - INFO - 分析EFK檔案 19/35: MantisShrimpPunch_1.efk
2025-07-19 16:55:23,655 - INFO - 成功解析EFK檔案，找到 6 個引用
2025-07-19 16:55:23,655 - INFO - 分析EFK檔案 20/35: MantisShrimpRipple.efk
2025-07-19 16:55:23,656 - INFO - 成功解析EFK檔案，找到 4 個引用
2025-07-19 16:55:23,656 - INFO - 分析EFK檔案 21/35: AngryMask.efk
2025-07-19 16:55:23,656 - INFO - 成功解析EFK檔案，找到 2 個引用
2025-07-19 16:55:23,657 - INFO - 分析EFK檔案 22/35: angryMaskFast.efk
2025-07-19 16:55:23,657 - INFO - 成功解析EFK檔案，找到 2 個引用
2025-07-19 16:55:23,657 - INFO - 分析EFK檔案 23/35: angryMaskLong.efk
2025-07-19 16:55:23,658 - INFO - 成功解析EFK檔案，找到 2 個引用
2025-07-19 16:55:23,658 - INFO - 分析EFK檔案 24/35: Attack_big_1.efk
2025-07-19 16:55:23,659 - INFO - 成功解析EFK檔案，找到 5 個引用
2025-07-19 16:55:23,659 - INFO - 分析EFK檔案 25/35: Attack_big_2.efk
2025-07-19 16:55:23,661 - INFO - 成功解析EFK檔案，找到 5 個引用
2025-07-19 16:55:23,662 - INFO - 分析EFK檔案 26/35: Attack_big_3.efk
2025-07-19 16:55:23,663 - INFO - 成功解析EFK檔案，找到 5 個引用
2025-07-19 16:55:23,663 - INFO - 分析EFK檔案 27/35: Attack_big_4.efk
2025-07-19 16:55:23,664 - INFO - 成功解析EFK檔案，找到 5 個引用
2025-07-19 16:55:23,664 - INFO - 分析EFK檔案 28/35: Attack_big_5.efk
2025-07-19 16:55:23,665 - INFO - 成功解析EFK檔案，找到 5 個引用
2025-07-19 16:55:23,665 - INFO - 分析EFK檔案 29/35: Attack_big_6.efk
2025-07-19 16:55:23,667 - INFO - 成功解析EFK檔案，找到 5 個引用
2025-07-19 16:55:23,667 - INFO - 分析EFK檔案 30/35: Attack_big_full.efk
2025-07-19 16:55:23,674 - INFO - 成功解析EFK檔案，找到 1 個引用
2025-07-19 16:55:23,675 - INFO - 分析EFK檔案 31/35: Attack_small.efk
2025-07-19 16:55:23,676 - INFO - 成功解析EFK檔案，找到 5 個引用
2025-07-19 16:55:23,676 - INFO - 分析EFK檔案 32/35: Lightning.efk
2025-07-19 16:55:23,679 - INFO - 成功解析EFK檔案，找到 6 個引用
2025-07-19 16:55:23,679 - INFO - 分析EFK檔案 33/35: LightningFast.efk
2025-07-19 16:55:23,681 - INFO - 成功解析EFK檔案，找到 6 個引用
2025-07-19 16:55:23,681 - INFO - 分析EFK檔案 34/35: LightningSlow.efk
2025-07-19 16:55:23,683 - INFO - 成功解析EFK檔案，找到 6 個引用
2025-07-19 16:55:23,683 - INFO - 分析EFK檔案 35/35: WaterSkiing.efk
2025-07-19 16:55:23,685 - INFO - 成功解析EFK檔案，找到 1 個引用
2025-07-19 16:55:23,685 - INFO - 分析EFKMAT檔案 1/14: Aurora.efkmat
2025-07-19 16:55:23,706 - INFO - 成功解析EFKMAT檔案，找到 1 個引用
2025-07-19 16:55:23,706 - INFO - 分析EFKMAT檔案 2/14: cannon_dissolve_3.efkmat
2025-07-19 16:55:23,721 - INFO - 成功解析EFKMAT檔案，找到 2 個引用
2025-07-19 16:55:23,721 - INFO - 分析EFKMAT檔案 3/14: Dissolve_04.efkmat
2025-07-19 16:55:23,728 - INFO - 成功解析EFKMAT檔案，找到 2 個引用
2025-07-19 16:55:23,728 - INFO - 分析EFKMAT檔案 4/14: Aurora.efkmat
2025-07-19 16:55:23,752 - INFO - 成功解析EFKMAT檔案，找到 1 個引用
2025-07-19 16:55:23,752 - INFO - 分析EFKMAT檔案 5/14: Explosion_Floor.efkmat
2025-07-19 16:55:23,760 - INFO - 成功解析EFKMAT檔案，找到 2 個引用
2025-07-19 16:55:23,760 - INFO - 分析EFKMAT檔案 6/14: FocusMAsk.efkmat
2025-07-19 16:55:23,763 - WARNING - EFKMAT檔案解析完成，但未找到引用
2025-07-19 16:55:23,763 - INFO - 分析EFKMAT檔案 7/14: lightning_01_dissolve.efkmat
2025-07-19 16:55:23,777 - INFO - 成功解析EFKMAT檔案，找到 3 個引用
2025-07-19 16:55:23,777 - INFO - 分析EFKMAT檔案 8/14: Shape_flow_tail_01.efkmat
2025-07-19 16:55:23,791 - INFO - 成功解析EFKMAT檔案，找到 1 個引用
2025-07-19 16:55:23,791 - INFO - 分析EFKMAT檔案 9/14: Shape_flow_tail_01_disslove.efkmat
2025-07-19 16:55:23,807 - INFO - 成功解析EFKMAT檔案，找到 2 個引用
2025-07-19 16:55:23,807 - INFO - 分析EFKMAT檔案 10/14: Slime_Track.efkmat
2025-07-19 16:55:23,819 - INFO - 成功解析EFKMAT檔案，找到 2 個引用
2025-07-19 16:55:23,819 - INFO - 分析EFKMAT檔案 11/14: Stationmaster_ring_2.efkmat
2025-07-19 16:55:23,830 - INFO - 成功解析EFKMAT檔案，找到 1 個引用
2025-07-19 16:55:23,830 - INFO - 分析EFKMAT檔案 12/14: FocusMAsk.efkmat
2025-07-19 16:55:23,833 - WARNING - EFKMAT檔案解析完成，但未找到引用
2025-07-19 16:55:23,833 - INFO - 分析EFKMAT檔案 13/14: lightning_01.efkmat
2025-07-19 16:55:23,843 - INFO - 成功解析EFKMAT檔案，找到 2 個引用
2025-07-19 16:55:23,843 - INFO - 分析EFKMAT檔案 14/14: Shape_flow_tail_01_dissolve_h.efkmat
2025-07-19 16:55:23,858 - INFO - 成功解析EFKMAT檔案，找到 1 個引用
2025-07-19 16:55:23,858 - INFO - 分析EFKMODEL檔案 1/4: Aurora_Path.efkmodel
2025-07-19 16:55:23,911 - WARNING - EFKMODEL檔案解析完成，但未找到引用
2025-07-19 16:55:23,911 - INFO - 分析EFKMODEL檔案 2/4: Aurora_Path.efkmodel
2025-07-19 16:55:23,964 - WARNING - EFKMODEL檔案解析完成，但未找到引用
2025-07-19 16:55:23,964 - INFO - 分析EFKMODEL檔案 3/4: Aurora_Path_01.efkmodel
2025-07-19 16:55:23,998 - WARNING - EFKMODEL檔案解析完成，但未找到引用
2025-07-19 16:55:23,998 - INFO - 分析EFKMODEL檔案 4/4: Blade.efkmodel
2025-07-19 16:55:24,060 - WARNING - EFKMODEL檔案解析完成，但未找到引用
2025-07-19 16:55:24,060 - INFO - 掃描摘要 - 總檔案數: 53, 成功: 53, 失敗: 0
2025-07-19 16:55:24,060 - INFO - 掃描完成，總共解析出 47 個有效結果
