2025-07-19 17:14:29,012 - INFO - 開始掃描專案: C:\Users\User\Desktop\OceanTale\effekseer\Efk
2025-07-19 17:14:29,013 - INFO - 找到 35 個EFK檔案, 14 個EFKMAT檔案, 4 個EFKMODEL檔案
2025-07-19 17:14:29,013 - INFO - 分析EFK檔案 1/35: Attack.efk
2025-07-19 17:14:29,019 - INFO - 成功解析EFK檔案，找到 8 個引用
2025-07-19 17:14:29,020 - INFO - 分析EFK檔案 2/35: Aurora.efk
2025-07-19 17:14:29,021 - INFO - 成功解析EFK檔案，找到 5 個引用
2025-07-19 17:14:29,021 - INFO - 分析EFK檔案 3/35: EarthGlow.efk
2025-07-19 17:14:29,022 - INFO - 成功解析EFK檔案，找到 3 個引用
2025-07-19 17:14:29,022 - INFO - 分析EFK檔案 4/35: Explosion.efk
2025-07-19 17:14:29,024 - INFO - 成功解析EFK檔案，找到 1 個引用
2025-07-19 17:14:29,024 - INFO - 分析EFK檔案 5/35: Aurora.efk
2025-07-19 17:14:29,030 - INFO - 成功解析EFK檔案，找到 9 個引用
2025-07-19 17:14:29,030 - INFO - 分析EFK檔案 6/35: EarthGlow.efk
2025-07-19 17:14:29,032 - INFO - 成功解析EFK檔案，找到 5 個引用
2025-07-19 17:14:29,032 - INFO - 分析EFK檔案 7/35: MantisShrimpAccumulate_1_BgFire.efk
2025-07-19 17:14:29,033 - INFO - 成功解析EFK檔案，找到 4 個引用
2025-07-19 17:14:29,033 - INFO - 分析EFK檔案 8/35: MantisShrimpAccumulate_1_EnergyBall.efk
2025-07-19 17:14:29,036 - INFO - 成功解析EFK檔案，找到 5 個引用
2025-07-19 17:14:29,036 - INFO - 分析EFK檔案 9/35: MantisShrimpAccumulate_1_EnergyLine.efk
2025-07-19 17:14:29,037 - INFO - 成功解析EFK檔案，找到 1 個引用
2025-07-19 17:14:29,037 - INFO - 分析EFK檔案 10/35: MantisShrimpAccumulate_2_BgFire.efk
2025-07-19 17:14:29,039 - INFO - 成功解析EFK檔案，找到 4 個引用
2025-07-19 17:14:29,039 - INFO - 分析EFK檔案 11/35: MantisShrimpAccumulate_2_EnergyBall.efk
2025-07-19 17:14:29,041 - INFO - 成功解析EFK檔案，找到 4 個引用
2025-07-19 17:14:29,041 - INFO - 分析EFK檔案 12/35: MantisShrimpAccumulate_2_EnergyLine.efk
2025-07-19 17:14:29,044 - INFO - 成功解析EFK檔案，找到 5 個引用
2025-07-19 17:14:29,044 - INFO - 分析EFK檔案 13/35: MantisShrimpBump.efk
2025-07-19 17:14:29,048 - INFO - 成功解析EFK檔案，找到 8 個引用
2025-07-19 17:14:29,048 - INFO - 分析EFK檔案 14/35: MantisShrimpFlash.efk
2025-07-19 17:14:29,051 - INFO - 成功解析EFK檔案，找到 8 個引用
2025-07-19 17:14:29,051 - INFO - 分析EFK檔案 15/35: MantisShrimpHit_1.efk
2025-07-19 17:14:29,055 - INFO - 成功解析EFK檔案，找到 8 個引用
2025-07-19 17:14:29,055 - INFO - 分析EFK檔案 16/35: MantisShrimpHit_2.efk
2025-07-19 17:14:29,058 - INFO - 成功解析EFK檔案，找到 5 個引用
2025-07-19 17:14:29,058 - INFO - 分析EFK檔案 17/35: MantisShrimpLight.efk
2025-07-19 17:14:29,066 - INFO - 成功解析EFK檔案，找到 1 個引用
2025-07-19 17:14:29,066 - INFO - 分析EFK檔案 18/35: MantisShrimpProvoke.efk
2025-07-19 17:14:29,067 - INFO - 成功解析EFK檔案，找到 4 個引用
2025-07-19 17:14:29,067 - INFO - 分析EFK檔案 19/35: MantisShrimpPunch_1.efk
2025-07-19 17:14:29,070 - INFO - 成功解析EFK檔案，找到 6 個引用
2025-07-19 17:14:29,070 - INFO - 分析EFK檔案 20/35: MantisShrimpRipple.efk
2025-07-19 17:14:29,071 - INFO - 成功解析EFK檔案，找到 4 個引用
2025-07-19 17:14:29,071 - INFO - 分析EFK檔案 21/35: AngryMask.efk
2025-07-19 17:14:29,071 - INFO - 成功解析EFK檔案，找到 2 個引用
2025-07-19 17:14:29,071 - INFO - 分析EFK檔案 22/35: angryMaskFast.efk
2025-07-19 17:14:29,072 - INFO - 成功解析EFK檔案，找到 2 個引用
2025-07-19 17:14:29,072 - INFO - 分析EFK檔案 23/35: angryMaskLong.efk
2025-07-19 17:14:29,073 - INFO - 成功解析EFK檔案，找到 2 個引用
2025-07-19 17:14:29,073 - INFO - 分析EFK檔案 24/35: Attack_big_1.efk
2025-07-19 17:14:29,074 - INFO - 成功解析EFK檔案，找到 5 個引用
2025-07-19 17:14:29,074 - INFO - 分析EFK檔案 25/35: Attack_big_2.efk
2025-07-19 17:14:29,077 - INFO - 成功解析EFK檔案，找到 5 個引用
2025-07-19 17:14:29,077 - INFO - 分析EFK檔案 26/35: Attack_big_3.efk
2025-07-19 17:14:29,078 - INFO - 成功解析EFK檔案，找到 5 個引用
2025-07-19 17:14:29,079 - INFO - 分析EFK檔案 27/35: Attack_big_4.efk
2025-07-19 17:14:29,080 - INFO - 成功解析EFK檔案，找到 5 個引用
2025-07-19 17:14:29,080 - INFO - 分析EFK檔案 28/35: Attack_big_5.efk
2025-07-19 17:14:29,082 - INFO - 成功解析EFK檔案，找到 5 個引用
2025-07-19 17:14:29,082 - INFO - 分析EFK檔案 29/35: Attack_big_6.efk
2025-07-19 17:14:29,083 - INFO - 成功解析EFK檔案，找到 5 個引用
2025-07-19 17:14:29,083 - INFO - 分析EFK檔案 30/35: Attack_big_full.efk
2025-07-19 17:14:29,090 - INFO - 成功解析EFK檔案，找到 1 個引用
2025-07-19 17:14:29,090 - INFO - 分析EFK檔案 31/35: Attack_small.efk
2025-07-19 17:14:29,091 - INFO - 成功解析EFK檔案，找到 5 個引用
2025-07-19 17:14:29,091 - INFO - 分析EFK檔案 32/35: Lightning.efk
2025-07-19 17:14:29,093 - INFO - 成功解析EFK檔案，找到 6 個引用
2025-07-19 17:14:29,093 - INFO - 分析EFK檔案 33/35: LightningFast.efk
2025-07-19 17:14:29,097 - INFO - 成功解析EFK檔案，找到 6 個引用
2025-07-19 17:14:29,097 - INFO - 分析EFK檔案 34/35: LightningSlow.efk
2025-07-19 17:14:29,099 - INFO - 成功解析EFK檔案，找到 6 個引用
2025-07-19 17:14:29,099 - INFO - 分析EFK檔案 35/35: WaterSkiing.efk
2025-07-19 17:14:29,100 - INFO - 成功解析EFK檔案，找到 1 個引用
2025-07-19 17:14:29,100 - INFO - 分析EFKMAT檔案 1/14: Aurora.efkmat
2025-07-19 17:14:29,121 - INFO - 成功解析EFKMAT檔案，找到 1 個引用
2025-07-19 17:14:29,121 - INFO - 分析EFKMAT檔案 2/14: cannon_dissolve_3.efkmat
2025-07-19 17:14:29,137 - INFO - 成功解析EFKMAT檔案，找到 2 個引用
2025-07-19 17:14:29,137 - INFO - 分析EFKMAT檔案 3/14: Dissolve_04.efkmat
2025-07-19 17:14:29,143 - INFO - 成功解析EFKMAT檔案，找到 2 個引用
2025-07-19 17:14:29,143 - INFO - 分析EFKMAT檔案 4/14: Aurora.efkmat
2025-07-19 17:14:29,166 - INFO - 成功解析EFKMAT檔案，找到 1 個引用
2025-07-19 17:14:29,166 - INFO - 分析EFKMAT檔案 5/14: Explosion_Floor.efkmat
2025-07-19 17:14:29,174 - INFO - 成功解析EFKMAT檔案，找到 2 個引用
2025-07-19 17:14:29,174 - INFO - 分析EFKMAT檔案 6/14: FocusMAsk.efkmat
2025-07-19 17:14:29,176 - WARNING - EFKMAT檔案解析完成，但未找到引用
2025-07-19 17:14:29,177 - INFO - 分析EFKMAT檔案 7/14: lightning_01_dissolve.efkmat
2025-07-19 17:14:29,190 - INFO - 成功解析EFKMAT檔案，找到 3 個引用
2025-07-19 17:14:29,190 - INFO - 分析EFKMAT檔案 8/14: Shape_flow_tail_01.efkmat
2025-07-19 17:14:29,204 - INFO - 成功解析EFKMAT檔案，找到 1 個引用
2025-07-19 17:14:29,204 - INFO - 分析EFKMAT檔案 9/14: Shape_flow_tail_01_disslove.efkmat
2025-07-19 17:14:29,219 - INFO - 成功解析EFKMAT檔案，找到 2 個引用
2025-07-19 17:14:29,219 - INFO - 分析EFKMAT檔案 10/14: Slime_Track.efkmat
2025-07-19 17:14:29,230 - INFO - 成功解析EFKMAT檔案，找到 2 個引用
2025-07-19 17:14:29,230 - INFO - 分析EFKMAT檔案 11/14: Stationmaster_ring_2.efkmat
2025-07-19 17:14:29,242 - INFO - 成功解析EFKMAT檔案，找到 1 個引用
2025-07-19 17:14:29,242 - INFO - 分析EFKMAT檔案 12/14: FocusMAsk.efkmat
2025-07-19 17:14:29,244 - WARNING - EFKMAT檔案解析完成，但未找到引用
2025-07-19 17:14:29,244 - INFO - 分析EFKMAT檔案 13/14: lightning_01.efkmat
2025-07-19 17:14:29,256 - INFO - 成功解析EFKMAT檔案，找到 2 個引用
2025-07-19 17:14:29,256 - INFO - 分析EFKMAT檔案 14/14: Shape_flow_tail_01_dissolve_h.efkmat
2025-07-19 17:14:29,269 - INFO - 成功解析EFKMAT檔案，找到 1 個引用
2025-07-19 17:14:29,269 - INFO - 分析EFKMODEL檔案 1/4: Aurora_Path.efkmodel
2025-07-19 17:14:29,323 - WARNING - EFKMODEL檔案解析完成，但未找到引用
2025-07-19 17:14:29,323 - INFO - 分析EFKMODEL檔案 2/4: Aurora_Path.efkmodel
2025-07-19 17:14:29,376 - WARNING - EFKMODEL檔案解析完成，但未找到引用
2025-07-19 17:14:29,376 - INFO - 分析EFKMODEL檔案 3/4: Aurora_Path_01.efkmodel
2025-07-19 17:14:29,410 - WARNING - EFKMODEL檔案解析完成，但未找到引用
2025-07-19 17:14:29,410 - INFO - 分析EFKMODEL檔案 4/4: Blade.efkmodel
2025-07-19 17:14:29,461 - WARNING - EFKMODEL檔案解析完成，但未找到引用
2025-07-19 17:14:29,462 - INFO - 掃描摘要 - 總檔案數: 53, 成功: 53, 失敗: 0
2025-07-19 17:14:29,462 - INFO - 掃描完成，總共解析出 47 個有效結果
