2025-07-19 16:02:29,563 - INFO - 開始掃描專案: C:\Users\User\Desktop\OceanTale\effekseer\Efk\CrazyPirateShip
2025-07-19 16:02:29,563 - INFO - 找到 4 個EFK檔案, 3 個EFKMAT檔案, 1 個EFKMODEL檔案
2025-07-19 16:02:29,563 - INFO - 分析EFK檔案 1/4: Attack.efk
2025-07-19 16:02:29,570 - INFO - 成功解析EFK檔案，找到 8 個引用
2025-07-19 16:02:29,570 - INFO - 分析EFK檔案 2/4: Aurora.efk
2025-07-19 16:02:29,571 - INFO - 成功解析EFK檔案，找到 5 個引用
2025-07-19 16:02:29,571 - INFO - 分析EFK檔案 3/4: EarthGlow.efk
2025-07-19 16:02:29,573 - INFO - 成功解析EFK檔案，找到 3 個引用
2025-07-19 16:02:29,573 - INFO - 分析EFK檔案 4/4: Explosion.efk
2025-07-19 16:02:29,575 - INFO - 成功解析EFK檔案，找到 1 個引用
2025-07-19 16:02:29,575 - INFO - 分析EFKMAT檔案 1/3: Aurora.efkmat
2025-07-19 16:02:29,597 - INFO - 成功解析EFKMAT檔案，找到 1 個引用
2025-07-19 16:02:29,597 - INFO - 分析EFKMAT檔案 2/3: cannon_dissolve_3.efkmat
2025-07-19 16:02:29,612 - INFO - 成功解析EFKMAT檔案，找到 2 個引用
2025-07-19 16:02:29,612 - INFO - 分析EFKMAT檔案 3/3: Dissolve_04.efkmat
2025-07-19 16:02:29,618 - INFO - 成功解析EFKMAT檔案，找到 2 個引用
2025-07-19 16:02:29,618 - INFO - 分析EFKMODEL檔案 1/1: Aurora_Path.efkmodel
2025-07-19 16:02:29,673 - WARNING - EFKMODEL檔案解析完成，但未找到引用
2025-07-19 16:02:29,673 - INFO - 掃描摘要 - 總檔案數: 8, 成功: 8, 失敗: 0
2025-07-19 16:02:29,673 - INFO - 掃描完成，總共解析出 7 個有效結果
2025-07-19 16:02:51,057 - INFO - 開始掃描專案: C:\Users\User\Desktop\OceanTale\effekseer\Efk
2025-07-19 16:02:51,059 - INFO - 找到 35 個EFK檔案, 14 個EFKMAT檔案, 4 個EFKMODEL檔案
2025-07-19 16:02:51,059 - INFO - 分析EFK檔案 1/35: Attack.efk
2025-07-19 16:02:51,062 - INFO - 成功解析EFK檔案，找到 8 個引用
2025-07-19 16:02:51,062 - INFO - 分析EFK檔案 2/35: Aurora.efk
2025-07-19 16:02:51,064 - INFO - 成功解析EFK檔案，找到 5 個引用
2025-07-19 16:02:51,064 - INFO - 分析EFK檔案 3/35: EarthGlow.efk
2025-07-19 16:02:51,065 - INFO - 成功解析EFK檔案，找到 3 個引用
2025-07-19 16:02:51,065 - INFO - 分析EFK檔案 4/35: Explosion.efk
2025-07-19 16:02:51,067 - INFO - 成功解析EFK檔案，找到 1 個引用
2025-07-19 16:02:51,067 - INFO - 分析EFK檔案 5/35: Aurora.efk
2025-07-19 16:02:51,073 - INFO - 成功解析EFK檔案，找到 9 個引用
2025-07-19 16:02:51,073 - INFO - 分析EFK檔案 6/35: EarthGlow.efk
2025-07-19 16:02:51,075 - INFO - 成功解析EFK檔案，找到 5 個引用
2025-07-19 16:02:51,075 - INFO - 分析EFK檔案 7/35: MantisShrimpAccumulate_1_BgFire.efk
2025-07-19 16:02:51,076 - INFO - 成功解析EFK檔案，找到 4 個引用
2025-07-19 16:02:51,076 - INFO - 分析EFK檔案 8/35: MantisShrimpAccumulate_1_EnergyBall.efk
2025-07-19 16:02:51,078 - INFO - 成功解析EFK檔案，找到 5 個引用
2025-07-19 16:02:51,078 - INFO - 分析EFK檔案 9/35: MantisShrimpAccumulate_1_EnergyLine.efk
2025-07-19 16:02:51,079 - INFO - 成功解析EFK檔案，找到 1 個引用
2025-07-19 16:02:51,079 - INFO - 分析EFK檔案 10/35: MantisShrimpAccumulate_2_BgFire.efk
2025-07-19 16:02:51,081 - INFO - 成功解析EFK檔案，找到 4 個引用
2025-07-19 16:02:51,081 - INFO - 分析EFK檔案 11/35: MantisShrimpAccumulate_2_EnergyBall.efk
2025-07-19 16:02:51,083 - INFO - 成功解析EFK檔案，找到 4 個引用
2025-07-19 16:02:51,083 - INFO - 分析EFK檔案 12/35: MantisShrimpAccumulate_2_EnergyLine.efk
2025-07-19 16:02:51,086 - INFO - 成功解析EFK檔案，找到 5 個引用
2025-07-19 16:02:51,086 - INFO - 分析EFK檔案 13/35: MantisShrimpBump.efk
2025-07-19 16:02:51,089 - INFO - 成功解析EFK檔案，找到 8 個引用
2025-07-19 16:02:51,089 - INFO - 分析EFK檔案 14/35: MantisShrimpFlash.efk
2025-07-19 16:02:51,092 - INFO - 成功解析EFK檔案，找到 8 個引用
2025-07-19 16:02:51,092 - INFO - 分析EFK檔案 15/35: MantisShrimpHit_1.efk
2025-07-19 16:02:51,095 - INFO - 成功解析EFK檔案，找到 8 個引用
2025-07-19 16:02:51,095 - INFO - 分析EFK檔案 16/35: MantisShrimpHit_2.efk
2025-07-19 16:02:51,099 - INFO - 成功解析EFK檔案，找到 5 個引用
2025-07-19 16:02:51,100 - INFO - 分析EFK檔案 17/35: MantisShrimpLight.efk
2025-07-19 16:02:51,107 - INFO - 成功解析EFK檔案，找到 1 個引用
2025-07-19 16:02:51,107 - INFO - 分析EFK檔案 18/35: MantisShrimpProvoke.efk
2025-07-19 16:02:51,108 - INFO - 成功解析EFK檔案，找到 4 個引用
2025-07-19 16:02:51,108 - INFO - 分析EFK檔案 19/35: MantisShrimpPunch_1.efk
2025-07-19 16:02:51,111 - INFO - 成功解析EFK檔案，找到 6 個引用
2025-07-19 16:02:51,111 - INFO - 分析EFK檔案 20/35: MantisShrimpRipple.efk
2025-07-19 16:02:51,113 - INFO - 成功解析EFK檔案，找到 4 個引用
2025-07-19 16:02:51,113 - INFO - 分析EFK檔案 21/35: AngryMask.efk
2025-07-19 16:02:51,113 - INFO - 成功解析EFK檔案，找到 2 個引用
2025-07-19 16:02:51,113 - INFO - 分析EFK檔案 22/35: angryMaskFast.efk
2025-07-19 16:02:51,114 - INFO - 成功解析EFK檔案，找到 2 個引用
2025-07-19 16:02:51,114 - INFO - 分析EFK檔案 23/35: angryMaskLong.efk
2025-07-19 16:02:51,114 - INFO - 成功解析EFK檔案，找到 2 個引用
2025-07-19 16:02:51,114 - INFO - 分析EFK檔案 24/35: Attack_big_1.efk
2025-07-19 16:02:51,116 - INFO - 成功解析EFK檔案，找到 5 個引用
2025-07-19 16:02:51,116 - INFO - 分析EFK檔案 25/35: Attack_big_2.efk
2025-07-19 16:02:51,117 - INFO - 成功解析EFK檔案，找到 5 個引用
2025-07-19 16:02:51,117 - INFO - 分析EFK檔案 26/35: Attack_big_3.efk
2025-07-19 16:02:51,120 - INFO - 成功解析EFK檔案，找到 5 個引用
2025-07-19 16:02:51,120 - INFO - 分析EFK檔案 27/35: Attack_big_4.efk
2025-07-19 16:02:51,121 - INFO - 成功解析EFK檔案，找到 5 個引用
2025-07-19 16:02:51,121 - INFO - 分析EFK檔案 28/35: Attack_big_5.efk
2025-07-19 16:02:51,123 - INFO - 成功解析EFK檔案，找到 5 個引用
2025-07-19 16:02:51,123 - INFO - 分析EFK檔案 29/35: Attack_big_6.efk
2025-07-19 16:02:51,124 - INFO - 成功解析EFK檔案，找到 5 個引用
2025-07-19 16:02:51,124 - INFO - 分析EFK檔案 30/35: Attack_big_full.efk
2025-07-19 16:02:51,130 - INFO - 成功解析EFK檔案，找到 1 個引用
2025-07-19 16:02:51,131 - INFO - 分析EFK檔案 31/35: Attack_small.efk
2025-07-19 16:02:51,132 - INFO - 成功解析EFK檔案，找到 5 個引用
2025-07-19 16:02:51,132 - INFO - 分析EFK檔案 32/35: Lightning.efk
2025-07-19 16:02:51,135 - INFO - 成功解析EFK檔案，找到 6 個引用
2025-07-19 16:02:51,135 - INFO - 分析EFK檔案 33/35: LightningFast.efk
2025-07-19 16:02:51,137 - INFO - 成功解析EFK檔案，找到 6 個引用
2025-07-19 16:02:51,137 - INFO - 分析EFK檔案 34/35: LightningSlow.efk
2025-07-19 16:02:51,139 - INFO - 成功解析EFK檔案，找到 6 個引用
2025-07-19 16:02:51,139 - INFO - 分析EFK檔案 35/35: WaterSkiing.efk
2025-07-19 16:02:51,141 - INFO - 成功解析EFK檔案，找到 1 個引用
2025-07-19 16:02:51,141 - INFO - 分析EFKMAT檔案 1/14: Aurora.efkmat
2025-07-19 16:02:51,161 - INFO - 成功解析EFKMAT檔案，找到 1 個引用
2025-07-19 16:02:51,162 - INFO - 分析EFKMAT檔案 2/14: cannon_dissolve_3.efkmat
2025-07-19 16:02:51,176 - INFO - 成功解析EFKMAT檔案，找到 2 個引用
2025-07-19 16:02:51,176 - INFO - 分析EFKMAT檔案 3/14: Dissolve_04.efkmat
2025-07-19 16:02:51,183 - INFO - 成功解析EFKMAT檔案，找到 2 個引用
2025-07-19 16:02:51,183 - INFO - 分析EFKMAT檔案 4/14: Aurora.efkmat
2025-07-19 16:02:51,205 - INFO - 成功解析EFKMAT檔案，找到 1 個引用
2025-07-19 16:02:51,206 - INFO - 分析EFKMAT檔案 5/14: Explosion_Floor.efkmat
2025-07-19 16:02:51,214 - INFO - 成功解析EFKMAT檔案，找到 2 個引用
2025-07-19 16:02:51,214 - INFO - 分析EFKMAT檔案 6/14: FocusMAsk.efkmat
2025-07-19 16:02:51,216 - WARNING - EFKMAT檔案解析完成，但未找到引用
2025-07-19 16:02:51,216 - INFO - 分析EFKMAT檔案 7/14: lightning_01_dissolve.efkmat
2025-07-19 16:02:51,230 - INFO - 成功解析EFKMAT檔案，找到 3 個引用
2025-07-19 16:02:51,230 - INFO - 分析EFKMAT檔案 8/14: Shape_flow_tail_01.efkmat
2025-07-19 16:02:51,245 - INFO - 成功解析EFKMAT檔案，找到 1 個引用
2025-07-19 16:02:51,245 - INFO - 分析EFKMAT檔案 9/14: Shape_flow_tail_01_disslove.efkmat
2025-07-19 16:02:51,262 - INFO - 成功解析EFKMAT檔案，找到 2 個引用
2025-07-19 16:02:51,262 - INFO - 分析EFKMAT檔案 10/14: Slime_Track.efkmat
2025-07-19 16:02:51,272 - INFO - 成功解析EFKMAT檔案，找到 2 個引用
2025-07-19 16:02:51,273 - INFO - 分析EFKMAT檔案 11/14: Stationmaster_ring_2.efkmat
2025-07-19 16:02:51,284 - INFO - 成功解析EFKMAT檔案，找到 1 個引用
2025-07-19 16:02:51,284 - INFO - 分析EFKMAT檔案 12/14: FocusMAsk.efkmat
2025-07-19 16:02:51,286 - WARNING - EFKMAT檔案解析完成，但未找到引用
2025-07-19 16:02:51,286 - INFO - 分析EFKMAT檔案 13/14: lightning_01.efkmat
2025-07-19 16:02:51,298 - INFO - 成功解析EFKMAT檔案，找到 2 個引用
2025-07-19 16:02:51,298 - INFO - 分析EFKMAT檔案 14/14: Shape_flow_tail_01_dissolve_h.efkmat
2025-07-19 16:02:51,312 - INFO - 成功解析EFKMAT檔案，找到 1 個引用
2025-07-19 16:02:51,312 - INFO - 分析EFKMODEL檔案 1/4: Aurora_Path.efkmodel
2025-07-19 16:02:51,367 - WARNING - EFKMODEL檔案解析完成，但未找到引用
2025-07-19 16:02:51,367 - INFO - 分析EFKMODEL檔案 2/4: Aurora_Path.efkmodel
2025-07-19 16:02:51,421 - WARNING - EFKMODEL檔案解析完成，但未找到引用
2025-07-19 16:02:51,421 - INFO - 分析EFKMODEL檔案 3/4: Aurora_Path_01.efkmodel
2025-07-19 16:02:51,455 - WARNING - EFKMODEL檔案解析完成，但未找到引用
2025-07-19 16:02:51,455 - INFO - 分析EFKMODEL檔案 4/4: Blade.efkmodel
2025-07-19 16:02:51,515 - WARNING - EFKMODEL檔案解析完成，但未找到引用
2025-07-19 16:02:51,516 - INFO - 掃描摘要 - 總檔案數: 53, 成功: 53, 失敗: 0
2025-07-19 16:02:51,516 - INFO - 掃描完成，總共解析出 47 個有效結果
2025-07-19 16:03:12,327 - INFO - 開始掃描專案: C:\Users\User\Desktop\OceanTale\effekseer\Efk
2025-07-19 16:03:12,328 - INFO - 找到 35 個EFK檔案, 14 個EFKMAT檔案, 4 個EFKMODEL檔案
2025-07-19 16:03:12,328 - INFO - 分析EFK檔案 1/35: Attack.efk
2025-07-19 16:03:12,331 - INFO - 成功解析EFK檔案，找到 8 個引用
2025-07-19 16:03:12,331 - INFO - 分析EFK檔案 2/35: Aurora.efk
2025-07-19 16:03:12,333 - INFO - 成功解析EFK檔案，找到 5 個引用
2025-07-19 16:03:12,333 - INFO - 分析EFK檔案 3/35: EarthGlow.efk
2025-07-19 16:03:12,334 - INFO - 成功解析EFK檔案，找到 3 個引用
2025-07-19 16:03:12,334 - INFO - 分析EFK檔案 4/35: Explosion.efk
2025-07-19 16:03:12,337 - INFO - 成功解析EFK檔案，找到 1 個引用
2025-07-19 16:03:12,337 - INFO - 分析EFK檔案 5/35: Aurora.efk
2025-07-19 16:03:12,342 - INFO - 成功解析EFK檔案，找到 9 個引用
2025-07-19 16:03:12,342 - INFO - 分析EFK檔案 6/35: EarthGlow.efk
2025-07-19 16:03:12,344 - INFO - 成功解析EFK檔案，找到 5 個引用
2025-07-19 16:03:12,344 - INFO - 分析EFK檔案 7/35: MantisShrimpAccumulate_1_BgFire.efk
2025-07-19 16:03:12,345 - INFO - 成功解析EFK檔案，找到 4 個引用
2025-07-19 16:03:12,345 - INFO - 分析EFK檔案 8/35: MantisShrimpAccumulate_1_EnergyBall.efk
2025-07-19 16:03:12,347 - INFO - 成功解析EFK檔案，找到 5 個引用
2025-07-19 16:03:12,347 - INFO - 分析EFK檔案 9/35: MantisShrimpAccumulate_1_EnergyLine.efk
2025-07-19 16:03:12,349 - INFO - 成功解析EFK檔案，找到 1 個引用
2025-07-19 16:03:12,349 - INFO - 分析EFK檔案 10/35: MantisShrimpAccumulate_2_BgFire.efk
2025-07-19 16:03:12,350 - INFO - 成功解析EFK檔案，找到 4 個引用
2025-07-19 16:03:12,350 - INFO - 分析EFK檔案 11/35: MantisShrimpAccumulate_2_EnergyBall.efk
2025-07-19 16:03:12,352 - INFO - 成功解析EFK檔案，找到 4 個引用
2025-07-19 16:03:12,352 - INFO - 分析EFK檔案 12/35: MantisShrimpAccumulate_2_EnergyLine.efk
2025-07-19 16:03:12,355 - INFO - 成功解析EFK檔案，找到 5 個引用
2025-07-19 16:03:12,355 - INFO - 分析EFK檔案 13/35: MantisShrimpBump.efk
2025-07-19 16:03:12,358 - INFO - 成功解析EFK檔案，找到 8 個引用
2025-07-19 16:03:12,358 - INFO - 分析EFK檔案 14/35: MantisShrimpFlash.efk
2025-07-19 16:03:12,361 - INFO - 成功解析EFK檔案，找到 8 個引用
2025-07-19 16:03:12,361 - INFO - 分析EFK檔案 15/35: MantisShrimpHit_1.efk
2025-07-19 16:03:12,364 - INFO - 成功解析EFK檔案，找到 8 個引用
2025-07-19 16:03:12,365 - INFO - 分析EFK檔案 16/35: MantisShrimpHit_2.efk
2025-07-19 16:03:12,368 - INFO - 成功解析EFK檔案，找到 5 個引用
2025-07-19 16:03:12,368 - INFO - 分析EFK檔案 17/35: MantisShrimpLight.efk
2025-07-19 16:03:12,377 - INFO - 成功解析EFK檔案，找到 1 個引用
2025-07-19 16:03:12,377 - INFO - 分析EFK檔案 18/35: MantisShrimpProvoke.efk
2025-07-19 16:03:12,378 - INFO - 成功解析EFK檔案，找到 4 個引用
2025-07-19 16:03:12,378 - INFO - 分析EFK檔案 19/35: MantisShrimpPunch_1.efk
2025-07-19 16:03:12,381 - INFO - 成功解析EFK檔案，找到 6 個引用
2025-07-19 16:03:12,381 - INFO - 分析EFK檔案 20/35: MantisShrimpRipple.efk
2025-07-19 16:03:12,382 - INFO - 成功解析EFK檔案，找到 4 個引用
2025-07-19 16:03:12,382 - INFO - 分析EFK檔案 21/35: AngryMask.efk
2025-07-19 16:03:12,383 - INFO - 成功解析EFK檔案，找到 2 個引用
2025-07-19 16:03:12,383 - INFO - 分析EFK檔案 22/35: angryMaskFast.efk
2025-07-19 16:03:12,383 - INFO - 成功解析EFK檔案，找到 2 個引用
2025-07-19 16:03:12,383 - INFO - 分析EFK檔案 23/35: angryMaskLong.efk
2025-07-19 16:03:12,384 - INFO - 成功解析EFK檔案，找到 2 個引用
2025-07-19 16:03:12,384 - INFO - 分析EFK檔案 24/35: Attack_big_1.efk
2025-07-19 16:03:12,385 - INFO - 成功解析EFK檔案，找到 5 個引用
2025-07-19 16:03:12,385 - INFO - 分析EFK檔案 25/35: Attack_big_2.efk
2025-07-19 16:03:12,387 - INFO - 成功解析EFK檔案，找到 5 個引用
2025-07-19 16:03:12,387 - INFO - 分析EFK檔案 26/35: Attack_big_3.efk
2025-07-19 16:03:12,388 - INFO - 成功解析EFK檔案，找到 5 個引用
2025-07-19 16:03:12,388 - INFO - 分析EFK檔案 27/35: Attack_big_4.efk
2025-07-19 16:03:12,390 - INFO - 成功解析EFK檔案，找到 5 個引用
2025-07-19 16:03:12,390 - INFO - 分析EFK檔案 28/35: Attack_big_5.efk
2025-07-19 16:03:12,391 - INFO - 成功解析EFK檔案，找到 5 個引用
2025-07-19 16:03:12,391 - INFO - 分析EFK檔案 29/35: Attack_big_6.efk
2025-07-19 16:03:12,394 - INFO - 成功解析EFK檔案，找到 5 個引用
2025-07-19 16:03:12,394 - INFO - 分析EFK檔案 30/35: Attack_big_full.efk
2025-07-19 16:03:12,400 - INFO - 成功解析EFK檔案，找到 1 個引用
2025-07-19 16:03:12,400 - INFO - 分析EFK檔案 31/35: Attack_small.efk
2025-07-19 16:03:12,402 - INFO - 成功解析EFK檔案，找到 5 個引用
2025-07-19 16:03:12,402 - INFO - 分析EFK檔案 32/35: Lightning.efk
2025-07-19 16:03:12,404 - INFO - 成功解析EFK檔案，找到 6 個引用
2025-07-19 16:03:12,404 - INFO - 分析EFK檔案 33/35: LightningFast.efk
2025-07-19 16:03:12,406 - INFO - 成功解析EFK檔案，找到 6 個引用
2025-07-19 16:03:12,407 - INFO - 分析EFK檔案 34/35: LightningSlow.efk
2025-07-19 16:03:12,409 - INFO - 成功解析EFK檔案，找到 6 個引用
2025-07-19 16:03:12,409 - INFO - 分析EFK檔案 35/35: WaterSkiing.efk
2025-07-19 16:03:12,410 - INFO - 成功解析EFK檔案，找到 1 個引用
2025-07-19 16:03:12,410 - INFO - 分析EFKMAT檔案 1/14: Aurora.efkmat
2025-07-19 16:03:12,432 - INFO - 成功解析EFKMAT檔案，找到 1 個引用
2025-07-19 16:03:12,432 - INFO - 分析EFKMAT檔案 2/14: cannon_dissolve_3.efkmat
2025-07-19 16:03:12,446 - INFO - 成功解析EFKMAT檔案，找到 2 個引用
2025-07-19 16:03:12,447 - INFO - 分析EFKMAT檔案 3/14: Dissolve_04.efkmat
2025-07-19 16:03:12,452 - INFO - 成功解析EFKMAT檔案，找到 2 個引用
2025-07-19 16:03:12,453 - INFO - 分析EFKMAT檔案 4/14: Aurora.efkmat
2025-07-19 16:03:12,476 - INFO - 成功解析EFKMAT檔案，找到 1 個引用
2025-07-19 16:03:12,476 - INFO - 分析EFKMAT檔案 5/14: Explosion_Floor.efkmat
2025-07-19 16:03:12,485 - INFO - 成功解析EFKMAT檔案，找到 2 個引用
2025-07-19 16:03:12,485 - INFO - 分析EFKMAT檔案 6/14: FocusMAsk.efkmat
2025-07-19 16:03:12,486 - WARNING - EFKMAT檔案解析完成，但未找到引用
2025-07-19 16:03:12,486 - INFO - 分析EFKMAT檔案 7/14: lightning_01_dissolve.efkmat
2025-07-19 16:03:12,501 - INFO - 成功解析EFKMAT檔案，找到 3 個引用
2025-07-19 16:03:12,501 - INFO - 分析EFKMAT檔案 8/14: Shape_flow_tail_01.efkmat
2025-07-19 16:03:12,514 - INFO - 成功解析EFKMAT檔案，找到 1 個引用
2025-07-19 16:03:12,514 - INFO - 分析EFKMAT檔案 9/14: Shape_flow_tail_01_disslove.efkmat
2025-07-19 16:03:12,531 - INFO - 成功解析EFKMAT檔案，找到 2 個引用
2025-07-19 16:03:12,531 - INFO - 分析EFKMAT檔案 10/14: Slime_Track.efkmat
2025-07-19 16:03:12,541 - INFO - 成功解析EFKMAT檔案，找到 2 個引用
2025-07-19 16:03:12,541 - INFO - 分析EFKMAT檔案 11/14: Stationmaster_ring_2.efkmat
2025-07-19 16:03:12,553 - INFO - 成功解析EFKMAT檔案，找到 1 個引用
2025-07-19 16:03:12,553 - INFO - 分析EFKMAT檔案 12/14: FocusMAsk.efkmat
2025-07-19 16:03:12,554 - WARNING - EFKMAT檔案解析完成，但未找到引用
2025-07-19 16:03:12,554 - INFO - 分析EFKMAT檔案 13/14: lightning_01.efkmat
2025-07-19 16:03:12,566 - INFO - 成功解析EFKMAT檔案，找到 2 個引用
2025-07-19 16:03:12,566 - INFO - 分析EFKMAT檔案 14/14: Shape_flow_tail_01_dissolve_h.efkmat
2025-07-19 16:03:12,580 - INFO - 成功解析EFKMAT檔案，找到 1 個引用
2025-07-19 16:03:12,580 - INFO - 分析EFKMODEL檔案 1/4: Aurora_Path.efkmodel
2025-07-19 16:03:12,633 - WARNING - EFKMODEL檔案解析完成，但未找到引用
2025-07-19 16:03:12,633 - INFO - 分析EFKMODEL檔案 2/4: Aurora_Path.efkmodel
2025-07-19 16:03:12,688 - WARNING - EFKMODEL檔案解析完成，但未找到引用
2025-07-19 16:03:12,688 - INFO - 分析EFKMODEL檔案 3/4: Aurora_Path_01.efkmodel
2025-07-19 16:03:12,722 - WARNING - EFKMODEL檔案解析完成，但未找到引用
2025-07-19 16:03:12,722 - INFO - 分析EFKMODEL檔案 4/4: Blade.efkmodel
2025-07-19 16:03:12,775 - WARNING - EFKMODEL檔案解析完成，但未找到引用
2025-07-19 16:03:12,775 - INFO - 掃描摘要 - 總檔案數: 53, 成功: 53, 失敗: 0
2025-07-19 16:03:12,775 - INFO - 掃描完成，總共解析出 47 個有效結果
