2025-07-19 17:16:21,962 - INFO - 開始掃描專案: C:\Users\User\Desktop\OceanTale\effekseer\Efk
2025-07-19 17:16:21,964 - INFO - 找到 35 個EFK檔案, 14 個EFKMAT檔案, 4 個EFKMODEL檔案
2025-07-19 17:16:21,964 - INFO - 分析EFK檔案 1/35: Attack.efk
2025-07-19 17:16:21,969 - INFO - 成功解析EFK檔案，找到 8 個引用
2025-07-19 17:16:21,969 - INFO - 分析EFK檔案 2/35: Aurora.efk
2025-07-19 17:16:21,970 - INFO - 成功解析EFK檔案，找到 5 個引用
2025-07-19 17:16:21,970 - INFO - 分析EFK檔案 3/35: EarthGlow.efk
2025-07-19 17:16:21,972 - INFO - 成功解析EFK檔案，找到 3 個引用
2025-07-19 17:16:21,972 - INFO - 分析EFK檔案 4/35: Explosion.efk
2025-07-19 17:16:21,975 - INFO - 成功解析EFK檔案，找到 1 個引用
2025-07-19 17:16:21,975 - INFO - 分析EFK檔案 5/35: Aurora.efk
2025-07-19 17:16:21,980 - INFO - 成功解析EFK檔案，找到 9 個引用
2025-07-19 17:16:21,980 - INFO - 分析EFK檔案 6/35: EarthGlow.efk
2025-07-19 17:16:21,982 - INFO - 成功解析EFK檔案，找到 5 個引用
2025-07-19 17:16:21,982 - INFO - 分析EFK檔案 7/35: MantisShrimpAccumulate_1_BgFire.efk
2025-07-19 17:16:21,983 - INFO - 成功解析EFK檔案，找到 4 個引用
2025-07-19 17:16:21,983 - INFO - 分析EFK檔案 8/35: MantisShrimpAccumulate_1_EnergyBall.efk
2025-07-19 17:16:21,986 - INFO - 成功解析EFK檔案，找到 5 個引用
2025-07-19 17:16:21,986 - INFO - 分析EFK檔案 9/35: MantisShrimpAccumulate_1_EnergyLine.efk
2025-07-19 17:16:21,987 - INFO - 成功解析EFK檔案，找到 1 個引用
2025-07-19 17:16:21,987 - INFO - 分析EFK檔案 10/35: MantisShrimpAccumulate_2_BgFire.efk
2025-07-19 17:16:21,989 - INFO - 成功解析EFK檔案，找到 4 個引用
2025-07-19 17:16:21,989 - INFO - 分析EFK檔案 11/35: MantisShrimpAccumulate_2_EnergyBall.efk
2025-07-19 17:16:21,990 - INFO - 成功解析EFK檔案，找到 4 個引用
2025-07-19 17:16:21,991 - INFO - 分析EFK檔案 12/35: MantisShrimpAccumulate_2_EnergyLine.efk
2025-07-19 17:16:21,993 - INFO - 成功解析EFK檔案，找到 5 個引用
2025-07-19 17:16:21,993 - INFO - 分析EFK檔案 13/35: MantisShrimpBump.efk
2025-07-19 17:16:21,998 - INFO - 成功解析EFK檔案，找到 8 個引用
2025-07-19 17:16:21,998 - INFO - 分析EFK檔案 14/35: MantisShrimpFlash.efk
2025-07-19 17:16:22,000 - INFO - 成功解析EFK檔案，找到 8 個引用
2025-07-19 17:16:22,000 - INFO - 分析EFK檔案 15/35: MantisShrimpHit_1.efk
2025-07-19 17:16:22,002 - INFO - 成功解析EFK檔案，找到 8 個引用
2025-07-19 17:16:22,002 - INFO - 分析EFK檔案 16/35: MantisShrimpHit_2.efk
2025-07-19 17:16:22,007 - INFO - 成功解析EFK檔案，找到 5 個引用
2025-07-19 17:16:22,007 - INFO - 分析EFK檔案 17/35: MantisShrimpLight.efk
2025-07-19 17:16:22,014 - INFO - 成功解析EFK檔案，找到 1 個引用
2025-07-19 17:16:22,014 - INFO - 分析EFK檔案 18/35: MantisShrimpProvoke.efk
2025-07-19 17:16:22,016 - INFO - 成功解析EFK檔案，找到 4 個引用
2025-07-19 17:16:22,016 - INFO - 分析EFK檔案 19/35: MantisShrimpPunch_1.efk
2025-07-19 17:16:22,020 - INFO - 成功解析EFK檔案，找到 6 個引用
2025-07-19 17:16:22,020 - INFO - 分析EFK檔案 20/35: MantisShrimpRipple.efk
2025-07-19 17:16:22,021 - INFO - 成功解析EFK檔案，找到 4 個引用
2025-07-19 17:16:22,021 - INFO - 分析EFK檔案 21/35: AngryMask.efk
2025-07-19 17:16:22,022 - INFO - 成功解析EFK檔案，找到 2 個引用
2025-07-19 17:16:22,022 - INFO - 分析EFK檔案 22/35: angryMaskFast.efk
2025-07-19 17:16:22,022 - INFO - 成功解析EFK檔案，找到 2 個引用
2025-07-19 17:16:22,022 - INFO - 分析EFK檔案 23/35: angryMaskLong.efk
2025-07-19 17:16:22,023 - INFO - 成功解析EFK檔案，找到 2 個引用
2025-07-19 17:16:22,023 - INFO - 分析EFK檔案 24/35: Attack_big_1.efk
2025-07-19 17:16:22,024 - INFO - 成功解析EFK檔案，找到 5 個引用
2025-07-19 17:16:22,024 - INFO - 分析EFK檔案 25/35: Attack_big_2.efk
2025-07-19 17:16:22,026 - INFO - 成功解析EFK檔案，找到 5 個引用
2025-07-19 17:16:22,026 - INFO - 分析EFK檔案 26/35: Attack_big_3.efk
2025-07-19 17:16:22,028 - INFO - 成功解析EFK檔案，找到 5 個引用
2025-07-19 17:16:22,028 - INFO - 分析EFK檔案 27/35: Attack_big_4.efk
2025-07-19 17:16:22,029 - INFO - 成功解析EFK檔案，找到 5 個引用
2025-07-19 17:16:22,029 - INFO - 分析EFK檔案 28/35: Attack_big_5.efk
2025-07-19 17:16:22,030 - INFO - 成功解析EFK檔案，找到 5 個引用
2025-07-19 17:16:22,031 - INFO - 分析EFK檔案 29/35: Attack_big_6.efk
2025-07-19 17:16:22,032 - INFO - 成功解析EFK檔案，找到 5 個引用
2025-07-19 17:16:22,032 - INFO - 分析EFK檔案 30/35: Attack_big_full.efk
2025-07-19 17:16:22,039 - INFO - 成功解析EFK檔案，找到 1 個引用
2025-07-19 17:16:22,039 - INFO - 分析EFK檔案 31/35: Attack_small.efk
2025-07-19 17:16:22,041 - INFO - 成功解析EFK檔案，找到 5 個引用
2025-07-19 17:16:22,041 - INFO - 分析EFK檔案 32/35: Lightning.efk
2025-07-19 17:16:22,044 - INFO - 成功解析EFK檔案，找到 6 個引用
2025-07-19 17:16:22,044 - INFO - 分析EFK檔案 33/35: LightningFast.efk
2025-07-19 17:16:22,046 - INFO - 成功解析EFK檔案，找到 6 個引用
2025-07-19 17:16:22,046 - INFO - 分析EFK檔案 34/35: LightningSlow.efk
2025-07-19 17:16:22,048 - INFO - 成功解析EFK檔案，找到 6 個引用
2025-07-19 17:16:22,048 - INFO - 分析EFK檔案 35/35: WaterSkiing.efk
2025-07-19 17:16:22,049 - INFO - 成功解析EFK檔案，找到 1 個引用
2025-07-19 17:16:22,049 - INFO - 分析EFKMAT檔案 1/14: Aurora.efkmat
2025-07-19 17:16:22,071 - INFO - 成功解析EFKMAT檔案，找到 1 個引用
2025-07-19 17:16:22,071 - INFO - 分析EFKMAT檔案 2/14: cannon_dissolve_3.efkmat
2025-07-19 17:16:22,086 - INFO - 成功解析EFKMAT檔案，找到 2 個引用
2025-07-19 17:16:22,086 - INFO - 分析EFKMAT檔案 3/14: Dissolve_04.efkmat
2025-07-19 17:16:22,091 - INFO - 成功解析EFKMAT檔案，找到 2 個引用
2025-07-19 17:16:22,091 - INFO - 分析EFKMAT檔案 4/14: Aurora.efkmat
2025-07-19 17:16:22,114 - INFO - 成功解析EFKMAT檔案，找到 1 個引用
2025-07-19 17:16:22,114 - INFO - 分析EFKMAT檔案 5/14: Explosion_Floor.efkmat
2025-07-19 17:16:22,123 - INFO - 成功解析EFKMAT檔案，找到 2 個引用
2025-07-19 17:16:22,123 - INFO - 分析EFKMAT檔案 6/14: FocusMAsk.efkmat
2025-07-19 17:16:22,126 - WARNING - EFKMAT檔案解析完成，但未找到引用
2025-07-19 17:16:22,126 - INFO - 分析EFKMAT檔案 7/14: lightning_01_dissolve.efkmat
2025-07-19 17:16:22,140 - INFO - 成功解析EFKMAT檔案，找到 3 個引用
2025-07-19 17:16:22,140 - INFO - 分析EFKMAT檔案 8/14: Shape_flow_tail_01.efkmat
2025-07-19 17:16:22,153 - INFO - 成功解析EFKMAT檔案，找到 1 個引用
2025-07-19 17:16:22,153 - INFO - 分析EFKMAT檔案 9/14: Shape_flow_tail_01_disslove.efkmat
2025-07-19 17:16:22,169 - INFO - 成功解析EFKMAT檔案，找到 2 個引用
2025-07-19 17:16:22,169 - INFO - 分析EFKMAT檔案 10/14: Slime_Track.efkmat
2025-07-19 17:16:22,180 - INFO - 成功解析EFKMAT檔案，找到 2 個引用
2025-07-19 17:16:22,180 - INFO - 分析EFKMAT檔案 11/14: Stationmaster_ring_2.efkmat
2025-07-19 17:16:22,191 - INFO - 成功解析EFKMAT檔案，找到 1 個引用
2025-07-19 17:16:22,191 - INFO - 分析EFKMAT檔案 12/14: FocusMAsk.efkmat
2025-07-19 17:16:22,193 - WARNING - EFKMAT檔案解析完成，但未找到引用
2025-07-19 17:16:22,193 - INFO - 分析EFKMAT檔案 13/14: lightning_01.efkmat
2025-07-19 17:16:22,206 - INFO - 成功解析EFKMAT檔案，找到 2 個引用
2025-07-19 17:16:22,206 - INFO - 分析EFKMAT檔案 14/14: Shape_flow_tail_01_dissolve_h.efkmat
2025-07-19 17:16:22,220 - INFO - 成功解析EFKMAT檔案，找到 1 個引用
2025-07-19 17:16:22,220 - INFO - 分析EFKMODEL檔案 1/4: Aurora_Path.efkmodel
2025-07-19 17:16:22,277 - WARNING - EFKMODEL檔案解析完成，但未找到引用
2025-07-19 17:16:22,278 - INFO - 分析EFKMODEL檔案 2/4: Aurora_Path.efkmodel
2025-07-19 17:16:22,330 - WARNING - EFKMODEL檔案解析完成，但未找到引用
2025-07-19 17:16:22,330 - INFO - 分析EFKMODEL檔案 3/4: Aurora_Path_01.efkmodel
2025-07-19 17:16:22,364 - WARNING - EFKMODEL檔案解析完成，但未找到引用
2025-07-19 17:16:22,364 - INFO - 分析EFKMODEL檔案 4/4: Blade.efkmodel
2025-07-19 17:16:22,418 - WARNING - EFKMODEL檔案解析完成，但未找到引用
2025-07-19 17:16:22,418 - INFO - 掃描摘要 - 總檔案數: 53, 成功: 53, 失敗: 0
2025-07-19 17:16:22,418 - INFO - 掃描完成，總共解析出 47 個有效結果
2025-07-19 17:16:35,394 - INFO - 開始掃描專案: C:\Users\User\Desktop\OceanTale\effekseer\Efk
2025-07-19 17:16:35,394 - INFO - 找到 35 個EFK檔案, 14 個EFKMAT檔案, 4 個EFKMODEL檔案
2025-07-19 17:16:35,394 - INFO - 分析EFK檔案 1/35: Attack.efk
2025-07-19 17:16:35,398 - INFO - 成功解析EFK檔案，找到 8 個引用
2025-07-19 17:16:35,398 - INFO - 分析EFK檔案 2/35: Aurora.efk
2025-07-19 17:16:35,400 - INFO - 成功解析EFK檔案，找到 5 個引用
2025-07-19 17:16:35,400 - INFO - 分析EFK檔案 3/35: EarthGlow.efk
2025-07-19 17:16:35,401 - INFO - 成功解析EFK檔案，找到 3 個引用
2025-07-19 17:16:35,402 - INFO - 分析EFK檔案 4/35: Explosion.efk
2025-07-19 17:16:35,403 - INFO - 成功解析EFK檔案，找到 1 個引用
2025-07-19 17:16:35,403 - INFO - 分析EFK檔案 5/35: Aurora.efk
2025-07-19 17:16:35,409 - INFO - 成功解析EFK檔案，找到 9 個引用
2025-07-19 17:16:35,409 - INFO - 分析EFK檔案 6/35: EarthGlow.efk
2025-07-19 17:16:35,410 - INFO - 成功解析EFK檔案，找到 5 個引用
2025-07-19 17:16:35,410 - INFO - 分析EFK檔案 7/35: MantisShrimpAccumulate_1_BgFire.efk
2025-07-19 17:16:35,412 - INFO - 成功解析EFK檔案，找到 4 個引用
2025-07-19 17:16:35,412 - INFO - 分析EFK檔案 8/35: MantisShrimpAccumulate_1_EnergyBall.efk
2025-07-19 17:16:35,414 - INFO - 成功解析EFK檔案，找到 5 個引用
2025-07-19 17:16:35,414 - INFO - 分析EFK檔案 9/35: MantisShrimpAccumulate_1_EnergyLine.efk
2025-07-19 17:16:35,415 - INFO - 成功解析EFK檔案，找到 1 個引用
2025-07-19 17:16:35,415 - INFO - 分析EFK檔案 10/35: MantisShrimpAccumulate_2_BgFire.efk
2025-07-19 17:16:35,417 - INFO - 成功解析EFK檔案，找到 4 個引用
2025-07-19 17:16:35,417 - INFO - 分析EFK檔案 11/35: MantisShrimpAccumulate_2_EnergyBall.efk
2025-07-19 17:16:35,419 - INFO - 成功解析EFK檔案，找到 4 個引用
2025-07-19 17:16:35,419 - INFO - 分析EFK檔案 12/35: MantisShrimpAccumulate_2_EnergyLine.efk
2025-07-19 17:16:35,422 - INFO - 成功解析EFK檔案，找到 5 個引用
2025-07-19 17:16:35,422 - INFO - 分析EFK檔案 13/35: MantisShrimpBump.efk
2025-07-19 17:16:35,426 - INFO - 成功解析EFK檔案，找到 8 個引用
2025-07-19 17:16:35,426 - INFO - 分析EFK檔案 14/35: MantisShrimpFlash.efk
2025-07-19 17:16:35,428 - INFO - 成功解析EFK檔案，找到 8 個引用
2025-07-19 17:16:35,428 - INFO - 分析EFK檔案 15/35: MantisShrimpHit_1.efk
2025-07-19 17:16:35,431 - INFO - 成功解析EFK檔案，找到 8 個引用
2025-07-19 17:16:35,431 - INFO - 分析EFK檔案 16/35: MantisShrimpHit_2.efk
2025-07-19 17:16:35,435 - INFO - 成功解析EFK檔案，找到 5 個引用
2025-07-19 17:16:35,435 - INFO - 分析EFK檔案 17/35: MantisShrimpLight.efk
2025-07-19 17:16:35,444 - INFO - 成功解析EFK檔案，找到 1 個引用
2025-07-19 17:16:35,444 - INFO - 分析EFK檔案 18/35: MantisShrimpProvoke.efk
2025-07-19 17:16:35,445 - INFO - 成功解析EFK檔案，找到 4 個引用
2025-07-19 17:16:35,445 - INFO - 分析EFK檔案 19/35: MantisShrimpPunch_1.efk
2025-07-19 17:16:35,449 - INFO - 成功解析EFK檔案，找到 6 個引用
2025-07-19 17:16:35,449 - INFO - 分析EFK檔案 20/35: MantisShrimpRipple.efk
2025-07-19 17:16:35,449 - INFO - 成功解析EFK檔案，找到 4 個引用
2025-07-19 17:16:35,449 - INFO - 分析EFK檔案 21/35: AngryMask.efk
2025-07-19 17:16:35,450 - INFO - 成功解析EFK檔案，找到 2 個引用
2025-07-19 17:16:35,450 - INFO - 分析EFK檔案 22/35: angryMaskFast.efk
2025-07-19 17:16:35,450 - INFO - 成功解析EFK檔案，找到 2 個引用
2025-07-19 17:16:35,450 - INFO - 分析EFK檔案 23/35: angryMaskLong.efk
2025-07-19 17:16:35,451 - INFO - 成功解析EFK檔案，找到 2 個引用
2025-07-19 17:16:35,451 - INFO - 分析EFK檔案 24/35: Attack_big_1.efk
2025-07-19 17:16:35,453 - INFO - 成功解析EFK檔案，找到 5 個引用
2025-07-19 17:16:35,453 - INFO - 分析EFK檔案 25/35: Attack_big_2.efk
2025-07-19 17:16:35,454 - INFO - 成功解析EFK檔案，找到 5 個引用
2025-07-19 17:16:35,454 - INFO - 分析EFK檔案 26/35: Attack_big_3.efk
2025-07-19 17:16:35,457 - INFO - 成功解析EFK檔案，找到 5 個引用
2025-07-19 17:16:35,457 - INFO - 分析EFK檔案 27/35: Attack_big_4.efk
2025-07-19 17:16:35,458 - INFO - 成功解析EFK檔案，找到 5 個引用
2025-07-19 17:16:35,458 - INFO - 分析EFK檔案 28/35: Attack_big_5.efk
2025-07-19 17:16:35,459 - INFO - 成功解析EFK檔案，找到 5 個引用
2025-07-19 17:16:35,459 - INFO - 分析EFK檔案 29/35: Attack_big_6.efk
2025-07-19 17:16:35,461 - INFO - 成功解析EFK檔案，找到 5 個引用
2025-07-19 17:16:35,461 - INFO - 分析EFK檔案 30/35: Attack_big_full.efk
2025-07-19 17:16:35,469 - INFO - 成功解析EFK檔案，找到 1 個引用
2025-07-19 17:16:35,469 - INFO - 分析EFK檔案 31/35: Attack_small.efk
2025-07-19 17:16:35,471 - INFO - 成功解析EFK檔案，找到 5 個引用
2025-07-19 17:16:35,471 - INFO - 分析EFK檔案 32/35: Lightning.efk
2025-07-19 17:16:35,474 - INFO - 成功解析EFK檔案，找到 6 個引用
2025-07-19 17:16:35,474 - INFO - 分析EFK檔案 33/35: LightningFast.efk
2025-07-19 17:16:35,476 - INFO - 成功解析EFK檔案，找到 6 個引用
2025-07-19 17:16:35,476 - INFO - 分析EFK檔案 34/35: LightningSlow.efk
2025-07-19 17:16:35,478 - INFO - 成功解析EFK檔案，找到 6 個引用
2025-07-19 17:16:35,478 - INFO - 分析EFK檔案 35/35: WaterSkiing.efk
2025-07-19 17:16:35,479 - INFO - 成功解析EFK檔案，找到 1 個引用
2025-07-19 17:16:35,479 - INFO - 分析EFKMAT檔案 1/14: Aurora.efkmat
2025-07-19 17:16:35,500 - INFO - 成功解析EFKMAT檔案，找到 1 個引用
2025-07-19 17:16:35,500 - INFO - 分析EFKMAT檔案 2/14: cannon_dissolve_3.efkmat
2025-07-19 17:16:35,515 - INFO - 成功解析EFKMAT檔案，找到 2 個引用
2025-07-19 17:16:35,515 - INFO - 分析EFKMAT檔案 3/14: Dissolve_04.efkmat
2025-07-19 17:16:35,521 - INFO - 成功解析EFKMAT檔案，找到 2 個引用
2025-07-19 17:16:35,521 - INFO - 分析EFKMAT檔案 4/14: Aurora.efkmat
2025-07-19 17:16:35,547 - INFO - 成功解析EFKMAT檔案，找到 1 個引用
2025-07-19 17:16:35,547 - INFO - 分析EFKMAT檔案 5/14: Explosion_Floor.efkmat
2025-07-19 17:16:35,555 - INFO - 成功解析EFKMAT檔案，找到 2 個引用
2025-07-19 17:16:35,555 - INFO - 分析EFKMAT檔案 6/14: FocusMAsk.efkmat
2025-07-19 17:16:35,557 - WARNING - EFKMAT檔案解析完成，但未找到引用
2025-07-19 17:16:35,557 - INFO - 分析EFKMAT檔案 7/14: lightning_01_dissolve.efkmat
2025-07-19 17:16:35,573 - INFO - 成功解析EFKMAT檔案，找到 3 個引用
2025-07-19 17:16:35,573 - INFO - 分析EFKMAT檔案 8/14: Shape_flow_tail_01.efkmat
2025-07-19 17:16:35,586 - INFO - 成功解析EFKMAT檔案，找到 1 個引用
2025-07-19 17:16:35,586 - INFO - 分析EFKMAT檔案 9/14: Shape_flow_tail_01_disslove.efkmat
2025-07-19 17:16:35,602 - INFO - 成功解析EFKMAT檔案，找到 2 個引用
2025-07-19 17:16:35,602 - INFO - 分析EFKMAT檔案 10/14: Slime_Track.efkmat
2025-07-19 17:16:35,614 - INFO - 成功解析EFKMAT檔案，找到 2 個引用
2025-07-19 17:16:35,614 - INFO - 分析EFKMAT檔案 11/14: Stationmaster_ring_2.efkmat
2025-07-19 17:16:35,625 - INFO - 成功解析EFKMAT檔案，找到 1 個引用
2025-07-19 17:16:35,625 - INFO - 分析EFKMAT檔案 12/14: FocusMAsk.efkmat
2025-07-19 17:16:35,628 - WARNING - EFKMAT檔案解析完成，但未找到引用
2025-07-19 17:16:35,628 - INFO - 分析EFKMAT檔案 13/14: lightning_01.efkmat
2025-07-19 17:16:35,638 - INFO - 成功解析EFKMAT檔案，找到 2 個引用
2025-07-19 17:16:35,638 - INFO - 分析EFKMAT檔案 14/14: Shape_flow_tail_01_dissolve_h.efkmat
2025-07-19 17:16:35,653 - INFO - 成功解析EFKMAT檔案，找到 1 個引用
2025-07-19 17:16:35,653 - INFO - 分析EFKMODEL檔案 1/4: Aurora_Path.efkmodel
2025-07-19 17:16:35,711 - WARNING - EFKMODEL檔案解析完成，但未找到引用
2025-07-19 17:16:35,711 - INFO - 分析EFKMODEL檔案 2/4: Aurora_Path.efkmodel
2025-07-19 17:16:35,765 - WARNING - EFKMODEL檔案解析完成，但未找到引用
2025-07-19 17:16:35,765 - INFO - 分析EFKMODEL檔案 3/4: Aurora_Path_01.efkmodel
2025-07-19 17:16:35,803 - WARNING - EFKMODEL檔案解析完成，但未找到引用
2025-07-19 17:16:35,803 - INFO - 分析EFKMODEL檔案 4/4: Blade.efkmodel
2025-07-19 17:16:35,856 - WARNING - EFKMODEL檔案解析完成，但未找到引用
2025-07-19 17:16:35,856 - INFO - 掃描摘要 - 總檔案數: 53, 成功: 53, 失敗: 0
2025-07-19 17:16:35,857 - INFO - 掃描完成，總共解析出 47 個有效結果
