2025-07-19 16:34:17,565 - INFO - 開始掃描專案: C:\Users\User\Desktop\OceanTale\effekseer\Efk
2025-07-19 16:34:17,565 - INFO - 找到 35 個EFK檔案, 14 個EFKMAT檔案, 4 個EFKMODEL檔案
2025-07-19 16:34:17,565 - INFO - 分析EFK檔案 1/35: Attack.efk
2025-07-19 16:34:17,572 - INFO - 成功解析EFK檔案，找到 8 個引用
2025-07-19 16:34:17,572 - INFO - 分析EFK檔案 2/35: Aurora.efk
2025-07-19 16:34:17,574 - INFO - 成功解析EFK檔案，找到 5 個引用
2025-07-19 16:34:17,574 - INFO - 分析EFK檔案 3/35: EarthGlow.efk
2025-07-19 16:34:17,575 - INFO - 成功解析EFK檔案，找到 3 個引用
2025-07-19 16:34:17,575 - INFO - 分析EFK檔案 4/35: Explosion.efk
2025-07-19 16:34:17,577 - INFO - 成功解析EFK檔案，找到 1 個引用
2025-07-19 16:34:17,577 - INFO - 分析EFK檔案 5/35: Aurora.efk
2025-07-19 16:34:17,583 - INFO - 成功解析EFK檔案，找到 9 個引用
2025-07-19 16:34:17,583 - INFO - 分析EFK檔案 6/35: EarthGlow.efk
2025-07-19 16:34:17,584 - INFO - 成功解析EFK檔案，找到 5 個引用
2025-07-19 16:34:17,584 - INFO - 分析EFK檔案 7/35: MantisShrimpAccumulate_1_BgFire.efk
2025-07-19 16:34:17,586 - INFO - 成功解析EFK檔案，找到 4 個引用
2025-07-19 16:34:17,586 - INFO - 分析EFK檔案 8/35: MantisShrimpAccumulate_1_EnergyBall.efk
2025-07-19 16:34:17,588 - INFO - 成功解析EFK檔案，找到 5 個引用
2025-07-19 16:34:17,588 - INFO - 分析EFK檔案 9/35: MantisShrimpAccumulate_1_EnergyLine.efk
2025-07-19 16:34:17,589 - INFO - 成功解析EFK檔案，找到 1 個引用
2025-07-19 16:34:17,589 - INFO - 分析EFK檔案 10/35: MantisShrimpAccumulate_2_BgFire.efk
2025-07-19 16:34:17,591 - INFO - 成功解析EFK檔案，找到 4 個引用
2025-07-19 16:34:17,591 - INFO - 分析EFK檔案 11/35: MantisShrimpAccumulate_2_EnergyBall.efk
2025-07-19 16:34:17,593 - INFO - 成功解析EFK檔案，找到 4 個引用
2025-07-19 16:34:17,593 - INFO - 分析EFK檔案 12/35: MantisShrimpAccumulate_2_EnergyLine.efk
2025-07-19 16:34:17,596 - INFO - 成功解析EFK檔案，找到 5 個引用
2025-07-19 16:34:17,596 - INFO - 分析EFK檔案 13/35: MantisShrimpBump.efk
2025-07-19 16:34:17,600 - INFO - 成功解析EFK檔案，找到 8 個引用
2025-07-19 16:34:17,600 - INFO - 分析EFK檔案 14/35: MantisShrimpFlash.efk
2025-07-19 16:34:17,602 - INFO - 成功解析EFK檔案，找到 8 個引用
2025-07-19 16:34:17,602 - INFO - 分析EFK檔案 15/35: MantisShrimpHit_1.efk
2025-07-19 16:34:17,606 - INFO - 成功解析EFK檔案，找到 8 個引用
2025-07-19 16:34:17,606 - INFO - 分析EFK檔案 16/35: MantisShrimpHit_2.efk
2025-07-19 16:34:17,610 - INFO - 成功解析EFK檔案，找到 5 個引用
2025-07-19 16:34:17,610 - INFO - 分析EFK檔案 17/35: MantisShrimpLight.efk
2025-07-19 16:34:17,617 - INFO - 成功解析EFK檔案，找到 1 個引用
2025-07-19 16:34:17,617 - INFO - 分析EFK檔案 18/35: MantisShrimpProvoke.efk
2025-07-19 16:34:17,619 - INFO - 成功解析EFK檔案，找到 4 個引用
2025-07-19 16:34:17,619 - INFO - 分析EFK檔案 19/35: MantisShrimpPunch_1.efk
2025-07-19 16:34:17,622 - INFO - 成功解析EFK檔案，找到 6 個引用
2025-07-19 16:34:17,622 - INFO - 分析EFK檔案 20/35: MantisShrimpRipple.efk
2025-07-19 16:34:17,623 - INFO - 成功解析EFK檔案，找到 4 個引用
2025-07-19 16:34:17,623 - INFO - 分析EFK檔案 21/35: AngryMask.efk
2025-07-19 16:34:17,624 - INFO - 成功解析EFK檔案，找到 2 個引用
2025-07-19 16:34:17,624 - INFO - 分析EFK檔案 22/35: angryMaskFast.efk
2025-07-19 16:34:17,624 - INFO - 成功解析EFK檔案，找到 2 個引用
2025-07-19 16:34:17,624 - INFO - 分析EFK檔案 23/35: angryMaskLong.efk
2025-07-19 16:34:17,624 - INFO - 成功解析EFK檔案，找到 2 個引用
2025-07-19 16:34:17,624 - INFO - 分析EFK檔案 24/35: Attack_big_1.efk
2025-07-19 16:34:17,625 - INFO - 成功解析EFK檔案，找到 5 個引用
2025-07-19 16:34:17,625 - INFO - 分析EFK檔案 25/35: Attack_big_2.efk
2025-07-19 16:34:17,628 - INFO - 成功解析EFK檔案，找到 5 個引用
2025-07-19 16:34:17,628 - INFO - 分析EFK檔案 26/35: Attack_big_3.efk
2025-07-19 16:34:17,629 - INFO - 成功解析EFK檔案，找到 5 個引用
2025-07-19 16:34:17,629 - INFO - 分析EFK檔案 27/35: Attack_big_4.efk
2025-07-19 16:34:17,631 - INFO - 成功解析EFK檔案，找到 5 個引用
2025-07-19 16:34:17,631 - INFO - 分析EFK檔案 28/35: Attack_big_5.efk
2025-07-19 16:34:17,632 - INFO - 成功解析EFK檔案，找到 5 個引用
2025-07-19 16:34:17,632 - INFO - 分析EFK檔案 29/35: Attack_big_6.efk
2025-07-19 16:34:17,634 - INFO - 成功解析EFK檔案，找到 5 個引用
2025-07-19 16:34:17,634 - INFO - 分析EFK檔案 30/35: Attack_big_full.efk
2025-07-19 16:34:17,641 - INFO - 成功解析EFK檔案，找到 1 個引用
2025-07-19 16:34:17,641 - INFO - 分析EFK檔案 31/35: Attack_small.efk
2025-07-19 16:34:17,644 - INFO - 成功解析EFK檔案，找到 5 個引用
2025-07-19 16:34:17,644 - INFO - 分析EFK檔案 32/35: Lightning.efk
2025-07-19 16:34:17,646 - INFO - 成功解析EFK檔案，找到 6 個引用
2025-07-19 16:34:17,646 - INFO - 分析EFK檔案 33/35: LightningFast.efk
2025-07-19 16:34:17,648 - INFO - 成功解析EFK檔案，找到 6 個引用
2025-07-19 16:34:17,648 - INFO - 分析EFK檔案 34/35: LightningSlow.efk
2025-07-19 16:34:17,650 - INFO - 成功解析EFK檔案，找到 6 個引用
2025-07-19 16:34:17,651 - INFO - 分析EFK檔案 35/35: WaterSkiing.efk
2025-07-19 16:34:17,651 - INFO - 成功解析EFK檔案，找到 1 個引用
2025-07-19 16:34:17,651 - INFO - 分析EFKMAT檔案 1/14: Aurora.efkmat
2025-07-19 16:34:17,673 - INFO - 成功解析EFKMAT檔案，找到 1 個引用
2025-07-19 16:34:17,673 - INFO - 分析EFKMAT檔案 2/14: cannon_dissolve_3.efkmat
2025-07-19 16:34:17,687 - INFO - 成功解析EFKMAT檔案，找到 2 個引用
2025-07-19 16:34:17,687 - INFO - 分析EFKMAT檔案 3/14: Dissolve_04.efkmat
2025-07-19 16:34:17,694 - INFO - 成功解析EFKMAT檔案，找到 2 個引用
2025-07-19 16:34:17,694 - INFO - 分析EFKMAT檔案 4/14: Aurora.efkmat
2025-07-19 16:34:17,715 - INFO - 成功解析EFKMAT檔案，找到 1 個引用
2025-07-19 16:34:17,715 - INFO - 分析EFKMAT檔案 5/14: Explosion_Floor.efkmat
2025-07-19 16:34:17,724 - INFO - 成功解析EFKMAT檔案，找到 2 個引用
2025-07-19 16:34:17,724 - INFO - 分析EFKMAT檔案 6/14: FocusMAsk.efkmat
2025-07-19 16:34:17,726 - WARNING - EFKMAT檔案解析完成，但未找到引用
2025-07-19 16:34:17,726 - INFO - 分析EFKMAT檔案 7/14: lightning_01_dissolve.efkmat
2025-07-19 16:34:17,741 - INFO - 成功解析EFKMAT檔案，找到 3 個引用
2025-07-19 16:34:17,741 - INFO - 分析EFKMAT檔案 8/14: Shape_flow_tail_01.efkmat
2025-07-19 16:34:17,755 - INFO - 成功解析EFKMAT檔案，找到 1 個引用
2025-07-19 16:34:17,755 - INFO - 分析EFKMAT檔案 9/14: Shape_flow_tail_01_disslove.efkmat
2025-07-19 16:34:17,771 - INFO - 成功解析EFKMAT檔案，找到 2 個引用
2025-07-19 16:34:17,771 - INFO - 分析EFKMAT檔案 10/14: Slime_Track.efkmat
2025-07-19 16:34:17,781 - INFO - 成功解析EFKMAT檔案，找到 2 個引用
2025-07-19 16:34:17,781 - INFO - 分析EFKMAT檔案 11/14: Stationmaster_ring_2.efkmat
2025-07-19 16:34:17,794 - INFO - 成功解析EFKMAT檔案，找到 1 個引用
2025-07-19 16:34:17,795 - INFO - 分析EFKMAT檔案 12/14: FocusMAsk.efkmat
2025-07-19 16:34:17,797 - WARNING - EFKMAT檔案解析完成，但未找到引用
2025-07-19 16:34:17,797 - INFO - 分析EFKMAT檔案 13/14: lightning_01.efkmat
2025-07-19 16:34:17,808 - INFO - 成功解析EFKMAT檔案，找到 2 個引用
2025-07-19 16:34:17,808 - INFO - 分析EFKMAT檔案 14/14: Shape_flow_tail_01_dissolve_h.efkmat
2025-07-19 16:34:17,822 - INFO - 成功解析EFKMAT檔案，找到 1 個引用
2025-07-19 16:34:17,823 - INFO - 分析EFKMODEL檔案 1/4: Aurora_Path.efkmodel
2025-07-19 16:34:17,883 - WARNING - EFKMODEL檔案解析完成，但未找到引用
2025-07-19 16:34:17,883 - INFO - 分析EFKMODEL檔案 2/4: Aurora_Path.efkmodel
2025-07-19 16:34:17,935 - WARNING - EFKMODEL檔案解析完成，但未找到引用
2025-07-19 16:34:17,935 - INFO - 分析EFKMODEL檔案 3/4: Aurora_Path_01.efkmodel
2025-07-19 16:34:17,974 - WARNING - EFKMODEL檔案解析完成，但未找到引用
2025-07-19 16:34:17,974 - INFO - 分析EFKMODEL檔案 4/4: Blade.efkmodel
2025-07-19 16:34:18,028 - WARNING - EFKMODEL檔案解析完成，但未找到引用
2025-07-19 16:34:18,029 - INFO - 掃描摘要 - 總檔案數: 53, 成功: 53, 失敗: 0
2025-07-19 16:34:18,029 - INFO - 掃描完成，總共解析出 47 個有效結果
