2025-07-19 16:04:38,052 - INFO - 開始掃描專案: C:\Users\User\Desktop\OceanTale\effekseer\Efk
2025-07-19 16:04:38,052 - INFO - 找到 35 個EFK檔案, 14 個EFKMAT檔案, 4 個EFKMODEL檔案
2025-07-19 16:04:38,052 - INFO - 分析EFK檔案 1/35: Attack.efk
2025-07-19 16:04:38,059 - INFO - 成功解析EFK檔案，找到 8 個引用
2025-07-19 16:04:38,059 - INFO - 分析EFK檔案 2/35: Aurora.efk
2025-07-19 16:04:38,060 - INFO - 成功解析EFK檔案，找到 5 個引用
2025-07-19 16:04:38,060 - INFO - 分析EFK檔案 3/35: EarthGlow.efk
2025-07-19 16:04:38,061 - INFO - 成功解析EFK檔案，找到 3 個引用
2025-07-19 16:04:38,062 - INFO - 分析EFK檔案 4/35: Explosion.efk
2025-07-19 16:04:38,065 - INFO - 成功解析EFK檔案，找到 1 個引用
2025-07-19 16:04:38,065 - INFO - 分析EFK檔案 5/35: Aurora.efk
2025-07-19 16:04:38,070 - INFO - 成功解析EFK檔案，找到 9 個引用
2025-07-19 16:04:38,070 - INFO - 分析EFK檔案 6/35: EarthGlow.efk
2025-07-19 16:04:38,071 - INFO - 成功解析EFK檔案，找到 5 個引用
2025-07-19 16:04:38,071 - INFO - 分析EFK檔案 7/35: MantisShrimpAccumulate_1_BgFire.efk
2025-07-19 16:04:38,073 - INFO - 成功解析EFK檔案，找到 4 個引用
2025-07-19 16:04:38,073 - INFO - 分析EFK檔案 8/35: MantisShrimpAccumulate_1_EnergyBall.efk
2025-07-19 16:04:38,075 - INFO - 成功解析EFK檔案，找到 5 個引用
2025-07-19 16:04:38,076 - INFO - 分析EFK檔案 9/35: MantisShrimpAccumulate_1_EnergyLine.efk
2025-07-19 16:04:38,077 - INFO - 成功解析EFK檔案，找到 1 個引用
2025-07-19 16:04:38,077 - INFO - 分析EFK檔案 10/35: MantisShrimpAccumulate_2_BgFire.efk
2025-07-19 16:04:38,079 - INFO - 成功解析EFK檔案，找到 4 個引用
2025-07-19 16:04:38,079 - INFO - 分析EFK檔案 11/35: MantisShrimpAccumulate_2_EnergyBall.efk
2025-07-19 16:04:38,080 - INFO - 成功解析EFK檔案，找到 4 個引用
2025-07-19 16:04:38,080 - INFO - 分析EFK檔案 12/35: MantisShrimpAccumulate_2_EnergyLine.efk
2025-07-19 16:04:38,083 - INFO - 成功解析EFK檔案，找到 5 個引用
2025-07-19 16:04:38,083 - INFO - 分析EFK檔案 13/35: MantisShrimpBump.efk
2025-07-19 16:04:38,087 - INFO - 成功解析EFK檔案，找到 8 個引用
2025-07-19 16:04:38,087 - INFO - 分析EFK檔案 14/35: MantisShrimpFlash.efk
2025-07-19 16:04:38,089 - INFO - 成功解析EFK檔案，找到 8 個引用
2025-07-19 16:04:38,089 - INFO - 分析EFK檔案 15/35: MantisShrimpHit_1.efk
2025-07-19 16:04:38,092 - INFO - 成功解析EFK檔案，找到 8 個引用
2025-07-19 16:04:38,092 - INFO - 分析EFK檔案 16/35: MantisShrimpHit_2.efk
2025-07-19 16:04:38,097 - INFO - 成功解析EFK檔案，找到 5 個引用
2025-07-19 16:04:38,097 - INFO - 分析EFK檔案 17/35: MantisShrimpLight.efk
2025-07-19 16:04:38,104 - INFO - 成功解析EFK檔案，找到 1 個引用
2025-07-19 16:04:38,104 - INFO - 分析EFK檔案 18/35: MantisShrimpProvoke.efk
2025-07-19 16:04:38,106 - INFO - 成功解析EFK檔案，找到 4 個引用
2025-07-19 16:04:38,106 - INFO - 分析EFK檔案 19/35: MantisShrimpPunch_1.efk
2025-07-19 16:04:38,109 - INFO - 成功解析EFK檔案，找到 6 個引用
2025-07-19 16:04:38,109 - INFO - 分析EFK檔案 20/35: MantisShrimpRipple.efk
2025-07-19 16:04:38,111 - INFO - 成功解析EFK檔案，找到 4 個引用
2025-07-19 16:04:38,111 - INFO - 分析EFK檔案 21/35: AngryMask.efk
2025-07-19 16:04:38,112 - INFO - 成功解析EFK檔案，找到 2 個引用
2025-07-19 16:04:38,112 - INFO - 分析EFK檔案 22/35: angryMaskFast.efk
2025-07-19 16:04:38,112 - INFO - 成功解析EFK檔案，找到 2 個引用
2025-07-19 16:04:38,112 - INFO - 分析EFK檔案 23/35: angryMaskLong.efk
2025-07-19 16:04:38,113 - INFO - 成功解析EFK檔案，找到 2 個引用
2025-07-19 16:04:38,113 - INFO - 分析EFK檔案 24/35: Attack_big_1.efk
2025-07-19 16:04:38,114 - INFO - 成功解析EFK檔案，找到 5 個引用
2025-07-19 16:04:38,114 - INFO - 分析EFK檔案 25/35: Attack_big_2.efk
2025-07-19 16:04:38,116 - INFO - 成功解析EFK檔案，找到 5 個引用
2025-07-19 16:04:38,116 - INFO - 分析EFK檔案 26/35: Attack_big_3.efk
2025-07-19 16:04:38,117 - INFO - 成功解析EFK檔案，找到 5 個引用
2025-07-19 16:04:38,117 - INFO - 分析EFK檔案 27/35: Attack_big_4.efk
2025-07-19 16:04:38,119 - INFO - 成功解析EFK檔案，找到 5 個引用
2025-07-19 16:04:38,119 - INFO - 分析EFK檔案 28/35: Attack_big_5.efk
2025-07-19 16:04:38,120 - INFO - 成功解析EFK檔案，找到 5 個引用
2025-07-19 16:04:38,120 - INFO - 分析EFK檔案 29/35: Attack_big_6.efk
2025-07-19 16:04:38,122 - INFO - 成功解析EFK檔案，找到 5 個引用
2025-07-19 16:04:38,122 - INFO - 分析EFK檔案 30/35: Attack_big_full.efk
2025-07-19 16:04:38,129 - INFO - 成功解析EFK檔案，找到 1 個引用
2025-07-19 16:04:38,129 - INFO - 分析EFK檔案 31/35: Attack_small.efk
2025-07-19 16:04:38,130 - INFO - 成功解析EFK檔案，找到 5 個引用
2025-07-19 16:04:38,130 - INFO - 分析EFK檔案 32/35: Lightning.efk
2025-07-19 16:04:38,132 - INFO - 成功解析EFK檔案，找到 6 個引用
2025-07-19 16:04:38,132 - INFO - 分析EFK檔案 33/35: LightningFast.efk
2025-07-19 16:04:38,135 - INFO - 成功解析EFK檔案，找到 6 個引用
2025-07-19 16:04:38,135 - INFO - 分析EFK檔案 34/35: LightningSlow.efk
2025-07-19 16:04:38,137 - INFO - 成功解析EFK檔案，找到 6 個引用
2025-07-19 16:04:38,137 - INFO - 分析EFK檔案 35/35: WaterSkiing.efk
2025-07-19 16:04:38,139 - INFO - 成功解析EFK檔案，找到 1 個引用
2025-07-19 16:04:38,139 - INFO - 分析EFKMAT檔案 1/14: Aurora.efkmat
2025-07-19 16:04:38,160 - INFO - 成功解析EFKMAT檔案，找到 1 個引用
2025-07-19 16:04:38,160 - INFO - 分析EFKMAT檔案 2/14: cannon_dissolve_3.efkmat
2025-07-19 16:04:38,175 - INFO - 成功解析EFKMAT檔案，找到 2 個引用
2025-07-19 16:04:38,175 - INFO - 分析EFKMAT檔案 3/14: Dissolve_04.efkmat
2025-07-19 16:04:38,181 - INFO - 成功解析EFKMAT檔案，找到 2 個引用
2025-07-19 16:04:38,181 - INFO - 分析EFKMAT檔案 4/14: Aurora.efkmat
2025-07-19 16:04:38,204 - INFO - 成功解析EFKMAT檔案，找到 1 個引用
2025-07-19 16:04:38,204 - INFO - 分析EFKMAT檔案 5/14: Explosion_Floor.efkmat
2025-07-19 16:04:38,213 - INFO - 成功解析EFKMAT檔案，找到 2 個引用
2025-07-19 16:04:38,213 - INFO - 分析EFKMAT檔案 6/14: FocusMAsk.efkmat
2025-07-19 16:04:38,215 - WARNING - EFKMAT檔案解析完成，但未找到引用
2025-07-19 16:04:38,215 - INFO - 分析EFKMAT檔案 7/14: lightning_01_dissolve.efkmat
2025-07-19 16:04:38,231 - INFO - 成功解析EFKMAT檔案，找到 3 個引用
2025-07-19 16:04:38,231 - INFO - 分析EFKMAT檔案 8/14: Shape_flow_tail_01.efkmat
2025-07-19 16:04:38,243 - INFO - 成功解析EFKMAT檔案，找到 1 個引用
2025-07-19 16:04:38,244 - INFO - 分析EFKMAT檔案 9/14: Shape_flow_tail_01_disslove.efkmat
2025-07-19 16:04:38,259 - INFO - 成功解析EFKMAT檔案，找到 2 個引用
2025-07-19 16:04:38,259 - INFO - 分析EFKMAT檔案 10/14: Slime_Track.efkmat
2025-07-19 16:04:38,270 - INFO - 成功解析EFKMAT檔案，找到 2 個引用
2025-07-19 16:04:38,270 - INFO - 分析EFKMAT檔案 11/14: Stationmaster_ring_2.efkmat
2025-07-19 16:04:38,281 - INFO - 成功解析EFKMAT檔案，找到 1 個引用
2025-07-19 16:04:38,281 - INFO - 分析EFKMAT檔案 12/14: FocusMAsk.efkmat
2025-07-19 16:04:38,284 - WARNING - EFKMAT檔案解析完成，但未找到引用
2025-07-19 16:04:38,284 - INFO - 分析EFKMAT檔案 13/14: lightning_01.efkmat
2025-07-19 16:04:38,295 - INFO - 成功解析EFKMAT檔案，找到 2 個引用
2025-07-19 16:04:38,295 - INFO - 分析EFKMAT檔案 14/14: Shape_flow_tail_01_dissolve_h.efkmat
2025-07-19 16:04:38,309 - INFO - 成功解析EFKMAT檔案，找到 1 個引用
2025-07-19 16:04:38,309 - INFO - 分析EFKMODEL檔案 1/4: Aurora_Path.efkmodel
2025-07-19 16:04:38,362 - WARNING - EFKMODEL檔案解析完成，但未找到引用
2025-07-19 16:04:38,362 - INFO - 分析EFKMODEL檔案 2/4: Aurora_Path.efkmodel
2025-07-19 16:04:38,415 - WARNING - EFKMODEL檔案解析完成，但未找到引用
2025-07-19 16:04:38,415 - INFO - 分析EFKMODEL檔案 3/4: Aurora_Path_01.efkmodel
2025-07-19 16:04:38,448 - WARNING - EFKMODEL檔案解析完成，但未找到引用
2025-07-19 16:04:38,448 - INFO - 分析EFKMODEL檔案 4/4: Blade.efkmodel
2025-07-19 16:04:38,499 - WARNING - EFKMODEL檔案解析完成，但未找到引用
2025-07-19 16:04:38,499 - INFO - 掃描摘要 - 總檔案數: 53, 成功: 53, 失敗: 0
2025-07-19 16:04:38,499 - INFO - 掃描完成，總共解析出 47 個有效結果
2025-07-19 16:04:59,732 - INFO - 開始掃描專案: C:\Users\User\Desktop\OceanTale\effekseer\Efk\CrazyPirateShipEarth
2025-07-19 16:04:59,732 - INFO - 找到 2 個EFK檔案, 1 個EFKMAT檔案, 2 個EFKMODEL檔案
2025-07-19 16:04:59,732 - INFO - 分析EFK檔案 1/2: Aurora.efk
2025-07-19 16:04:59,737 - INFO - 成功解析EFK檔案，找到 9 個引用
2025-07-19 16:04:59,737 - INFO - 分析EFK檔案 2/2: EarthGlow.efk
2025-07-19 16:04:59,740 - INFO - 成功解析EFK檔案，找到 5 個引用
2025-07-19 16:04:59,740 - INFO - 分析EFKMAT檔案 1/1: Aurora.efkmat
2025-07-19 16:04:59,762 - INFO - 成功解析EFKMAT檔案，找到 1 個引用
2025-07-19 16:04:59,762 - INFO - 分析EFKMODEL檔案 1/2: Aurora_Path.efkmodel
2025-07-19 16:04:59,814 - WARNING - EFKMODEL檔案解析完成，但未找到引用
2025-07-19 16:04:59,814 - INFO - 分析EFKMODEL檔案 2/2: Aurora_Path_01.efkmodel
2025-07-19 16:04:59,847 - WARNING - EFKMODEL檔案解析完成，但未找到引用
2025-07-19 16:04:59,847 - INFO - 掃描摘要 - 總檔案數: 5, 成功: 5, 失敗: 0
2025-07-19 16:04:59,847 - INFO - 掃描完成，總共解析出 3 個有效結果
2025-07-19 16:05:02,343 - INFO - 開始掃描專案: C:\Users\User\Desktop\OceanTale\effekseer\Efk\CrazyPirateShipEarth
2025-07-19 16:05:02,343 - INFO - 找到 2 個EFK檔案, 1 個EFKMAT檔案, 2 個EFKMODEL檔案
2025-07-19 16:05:02,343 - INFO - 分析EFK檔案 1/2: Aurora.efk
2025-07-19 16:05:02,349 - INFO - 成功解析EFK檔案，找到 9 個引用
2025-07-19 16:05:02,349 - INFO - 分析EFK檔案 2/2: EarthGlow.efk
2025-07-19 16:05:02,351 - INFO - 成功解析EFK檔案，找到 5 個引用
2025-07-19 16:05:02,351 - INFO - 分析EFKMAT檔案 1/1: Aurora.efkmat
2025-07-19 16:05:02,372 - INFO - 成功解析EFKMAT檔案，找到 1 個引用
2025-07-19 16:05:02,372 - INFO - 分析EFKMODEL檔案 1/2: Aurora_Path.efkmodel
2025-07-19 16:05:02,425 - WARNING - EFKMODEL檔案解析完成，但未找到引用
2025-07-19 16:05:02,426 - INFO - 分析EFKMODEL檔案 2/2: Aurora_Path_01.efkmodel
2025-07-19 16:05:02,458 - WARNING - EFKMODEL檔案解析完成，但未找到引用
2025-07-19 16:05:02,458 - INFO - 掃描摘要 - 總檔案數: 5, 成功: 5, 失敗: 0
2025-07-19 16:05:02,458 - INFO - 掃描完成，總共解析出 3 個有效結果
2025-07-19 16:05:06,624 - INFO - 開始掃描專案: C:\Users\User\Desktop\OceanTale\effekseer\Efk\CrazyPirateShip
2025-07-19 16:05:06,624 - INFO - 找到 4 個EFK檔案, 3 個EFKMAT檔案, 1 個EFKMODEL檔案
2025-07-19 16:05:06,624 - INFO - 分析EFK檔案 1/4: Attack.efk
2025-07-19 16:05:06,628 - INFO - 成功解析EFK檔案，找到 8 個引用
2025-07-19 16:05:06,628 - INFO - 分析EFK檔案 2/4: Aurora.efk
2025-07-19 16:05:06,629 - INFO - 成功解析EFK檔案，找到 5 個引用
2025-07-19 16:05:06,629 - INFO - 分析EFK檔案 3/4: EarthGlow.efk
2025-07-19 16:05:06,631 - INFO - 成功解析EFK檔案，找到 3 個引用
2025-07-19 16:05:06,631 - INFO - 分析EFK檔案 4/4: Explosion.efk
2025-07-19 16:05:06,633 - INFO - 成功解析EFK檔案，找到 1 個引用
2025-07-19 16:05:06,633 - INFO - 分析EFKMAT檔案 1/3: Aurora.efkmat
2025-07-19 16:05:06,654 - INFO - 成功解析EFKMAT檔案，找到 1 個引用
2025-07-19 16:05:06,654 - INFO - 分析EFKMAT檔案 2/3: cannon_dissolve_3.efkmat
2025-07-19 16:05:06,669 - INFO - 成功解析EFKMAT檔案，找到 2 個引用
2025-07-19 16:05:06,669 - INFO - 分析EFKMAT檔案 3/3: Dissolve_04.efkmat
2025-07-19 16:05:06,675 - INFO - 成功解析EFKMAT檔案，找到 2 個引用
2025-07-19 16:05:06,675 - INFO - 分析EFKMODEL檔案 1/1: Aurora_Path.efkmodel
2025-07-19 16:05:06,736 - WARNING - EFKMODEL檔案解析完成，但未找到引用
2025-07-19 16:05:06,736 - INFO - 掃描摘要 - 總檔案數: 8, 成功: 8, 失敗: 0
2025-07-19 16:05:06,736 - INFO - 掃描完成，總共解析出 7 個有效結果
2025-07-19 16:05:07,488 - INFO - 開始掃描專案: C:\Users\User\Desktop\OceanTale\effekseer\Efk\CrazyPirateShip
2025-07-19 16:05:07,488 - INFO - 找到 4 個EFK檔案, 3 個EFKMAT檔案, 1 個EFKMODEL檔案
2025-07-19 16:05:07,488 - INFO - 分析EFK檔案 1/4: Attack.efk
2025-07-19 16:05:07,492 - INFO - 成功解析EFK檔案，找到 8 個引用
2025-07-19 16:05:07,492 - INFO - 分析EFK檔案 2/4: Aurora.efk
2025-07-19 16:05:07,493 - INFO - 成功解析EFK檔案，找到 5 個引用
2025-07-19 16:05:07,493 - INFO - 分析EFK檔案 3/4: EarthGlow.efk
2025-07-19 16:05:07,495 - INFO - 成功解析EFK檔案，找到 3 個引用
2025-07-19 16:05:07,495 - INFO - 分析EFK檔案 4/4: Explosion.efk
2025-07-19 16:05:07,497 - INFO - 成功解析EFK檔案，找到 1 個引用
2025-07-19 16:05:07,497 - INFO - 分析EFKMAT檔案 1/3: Aurora.efkmat
2025-07-19 16:05:07,519 - INFO - 成功解析EFKMAT檔案，找到 1 個引用
2025-07-19 16:05:07,519 - INFO - 分析EFKMAT檔案 2/3: cannon_dissolve_3.efkmat
2025-07-19 16:05:07,532 - INFO - 成功解析EFKMAT檔案，找到 2 個引用
2025-07-19 16:05:07,534 - INFO - 分析EFKMAT檔案 3/3: Dissolve_04.efkmat
2025-07-19 16:05:07,540 - INFO - 成功解析EFKMAT檔案，找到 2 個引用
2025-07-19 16:05:07,540 - INFO - 分析EFKMODEL檔案 1/1: Aurora_Path.efkmodel
2025-07-19 16:05:07,593 - WARNING - EFKMODEL檔案解析完成，但未找到引用
2025-07-19 16:05:07,593 - INFO - 掃描摘要 - 總檔案數: 8, 成功: 8, 失敗: 0
2025-07-19 16:05:07,593 - INFO - 掃描完成，總共解析出 7 個有效結果
2025-07-19 16:05:12,315 - INFO - 開始掃描專案: C:\Users\User\Desktop\OceanTale\effekseer\Efk
2025-07-19 16:05:12,315 - INFO - 找到 35 個EFK檔案, 14 個EFKMAT檔案, 4 個EFKMODEL檔案
2025-07-19 16:05:12,315 - INFO - 分析EFK檔案 1/35: Attack.efk
2025-07-19 16:05:12,320 - INFO - 成功解析EFK檔案，找到 8 個引用
2025-07-19 16:05:12,320 - INFO - 分析EFK檔案 2/35: Aurora.efk
2025-07-19 16:05:12,321 - INFO - 成功解析EFK檔案，找到 5 個引用
2025-07-19 16:05:12,321 - INFO - 分析EFK檔案 3/35: EarthGlow.efk
2025-07-19 16:05:12,322 - INFO - 成功解析EFK檔案，找到 3 個引用
2025-07-19 16:05:12,322 - INFO - 分析EFK檔案 4/35: Explosion.efk
2025-07-19 16:05:12,324 - INFO - 成功解析EFK檔案，找到 1 個引用
2025-07-19 16:05:12,325 - INFO - 分析EFK檔案 5/35: Aurora.efk
2025-07-19 16:05:12,330 - INFO - 成功解析EFK檔案，找到 9 個引用
2025-07-19 16:05:12,330 - INFO - 分析EFK檔案 6/35: EarthGlow.efk
2025-07-19 16:05:12,332 - INFO - 成功解析EFK檔案，找到 5 個引用
2025-07-19 16:05:12,332 - INFO - 分析EFK檔案 7/35: MantisShrimpAccumulate_1_BgFire.efk
2025-07-19 16:05:12,333 - INFO - 成功解析EFK檔案，找到 4 個引用
2025-07-19 16:05:12,333 - INFO - 分析EFK檔案 8/35: MantisShrimpAccumulate_1_EnergyBall.efk
2025-07-19 16:05:12,336 - INFO - 成功解析EFK檔案，找到 5 個引用
2025-07-19 16:05:12,336 - INFO - 分析EFK檔案 9/35: MantisShrimpAccumulate_1_EnergyLine.efk
2025-07-19 16:05:12,336 - INFO - 成功解析EFK檔案，找到 1 個引用
2025-07-19 16:05:12,337 - INFO - 分析EFK檔案 10/35: MantisShrimpAccumulate_2_BgFire.efk
2025-07-19 16:05:12,338 - INFO - 成功解析EFK檔案，找到 4 個引用
2025-07-19 16:05:12,338 - INFO - 分析EFK檔案 11/35: MantisShrimpAccumulate_2_EnergyBall.efk
2025-07-19 16:05:12,340 - INFO - 成功解析EFK檔案，找到 4 個引用
2025-07-19 16:05:12,340 - INFO - 分析EFK檔案 12/35: MantisShrimpAccumulate_2_EnergyLine.efk
2025-07-19 16:05:12,343 - INFO - 成功解析EFK檔案，找到 5 個引用
2025-07-19 16:05:12,343 - INFO - 分析EFK檔案 13/35: MantisShrimpBump.efk
2025-07-19 16:05:12,347 - INFO - 成功解析EFK檔案，找到 8 個引用
2025-07-19 16:05:12,347 - INFO - 分析EFK檔案 14/35: MantisShrimpFlash.efk
2025-07-19 16:05:12,349 - INFO - 成功解析EFK檔案，找到 8 個引用
2025-07-19 16:05:12,350 - INFO - 分析EFK檔案 15/35: MantisShrimpHit_1.efk
2025-07-19 16:05:12,352 - INFO - 成功解析EFK檔案，找到 8 個引用
2025-07-19 16:05:12,352 - INFO - 分析EFK檔案 16/35: MantisShrimpHit_2.efk
2025-07-19 16:05:12,357 - INFO - 成功解析EFK檔案，找到 5 個引用
2025-07-19 16:05:12,357 - INFO - 分析EFK檔案 17/35: MantisShrimpLight.efk
2025-07-19 16:05:12,364 - INFO - 成功解析EFK檔案，找到 1 個引用
2025-07-19 16:05:12,365 - INFO - 分析EFK檔案 18/35: MantisShrimpProvoke.efk
2025-07-19 16:05:12,366 - INFO - 成功解析EFK檔案，找到 4 個引用
2025-07-19 16:05:12,366 - INFO - 分析EFK檔案 19/35: MantisShrimpPunch_1.efk
2025-07-19 16:05:12,369 - INFO - 成功解析EFK檔案，找到 6 個引用
2025-07-19 16:05:12,369 - INFO - 分析EFK檔案 20/35: MantisShrimpRipple.efk
2025-07-19 16:05:12,369 - INFO - 成功解析EFK檔案，找到 4 個引用
2025-07-19 16:05:12,369 - INFO - 分析EFK檔案 21/35: AngryMask.efk
2025-07-19 16:05:12,370 - INFO - 成功解析EFK檔案，找到 2 個引用
2025-07-19 16:05:12,370 - INFO - 分析EFK檔案 22/35: angryMaskFast.efk
2025-07-19 16:05:12,370 - INFO - 成功解析EFK檔案，找到 2 個引用
2025-07-19 16:05:12,370 - INFO - 分析EFK檔案 23/35: angryMaskLong.efk
2025-07-19 16:05:12,371 - INFO - 成功解析EFK檔案，找到 2 個引用
2025-07-19 16:05:12,371 - INFO - 分析EFK檔案 24/35: Attack_big_1.efk
2025-07-19 16:05:12,373 - INFO - 成功解析EFK檔案，找到 5 個引用
2025-07-19 16:05:12,373 - INFO - 分析EFK檔案 25/35: Attack_big_2.efk
2025-07-19 16:05:12,374 - INFO - 成功解析EFK檔案，找到 5 個引用
2025-07-19 16:05:12,375 - INFO - 分析EFK檔案 26/35: Attack_big_3.efk
2025-07-19 16:05:12,376 - INFO - 成功解析EFK檔案，找到 5 個引用
2025-07-19 16:05:12,376 - INFO - 分析EFK檔案 27/35: Attack_big_4.efk
2025-07-19 16:05:12,378 - INFO - 成功解析EFK檔案，找到 5 個引用
2025-07-19 16:05:12,378 - INFO - 分析EFK檔案 28/35: Attack_big_5.efk
2025-07-19 16:05:12,379 - INFO - 成功解析EFK檔案，找到 5 個引用
2025-07-19 16:05:12,379 - INFO - 分析EFK檔案 29/35: Attack_big_6.efk
2025-07-19 16:05:12,381 - INFO - 成功解析EFK檔案，找到 5 個引用
2025-07-19 16:05:12,381 - INFO - 分析EFK檔案 30/35: Attack_big_full.efk
2025-07-19 16:05:12,389 - INFO - 成功解析EFK檔案，找到 1 個引用
2025-07-19 16:05:12,389 - INFO - 分析EFK檔案 31/35: Attack_small.efk
2025-07-19 16:05:12,390 - INFO - 成功解析EFK檔案，找到 5 個引用
2025-07-19 16:05:12,390 - INFO - 分析EFK檔案 32/35: Lightning.efk
2025-07-19 16:05:12,392 - INFO - 成功解析EFK檔案，找到 6 個引用
2025-07-19 16:05:12,392 - INFO - 分析EFK檔案 33/35: LightningFast.efk
2025-07-19 16:05:12,394 - INFO - 成功解析EFK檔案，找到 6 個引用
2025-07-19 16:05:12,396 - INFO - 分析EFK檔案 34/35: LightningSlow.efk
2025-07-19 16:05:12,397 - INFO - 成功解析EFK檔案，找到 6 個引用
2025-07-19 16:05:12,397 - INFO - 分析EFK檔案 35/35: WaterSkiing.efk
2025-07-19 16:05:12,398 - INFO - 成功解析EFK檔案，找到 1 個引用
2025-07-19 16:05:12,398 - INFO - 分析EFKMAT檔案 1/14: Aurora.efkmat
2025-07-19 16:05:12,419 - INFO - 成功解析EFKMAT檔案，找到 1 個引用
2025-07-19 16:05:12,419 - INFO - 分析EFKMAT檔案 2/14: cannon_dissolve_3.efkmat
2025-07-19 16:05:12,436 - INFO - 成功解析EFKMAT檔案，找到 2 個引用
2025-07-19 16:05:12,436 - INFO - 分析EFKMAT檔案 3/14: Dissolve_04.efkmat
2025-07-19 16:05:12,442 - INFO - 成功解析EFKMAT檔案，找到 2 個引用
2025-07-19 16:05:12,442 - INFO - 分析EFKMAT檔案 4/14: Aurora.efkmat
2025-07-19 16:05:12,465 - INFO - 成功解析EFKMAT檔案，找到 1 個引用
2025-07-19 16:05:12,465 - INFO - 分析EFKMAT檔案 5/14: Explosion_Floor.efkmat
2025-07-19 16:05:12,473 - INFO - 成功解析EFKMAT檔案，找到 2 個引用
2025-07-19 16:05:12,473 - INFO - 分析EFKMAT檔案 6/14: FocusMAsk.efkmat
2025-07-19 16:05:12,475 - WARNING - EFKMAT檔案解析完成，但未找到引用
2025-07-19 16:05:12,475 - INFO - 分析EFKMAT檔案 7/14: lightning_01_dissolve.efkmat
2025-07-19 16:05:12,489 - INFO - 成功解析EFKMAT檔案，找到 3 個引用
2025-07-19 16:05:12,490 - INFO - 分析EFKMAT檔案 8/14: Shape_flow_tail_01.efkmat
2025-07-19 16:05:12,502 - INFO - 成功解析EFKMAT檔案，找到 1 個引用
2025-07-19 16:05:12,502 - INFO - 分析EFKMAT檔案 9/14: Shape_flow_tail_01_disslove.efkmat
2025-07-19 16:05:12,519 - INFO - 成功解析EFKMAT檔案，找到 2 個引用
2025-07-19 16:05:12,519 - INFO - 分析EFKMAT檔案 10/14: Slime_Track.efkmat
2025-07-19 16:05:12,530 - INFO - 成功解析EFKMAT檔案，找到 2 個引用
2025-07-19 16:05:12,530 - INFO - 分析EFKMAT檔案 11/14: Stationmaster_ring_2.efkmat
2025-07-19 16:05:12,541 - INFO - 成功解析EFKMAT檔案，找到 1 個引用
2025-07-19 16:05:12,541 - INFO - 分析EFKMAT檔案 12/14: FocusMAsk.efkmat
2025-07-19 16:05:12,543 - WARNING - EFKMAT檔案解析完成，但未找到引用
2025-07-19 16:05:12,543 - INFO - 分析EFKMAT檔案 13/14: lightning_01.efkmat
2025-07-19 16:05:12,555 - INFO - 成功解析EFKMAT檔案，找到 2 個引用
2025-07-19 16:05:12,555 - INFO - 分析EFKMAT檔案 14/14: Shape_flow_tail_01_dissolve_h.efkmat
2025-07-19 16:05:12,570 - INFO - 成功解析EFKMAT檔案，找到 1 個引用
2025-07-19 16:05:12,570 - INFO - 分析EFKMODEL檔案 1/4: Aurora_Path.efkmodel
2025-07-19 16:05:12,628 - WARNING - EFKMODEL檔案解析完成，但未找到引用
2025-07-19 16:05:12,628 - INFO - 分析EFKMODEL檔案 2/4: Aurora_Path.efkmodel
2025-07-19 16:05:12,679 - WARNING - EFKMODEL檔案解析完成，但未找到引用
2025-07-19 16:05:12,679 - INFO - 分析EFKMODEL檔案 3/4: Aurora_Path_01.efkmodel
2025-07-19 16:05:12,712 - WARNING - EFKMODEL檔案解析完成，但未找到引用
2025-07-19 16:05:12,712 - INFO - 分析EFKMODEL檔案 4/4: Blade.efkmodel
2025-07-19 16:05:12,765 - WARNING - EFKMODEL檔案解析完成，但未找到引用
2025-07-19 16:05:12,765 - INFO - 掃描摘要 - 總檔案數: 53, 成功: 53, 失敗: 0
2025-07-19 16:05:12,765 - INFO - 掃描完成，總共解析出 47 個有效結果
2025-07-19 16:05:25,039 - INFO - 開始掃描專案: C:\Users\User\Desktop\OceanTale\effekseer\Efk\CrazyPirateShipEarth
2025-07-19 16:05:25,040 - INFO - 找到 2 個EFK檔案, 1 個EFKMAT檔案, 2 個EFKMODEL檔案
2025-07-19 16:05:25,040 - INFO - 分析EFK檔案 1/2: Aurora.efk
2025-07-19 16:05:25,046 - INFO - 成功解析EFK檔案，找到 9 個引用
2025-07-19 16:05:25,046 - INFO - 分析EFK檔案 2/2: EarthGlow.efk
2025-07-19 16:05:25,047 - INFO - 成功解析EFK檔案，找到 5 個引用
2025-07-19 16:05:25,047 - INFO - 分析EFKMAT檔案 1/1: Aurora.efkmat
2025-07-19 16:05:25,069 - INFO - 成功解析EFKMAT檔案，找到 1 個引用
2025-07-19 16:05:25,069 - INFO - 分析EFKMODEL檔案 1/2: Aurora_Path.efkmodel
2025-07-19 16:05:25,121 - WARNING - EFKMODEL檔案解析完成，但未找到引用
2025-07-19 16:05:25,121 - INFO - 分析EFKMODEL檔案 2/2: Aurora_Path_01.efkmodel
2025-07-19 16:05:25,154 - WARNING - EFKMODEL檔案解析完成，但未找到引用
2025-07-19 16:05:25,154 - INFO - 掃描摘要 - 總檔案數: 5, 成功: 5, 失敗: 0
2025-07-19 16:05:25,154 - INFO - 掃描完成，總共解析出 3 個有效結果
