2025-07-19 16:02:01,276 - INFO - 開始掃描專案: C:\Users\User\Desktop\OceanTale\effekseer\Efk\CrazyPirateShip
2025-07-19 16:02:01,276 - INFO - 找到 4 個EFK檔案, 3 個EFKMAT檔案, 1 個EFKMODEL檔案
2025-07-19 16:02:01,276 - INFO - 分析EFK檔案 1/4: Attack.efk
2025-07-19 16:02:01,284 - INFO - 成功解析EFK檔案，找到 8 個引用
2025-07-19 16:02:01,284 - INFO - 分析EFK檔案 2/4: Aurora.efk
2025-07-19 16:02:01,285 - INFO - 成功解析EFK檔案，找到 5 個引用
2025-07-19 16:02:01,285 - INFO - 分析EFK檔案 3/4: EarthGlow.efk
2025-07-19 16:02:01,286 - INFO - 成功解析EFK檔案，找到 3 個引用
2025-07-19 16:02:01,287 - INFO - 分析EFK檔案 4/4: Explosion.efk
2025-07-19 16:02:01,289 - INFO - 成功解析EFK檔案，找到 1 個引用
2025-07-19 16:02:01,289 - INFO - 分析EFKMAT檔案 1/3: Aurora.efkmat
2025-07-19 16:02:01,312 - INFO - 成功解析EFKMAT檔案，找到 1 個引用
2025-07-19 16:02:01,312 - INFO - 分析EFKMAT檔案 2/3: cannon_dissolve_3.efkmat
2025-07-19 16:02:01,326 - INFO - 成功解析EFKMAT檔案，找到 2 個引用
2025-07-19 16:02:01,326 - INFO - 分析EFKMAT檔案 3/3: Dissolve_04.efkmat
2025-07-19 16:02:01,332 - INFO - 成功解析EFKMAT檔案，找到 2 個引用
2025-07-19 16:02:01,332 - INFO - 分析EFKMODEL檔案 1/1: Aurora_Path.efkmodel
2025-07-19 16:02:01,390 - WARNING - EFKMODEL檔案解析完成，但未找到引用
2025-07-19 16:02:01,390 - INFO - 掃描摘要 - 總檔案數: 8, 成功: 8, 失敗: 0
2025-07-19 16:02:01,390 - INFO - 掃描完成，總共解析出 7 個有效結果
