2025-07-19 15:02:04,148 - INFO - 開始掃描專案: C:\Users\User\Desktop\OceanTale\effekseer\Efk\CrazyPirateShip
2025-07-19 15:02:04,148 - INFO - 找到 4 個EFK檔案
2025-07-19 15:02:04,148 - INFO - 分析檔案 1/4: Attack.efk
2025-07-19 15:02:04,150 - INFO - 成功解析檔案，找到 4 個引用
2025-07-19 15:02:04,150 - INFO - 分析檔案 2/4: Aurora.efk
2025-07-19 15:02:04,150 - WARNING - 檔案解析完成，但未找到引用
2025-07-19 15:02:04,150 - INFO - 分析檔案 3/4: EarthGlow.efk
2025-07-19 15:02:04,150 - WARNING - 檔案解析完成，但未找到引用
2025-07-19 15:02:04,150 - INFO - 分析檔案 4/4: Explosion.efk
2025-07-19 15:02:04,152 - WARNING - 檔案解析完成，但未找到引用
2025-07-19 15:02:04,152 - INFO - 掃描摘要 - 總檔案數: 4, 成功: 4, 失敗: 0
2025-07-19 15:02:04,152 - INFO - 掃描完成，總共解析出 1 個有效結果
2025-07-19 15:02:13,938 - INFO - 開始掃描專案: C:\Users\User\Desktop\OceanTale\effekseer\Efk
2025-07-19 15:02:13,939 - INFO - 找到 35 個EFK檔案
2025-07-19 15:02:13,939 - INFO - 分析檔案 1/35: Attack.efk
2025-07-19 15:02:13,940 - INFO - 成功解析檔案，找到 4 個引用
2025-07-19 15:02:13,940 - INFO - 分析檔案 2/35: Aurora.efk
2025-07-19 15:02:13,940 - WARNING - 檔案解析完成，但未找到引用
2025-07-19 15:02:13,940 - INFO - 分析檔案 3/35: EarthGlow.efk
2025-07-19 15:02:13,941 - WARNING - 檔案解析完成，但未找到引用
2025-07-19 15:02:13,941 - INFO - 分析檔案 4/35: Explosion.efk
2025-07-19 15:02:13,941 - WARNING - 檔案解析完成，但未找到引用
2025-07-19 15:02:13,941 - INFO - 分析檔案 5/35: Aurora.efk
2025-07-19 15:02:13,942 - WARNING - 檔案解析完成，但未找到引用
2025-07-19 15:02:13,942 - INFO - 分析檔案 6/35: EarthGlow.efk
2025-07-19 15:02:13,942 - WARNING - 檔案解析完成，但未找到引用
2025-07-19 15:02:13,944 - INFO - 分析檔案 7/35: MantisShrimpAccumulate_1_BgFire.efk
2025-07-19 15:02:13,944 - INFO - 成功解析檔案，找到 2 個引用
2025-07-19 15:02:13,944 - INFO - 分析檔案 8/35: MantisShrimpAccumulate_1_EnergyBall.efk
2025-07-19 15:02:13,944 - INFO - 成功解析檔案，找到 3 個引用
2025-07-19 15:02:13,944 - INFO - 分析檔案 9/35: MantisShrimpAccumulate_1_EnergyLine.efk
2025-07-19 15:02:13,945 - WARNING - 檔案解析完成，但未找到引用
2025-07-19 15:02:13,945 - INFO - 分析檔案 10/35: MantisShrimpAccumulate_2_BgFire.efk
2025-07-19 15:02:13,945 - INFO - 成功解析檔案，找到 2 個引用
2025-07-19 15:02:13,945 - INFO - 分析檔案 11/35: MantisShrimpAccumulate_2_EnergyBall.efk
2025-07-19 15:02:13,946 - WARNING - 檔案解析完成，但未找到引用
2025-07-19 15:02:13,946 - INFO - 分析檔案 12/35: MantisShrimpAccumulate_2_EnergyLine.efk
2025-07-19 15:02:13,946 - INFO - 成功解析檔案，找到 3 個引用
2025-07-19 15:02:13,946 - INFO - 分析檔案 13/35: MantisShrimpBump.efk
2025-07-19 15:02:13,947 - INFO - 成功解析檔案，找到 4 個引用
2025-07-19 15:02:13,947 - INFO - 分析檔案 14/35: MantisShrimpFlash.efk
2025-07-19 15:02:13,947 - INFO - 成功解析檔案，找到 4 個引用
2025-07-19 15:02:13,948 - INFO - 分析檔案 15/35: MantisShrimpHit_1.efk
2025-07-19 15:02:13,948 - INFO - 成功解析檔案，找到 5 個引用
2025-07-19 15:02:13,948 - INFO - 分析檔案 16/35: MantisShrimpHit_2.efk
2025-07-19 15:02:13,949 - INFO - 成功解析檔案，找到 3 個引用
2025-07-19 15:02:13,949 - INFO - 分析檔案 17/35: MantisShrimpLight.efk
2025-07-19 15:02:13,950 - WARNING - 檔案解析完成，但未找到引用
2025-07-19 15:02:13,950 - INFO - 分析檔案 18/35: MantisShrimpProvoke.efk
2025-07-19 15:02:13,950 - INFO - 成功解析檔案，找到 2 個引用
2025-07-19 15:02:13,950 - INFO - 分析檔案 19/35: MantisShrimpPunch_1.efk
2025-07-19 15:02:13,951 - INFO - 成功解析檔案，找到 4 個引用
2025-07-19 15:02:13,951 - INFO - 分析檔案 20/35: MantisShrimpRipple.efk
2025-07-19 15:02:13,951 - INFO - 成功解析檔案，找到 2 個引用
2025-07-19 15:02:13,951 - INFO - 分析檔案 21/35: AngryMask.efk
2025-07-19 15:02:13,951 - WARNING - 檔案解析完成，但未找到引用
2025-07-19 15:02:13,951 - INFO - 分析檔案 22/35: angryMaskFast.efk
2025-07-19 15:02:13,952 - WARNING - 檔案解析完成，但未找到引用
2025-07-19 15:02:13,952 - INFO - 分析檔案 23/35: angryMaskLong.efk
2025-07-19 15:02:13,952 - WARNING - 檔案解析完成，但未找到引用
2025-07-19 15:02:13,952 - INFO - 分析檔案 24/35: Attack_big_1.efk
2025-07-19 15:02:13,952 - WARNING - 檔案解析完成，但未找到引用
2025-07-19 15:02:13,952 - INFO - 分析檔案 25/35: Attack_big_2.efk
2025-07-19 15:02:13,954 - WARNING - 檔案解析完成，但未找到引用
2025-07-19 15:02:13,954 - INFO - 分析檔案 26/35: Attack_big_3.efk
2025-07-19 15:02:13,954 - WARNING - 檔案解析完成，但未找到引用
2025-07-19 15:02:13,954 - INFO - 分析檔案 27/35: Attack_big_4.efk
2025-07-19 15:02:13,954 - WARNING - 檔案解析完成，但未找到引用
2025-07-19 15:02:13,954 - INFO - 分析檔案 28/35: Attack_big_5.efk
2025-07-19 15:02:13,955 - WARNING - 檔案解析完成，但未找到引用
2025-07-19 15:02:13,955 - INFO - 分析檔案 29/35: Attack_big_6.efk
2025-07-19 15:02:13,955 - WARNING - 檔案解析完成，但未找到引用
2025-07-19 15:02:13,955 - INFO - 分析檔案 30/35: Attack_big_full.efk
2025-07-19 15:02:13,956 - WARNING - 檔案解析完成，但未找到引用
2025-07-19 15:02:13,956 - INFO - 分析檔案 31/35: Attack_small.efk
2025-07-19 15:02:13,957 - WARNING - 檔案解析完成，但未找到引用
2025-07-19 15:02:13,957 - INFO - 分析檔案 32/35: Lightning.efk
2025-07-19 15:02:13,957 - INFO - 成功解析檔案，找到 4 個引用
2025-07-19 15:02:13,957 - INFO - 分析檔案 33/35: LightningFast.efk
2025-07-19 15:02:13,957 - INFO - 成功解析檔案，找到 4 個引用
2025-07-19 15:02:13,957 - INFO - 分析檔案 34/35: LightningSlow.efk
2025-07-19 15:02:13,959 - INFO - 成功解析檔案，找到 4 個引用
2025-07-19 15:02:13,959 - INFO - 分析檔案 35/35: WaterSkiing.efk
2025-07-19 15:02:13,959 - WARNING - 檔案解析完成，但未找到引用
2025-07-19 15:02:13,959 - INFO - 掃描摘要 - 總檔案數: 35, 成功: 35, 失敗: 0
2025-07-19 15:02:13,959 - INFO - 掃描完成，總共解析出 15 個有效結果
