2025-07-19 15:07:36,465 - INFO - 開始掃描專案: C:\Users\User\Desktop\OceanTale\effekseer
2025-07-19 15:07:36,467 - INFO - 找到 35 個EFK檔案
2025-07-19 15:07:36,467 - INFO - 分析檔案 1/35: Attack.efk
2025-07-19 15:07:36,468 - INFO - 成功解析檔案，找到 4 個引用
2025-07-19 15:07:36,468 - INFO - 分析檔案 2/35: Aurora.efk
2025-07-19 15:07:36,469 - WARNING - 檔案解析完成，但未找到引用
2025-07-19 15:07:36,469 - INFO - 分析檔案 3/35: EarthGlow.efk
2025-07-19 15:07:36,469 - WARNING - 檔案解析完成，但未找到引用
2025-07-19 15:07:36,469 - INFO - 分析檔案 4/35: Explosion.efk
2025-07-19 15:07:36,470 - WARNING - 檔案解析完成，但未找到引用
2025-07-19 15:07:36,470 - INFO - 分析檔案 5/35: Aurora.efk
2025-07-19 15:07:36,471 - WARNING - 檔案解析完成，但未找到引用
2025-07-19 15:07:36,472 - INFO - 分析檔案 6/35: EarthGlow.efk
2025-07-19 15:07:36,472 - WARNING - 檔案解析完成，但未找到引用
2025-07-19 15:07:36,472 - INFO - 分析檔案 7/35: MantisShrimpAccumulate_1_BgFire.efk
2025-07-19 15:07:36,473 - INFO - 成功解析檔案，找到 2 個引用
2025-07-19 15:07:36,473 - INFO - 分析檔案 8/35: MantisShrimpAccumulate_1_EnergyBall.efk
2025-07-19 15:07:36,473 - INFO - 成功解析檔案，找到 3 個引用
2025-07-19 15:07:36,473 - INFO - 分析檔案 9/35: MantisShrimpAccumulate_1_EnergyLine.efk
2025-07-19 15:07:36,473 - WARNING - 檔案解析完成，但未找到引用
2025-07-19 15:07:36,474 - INFO - 分析檔案 10/35: MantisShrimpAccumulate_2_BgFire.efk
2025-07-19 15:07:36,474 - INFO - 成功解析檔案，找到 2 個引用
2025-07-19 15:07:36,474 - INFO - 分析檔案 11/35: MantisShrimpAccumulate_2_EnergyBall.efk
2025-07-19 15:07:36,474 - WARNING - 檔案解析完成，但未找到引用
2025-07-19 15:07:36,475 - INFO - 分析檔案 12/35: MantisShrimpAccumulate_2_EnergyLine.efk
2025-07-19 15:07:36,475 - INFO - 成功解析檔案，找到 3 個引用
2025-07-19 15:07:36,475 - INFO - 分析檔案 13/35: MantisShrimpBump.efk
2025-07-19 15:07:36,476 - INFO - 成功解析檔案，找到 4 個引用
2025-07-19 15:07:36,476 - INFO - 分析檔案 14/35: MantisShrimpFlash.efk
2025-07-19 15:07:36,476 - INFO - 成功解析檔案，找到 4 個引用
2025-07-19 15:07:36,477 - INFO - 分析檔案 15/35: MantisShrimpHit_1.efk
2025-07-19 15:07:36,477 - INFO - 成功解析檔案，找到 5 個引用
2025-07-19 15:07:36,477 - INFO - 分析檔案 16/35: MantisShrimpHit_2.efk
2025-07-19 15:07:36,477 - INFO - 成功解析檔案，找到 3 個引用
2025-07-19 15:07:36,477 - INFO - 分析檔案 17/35: MantisShrimpLight.efk
2025-07-19 15:07:36,480 - WARNING - 檔案解析完成，但未找到引用
2025-07-19 15:07:36,480 - INFO - 分析檔案 18/35: MantisShrimpProvoke.efk
2025-07-19 15:07:36,480 - INFO - 成功解析檔案，找到 2 個引用
2025-07-19 15:07:36,480 - INFO - 分析檔案 19/35: MantisShrimpPunch_1.efk
2025-07-19 15:07:36,481 - INFO - 成功解析檔案，找到 4 個引用
2025-07-19 15:07:36,481 - INFO - 分析檔案 20/35: MantisShrimpRipple.efk
2025-07-19 15:07:36,481 - INFO - 成功解析檔案，找到 2 個引用
2025-07-19 15:07:36,481 - INFO - 分析檔案 21/35: AngryMask.efk
2025-07-19 15:07:36,482 - WARNING - 檔案解析完成，但未找到引用
2025-07-19 15:07:36,482 - INFO - 分析檔案 22/35: angryMaskFast.efk
2025-07-19 15:07:36,482 - WARNING - 檔案解析完成，但未找到引用
2025-07-19 15:07:36,482 - INFO - 分析檔案 23/35: angryMaskLong.efk
2025-07-19 15:07:36,482 - WARNING - 檔案解析完成，但未找到引用
2025-07-19 15:07:36,483 - INFO - 分析檔案 24/35: Attack_big_1.efk
2025-07-19 15:07:36,483 - WARNING - 檔案解析完成，但未找到引用
2025-07-19 15:07:36,483 - INFO - 分析檔案 25/35: Attack_big_2.efk
2025-07-19 15:07:36,483 - WARNING - 檔案解析完成，但未找到引用
2025-07-19 15:07:36,483 - INFO - 分析檔案 26/35: Attack_big_3.efk
2025-07-19 15:07:36,484 - WARNING - 檔案解析完成，但未找到引用
2025-07-19 15:07:36,484 - INFO - 分析檔案 27/35: Attack_big_4.efk
2025-07-19 15:07:36,484 - WARNING - 檔案解析完成，但未找到引用
2025-07-19 15:07:36,484 - INFO - 分析檔案 28/35: Attack_big_5.efk
2025-07-19 15:07:36,484 - WARNING - 檔案解析完成，但未找到引用
2025-07-19 15:07:36,484 - INFO - 分析檔案 29/35: Attack_big_6.efk
2025-07-19 15:07:36,485 - WARNING - 檔案解析完成，但未找到引用
2025-07-19 15:07:36,485 - INFO - 分析檔案 30/35: Attack_big_full.efk
2025-07-19 15:07:36,486 - WARNING - 檔案解析完成，但未找到引用
2025-07-19 15:07:36,486 - INFO - 分析檔案 31/35: Attack_small.efk
2025-07-19 15:07:36,486 - WARNING - 檔案解析完成，但未找到引用
2025-07-19 15:07:36,486 - INFO - 分析檔案 32/35: Lightning.efk
2025-07-19 15:07:36,487 - INFO - 成功解析檔案，找到 4 個引用
2025-07-19 15:07:36,487 - INFO - 分析檔案 33/35: LightningFast.efk
2025-07-19 15:07:36,487 - INFO - 成功解析檔案，找到 4 個引用
2025-07-19 15:07:36,487 - INFO - 分析檔案 34/35: LightningSlow.efk
2025-07-19 15:07:36,489 - INFO - 成功解析檔案，找到 4 個引用
2025-07-19 15:07:36,489 - INFO - 分析檔案 35/35: WaterSkiing.efk
2025-07-19 15:07:36,489 - WARNING - 檔案解析完成，但未找到引用
2025-07-19 15:07:36,489 - INFO - 掃描摘要 - 總檔案數: 35, 成功: 35, 失敗: 0
2025-07-19 15:07:36,489 - INFO - 掃描完成，總共解析出 15 個有效結果
