2025-07-19 17:17:23,956 - INFO - 開始掃描專案: C:\Users\User\Desktop\OceanTale\effekseer\Efk
2025-07-19 17:17:23,956 - INFO - 找到 35 個EFK檔案, 14 個EFKMAT檔案, 4 個EFKMODEL檔案
2025-07-19 17:17:23,957 - INFO - 分析EFK檔案 1/35: Attack.efk
2025-07-19 17:17:23,964 - INFO - 成功解析EFK檔案，找到 8 個引用
2025-07-19 17:17:23,964 - INFO - 分析EFK檔案 2/35: Aurora.efk
2025-07-19 17:17:23,966 - INFO - 成功解析EFK檔案，找到 5 個引用
2025-07-19 17:17:23,966 - INFO - 分析EFK檔案 3/35: EarthGlow.efk
2025-07-19 17:17:23,967 - INFO - 成功解析EFK檔案，找到 3 個引用
2025-07-19 17:17:23,967 - INFO - 分析EFK檔案 4/35: Explosion.efk
2025-07-19 17:17:23,969 - INFO - 成功解析EFK檔案，找到 1 個引用
2025-07-19 17:17:23,969 - INFO - 分析EFK檔案 5/35: Aurora.efk
2025-07-19 17:17:23,975 - INFO - 成功解析EFK檔案，找到 9 個引用
2025-07-19 17:17:23,975 - INFO - 分析EFK檔案 6/35: EarthGlow.efk
2025-07-19 17:17:23,976 - INFO - 成功解析EFK檔案，找到 5 個引用
2025-07-19 17:17:23,977 - INFO - 分析EFK檔案 7/35: MantisShrimpAccumulate_1_BgFire.efk
2025-07-19 17:17:23,978 - INFO - 成功解析EFK檔案，找到 4 個引用
2025-07-19 17:17:23,978 - INFO - 分析EFK檔案 8/35: MantisShrimpAccumulate_1_EnergyBall.efk
2025-07-19 17:17:23,980 - INFO - 成功解析EFK檔案，找到 5 個引用
2025-07-19 17:17:23,980 - INFO - 分析EFK檔案 9/35: MantisShrimpAccumulate_1_EnergyLine.efk
2025-07-19 17:17:23,981 - INFO - 成功解析EFK檔案，找到 1 個引用
2025-07-19 17:17:23,981 - INFO - 分析EFK檔案 10/35: MantisShrimpAccumulate_2_BgFire.efk
2025-07-19 17:17:23,983 - INFO - 成功解析EFK檔案，找到 4 個引用
2025-07-19 17:17:23,983 - INFO - 分析EFK檔案 11/35: MantisShrimpAccumulate_2_EnergyBall.efk
2025-07-19 17:17:23,984 - INFO - 成功解析EFK檔案，找到 4 個引用
2025-07-19 17:17:23,984 - INFO - 分析EFK檔案 12/35: MantisShrimpAccumulate_2_EnergyLine.efk
2025-07-19 17:17:23,988 - INFO - 成功解析EFK檔案，找到 5 個引用
2025-07-19 17:17:23,988 - INFO - 分析EFK檔案 13/35: MantisShrimpBump.efk
2025-07-19 17:17:23,991 - INFO - 成功解析EFK檔案，找到 8 個引用
2025-07-19 17:17:23,991 - INFO - 分析EFK檔案 14/35: MantisShrimpFlash.efk
2025-07-19 17:17:23,993 - INFO - 成功解析EFK檔案，找到 8 個引用
2025-07-19 17:17:23,993 - INFO - 分析EFK檔案 15/35: MantisShrimpHit_1.efk
2025-07-19 17:17:23,997 - INFO - 成功解析EFK檔案，找到 8 個引用
2025-07-19 17:17:23,998 - INFO - 分析EFK檔案 16/35: MantisShrimpHit_2.efk
2025-07-19 17:17:24,001 - INFO - 成功解析EFK檔案，找到 5 個引用
2025-07-19 17:17:24,001 - INFO - 分析EFK檔案 17/35: MantisShrimpLight.efk
2025-07-19 17:17:24,009 - INFO - 成功解析EFK檔案，找到 1 個引用
2025-07-19 17:17:24,009 - INFO - 分析EFK檔案 18/35: MantisShrimpProvoke.efk
2025-07-19 17:17:24,010 - INFO - 成功解析EFK檔案，找到 4 個引用
2025-07-19 17:17:24,010 - INFO - 分析EFK檔案 19/35: MantisShrimpPunch_1.efk
2025-07-19 17:17:24,013 - INFO - 成功解析EFK檔案，找到 6 個引用
2025-07-19 17:17:24,013 - INFO - 分析EFK檔案 20/35: MantisShrimpRipple.efk
2025-07-19 17:17:24,015 - INFO - 成功解析EFK檔案，找到 4 個引用
2025-07-19 17:17:24,015 - INFO - 分析EFK檔案 21/35: AngryMask.efk
2025-07-19 17:17:24,015 - INFO - 成功解析EFK檔案，找到 2 個引用
2025-07-19 17:17:24,015 - INFO - 分析EFK檔案 22/35: angryMaskFast.efk
2025-07-19 17:17:24,016 - INFO - 成功解析EFK檔案，找到 2 個引用
2025-07-19 17:17:24,016 - INFO - 分析EFK檔案 23/35: angryMaskLong.efk
2025-07-19 17:17:24,016 - INFO - 成功解析EFK檔案，找到 2 個引用
2025-07-19 17:17:24,016 - INFO - 分析EFK檔案 24/35: Attack_big_1.efk
2025-07-19 17:17:24,017 - INFO - 成功解析EFK檔案，找到 5 個引用
2025-07-19 17:17:24,017 - INFO - 分析EFK檔案 25/35: Attack_big_2.efk
2025-07-19 17:17:24,019 - INFO - 成功解析EFK檔案，找到 5 個引用
2025-07-19 17:17:24,019 - INFO - 分析EFK檔案 26/35: Attack_big_3.efk
2025-07-19 17:17:24,020 - INFO - 成功解析EFK檔案，找到 5 個引用
2025-07-19 17:17:24,020 - INFO - 分析EFK檔案 27/35: Attack_big_4.efk
2025-07-19 17:17:24,023 - INFO - 成功解析EFK檔案，找到 5 個引用
2025-07-19 17:17:24,023 - INFO - 分析EFK檔案 28/35: Attack_big_5.efk
2025-07-19 17:17:24,024 - INFO - 成功解析EFK檔案，找到 5 個引用
2025-07-19 17:17:24,024 - INFO - 分析EFK檔案 29/35: Attack_big_6.efk
2025-07-19 17:17:24,025 - INFO - 成功解析EFK檔案，找到 5 個引用
2025-07-19 17:17:24,025 - INFO - 分析EFK檔案 30/35: Attack_big_full.efk
2025-07-19 17:17:24,032 - INFO - 成功解析EFK檔案，找到 1 個引用
2025-07-19 17:17:24,032 - INFO - 分析EFK檔案 31/35: Attack_small.efk
2025-07-19 17:17:24,034 - INFO - 成功解析EFK檔案，找到 5 個引用
2025-07-19 17:17:24,034 - INFO - 分析EFK檔案 32/35: Lightning.efk
2025-07-19 17:17:24,036 - INFO - 成功解析EFK檔案，找到 6 個引用
2025-07-19 17:17:24,036 - INFO - 分析EFK檔案 33/35: LightningFast.efk
2025-07-19 17:17:24,038 - INFO - 成功解析EFK檔案，找到 6 個引用
2025-07-19 17:17:24,038 - INFO - 分析EFK檔案 34/35: LightningSlow.efk
2025-07-19 17:17:24,041 - INFO - 成功解析EFK檔案，找到 6 個引用
2025-07-19 17:17:24,041 - INFO - 分析EFK檔案 35/35: WaterSkiing.efk
2025-07-19 17:17:24,042 - INFO - 成功解析EFK檔案，找到 1 個引用
2025-07-19 17:17:24,043 - INFO - 分析EFKMAT檔案 1/14: Aurora.efkmat
2025-07-19 17:17:24,065 - INFO - 成功解析EFKMAT檔案，找到 1 個引用
2025-07-19 17:17:24,065 - INFO - 分析EFKMAT檔案 2/14: cannon_dissolve_3.efkmat
2025-07-19 17:17:24,078 - INFO - 成功解析EFKMAT檔案，找到 2 個引用
2025-07-19 17:17:24,078 - INFO - 分析EFKMAT檔案 3/14: Dissolve_04.efkmat
2025-07-19 17:17:24,085 - INFO - 成功解析EFKMAT檔案，找到 2 個引用
2025-07-19 17:17:24,085 - INFO - 分析EFKMAT檔案 4/14: Aurora.efkmat
2025-07-19 17:17:24,111 - INFO - 成功解析EFKMAT檔案，找到 1 個引用
2025-07-19 17:17:24,111 - INFO - 分析EFKMAT檔案 5/14: Explosion_Floor.efkmat
2025-07-19 17:17:24,120 - INFO - 成功解析EFKMAT檔案，找到 2 個引用
2025-07-19 17:17:24,120 - INFO - 分析EFKMAT檔案 6/14: FocusMAsk.efkmat
2025-07-19 17:17:24,122 - WARNING - EFKMAT檔案解析完成，但未找到引用
2025-07-19 17:17:24,122 - INFO - 分析EFKMAT檔案 7/14: lightning_01_dissolve.efkmat
2025-07-19 17:17:24,137 - INFO - 成功解析EFKMAT檔案，找到 3 個引用
2025-07-19 17:17:24,137 - INFO - 分析EFKMAT檔案 8/14: Shape_flow_tail_01.efkmat
2025-07-19 17:17:24,149 - INFO - 成功解析EFKMAT檔案，找到 1 個引用
2025-07-19 17:17:24,149 - INFO - 分析EFKMAT檔案 9/14: Shape_flow_tail_01_disslove.efkmat
2025-07-19 17:17:24,167 - INFO - 成功解析EFKMAT檔案，找到 2 個引用
2025-07-19 17:17:24,167 - INFO - 分析EFKMAT檔案 10/14: Slime_Track.efkmat
2025-07-19 17:17:24,178 - INFO - 成功解析EFKMAT檔案，找到 2 個引用
2025-07-19 17:17:24,178 - INFO - 分析EFKMAT檔案 11/14: Stationmaster_ring_2.efkmat
2025-07-19 17:17:24,189 - INFO - 成功解析EFKMAT檔案，找到 1 個引用
2025-07-19 17:17:24,189 - INFO - 分析EFKMAT檔案 12/14: FocusMAsk.efkmat
2025-07-19 17:17:24,192 - WARNING - EFKMAT檔案解析完成，但未找到引用
2025-07-19 17:17:24,192 - INFO - 分析EFKMAT檔案 13/14: lightning_01.efkmat
2025-07-19 17:17:24,203 - INFO - 成功解析EFKMAT檔案，找到 2 個引用
2025-07-19 17:17:24,203 - INFO - 分析EFKMAT檔案 14/14: Shape_flow_tail_01_dissolve_h.efkmat
2025-07-19 17:17:24,217 - INFO - 成功解析EFKMAT檔案，找到 1 個引用
2025-07-19 17:17:24,218 - INFO - 分析EFKMODEL檔案 1/4: Aurora_Path.efkmodel
2025-07-19 17:17:24,272 - WARNING - EFKMODEL檔案解析完成，但未找到引用
2025-07-19 17:17:24,272 - INFO - 分析EFKMODEL檔案 2/4: Aurora_Path.efkmodel
2025-07-19 17:17:24,333 - WARNING - EFKMODEL檔案解析完成，但未找到引用
2025-07-19 17:17:24,333 - INFO - 分析EFKMODEL檔案 3/4: Aurora_Path_01.efkmodel
2025-07-19 17:17:24,373 - WARNING - EFKMODEL檔案解析完成，但未找到引用
2025-07-19 17:17:24,373 - INFO - 分析EFKMODEL檔案 4/4: Blade.efkmodel
2025-07-19 17:17:24,427 - WARNING - EFKMODEL檔案解析完成，但未找到引用
2025-07-19 17:17:24,427 - INFO - 掃描摘要 - 總檔案數: 53, 成功: 53, 失敗: 0
2025-07-19 17:17:24,427 - INFO - 掃描完成，總共解析出 47 個有效結果
