2025-07-19 16:27:02,624 - INFO - 開始掃描專案: C:\Users\User\Desktop\OceanTale\effekseer\Efk
2025-07-19 16:27:02,625 - INFO - 找到 35 個EFK檔案, 14 個EFKMAT檔案, 4 個EFKMODEL檔案
2025-07-19 16:27:02,625 - INFO - 分析EFK檔案 1/35: Attack.efk
2025-07-19 16:27:02,631 - INFO - 成功解析EFK檔案，找到 8 個引用
2025-07-19 16:27:02,631 - INFO - 分析EFK檔案 2/35: Aurora.efk
2025-07-19 16:27:02,633 - INFO - 成功解析EFK檔案，找到 5 個引用
2025-07-19 16:27:02,633 - INFO - 分析EFK檔案 3/35: EarthGlow.efk
2025-07-19 16:27:02,634 - INFO - 成功解析EFK檔案，找到 3 個引用
2025-07-19 16:27:02,634 - INFO - 分析EFK檔案 4/35: Explosion.efk
2025-07-19 16:27:02,637 - INFO - 成功解析EFK檔案，找到 1 個引用
2025-07-19 16:27:02,637 - INFO - 分析EFK檔案 5/35: Aurora.efk
2025-07-19 16:27:02,641 - INFO - 成功解析EFK檔案，找到 9 個引用
2025-07-19 16:27:02,641 - INFO - 分析EFK檔案 6/35: EarthGlow.efk
2025-07-19 16:27:02,643 - INFO - 成功解析EFK檔案，找到 5 個引用
2025-07-19 16:27:02,644 - INFO - 分析EFK檔案 7/35: MantisShrimpAccumulate_1_BgFire.efk
2025-07-19 16:27:02,645 - INFO - 成功解析EFK檔案，找到 4 個引用
2025-07-19 16:27:02,645 - INFO - 分析EFK檔案 8/35: MantisShrimpAccumulate_1_EnergyBall.efk
2025-07-19 16:27:02,647 - INFO - 成功解析EFK檔案，找到 5 個引用
2025-07-19 16:27:02,647 - INFO - 分析EFK檔案 9/35: MantisShrimpAccumulate_1_EnergyLine.efk
2025-07-19 16:27:02,648 - INFO - 成功解析EFK檔案，找到 1 個引用
2025-07-19 16:27:02,648 - INFO - 分析EFK檔案 10/35: MantisShrimpAccumulate_2_BgFire.efk
2025-07-19 16:27:02,650 - INFO - 成功解析EFK檔案，找到 4 個引用
2025-07-19 16:27:02,650 - INFO - 分析EFK檔案 11/35: MantisShrimpAccumulate_2_EnergyBall.efk
2025-07-19 16:27:02,653 - INFO - 成功解析EFK檔案，找到 4 個引用
2025-07-19 16:27:02,653 - INFO - 分析EFK檔案 12/35: MantisShrimpAccumulate_2_EnergyLine.efk
2025-07-19 16:27:02,656 - INFO - 成功解析EFK檔案，找到 5 個引用
2025-07-19 16:27:02,656 - INFO - 分析EFK檔案 13/35: MantisShrimpBump.efk
2025-07-19 16:27:02,660 - INFO - 成功解析EFK檔案，找到 8 個引用
2025-07-19 16:27:02,660 - INFO - 分析EFK檔案 14/35: MantisShrimpFlash.efk
2025-07-19 16:27:02,663 - INFO - 成功解析EFK檔案，找到 8 個引用
2025-07-19 16:27:02,663 - INFO - 分析EFK檔案 15/35: MantisShrimpHit_1.efk
2025-07-19 16:27:02,666 - INFO - 成功解析EFK檔案，找到 8 個引用
2025-07-19 16:27:02,666 - INFO - 分析EFK檔案 16/35: MantisShrimpHit_2.efk
2025-07-19 16:27:02,670 - INFO - 成功解析EFK檔案，找到 5 個引用
2025-07-19 16:27:02,670 - INFO - 分析EFK檔案 17/35: MantisShrimpLight.efk
2025-07-19 16:27:02,678 - INFO - 成功解析EFK檔案，找到 1 個引用
2025-07-19 16:27:02,678 - INFO - 分析EFK檔案 18/35: MantisShrimpProvoke.efk
2025-07-19 16:27:02,679 - INFO - 成功解析EFK檔案，找到 4 個引用
2025-07-19 16:27:02,680 - INFO - 分析EFK檔案 19/35: MantisShrimpPunch_1.efk
2025-07-19 16:27:02,682 - INFO - 成功解析EFK檔案，找到 6 個引用
2025-07-19 16:27:02,682 - INFO - 分析EFK檔案 20/35: MantisShrimpRipple.efk
2025-07-19 16:27:02,684 - INFO - 成功解析EFK檔案，找到 4 個引用
2025-07-19 16:27:02,684 - INFO - 分析EFK檔案 21/35: AngryMask.efk
2025-07-19 16:27:02,685 - INFO - 成功解析EFK檔案，找到 2 個引用
2025-07-19 16:27:02,685 - INFO - 分析EFK檔案 22/35: angryMaskFast.efk
2025-07-19 16:27:02,685 - INFO - 成功解析EFK檔案，找到 2 個引用
2025-07-19 16:27:02,685 - INFO - 分析EFK檔案 23/35: angryMaskLong.efk
2025-07-19 16:27:02,686 - INFO - 成功解析EFK檔案，找到 2 個引用
2025-07-19 16:27:02,686 - INFO - 分析EFK檔案 24/35: Attack_big_1.efk
2025-07-19 16:27:02,687 - INFO - 成功解析EFK檔案，找到 5 個引用
2025-07-19 16:27:02,687 - INFO - 分析EFK檔案 25/35: Attack_big_2.efk
2025-07-19 16:27:02,689 - INFO - 成功解析EFK檔案，找到 5 個引用
2025-07-19 16:27:02,689 - INFO - 分析EFK檔案 26/35: Attack_big_3.efk
2025-07-19 16:27:02,690 - INFO - 成功解析EFK檔案，找到 5 個引用
2025-07-19 16:27:02,690 - INFO - 分析EFK檔案 27/35: Attack_big_4.efk
2025-07-19 16:27:02,691 - INFO - 成功解析EFK檔案，找到 5 個引用
2025-07-19 16:27:02,691 - INFO - 分析EFK檔案 28/35: Attack_big_5.efk
2025-07-19 16:27:02,692 - INFO - 成功解析EFK檔案，找到 5 個引用
2025-07-19 16:27:02,692 - INFO - 分析EFK檔案 29/35: Attack_big_6.efk
2025-07-19 16:27:02,695 - INFO - 成功解析EFK檔案，找到 5 個引用
2025-07-19 16:27:02,695 - INFO - 分析EFK檔案 30/35: Attack_big_full.efk
2025-07-19 16:27:02,701 - INFO - 成功解析EFK檔案，找到 1 個引用
2025-07-19 16:27:02,701 - INFO - 分析EFK檔案 31/35: Attack_small.efk
2025-07-19 16:27:02,704 - INFO - 成功解析EFK檔案，找到 5 個引用
2025-07-19 16:27:02,704 - INFO - 分析EFK檔案 32/35: Lightning.efk
2025-07-19 16:27:02,706 - INFO - 成功解析EFK檔案，找到 6 個引用
2025-07-19 16:27:02,706 - INFO - 分析EFK檔案 33/35: LightningFast.efk
2025-07-19 16:27:02,708 - INFO - 成功解析EFK檔案，找到 6 個引用
2025-07-19 16:27:02,708 - INFO - 分析EFK檔案 34/35: LightningSlow.efk
2025-07-19 16:27:02,710 - INFO - 成功解析EFK檔案，找到 6 個引用
2025-07-19 16:27:02,710 - INFO - 分析EFK檔案 35/35: WaterSkiing.efk
2025-07-19 16:27:02,711 - INFO - 成功解析EFK檔案，找到 1 個引用
2025-07-19 16:27:02,711 - INFO - 分析EFKMAT檔案 1/14: Aurora.efkmat
2025-07-19 16:27:02,733 - INFO - 成功解析EFKMAT檔案，找到 1 個引用
2025-07-19 16:27:02,734 - INFO - 分析EFKMAT檔案 2/14: cannon_dissolve_3.efkmat
2025-07-19 16:27:02,748 - INFO - 成功解析EFKMAT檔案，找到 2 個引用
2025-07-19 16:27:02,748 - INFO - 分析EFKMAT檔案 3/14: Dissolve_04.efkmat
2025-07-19 16:27:02,755 - INFO - 成功解析EFKMAT檔案，找到 2 個引用
2025-07-19 16:27:02,755 - INFO - 分析EFKMAT檔案 4/14: Aurora.efkmat
2025-07-19 16:27:02,777 - INFO - 成功解析EFKMAT檔案，找到 1 個引用
2025-07-19 16:27:02,777 - INFO - 分析EFKMAT檔案 5/14: Explosion_Floor.efkmat
2025-07-19 16:27:02,786 - INFO - 成功解析EFKMAT檔案，找到 2 個引用
2025-07-19 16:27:02,786 - INFO - 分析EFKMAT檔案 6/14: FocusMAsk.efkmat
2025-07-19 16:27:02,789 - WARNING - EFKMAT檔案解析完成，但未找到引用
2025-07-19 16:27:02,789 - INFO - 分析EFKMAT檔案 7/14: lightning_01_dissolve.efkmat
2025-07-19 16:27:02,803 - INFO - 成功解析EFKMAT檔案，找到 3 個引用
2025-07-19 16:27:02,803 - INFO - 分析EFKMAT檔案 8/14: Shape_flow_tail_01.efkmat
2025-07-19 16:27:02,816 - INFO - 成功解析EFKMAT檔案，找到 1 個引用
2025-07-19 16:27:02,816 - INFO - 分析EFKMAT檔案 9/14: Shape_flow_tail_01_disslove.efkmat
2025-07-19 16:27:02,833 - INFO - 成功解析EFKMAT檔案，找到 2 個引用
2025-07-19 16:27:02,833 - INFO - 分析EFKMAT檔案 10/14: Slime_Track.efkmat
2025-07-19 16:27:02,843 - INFO - 成功解析EFKMAT檔案，找到 2 個引用
2025-07-19 16:27:02,843 - INFO - 分析EFKMAT檔案 11/14: Stationmaster_ring_2.efkmat
2025-07-19 16:27:02,855 - INFO - 成功解析EFKMAT檔案，找到 1 個引用
2025-07-19 16:27:02,855 - INFO - 分析EFKMAT檔案 12/14: FocusMAsk.efkmat
2025-07-19 16:27:02,857 - WARNING - EFKMAT檔案解析完成，但未找到引用
2025-07-19 16:27:02,857 - INFO - 分析EFKMAT檔案 13/14: lightning_01.efkmat
2025-07-19 16:27:02,868 - INFO - 成功解析EFKMAT檔案，找到 2 個引用
2025-07-19 16:27:02,868 - INFO - 分析EFKMAT檔案 14/14: Shape_flow_tail_01_dissolve_h.efkmat
2025-07-19 16:27:02,881 - INFO - 成功解析EFKMAT檔案，找到 1 個引用
2025-07-19 16:27:02,881 - INFO - 分析EFKMODEL檔案 1/4: Aurora_Path.efkmodel
2025-07-19 16:27:02,938 - WARNING - EFKMODEL檔案解析完成，但未找到引用
2025-07-19 16:27:02,938 - INFO - 分析EFKMODEL檔案 2/4: Aurora_Path.efkmodel
2025-07-19 16:27:02,990 - WARNING - EFKMODEL檔案解析完成，但未找到引用
2025-07-19 16:27:02,990 - INFO - 分析EFKMODEL檔案 3/4: Aurora_Path_01.efkmodel
2025-07-19 16:27:03,024 - WARNING - EFKMODEL檔案解析完成，但未找到引用
2025-07-19 16:27:03,024 - INFO - 分析EFKMODEL檔案 4/4: Blade.efkmodel
2025-07-19 16:27:03,074 - WARNING - EFKMODEL檔案解析完成，但未找到引用
2025-07-19 16:27:03,074 - INFO - 掃描摘要 - 總檔案數: 53, 成功: 53, 失敗: 0
2025-07-19 16:27:03,074 - INFO - 掃描完成，總共解析出 47 個有效結果
