2025-07-19 17:22:26,899 - INFO - 開始掃描專案: C:\Users\User\Desktop\OceanTale\effekseer\Efk
2025-07-19 17:22:26,900 - INFO - 找到 35 個EFK檔案, 14 個EFKMAT檔案, 4 個EFKMODEL檔案
2025-07-19 17:22:26,900 - INFO - 分析EFK檔案 1/35: Attack.efk
2025-07-19 17:22:26,907 - INFO - 成功解析EFK檔案，找到 8 個引用
2025-07-19 17:22:26,907 - INFO - 分析EFK檔案 2/35: Aurora.efk
2025-07-19 17:22:26,908 - INFO - 成功解析EFK檔案，找到 5 個引用
2025-07-19 17:22:26,908 - INFO - 分析EFK檔案 3/35: EarthGlow.efk
2025-07-19 17:22:26,909 - INFO - 成功解析EFK檔案，找到 3 個引用
2025-07-19 17:22:26,910 - INFO - 分析EFK檔案 4/35: Explosion.efk
2025-07-19 17:22:26,912 - INFO - 成功解析EFK檔案，找到 1 個引用
2025-07-19 17:22:26,912 - INFO - 分析EFK檔案 5/35: Aurora.efk
2025-07-19 17:22:26,917 - INFO - 成功解析EFK檔案，找到 9 個引用
2025-07-19 17:22:26,917 - INFO - 分析EFK檔案 6/35: EarthGlow.efk
2025-07-19 17:22:26,918 - INFO - 成功解析EFK檔案，找到 5 個引用
2025-07-19 17:22:26,918 - INFO - 分析EFK檔案 7/35: MantisShrimpAccumulate_1_BgFire.efk
2025-07-19 17:22:26,921 - INFO - 成功解析EFK檔案，找到 4 個引用
2025-07-19 17:22:26,921 - INFO - 分析EFK檔案 8/35: MantisShrimpAccumulate_1_EnergyBall.efk
2025-07-19 17:22:26,922 - INFO - 成功解析EFK檔案，找到 5 個引用
2025-07-19 17:22:26,923 - INFO - 分析EFK檔案 9/35: MantisShrimpAccumulate_1_EnergyLine.efk
2025-07-19 17:22:26,924 - INFO - 成功解析EFK檔案，找到 1 個引用
2025-07-19 17:22:26,924 - INFO - 分析EFK檔案 10/35: MantisShrimpAccumulate_2_BgFire.efk
2025-07-19 17:22:26,925 - INFO - 成功解析EFK檔案，找到 4 個引用
2025-07-19 17:22:26,925 - INFO - 分析EFK檔案 11/35: MantisShrimpAccumulate_2_EnergyBall.efk
2025-07-19 17:22:26,927 - INFO - 成功解析EFK檔案，找到 4 個引用
2025-07-19 17:22:26,927 - INFO - 分析EFK檔案 12/35: MantisShrimpAccumulate_2_EnergyLine.efk
2025-07-19 17:22:26,930 - INFO - 成功解析EFK檔案，找到 5 個引用
2025-07-19 17:22:26,930 - INFO - 分析EFK檔案 13/35: MantisShrimpBump.efk
2025-07-19 17:22:26,934 - INFO - 成功解析EFK檔案，找到 8 個引用
2025-07-19 17:22:26,934 - INFO - 分析EFK檔案 14/35: MantisShrimpFlash.efk
2025-07-19 17:22:26,936 - INFO - 成功解析EFK檔案，找到 8 個引用
2025-07-19 17:22:26,936 - INFO - 分析EFK檔案 15/35: MantisShrimpHit_1.efk
2025-07-19 17:22:26,939 - INFO - 成功解析EFK檔案，找到 8 個引用
2025-07-19 17:22:26,939 - INFO - 分析EFK檔案 16/35: MantisShrimpHit_2.efk
2025-07-19 17:22:26,943 - INFO - 成功解析EFK檔案，找到 5 個引用
2025-07-19 17:22:26,944 - INFO - 分析EFK檔案 17/35: MantisShrimpLight.efk
2025-07-19 17:22:26,951 - INFO - 成功解析EFK檔案，找到 1 個引用
2025-07-19 17:22:26,951 - INFO - 分析EFK檔案 18/35: MantisShrimpProvoke.efk
2025-07-19 17:22:26,952 - INFO - 成功解析EFK檔案，找到 4 個引用
2025-07-19 17:22:26,952 - INFO - 分析EFK檔案 19/35: MantisShrimpPunch_1.efk
2025-07-19 17:22:26,955 - INFO - 成功解析EFK檔案，找到 6 個引用
2025-07-19 17:22:26,955 - INFO - 分析EFK檔案 20/35: MantisShrimpRipple.efk
2025-07-19 17:22:26,957 - INFO - 成功解析EFK檔案，找到 4 個引用
2025-07-19 17:22:26,957 - INFO - 分析EFK檔案 21/35: AngryMask.efk
2025-07-19 17:22:26,958 - INFO - 成功解析EFK檔案，找到 2 個引用
2025-07-19 17:22:26,958 - INFO - 分析EFK檔案 22/35: angryMaskFast.efk
2025-07-19 17:22:26,958 - INFO - 成功解析EFK檔案，找到 2 個引用
2025-07-19 17:22:26,958 - INFO - 分析EFK檔案 23/35: angryMaskLong.efk
2025-07-19 17:22:26,959 - INFO - 成功解析EFK檔案，找到 2 個引用
2025-07-19 17:22:26,959 - INFO - 分析EFK檔案 24/35: Attack_big_1.efk
2025-07-19 17:22:26,960 - INFO - 成功解析EFK檔案，找到 5 個引用
2025-07-19 17:22:26,960 - INFO - 分析EFK檔案 25/35: Attack_big_2.efk
2025-07-19 17:22:26,961 - INFO - 成功解析EFK檔案，找到 5 個引用
2025-07-19 17:22:26,961 - INFO - 分析EFK檔案 26/35: Attack_big_3.efk
2025-07-19 17:22:26,963 - INFO - 成功解析EFK檔案，找到 5 個引用
2025-07-19 17:22:26,963 - INFO - 分析EFK檔案 27/35: Attack_big_4.efk
2025-07-19 17:22:26,964 - INFO - 成功解析EFK檔案，找到 5 個引用
2025-07-19 17:22:26,964 - INFO - 分析EFK檔案 28/35: Attack_big_5.efk
2025-07-19 17:22:26,965 - INFO - 成功解析EFK檔案，找到 5 個引用
2025-07-19 17:22:26,965 - INFO - 分析EFK檔案 29/35: Attack_big_6.efk
2025-07-19 17:22:26,967 - INFO - 成功解析EFK檔案，找到 5 個引用
2025-07-19 17:22:26,967 - INFO - 分析EFK檔案 30/35: Attack_big_full.efk
2025-07-19 17:22:26,974 - INFO - 成功解析EFK檔案，找到 1 個引用
2025-07-19 17:22:26,974 - INFO - 分析EFK檔案 31/35: Attack_small.efk
2025-07-19 17:22:26,975 - INFO - 成功解析EFK檔案，找到 5 個引用
2025-07-19 17:22:26,975 - INFO - 分析EFK檔案 32/35: Lightning.efk
2025-07-19 17:22:26,978 - INFO - 成功解析EFK檔案，找到 6 個引用
2025-07-19 17:22:26,978 - INFO - 分析EFK檔案 33/35: LightningFast.efk
2025-07-19 17:22:26,980 - INFO - 成功解析EFK檔案，找到 6 個引用
2025-07-19 17:22:26,980 - INFO - 分析EFK檔案 34/35: LightningSlow.efk
2025-07-19 17:22:26,982 - INFO - 成功解析EFK檔案，找到 6 個引用
2025-07-19 17:22:26,982 - INFO - 分析EFK檔案 35/35: WaterSkiing.efk
2025-07-19 17:22:26,983 - INFO - 成功解析EFK檔案，找到 1 個引用
2025-07-19 17:22:26,983 - INFO - 分析EFKMAT檔案 1/14: Aurora.efkmat
2025-07-19 17:22:27,005 - INFO - 成功解析EFKMAT檔案，找到 1 個引用
2025-07-19 17:22:27,005 - INFO - 分析EFKMAT檔案 2/14: cannon_dissolve_3.efkmat
2025-07-19 17:22:27,019 - INFO - 成功解析EFKMAT檔案，找到 2 個引用
2025-07-19 17:22:27,020 - INFO - 分析EFKMAT檔案 3/14: Dissolve_04.efkmat
2025-07-19 17:22:27,025 - INFO - 成功解析EFKMAT檔案，找到 2 個引用
2025-07-19 17:22:27,025 - INFO - 分析EFKMAT檔案 4/14: Aurora.efkmat
2025-07-19 17:22:27,047 - INFO - 成功解析EFKMAT檔案，找到 1 個引用
2025-07-19 17:22:27,047 - INFO - 分析EFKMAT檔案 5/14: Explosion_Floor.efkmat
2025-07-19 17:22:27,056 - INFO - 成功解析EFKMAT檔案，找到 2 個引用
2025-07-19 17:22:27,056 - INFO - 分析EFKMAT檔案 6/14: FocusMAsk.efkmat
2025-07-19 17:22:27,058 - WARNING - EFKMAT檔案解析完成，但未找到引用
2025-07-19 17:22:27,058 - INFO - 分析EFKMAT檔案 7/14: lightning_01_dissolve.efkmat
2025-07-19 17:22:27,073 - INFO - 成功解析EFKMAT檔案，找到 3 個引用
2025-07-19 17:22:27,073 - INFO - 分析EFKMAT檔案 8/14: Shape_flow_tail_01.efkmat
2025-07-19 17:22:27,088 - INFO - 成功解析EFKMAT檔案，找到 1 個引用
2025-07-19 17:22:27,088 - INFO - 分析EFKMAT檔案 9/14: Shape_flow_tail_01_disslove.efkmat
2025-07-19 17:22:27,104 - INFO - 成功解析EFKMAT檔案，找到 2 個引用
2025-07-19 17:22:27,105 - INFO - 分析EFKMAT檔案 10/14: Slime_Track.efkmat
2025-07-19 17:22:27,116 - INFO - 成功解析EFKMAT檔案，找到 2 個引用
2025-07-19 17:22:27,116 - INFO - 分析EFKMAT檔案 11/14: Stationmaster_ring_2.efkmat
2025-07-19 17:22:27,127 - INFO - 成功解析EFKMAT檔案，找到 1 個引用
2025-07-19 17:22:27,127 - INFO - 分析EFKMAT檔案 12/14: FocusMAsk.efkmat
2025-07-19 17:22:27,129 - WARNING - EFKMAT檔案解析完成，但未找到引用
2025-07-19 17:22:27,129 - INFO - 分析EFKMAT檔案 13/14: lightning_01.efkmat
2025-07-19 17:22:27,140 - INFO - 成功解析EFKMAT檔案，找到 2 個引用
2025-07-19 17:22:27,140 - INFO - 分析EFKMAT檔案 14/14: Shape_flow_tail_01_dissolve_h.efkmat
2025-07-19 17:22:27,154 - INFO - 成功解析EFKMAT檔案，找到 1 個引用
2025-07-19 17:22:27,155 - INFO - 分析EFKMODEL檔案 1/4: Aurora_Path.efkmodel
2025-07-19 17:22:27,211 - WARNING - EFKMODEL檔案解析完成，但未找到引用
2025-07-19 17:22:27,212 - INFO - 分析EFKMODEL檔案 2/4: Aurora_Path.efkmodel
2025-07-19 17:22:27,264 - WARNING - EFKMODEL檔案解析完成，但未找到引用
2025-07-19 17:22:27,264 - INFO - 分析EFKMODEL檔案 3/4: Aurora_Path_01.efkmodel
2025-07-19 17:22:27,302 - WARNING - EFKMODEL檔案解析完成，但未找到引用
2025-07-19 17:22:27,302 - INFO - 分析EFKMODEL檔案 4/4: Blade.efkmodel
2025-07-19 17:22:27,353 - WARNING - EFKMODEL檔案解析完成，但未找到引用
2025-07-19 17:22:27,353 - INFO - 掃描摘要 - 總檔案數: 53, 成功: 53, 失敗: 0
2025-07-19 17:22:27,353 - INFO - 掃描完成，總共解析出 47 個有效結果
