2025-07-19 17:18:29,750 - INFO - 開始掃描專案: C:\Users\User\Desktop\OceanTale\effekseer\Efk
2025-07-19 17:18:29,751 - INFO - 找到 35 個EFK檔案, 14 個EFKMAT檔案, 4 個EFKMODEL檔案
2025-07-19 17:18:29,751 - INFO - 分析EFK檔案 1/35: Attack.efk
2025-07-19 17:18:29,758 - INFO - 成功解析EFK檔案，找到 8 個引用
2025-07-19 17:18:29,758 - INFO - 分析EFK檔案 2/35: Aurora.efk
2025-07-19 17:18:29,759 - INFO - 成功解析EFK檔案，找到 5 個引用
2025-07-19 17:18:29,759 - INFO - 分析EFK檔案 3/35: EarthGlow.efk
2025-07-19 17:18:29,760 - INFO - 成功解析EFK檔案，找到 3 個引用
2025-07-19 17:18:29,760 - INFO - 分析EFK檔案 4/35: Explosion.efk
2025-07-19 17:18:29,763 - INFO - 成功解析EFK檔案，找到 1 個引用
2025-07-19 17:18:29,763 - INFO - 分析EFK檔案 5/35: Aurora.efk
2025-07-19 17:18:29,768 - INFO - 成功解析EFK檔案，找到 9 個引用
2025-07-19 17:18:29,768 - INFO - 分析EFK檔案 6/35: EarthGlow.efk
2025-07-19 17:18:29,770 - INFO - 成功解析EFK檔案，找到 5 個引用
2025-07-19 17:18:29,770 - INFO - 分析EFK檔案 7/35: MantisShrimpAccumulate_1_BgFire.efk
2025-07-19 17:18:29,772 - INFO - 成功解析EFK檔案，找到 4 個引用
2025-07-19 17:18:29,772 - INFO - 分析EFK檔案 8/35: MantisShrimpAccumulate_1_EnergyBall.efk
2025-07-19 17:18:29,774 - INFO - 成功解析EFK檔案，找到 5 個引用
2025-07-19 17:18:29,774 - INFO - 分析EFK檔案 9/35: MantisShrimpAccumulate_1_EnergyLine.efk
2025-07-19 17:18:29,776 - INFO - 成功解析EFK檔案，找到 1 個引用
2025-07-19 17:18:29,776 - INFO - 分析EFK檔案 10/35: MantisShrimpAccumulate_2_BgFire.efk
2025-07-19 17:18:29,778 - INFO - 成功解析EFK檔案，找到 4 個引用
2025-07-19 17:18:29,778 - INFO - 分析EFK檔案 11/35: MantisShrimpAccumulate_2_EnergyBall.efk
2025-07-19 17:18:29,780 - INFO - 成功解析EFK檔案，找到 4 個引用
2025-07-19 17:18:29,780 - INFO - 分析EFK檔案 12/35: MantisShrimpAccumulate_2_EnergyLine.efk
2025-07-19 17:18:29,782 - INFO - 成功解析EFK檔案，找到 5 個引用
2025-07-19 17:18:29,782 - INFO - 分析EFK檔案 13/35: MantisShrimpBump.efk
2025-07-19 17:18:29,787 - INFO - 成功解析EFK檔案，找到 8 個引用
2025-07-19 17:18:29,787 - INFO - 分析EFK檔案 14/35: MantisShrimpFlash.efk
2025-07-19 17:18:29,789 - INFO - 成功解析EFK檔案，找到 8 個引用
2025-07-19 17:18:29,789 - INFO - 分析EFK檔案 15/35: MantisShrimpHit_1.efk
2025-07-19 17:18:29,792 - INFO - 成功解析EFK檔案，找到 8 個引用
2025-07-19 17:18:29,792 - INFO - 分析EFK檔案 16/35: MantisShrimpHit_2.efk
2025-07-19 17:18:29,797 - INFO - 成功解析EFK檔案，找到 5 個引用
2025-07-19 17:18:29,797 - INFO - 分析EFK檔案 17/35: MantisShrimpLight.efk
2025-07-19 17:18:29,803 - INFO - 成功解析EFK檔案，找到 1 個引用
2025-07-19 17:18:29,803 - INFO - 分析EFK檔案 18/35: MantisShrimpProvoke.efk
2025-07-19 17:18:29,804 - INFO - 成功解析EFK檔案，找到 4 個引用
2025-07-19 17:18:29,805 - INFO - 分析EFK檔案 19/35: MantisShrimpPunch_1.efk
2025-07-19 17:18:29,809 - INFO - 成功解析EFK檔案，找到 6 個引用
2025-07-19 17:18:29,809 - INFO - 分析EFK檔案 20/35: MantisShrimpRipple.efk
2025-07-19 17:18:29,809 - INFO - 成功解析EFK檔案，找到 4 個引用
2025-07-19 17:18:29,809 - INFO - 分析EFK檔案 21/35: AngryMask.efk
2025-07-19 17:18:29,810 - INFO - 成功解析EFK檔案，找到 2 個引用
2025-07-19 17:18:29,810 - INFO - 分析EFK檔案 22/35: angryMaskFast.efk
2025-07-19 17:18:29,810 - INFO - 成功解析EFK檔案，找到 2 個引用
2025-07-19 17:18:29,810 - INFO - 分析EFK檔案 23/35: angryMaskLong.efk
2025-07-19 17:18:29,811 - INFO - 成功解析EFK檔案，找到 2 個引用
2025-07-19 17:18:29,811 - INFO - 分析EFK檔案 24/35: Attack_big_1.efk
2025-07-19 17:18:29,813 - INFO - 成功解析EFK檔案，找到 5 個引用
2025-07-19 17:18:29,813 - INFO - 分析EFK檔案 25/35: Attack_big_2.efk
2025-07-19 17:18:29,814 - INFO - 成功解析EFK檔案，找到 5 個引用
2025-07-19 17:18:29,814 - INFO - 分析EFK檔案 26/35: Attack_big_3.efk
2025-07-19 17:18:29,815 - INFO - 成功解析EFK檔案，找到 5 個引用
2025-07-19 17:18:29,815 - INFO - 分析EFK檔案 27/35: Attack_big_4.efk
2025-07-19 17:18:29,818 - INFO - 成功解析EFK檔案，找到 5 個引用
2025-07-19 17:18:29,818 - INFO - 分析EFK檔案 28/35: Attack_big_5.efk
2025-07-19 17:18:29,819 - INFO - 成功解析EFK檔案，找到 5 個引用
2025-07-19 17:18:29,819 - INFO - 分析EFK檔案 29/35: Attack_big_6.efk
2025-07-19 17:18:29,821 - INFO - 成功解析EFK檔案，找到 5 個引用
2025-07-19 17:18:29,821 - INFO - 分析EFK檔案 30/35: Attack_big_full.efk
2025-07-19 17:18:29,827 - INFO - 成功解析EFK檔案，找到 1 個引用
2025-07-19 17:18:29,827 - INFO - 分析EFK檔案 31/35: Attack_small.efk
2025-07-19 17:18:29,829 - INFO - 成功解析EFK檔案，找到 5 個引用
2025-07-19 17:18:29,829 - INFO - 分析EFK檔案 32/35: Lightning.efk
2025-07-19 17:18:29,831 - INFO - 成功解析EFK檔案，找到 6 個引用
2025-07-19 17:18:29,831 - INFO - 分析EFK檔案 33/35: LightningFast.efk
2025-07-19 17:18:29,835 - INFO - 成功解析EFK檔案，找到 6 個引用
2025-07-19 17:18:29,835 - INFO - 分析EFK檔案 34/35: LightningSlow.efk
2025-07-19 17:18:29,837 - INFO - 成功解析EFK檔案，找到 6 個引用
2025-07-19 17:18:29,837 - INFO - 分析EFK檔案 35/35: WaterSkiing.efk
2025-07-19 17:18:29,838 - INFO - 成功解析EFK檔案，找到 1 個引用
2025-07-19 17:18:29,838 - INFO - 分析EFKMAT檔案 1/14: Aurora.efkmat
2025-07-19 17:18:29,859 - INFO - 成功解析EFKMAT檔案，找到 1 個引用
2025-07-19 17:18:29,859 - INFO - 分析EFKMAT檔案 2/14: cannon_dissolve_3.efkmat
2025-07-19 17:18:29,874 - INFO - 成功解析EFKMAT檔案，找到 2 個引用
2025-07-19 17:18:29,874 - INFO - 分析EFKMAT檔案 3/14: Dissolve_04.efkmat
2025-07-19 17:18:29,880 - INFO - 成功解析EFKMAT檔案，找到 2 個引用
2025-07-19 17:18:29,880 - INFO - 分析EFKMAT檔案 4/14: Aurora.efkmat
2025-07-19 17:18:29,902 - INFO - 成功解析EFKMAT檔案，找到 1 個引用
2025-07-19 17:18:29,902 - INFO - 分析EFKMAT檔案 5/14: Explosion_Floor.efkmat
2025-07-19 17:18:29,911 - INFO - 成功解析EFKMAT檔案，找到 2 個引用
2025-07-19 17:18:29,911 - INFO - 分析EFKMAT檔案 6/14: FocusMAsk.efkmat
2025-07-19 17:18:29,913 - WARNING - EFKMAT檔案解析完成，但未找到引用
2025-07-19 17:18:29,913 - INFO - 分析EFKMAT檔案 7/14: lightning_01_dissolve.efkmat
2025-07-19 17:18:29,927 - INFO - 成功解析EFKMAT檔案，找到 3 個引用
2025-07-19 17:18:29,927 - INFO - 分析EFKMAT檔案 8/14: Shape_flow_tail_01.efkmat
2025-07-19 17:18:29,941 - INFO - 成功解析EFKMAT檔案，找到 1 個引用
2025-07-19 17:18:29,941 - INFO - 分析EFKMAT檔案 9/14: Shape_flow_tail_01_disslove.efkmat
2025-07-19 17:18:29,957 - INFO - 成功解析EFKMAT檔案，找到 2 個引用
2025-07-19 17:18:29,957 - INFO - 分析EFKMAT檔案 10/14: Slime_Track.efkmat
2025-07-19 17:18:29,968 - INFO - 成功解析EFKMAT檔案，找到 2 個引用
2025-07-19 17:18:29,968 - INFO - 分析EFKMAT檔案 11/14: Stationmaster_ring_2.efkmat
2025-07-19 17:18:29,978 - INFO - 成功解析EFKMAT檔案，找到 1 個引用
2025-07-19 17:18:29,978 - INFO - 分析EFKMAT檔案 12/14: FocusMAsk.efkmat
2025-07-19 17:18:29,980 - WARNING - EFKMAT檔案解析完成，但未找到引用
2025-07-19 17:18:29,980 - INFO - 分析EFKMAT檔案 13/14: lightning_01.efkmat
2025-07-19 17:18:29,991 - INFO - 成功解析EFKMAT檔案，找到 2 個引用
2025-07-19 17:18:29,991 - INFO - 分析EFKMAT檔案 14/14: Shape_flow_tail_01_dissolve_h.efkmat
2025-07-19 17:18:30,005 - INFO - 成功解析EFKMAT檔案，找到 1 個引用
2025-07-19 17:18:30,005 - INFO - 分析EFKMODEL檔案 1/4: Aurora_Path.efkmodel
2025-07-19 17:18:30,060 - WARNING - EFKMODEL檔案解析完成，但未找到引用
2025-07-19 17:18:30,060 - INFO - 分析EFKMODEL檔案 2/4: Aurora_Path.efkmodel
2025-07-19 17:18:30,114 - WARNING - EFKMODEL檔案解析完成，但未找到引用
2025-07-19 17:18:30,114 - INFO - 分析EFKMODEL檔案 3/4: Aurora_Path_01.efkmodel
2025-07-19 17:18:30,147 - WARNING - EFKMODEL檔案解析完成，但未找到引用
2025-07-19 17:18:30,147 - INFO - 分析EFKMODEL檔案 4/4: Blade.efkmodel
2025-07-19 17:18:30,198 - WARNING - EFKMODEL檔案解析完成，但未找到引用
2025-07-19 17:18:30,199 - INFO - 掃描摘要 - 總檔案數: 53, 成功: 53, 失敗: 0
2025-07-19 17:18:30,199 - INFO - 掃描完成，總共解析出 47 個有效結果
