2025-07-19 16:08:58,865 - INFO - 開始掃描專案: C:\Users\User\Desktop\OceanTale\effekseer\Efk\CrazyPirateShipEarth
2025-07-19 16:08:58,865 - INFO - 找到 2 個EFK檔案, 1 個EFKMAT檔案, 2 個EFKMODEL檔案
2025-07-19 16:08:58,865 - INFO - 分析EFK檔案 1/2: Aurora.efk
2025-07-19 16:08:58,873 - INFO - 成功解析EFK檔案，找到 9 個引用
2025-07-19 16:08:58,873 - INFO - 分析EFK檔案 2/2: EarthGlow.efk
2025-07-19 16:08:58,874 - INFO - 成功解析EFK檔案，找到 5 個引用
2025-07-19 16:08:58,874 - INFO - 分析EFKMAT檔案 1/1: Aurora.efkmat
2025-07-19 16:08:58,899 - INFO - 成功解析EFKMAT檔案，找到 1 個引用
2025-07-19 16:08:58,899 - INFO - 分析EFKMODEL檔案 1/2: Aurora_Path.efkmodel
2025-07-19 16:08:58,956 - WARNING - EFKMODEL檔案解析完成，但未找到引用
2025-07-19 16:08:58,956 - INFO - 分析EFKMODEL檔案 2/2: Aurora_Path_01.efkmodel
2025-07-19 16:08:58,993 - WARNING - EFKMODEL檔案解析完成，但未找到引用
2025-07-19 16:08:58,993 - INFO - 掃描摘要 - 總檔案數: 5, 成功: 5, 失敗: 0
2025-07-19 16:08:58,993 - INFO - 掃描完成，總共解析出 3 個有效結果
2025-07-19 16:09:58,376 - INFO - 開始掃描專案: C:\Users\User\Desktop\OceanTale\effekseer\Efk
2025-07-19 16:09:58,377 - INFO - 找到 35 個EFK檔案, 14 個EFKMAT檔案, 4 個EFKMODEL檔案
2025-07-19 16:09:58,377 - INFO - 分析EFK檔案 1/35: Attack.efk
2025-07-19 16:09:58,381 - INFO - 成功解析EFK檔案，找到 8 個引用
2025-07-19 16:09:58,381 - INFO - 分析EFK檔案 2/35: Aurora.efk
2025-07-19 16:09:58,382 - INFO - 成功解析EFK檔案，找到 5 個引用
2025-07-19 16:09:58,382 - INFO - 分析EFK檔案 3/35: EarthGlow.efk
2025-07-19 16:09:58,383 - INFO - 成功解析EFK檔案，找到 3 個引用
2025-07-19 16:09:58,383 - INFO - 分析EFK檔案 4/35: Explosion.efk
2025-07-19 16:09:58,386 - INFO - 成功解析EFK檔案，找到 1 個引用
2025-07-19 16:09:58,386 - INFO - 分析EFK檔案 5/35: Aurora.efk
2025-07-19 16:09:58,391 - INFO - 成功解析EFK檔案，找到 9 個引用
2025-07-19 16:09:58,392 - INFO - 分析EFK檔案 6/35: EarthGlow.efk
2025-07-19 16:09:58,393 - INFO - 成功解析EFK檔案，找到 5 個引用
2025-07-19 16:09:58,393 - INFO - 分析EFK檔案 7/35: MantisShrimpAccumulate_1_BgFire.efk
2025-07-19 16:09:58,394 - INFO - 成功解析EFK檔案，找到 4 個引用
2025-07-19 16:09:58,395 - INFO - 分析EFK檔案 8/35: MantisShrimpAccumulate_1_EnergyBall.efk
2025-07-19 16:09:58,396 - INFO - 成功解析EFK檔案，找到 5 個引用
2025-07-19 16:09:58,397 - INFO - 分析EFK檔案 9/35: MantisShrimpAccumulate_1_EnergyLine.efk
2025-07-19 16:09:58,397 - INFO - 成功解析EFK檔案，找到 1 個引用
2025-07-19 16:09:58,398 - INFO - 分析EFK檔案 10/35: MantisShrimpAccumulate_2_BgFire.efk
2025-07-19 16:09:58,399 - INFO - 成功解析EFK檔案，找到 4 個引用
2025-07-19 16:09:58,399 - INFO - 分析EFK檔案 11/35: MantisShrimpAccumulate_2_EnergyBall.efk
2025-07-19 16:09:58,402 - INFO - 成功解析EFK檔案，找到 4 個引用
2025-07-19 16:09:58,402 - INFO - 分析EFK檔案 12/35: MantisShrimpAccumulate_2_EnergyLine.efk
2025-07-19 16:09:58,404 - INFO - 成功解析EFK檔案，找到 5 個引用
2025-07-19 16:09:58,405 - INFO - 分析EFK檔案 13/35: MantisShrimpBump.efk
2025-07-19 16:09:58,408 - INFO - 成功解析EFK檔案，找到 8 個引用
2025-07-19 16:09:58,409 - INFO - 分析EFK檔案 14/35: MantisShrimpFlash.efk
2025-07-19 16:09:58,411 - INFO - 成功解析EFK檔案，找到 8 個引用
2025-07-19 16:09:58,411 - INFO - 分析EFK檔案 15/35: MantisShrimpHit_1.efk
2025-07-19 16:09:58,414 - INFO - 成功解析EFK檔案，找到 8 個引用
2025-07-19 16:09:58,414 - INFO - 分析EFK檔案 16/35: MantisShrimpHit_2.efk
2025-07-19 16:09:58,417 - INFO - 成功解析EFK檔案，找到 5 個引用
2025-07-19 16:09:58,417 - INFO - 分析EFK檔案 17/35: MantisShrimpLight.efk
2025-07-19 16:09:58,426 - INFO - 成功解析EFK檔案，找到 1 個引用
2025-07-19 16:09:58,426 - INFO - 分析EFK檔案 18/35: MantisShrimpProvoke.efk
2025-07-19 16:09:58,427 - INFO - 成功解析EFK檔案，找到 4 個引用
2025-07-19 16:09:58,427 - INFO - 分析EFK檔案 19/35: MantisShrimpPunch_1.efk
2025-07-19 16:09:58,430 - INFO - 成功解析EFK檔案，找到 6 個引用
2025-07-19 16:09:58,430 - INFO - 分析EFK檔案 20/35: MantisShrimpRipple.efk
2025-07-19 16:09:58,431 - INFO - 成功解析EFK檔案，找到 4 個引用
2025-07-19 16:09:58,431 - INFO - 分析EFK檔案 21/35: AngryMask.efk
2025-07-19 16:09:58,432 - INFO - 成功解析EFK檔案，找到 2 個引用
2025-07-19 16:09:58,432 - INFO - 分析EFK檔案 22/35: angryMaskFast.efk
2025-07-19 16:09:58,432 - INFO - 成功解析EFK檔案，找到 2 個引用
2025-07-19 16:09:58,432 - INFO - 分析EFK檔案 23/35: angryMaskLong.efk
2025-07-19 16:09:58,432 - INFO - 成功解析EFK檔案，找到 2 個引用
2025-07-19 16:09:58,432 - INFO - 分析EFK檔案 24/35: Attack_big_1.efk
2025-07-19 16:09:58,435 - INFO - 成功解析EFK檔案，找到 5 個引用
2025-07-19 16:09:58,435 - INFO - 分析EFK檔案 25/35: Attack_big_2.efk
2025-07-19 16:09:58,437 - INFO - 成功解析EFK檔案，找到 5 個引用
2025-07-19 16:09:58,437 - INFO - 分析EFK檔案 26/35: Attack_big_3.efk
2025-07-19 16:09:58,439 - INFO - 成功解析EFK檔案，找到 5 個引用
2025-07-19 16:09:58,439 - INFO - 分析EFK檔案 27/35: Attack_big_4.efk
2025-07-19 16:09:58,441 - INFO - 成功解析EFK檔案，找到 5 個引用
2025-07-19 16:09:58,441 - INFO - 分析EFK檔案 28/35: Attack_big_5.efk
2025-07-19 16:09:58,442 - INFO - 成功解析EFK檔案，找到 5 個引用
2025-07-19 16:09:58,442 - INFO - 分析EFK檔案 29/35: Attack_big_6.efk
2025-07-19 16:09:58,444 - INFO - 成功解析EFK檔案，找到 5 個引用
2025-07-19 16:09:58,444 - INFO - 分析EFK檔案 30/35: Attack_big_full.efk
2025-07-19 16:09:58,451 - INFO - 成功解析EFK檔案，找到 1 個引用
2025-07-19 16:09:58,451 - INFO - 分析EFK檔案 31/35: Attack_small.efk
2025-07-19 16:09:58,452 - INFO - 成功解析EFK檔案，找到 5 個引用
2025-07-19 16:09:58,452 - INFO - 分析EFK檔案 32/35: Lightning.efk
2025-07-19 16:09:58,455 - INFO - 成功解析EFK檔案，找到 6 個引用
2025-07-19 16:09:58,455 - INFO - 分析EFK檔案 33/35: LightningFast.efk
2025-07-19 16:09:58,457 - INFO - 成功解析EFK檔案，找到 6 個引用
2025-07-19 16:09:58,457 - INFO - 分析EFK檔案 34/35: LightningSlow.efk
2025-07-19 16:09:58,459 - INFO - 成功解析EFK檔案，找到 6 個引用
2025-07-19 16:09:58,459 - INFO - 分析EFK檔案 35/35: WaterSkiing.efk
2025-07-19 16:09:58,460 - INFO - 成功解析EFK檔案，找到 1 個引用
2025-07-19 16:09:58,460 - INFO - 分析EFKMAT檔案 1/14: Aurora.efkmat
2025-07-19 16:09:58,481 - INFO - 成功解析EFKMAT檔案，找到 1 個引用
2025-07-19 16:09:58,481 - INFO - 分析EFKMAT檔案 2/14: cannon_dissolve_3.efkmat
2025-07-19 16:09:58,495 - INFO - 成功解析EFKMAT檔案，找到 2 個引用
2025-07-19 16:09:58,495 - INFO - 分析EFKMAT檔案 3/14: Dissolve_04.efkmat
2025-07-19 16:09:58,502 - INFO - 成功解析EFKMAT檔案，找到 2 個引用
2025-07-19 16:09:58,502 - INFO - 分析EFKMAT檔案 4/14: Aurora.efkmat
2025-07-19 16:09:58,524 - INFO - 成功解析EFKMAT檔案，找到 1 個引用
2025-07-19 16:09:58,524 - INFO - 分析EFKMAT檔案 5/14: Explosion_Floor.efkmat
2025-07-19 16:09:58,532 - INFO - 成功解析EFKMAT檔案，找到 2 個引用
2025-07-19 16:09:58,532 - INFO - 分析EFKMAT檔案 6/14: FocusMAsk.efkmat
2025-07-19 16:09:58,534 - WARNING - EFKMAT檔案解析完成，但未找到引用
2025-07-19 16:09:58,534 - INFO - 分析EFKMAT檔案 7/14: lightning_01_dissolve.efkmat
2025-07-19 16:09:58,549 - INFO - 成功解析EFKMAT檔案，找到 3 個引用
2025-07-19 16:09:58,549 - INFO - 分析EFKMAT檔案 8/14: Shape_flow_tail_01.efkmat
2025-07-19 16:09:58,561 - INFO - 成功解析EFKMAT檔案，找到 1 個引用
2025-07-19 16:09:58,561 - INFO - 分析EFKMAT檔案 9/14: Shape_flow_tail_01_disslove.efkmat
2025-07-19 16:09:58,579 - INFO - 成功解析EFKMAT檔案，找到 2 個引用
2025-07-19 16:09:58,580 - INFO - 分析EFKMAT檔案 10/14: Slime_Track.efkmat
2025-07-19 16:09:58,589 - INFO - 成功解析EFKMAT檔案，找到 2 個引用
2025-07-19 16:09:58,589 - INFO - 分析EFKMAT檔案 11/14: Stationmaster_ring_2.efkmat
2025-07-19 16:09:58,601 - INFO - 成功解析EFKMAT檔案，找到 1 個引用
2025-07-19 16:09:58,601 - INFO - 分析EFKMAT檔案 12/14: FocusMAsk.efkmat
2025-07-19 16:09:58,603 - WARNING - EFKMAT檔案解析完成，但未找到引用
2025-07-19 16:09:58,603 - INFO - 分析EFKMAT檔案 13/14: lightning_01.efkmat
2025-07-19 16:09:58,614 - INFO - 成功解析EFKMAT檔案，找到 2 個引用
2025-07-19 16:09:58,614 - INFO - 分析EFKMAT檔案 14/14: Shape_flow_tail_01_dissolve_h.efkmat
2025-07-19 16:09:58,628 - INFO - 成功解析EFKMAT檔案，找到 1 個引用
2025-07-19 16:09:58,628 - INFO - 分析EFKMODEL檔案 1/4: Aurora_Path.efkmodel
2025-07-19 16:09:58,680 - WARNING - EFKMODEL檔案解析完成，但未找到引用
2025-07-19 16:09:58,680 - INFO - 分析EFKMODEL檔案 2/4: Aurora_Path.efkmodel
2025-07-19 16:09:58,734 - WARNING - EFKMODEL檔案解析完成，但未找到引用
2025-07-19 16:09:58,734 - INFO - 分析EFKMODEL檔案 3/4: Aurora_Path_01.efkmodel
2025-07-19 16:09:58,767 - WARNING - EFKMODEL檔案解析完成，但未找到引用
2025-07-19 16:09:58,767 - INFO - 分析EFKMODEL檔案 4/4: Blade.efkmodel
2025-07-19 16:09:58,819 - WARNING - EFKMODEL檔案解析完成，但未找到引用
2025-07-19 16:09:58,821 - INFO - 掃描摘要 - 總檔案數: 53, 成功: 53, 失敗: 0
2025-07-19 16:09:58,821 - INFO - 掃描完成，總共解析出 47 個有效結果
2025-07-19 16:10:09,407 - INFO - 開始掃描專案: C:\Users\User\Desktop\OceanTale\effekseer\Efk\CrazyPirateShipEarth
2025-07-19 16:10:09,407 - INFO - 找到 2 個EFK檔案, 1 個EFKMAT檔案, 2 個EFKMODEL檔案
2025-07-19 16:10:09,407 - INFO - 分析EFK檔案 1/2: Aurora.efk
2025-07-19 16:10:09,412 - INFO - 成功解析EFK檔案，找到 9 個引用
2025-07-19 16:10:09,412 - INFO - 分析EFK檔案 2/2: EarthGlow.efk
2025-07-19 16:10:09,413 - INFO - 成功解析EFK檔案，找到 5 個引用
2025-07-19 16:10:09,414 - INFO - 分析EFKMAT檔案 1/1: Aurora.efkmat
2025-07-19 16:10:09,436 - INFO - 成功解析EFKMAT檔案，找到 1 個引用
2025-07-19 16:10:09,436 - INFO - 分析EFKMODEL檔案 1/2: Aurora_Path.efkmodel
2025-07-19 16:10:09,490 - WARNING - EFKMODEL檔案解析完成，但未找到引用
2025-07-19 16:10:09,490 - INFO - 分析EFKMODEL檔案 2/2: Aurora_Path_01.efkmodel
2025-07-19 16:10:09,522 - WARNING - EFKMODEL檔案解析完成，但未找到引用
2025-07-19 16:10:09,522 - INFO - 掃描摘要 - 總檔案數: 5, 成功: 5, 失敗: 0
2025-07-19 16:10:09,523 - INFO - 掃描完成，總共解析出 3 個有效結果
2025-07-19 16:10:10,823 - INFO - 開始掃描專案: C:\Users\User\Desktop\OceanTale\effekseer\Efk\CrazyPirateShipEarth
2025-07-19 16:10:10,823 - INFO - 找到 2 個EFK檔案, 1 個EFKMAT檔案, 2 個EFKMODEL檔案
2025-07-19 16:10:10,823 - INFO - 分析EFK檔案 1/2: Aurora.efk
2025-07-19 16:10:10,828 - INFO - 成功解析EFK檔案，找到 9 個引用
2025-07-19 16:10:10,828 - INFO - 分析EFK檔案 2/2: EarthGlow.efk
2025-07-19 16:10:10,829 - INFO - 成功解析EFK檔案，找到 5 個引用
2025-07-19 16:10:10,831 - INFO - 分析EFKMAT檔案 1/1: Aurora.efkmat
2025-07-19 16:10:10,853 - INFO - 成功解析EFKMAT檔案，找到 1 個引用
2025-07-19 16:10:10,853 - INFO - 分析EFKMODEL檔案 1/2: Aurora_Path.efkmodel
2025-07-19 16:10:10,906 - WARNING - EFKMODEL檔案解析完成，但未找到引用
2025-07-19 16:10:10,906 - INFO - 分析EFKMODEL檔案 2/2: Aurora_Path_01.efkmodel
2025-07-19 16:10:10,939 - WARNING - EFKMODEL檔案解析完成，但未找到引用
2025-07-19 16:10:10,939 - INFO - 掃描摘要 - 總檔案數: 5, 成功: 5, 失敗: 0
2025-07-19 16:10:10,939 - INFO - 掃描完成，總共解析出 3 個有效結果
2025-07-19 16:10:11,373 - INFO - 開始掃描專案: C:\Users\User\Desktop\OceanTale\effekseer\Efk\CrazyPirateShipEarth
2025-07-19 16:10:11,374 - INFO - 找到 2 個EFK檔案, 1 個EFKMAT檔案, 2 個EFKMODEL檔案
2025-07-19 16:10:11,374 - INFO - 分析EFK檔案 1/2: Aurora.efk
2025-07-19 16:10:11,378 - INFO - 成功解析EFK檔案，找到 9 個引用
2025-07-19 16:10:11,378 - INFO - 分析EFK檔案 2/2: EarthGlow.efk
2025-07-19 16:10:11,379 - INFO - 成功解析EFK檔案，找到 5 個引用
2025-07-19 16:10:11,381 - INFO - 分析EFKMAT檔案 1/1: Aurora.efkmat
2025-07-19 16:10:11,403 - INFO - 成功解析EFKMAT檔案，找到 1 個引用
2025-07-19 16:10:11,403 - INFO - 分析EFKMODEL檔案 1/2: Aurora_Path.efkmodel
2025-07-19 16:10:11,460 - WARNING - EFKMODEL檔案解析完成，但未找到引用
2025-07-19 16:10:11,460 - INFO - 分析EFKMODEL檔案 2/2: Aurora_Path_01.efkmodel
2025-07-19 16:10:11,495 - WARNING - EFKMODEL檔案解析完成，但未找到引用
2025-07-19 16:10:11,495 - INFO - 掃描摘要 - 總檔案數: 5, 成功: 5, 失敗: 0
2025-07-19 16:10:11,495 - INFO - 掃描完成，總共解析出 3 個有效結果
2025-07-19 16:10:16,519 - INFO - 開始掃描專案: C:\Users\User\Desktop\OceanTale\effekseer\Efk
2025-07-19 16:10:16,521 - INFO - 找到 35 個EFK檔案, 14 個EFKMAT檔案, 4 個EFKMODEL檔案
2025-07-19 16:10:16,521 - INFO - 分析EFK檔案 1/35: Attack.efk
2025-07-19 16:10:16,525 - INFO - 成功解析EFK檔案，找到 8 個引用
2025-07-19 16:10:16,525 - INFO - 分析EFK檔案 2/35: Aurora.efk
2025-07-19 16:10:16,527 - INFO - 成功解析EFK檔案，找到 5 個引用
2025-07-19 16:10:16,527 - INFO - 分析EFK檔案 3/35: EarthGlow.efk
2025-07-19 16:10:16,528 - INFO - 成功解析EFK檔案，找到 3 個引用
2025-07-19 16:10:16,528 - INFO - 分析EFK檔案 4/35: Explosion.efk
2025-07-19 16:10:16,530 - INFO - 成功解析EFK檔案，找到 1 個引用
2025-07-19 16:10:16,530 - INFO - 分析EFK檔案 5/35: Aurora.efk
2025-07-19 16:10:16,535 - INFO - 成功解析EFK檔案，找到 9 個引用
2025-07-19 16:10:16,535 - INFO - 分析EFK檔案 6/35: EarthGlow.efk
2025-07-19 16:10:16,537 - INFO - 成功解析EFK檔案，找到 5 個引用
2025-07-19 16:10:16,537 - INFO - 分析EFK檔案 7/35: MantisShrimpAccumulate_1_BgFire.efk
2025-07-19 16:10:16,538 - INFO - 成功解析EFK檔案，找到 4 個引用
2025-07-19 16:10:16,538 - INFO - 分析EFK檔案 8/35: MantisShrimpAccumulate_1_EnergyBall.efk
2025-07-19 16:10:16,541 - INFO - 成功解析EFK檔案，找到 5 個引用
2025-07-19 16:10:16,541 - INFO - 分析EFK檔案 9/35: MantisShrimpAccumulate_1_EnergyLine.efk
2025-07-19 16:10:16,542 - INFO - 成功解析EFK檔案，找到 1 個引用
2025-07-19 16:10:16,542 - INFO - 分析EFK檔案 10/35: MantisShrimpAccumulate_2_BgFire.efk
2025-07-19 16:10:16,544 - INFO - 成功解析EFK檔案，找到 4 個引用
2025-07-19 16:10:16,544 - INFO - 分析EFK檔案 11/35: MantisShrimpAccumulate_2_EnergyBall.efk
2025-07-19 16:10:16,545 - INFO - 成功解析EFK檔案，找到 4 個引用
2025-07-19 16:10:16,545 - INFO - 分析EFK檔案 12/35: MantisShrimpAccumulate_2_EnergyLine.efk
2025-07-19 16:10:16,549 - INFO - 成功解析EFK檔案，找到 5 個引用
2025-07-19 16:10:16,549 - INFO - 分析EFK檔案 13/35: MantisShrimpBump.efk
2025-07-19 16:10:16,552 - INFO - 成功解析EFK檔案，找到 8 個引用
2025-07-19 16:10:16,552 - INFO - 分析EFK檔案 14/35: MantisShrimpFlash.efk
2025-07-19 16:10:16,554 - INFO - 成功解析EFK檔案，找到 8 個引用
2025-07-19 16:10:16,554 - INFO - 分析EFK檔案 15/35: MantisShrimpHit_1.efk
2025-07-19 16:10:16,557 - INFO - 成功解析EFK檔案，找到 8 個引用
2025-07-19 16:10:16,557 - INFO - 分析EFK檔案 16/35: MantisShrimpHit_2.efk
2025-07-19 16:10:16,562 - INFO - 成功解析EFK檔案，找到 5 個引用
2025-07-19 16:10:16,562 - INFO - 分析EFK檔案 17/35: MantisShrimpLight.efk
2025-07-19 16:10:16,569 - INFO - 成功解析EFK檔案，找到 1 個引用
2025-07-19 16:10:16,569 - INFO - 分析EFK檔案 18/35: MantisShrimpProvoke.efk
2025-07-19 16:10:16,571 - INFO - 成功解析EFK檔案，找到 4 個引用
2025-07-19 16:10:16,571 - INFO - 分析EFK檔案 19/35: MantisShrimpPunch_1.efk
2025-07-19 16:10:16,574 - INFO - 成功解析EFK檔案，找到 6 個引用
2025-07-19 16:10:16,574 - INFO - 分析EFK檔案 20/35: MantisShrimpRipple.efk
2025-07-19 16:10:16,575 - INFO - 成功解析EFK檔案，找到 4 個引用
2025-07-19 16:10:16,575 - INFO - 分析EFK檔案 21/35: AngryMask.efk
2025-07-19 16:10:16,576 - INFO - 成功解析EFK檔案，找到 2 個引用
2025-07-19 16:10:16,576 - INFO - 分析EFK檔案 22/35: angryMaskFast.efk
2025-07-19 16:10:16,576 - INFO - 成功解析EFK檔案，找到 2 個引用
2025-07-19 16:10:16,576 - INFO - 分析EFK檔案 23/35: angryMaskLong.efk
2025-07-19 16:10:16,577 - INFO - 成功解析EFK檔案，找到 2 個引用
2025-07-19 16:10:16,577 - INFO - 分析EFK檔案 24/35: Attack_big_1.efk
2025-07-19 16:10:16,578 - INFO - 成功解析EFK檔案，找到 5 個引用
2025-07-19 16:10:16,578 - INFO - 分析EFK檔案 25/35: Attack_big_2.efk
2025-07-19 16:10:16,579 - INFO - 成功解析EFK檔案，找到 5 個引用
2025-07-19 16:10:16,579 - INFO - 分析EFK檔案 26/35: Attack_big_3.efk
2025-07-19 16:10:16,582 - INFO - 成功解析EFK檔案，找到 5 個引用
2025-07-19 16:10:16,582 - INFO - 分析EFK檔案 27/35: Attack_big_4.efk
2025-07-19 16:10:16,583 - INFO - 成功解析EFK檔案，找到 5 個引用
2025-07-19 16:10:16,583 - INFO - 分析EFK檔案 28/35: Attack_big_5.efk
2025-07-19 16:10:16,584 - INFO - 成功解析EFK檔案，找到 5 個引用
2025-07-19 16:10:16,584 - INFO - 分析EFK檔案 29/35: Attack_big_6.efk
2025-07-19 16:10:16,586 - INFO - 成功解析EFK檔案，找到 5 個引用
2025-07-19 16:10:16,586 - INFO - 分析EFK檔案 30/35: Attack_big_full.efk
2025-07-19 16:10:16,593 - INFO - 成功解析EFK檔案，找到 1 個引用
2025-07-19 16:10:16,593 - INFO - 分析EFK檔案 31/35: Attack_small.efk
2025-07-19 16:10:16,594 - INFO - 成功解析EFK檔案，找到 5 個引用
2025-07-19 16:10:16,594 - INFO - 分析EFK檔案 32/35: Lightning.efk
2025-07-19 16:10:16,596 - INFO - 成功解析EFK檔案，找到 6 個引用
2025-07-19 16:10:16,596 - INFO - 分析EFK檔案 33/35: LightningFast.efk
2025-07-19 16:10:16,599 - INFO - 成功解析EFK檔案，找到 6 個引用
2025-07-19 16:10:16,599 - INFO - 分析EFK檔案 34/35: LightningSlow.efk
2025-07-19 16:10:16,601 - INFO - 成功解析EFK檔案，找到 6 個引用
2025-07-19 16:10:16,601 - INFO - 分析EFK檔案 35/35: WaterSkiing.efk
2025-07-19 16:10:16,602 - INFO - 成功解析EFK檔案，找到 1 個引用
2025-07-19 16:10:16,602 - INFO - 分析EFKMAT檔案 1/14: Aurora.efkmat
2025-07-19 16:10:16,624 - INFO - 成功解析EFKMAT檔案，找到 1 個引用
2025-07-19 16:10:16,624 - INFO - 分析EFKMAT檔案 2/14: cannon_dissolve_3.efkmat
2025-07-19 16:10:16,638 - INFO - 成功解析EFKMAT檔案，找到 2 個引用
2025-07-19 16:10:16,638 - INFO - 分析EFKMAT檔案 3/14: Dissolve_04.efkmat
2025-07-19 16:10:16,644 - INFO - 成功解析EFKMAT檔案，找到 2 個引用
2025-07-19 16:10:16,644 - INFO - 分析EFKMAT檔案 4/14: Aurora.efkmat
2025-07-19 16:10:16,666 - INFO - 成功解析EFKMAT檔案，找到 1 個引用
2025-07-19 16:10:16,666 - INFO - 分析EFKMAT檔案 5/14: Explosion_Floor.efkmat
2025-07-19 16:10:16,675 - INFO - 成功解析EFKMAT檔案，找到 2 個引用
2025-07-19 16:10:16,675 - INFO - 分析EFKMAT檔案 6/14: FocusMAsk.efkmat
2025-07-19 16:10:16,677 - WARNING - EFKMAT檔案解析完成，但未找到引用
2025-07-19 16:10:16,677 - INFO - 分析EFKMAT檔案 7/14: lightning_01_dissolve.efkmat
2025-07-19 16:10:16,693 - INFO - 成功解析EFKMAT檔案，找到 3 個引用
2025-07-19 16:10:16,693 - INFO - 分析EFKMAT檔案 8/14: Shape_flow_tail_01.efkmat
2025-07-19 16:10:16,704 - INFO - 成功解析EFKMAT檔案，找到 1 個引用
2025-07-19 16:10:16,704 - INFO - 分析EFKMAT檔案 9/14: Shape_flow_tail_01_disslove.efkmat
2025-07-19 16:10:16,720 - INFO - 成功解析EFKMAT檔案，找到 2 個引用
2025-07-19 16:10:16,720 - INFO - 分析EFKMAT檔案 10/14: Slime_Track.efkmat
2025-07-19 16:10:16,732 - INFO - 成功解析EFKMAT檔案，找到 2 個引用
2025-07-19 16:10:16,732 - INFO - 分析EFKMAT檔案 11/14: Stationmaster_ring_2.efkmat
2025-07-19 16:10:16,744 - INFO - 成功解析EFKMAT檔案，找到 1 個引用
2025-07-19 16:10:16,744 - INFO - 分析EFKMAT檔案 12/14: FocusMAsk.efkmat
2025-07-19 16:10:16,747 - WARNING - EFKMAT檔案解析完成，但未找到引用
2025-07-19 16:10:16,747 - INFO - 分析EFKMAT檔案 13/14: lightning_01.efkmat
2025-07-19 16:10:16,757 - INFO - 成功解析EFKMAT檔案，找到 2 個引用
2025-07-19 16:10:16,757 - INFO - 分析EFKMAT檔案 14/14: Shape_flow_tail_01_dissolve_h.efkmat
2025-07-19 16:10:16,771 - INFO - 成功解析EFKMAT檔案，找到 1 個引用
2025-07-19 16:10:16,772 - INFO - 分析EFKMODEL檔案 1/4: Aurora_Path.efkmodel
2025-07-19 16:10:16,824 - WARNING - EFKMODEL檔案解析完成，但未找到引用
2025-07-19 16:10:16,824 - INFO - 分析EFKMODEL檔案 2/4: Aurora_Path.efkmodel
2025-07-19 16:10:16,878 - WARNING - EFKMODEL檔案解析完成，但未找到引用
2025-07-19 16:10:16,878 - INFO - 分析EFKMODEL檔案 3/4: Aurora_Path_01.efkmodel
2025-07-19 16:10:16,911 - WARNING - EFKMODEL檔案解析完成，但未找到引用
2025-07-19 16:10:16,911 - INFO - 分析EFKMODEL檔案 4/4: Blade.efkmodel
2025-07-19 16:10:16,965 - WARNING - EFKMODEL檔案解析完成，但未找到引用
2025-07-19 16:10:16,965 - INFO - 掃描摘要 - 總檔案數: 53, 成功: 53, 失敗: 0
2025-07-19 16:10:16,965 - INFO - 掃描完成，總共解析出 47 個有效結果
2025-07-19 16:11:10,157 - INFO - 開始掃描專案: C:\Users\User\Desktop\OceanTale\effekseer\Efk\CrazyPirateShipEarth
2025-07-19 16:11:10,157 - INFO - 找到 2 個EFK檔案, 1 個EFKMAT檔案, 2 個EFKMODEL檔案
2025-07-19 16:11:10,157 - INFO - 分析EFK檔案 1/2: Aurora.efk
2025-07-19 16:11:10,162 - INFO - 成功解析EFK檔案，找到 9 個引用
2025-07-19 16:11:10,162 - INFO - 分析EFK檔案 2/2: EarthGlow.efk
2025-07-19 16:11:10,165 - INFO - 成功解析EFK檔案，找到 5 個引用
2025-07-19 16:11:10,165 - INFO - 分析EFKMAT檔案 1/1: Aurora.efkmat
2025-07-19 16:11:10,187 - INFO - 成功解析EFKMAT檔案，找到 1 個引用
2025-07-19 16:11:10,187 - INFO - 分析EFKMODEL檔案 1/2: Aurora_Path.efkmodel
2025-07-19 16:11:10,240 - WARNING - EFKMODEL檔案解析完成，但未找到引用
2025-07-19 16:11:10,241 - INFO - 分析EFKMODEL檔案 2/2: Aurora_Path_01.efkmodel
2025-07-19 16:11:10,277 - WARNING - EFKMODEL檔案解析完成，但未找到引用
2025-07-19 16:11:10,277 - INFO - 掃描摘要 - 總檔案數: 5, 成功: 5, 失敗: 0
2025-07-19 16:11:10,277 - INFO - 掃描完成，總共解析出 3 個有效結果
2025-07-19 16:11:30,648 - INFO - 開始掃描專案: C:\Users\User\Desktop\OceanTale\effekseer\Efk
2025-07-19 16:11:30,649 - INFO - 找到 35 個EFK檔案, 14 個EFKMAT檔案, 4 個EFKMODEL檔案
2025-07-19 16:11:30,649 - INFO - 分析EFK檔案 1/35: Attack.efk
2025-07-19 16:11:30,653 - INFO - 成功解析EFK檔案，找到 8 個引用
2025-07-19 16:11:30,653 - INFO - 分析EFK檔案 2/35: Aurora.efk
2025-07-19 16:11:30,654 - INFO - 成功解析EFK檔案，找到 5 個引用
2025-07-19 16:11:30,654 - INFO - 分析EFK檔案 3/35: EarthGlow.efk
2025-07-19 16:11:30,656 - INFO - 成功解析EFK檔案，找到 3 個引用
2025-07-19 16:11:30,656 - INFO - 分析EFK檔案 4/35: Explosion.efk
2025-07-19 16:11:30,658 - INFO - 成功解析EFK檔案，找到 1 個引用
2025-07-19 16:11:30,658 - INFO - 分析EFK檔案 5/35: Aurora.efk
2025-07-19 16:11:30,664 - INFO - 成功解析EFK檔案，找到 9 個引用
2025-07-19 16:11:30,664 - INFO - 分析EFK檔案 6/35: EarthGlow.efk
2025-07-19 16:11:30,665 - INFO - 成功解析EFK檔案，找到 5 個引用
2025-07-19 16:11:30,665 - INFO - 分析EFK檔案 7/35: MantisShrimpAccumulate_1_BgFire.efk
2025-07-19 16:11:30,667 - INFO - 成功解析EFK檔案，找到 4 個引用
2025-07-19 16:11:30,667 - INFO - 分析EFK檔案 8/35: MantisShrimpAccumulate_1_EnergyBall.efk
2025-07-19 16:11:30,668 - INFO - 成功解析EFK檔案，找到 5 個引用
2025-07-19 16:11:30,668 - INFO - 分析EFK檔案 9/35: MantisShrimpAccumulate_1_EnergyLine.efk
2025-07-19 16:11:30,669 - INFO - 成功解析EFK檔案，找到 1 個引用
2025-07-19 16:11:30,669 - INFO - 分析EFK檔案 10/35: MantisShrimpAccumulate_2_BgFire.efk
2025-07-19 16:11:30,671 - INFO - 成功解析EFK檔案，找到 4 個引用
2025-07-19 16:11:30,671 - INFO - 分析EFK檔案 11/35: MantisShrimpAccumulate_2_EnergyBall.efk
2025-07-19 16:11:30,673 - INFO - 成功解析EFK檔案，找到 4 個引用
2025-07-19 16:11:30,673 - INFO - 分析EFK檔案 12/35: MantisShrimpAccumulate_2_EnergyLine.efk
2025-07-19 16:11:30,676 - INFO - 成功解析EFK檔案，找到 5 個引用
2025-07-19 16:11:30,676 - INFO - 分析EFK檔案 13/35: MantisShrimpBump.efk
2025-07-19 16:11:30,679 - INFO - 成功解析EFK檔案，找到 8 個引用
2025-07-19 16:11:30,680 - INFO - 分析EFK檔案 14/35: MantisShrimpFlash.efk
2025-07-19 16:11:30,682 - INFO - 成功解析EFK檔案，找到 8 個引用
2025-07-19 16:11:30,682 - INFO - 分析EFK檔案 15/35: MantisShrimpHit_1.efk
2025-07-19 16:11:30,686 - INFO - 成功解析EFK檔案，找到 8 個引用
2025-07-19 16:11:30,686 - INFO - 分析EFK檔案 16/35: MantisShrimpHit_2.efk
2025-07-19 16:11:30,689 - INFO - 成功解析EFK檔案，找到 5 個引用
2025-07-19 16:11:30,689 - INFO - 分析EFK檔案 17/35: MantisShrimpLight.efk
2025-07-19 16:11:30,698 - INFO - 成功解析EFK檔案，找到 1 個引用
2025-07-19 16:11:30,698 - INFO - 分析EFK檔案 18/35: MantisShrimpProvoke.efk
2025-07-19 16:11:30,699 - INFO - 成功解析EFK檔案，找到 4 個引用
2025-07-19 16:11:30,699 - INFO - 分析EFK檔案 19/35: MantisShrimpPunch_1.efk
2025-07-19 16:11:30,702 - INFO - 成功解析EFK檔案，找到 6 個引用
2025-07-19 16:11:30,702 - INFO - 分析EFK檔案 20/35: MantisShrimpRipple.efk
2025-07-19 16:11:30,703 - INFO - 成功解析EFK檔案，找到 4 個引用
2025-07-19 16:11:30,704 - INFO - 分析EFK檔案 21/35: AngryMask.efk
2025-07-19 16:11:30,704 - INFO - 成功解析EFK檔案，找到 2 個引用
2025-07-19 16:11:30,704 - INFO - 分析EFK檔案 22/35: angryMaskFast.efk
2025-07-19 16:11:30,705 - INFO - 成功解析EFK檔案，找到 2 個引用
2025-07-19 16:11:30,705 - INFO - 分析EFK檔案 23/35: angryMaskLong.efk
2025-07-19 16:11:30,705 - INFO - 成功解析EFK檔案，找到 2 個引用
2025-07-19 16:11:30,705 - INFO - 分析EFK檔案 24/35: Attack_big_1.efk
2025-07-19 16:11:30,706 - INFO - 成功解析EFK檔案，找到 5 個引用
2025-07-19 16:11:30,706 - INFO - 分析EFK檔案 25/35: Attack_big_2.efk
2025-07-19 16:11:30,709 - INFO - 成功解析EFK檔案，找到 5 個引用
2025-07-19 16:11:30,709 - INFO - 分析EFK檔案 26/35: Attack_big_3.efk
2025-07-19 16:11:30,710 - INFO - 成功解析EFK檔案，找到 5 個引用
2025-07-19 16:11:30,710 - INFO - 分析EFK檔案 27/35: Attack_big_4.efk
2025-07-19 16:11:30,711 - INFO - 成功解析EFK檔案，找到 5 個引用
2025-07-19 16:11:30,712 - INFO - 分析EFK檔案 28/35: Attack_big_5.efk
2025-07-19 16:11:30,713 - INFO - 成功解析EFK檔案，找到 5 個引用
2025-07-19 16:11:30,713 - INFO - 分析EFK檔案 29/35: Attack_big_6.efk
2025-07-19 16:11:30,714 - INFO - 成功解析EFK檔案，找到 5 個引用
2025-07-19 16:11:30,714 - INFO - 分析EFK檔案 30/35: Attack_big_full.efk
2025-07-19 16:11:30,721 - INFO - 成功解析EFK檔案，找到 1 個引用
2025-07-19 16:11:30,721 - INFO - 分析EFK檔案 31/35: Attack_small.efk
2025-07-19 16:11:30,723 - INFO - 成功解析EFK檔案，找到 5 個引用
2025-07-19 16:11:30,723 - INFO - 分析EFK檔案 32/35: Lightning.efk
2025-07-19 16:11:30,724 - INFO - 成功解析EFK檔案，找到 6 個引用
2025-07-19 16:11:30,725 - INFO - 分析EFK檔案 33/35: LightningFast.efk
2025-07-19 16:11:30,728 - INFO - 成功解析EFK檔案，找到 6 個引用
2025-07-19 16:11:30,728 - INFO - 分析EFK檔案 34/35: LightningSlow.efk
2025-07-19 16:11:30,730 - INFO - 成功解析EFK檔案，找到 6 個引用
2025-07-19 16:11:30,730 - INFO - 分析EFK檔案 35/35: WaterSkiing.efk
2025-07-19 16:11:30,731 - INFO - 成功解析EFK檔案，找到 1 個引用
2025-07-19 16:11:30,731 - INFO - 分析EFKMAT檔案 1/14: Aurora.efkmat
2025-07-19 16:11:30,752 - INFO - 成功解析EFKMAT檔案，找到 1 個引用
2025-07-19 16:11:30,752 - INFO - 分析EFKMAT檔案 2/14: cannon_dissolve_3.efkmat
2025-07-19 16:11:30,768 - INFO - 成功解析EFKMAT檔案，找到 2 個引用
2025-07-19 16:11:30,768 - INFO - 分析EFKMAT檔案 3/14: Dissolve_04.efkmat
2025-07-19 16:11:30,774 - INFO - 成功解析EFKMAT檔案，找到 2 個引用
2025-07-19 16:11:30,774 - INFO - 分析EFKMAT檔案 4/14: Aurora.efkmat
2025-07-19 16:11:30,797 - INFO - 成功解析EFKMAT檔案，找到 1 個引用
2025-07-19 16:11:30,797 - INFO - 分析EFKMAT檔案 5/14: Explosion_Floor.efkmat
2025-07-19 16:11:30,805 - INFO - 成功解析EFKMAT檔案，找到 2 個引用
2025-07-19 16:11:30,805 - INFO - 分析EFKMAT檔案 6/14: FocusMAsk.efkmat
2025-07-19 16:11:30,807 - WARNING - EFKMAT檔案解析完成，但未找到引用
2025-07-19 16:11:30,807 - INFO - 分析EFKMAT檔案 7/14: lightning_01_dissolve.efkmat
2025-07-19 16:11:30,822 - INFO - 成功解析EFKMAT檔案，找到 3 個引用
2025-07-19 16:11:30,822 - INFO - 分析EFKMAT檔案 8/14: Shape_flow_tail_01.efkmat
2025-07-19 16:11:30,835 - INFO - 成功解析EFKMAT檔案，找到 1 個引用
2025-07-19 16:11:30,835 - INFO - 分析EFKMAT檔案 9/14: Shape_flow_tail_01_disslove.efkmat
2025-07-19 16:11:30,851 - INFO - 成功解析EFKMAT檔案，找到 2 個引用
2025-07-19 16:11:30,851 - INFO - 分析EFKMAT檔案 10/14: Slime_Track.efkmat
2025-07-19 16:11:30,863 - INFO - 成功解析EFKMAT檔案，找到 2 個引用
2025-07-19 16:11:30,863 - INFO - 分析EFKMAT檔案 11/14: Stationmaster_ring_2.efkmat
2025-07-19 16:11:30,875 - INFO - 成功解析EFKMAT檔案，找到 1 個引用
2025-07-19 16:11:30,875 - INFO - 分析EFKMAT檔案 12/14: FocusMAsk.efkmat
2025-07-19 16:11:30,877 - WARNING - EFKMAT檔案解析完成，但未找到引用
2025-07-19 16:11:30,877 - INFO - 分析EFKMAT檔案 13/14: lightning_01.efkmat
2025-07-19 16:11:30,888 - INFO - 成功解析EFKMAT檔案，找到 2 個引用
2025-07-19 16:11:30,888 - INFO - 分析EFKMAT檔案 14/14: Shape_flow_tail_01_dissolve_h.efkmat
2025-07-19 16:11:30,903 - INFO - 成功解析EFKMAT檔案，找到 1 個引用
2025-07-19 16:11:30,903 - INFO - 分析EFKMODEL檔案 1/4: Aurora_Path.efkmodel
2025-07-19 16:11:30,955 - WARNING - EFKMODEL檔案解析完成，但未找到引用
2025-07-19 16:11:30,955 - INFO - 分析EFKMODEL檔案 2/4: Aurora_Path.efkmodel
2025-07-19 16:11:31,008 - WARNING - EFKMODEL檔案解析完成，但未找到引用
2025-07-19 16:11:31,008 - INFO - 分析EFKMODEL檔案 3/4: Aurora_Path_01.efkmodel
2025-07-19 16:11:31,041 - WARNING - EFKMODEL檔案解析完成，但未找到引用
2025-07-19 16:11:31,042 - INFO - 分析EFKMODEL檔案 4/4: Blade.efkmodel
2025-07-19 16:11:31,093 - WARNING - EFKMODEL檔案解析完成，但未找到引用
2025-07-19 16:11:31,093 - INFO - 掃描摘要 - 總檔案數: 53, 成功: 53, 失敗: 0
2025-07-19 16:11:31,093 - INFO - 掃描完成，總共解析出 47 個有效結果
