2025-07-19 15:07:09,188 - INFO - 開始掃描專案: C:\Users\User\Desktop\OceanTale\effekseer\Efk\CrazyPirateShip
2025-07-19 15:07:09,188 - INFO - 找到 4 個EFK檔案
2025-07-19 15:07:09,188 - INFO - 分析檔案 1/4: Attack.efk
2025-07-19 15:07:09,190 - INFO - 成功解析檔案，找到 4 個引用
2025-07-19 15:07:09,190 - INFO - 分析檔案 2/4: Aurora.efk
2025-07-19 15:07:09,190 - WARNING - 檔案解析完成，但未找到引用
2025-07-19 15:07:09,190 - INFO - 分析檔案 3/4: EarthGlow.efk
2025-07-19 15:07:09,191 - WARNING - 檔案解析完成，但未找到引用
2025-07-19 15:07:09,191 - INFO - 分析檔案 4/4: Explosion.efk
2025-07-19 15:07:09,191 - WARNING - 檔案解析完成，但未找到引用
2025-07-19 15:07:09,192 - INFO - 掃描摘要 - 總檔案數: 4, 成功: 4, 失敗: 0
2025-07-19 15:07:09,192 - INFO - 掃描完成，總共解析出 1 個有效結果
2025-07-19 15:07:16,974 - INFO - 開始掃描專案: C:\Users\User\Desktop\OceanTale\effekseer
2025-07-19 15:07:16,974 - INFO - 找到 35 個EFK檔案
2025-07-19 15:07:16,974 - INFO - 分析檔案 1/35: Attack.efk
2025-07-19 15:07:16,975 - INFO - 成功解析檔案，找到 4 個引用
2025-07-19 15:07:16,975 - INFO - 分析檔案 2/35: Aurora.efk
2025-07-19 15:07:16,975 - WARNING - 檔案解析完成，但未找到引用
2025-07-19 15:07:16,975 - INFO - 分析檔案 3/35: EarthGlow.efk
2025-07-19 15:07:16,975 - WARNING - 檔案解析完成，但未找到引用
2025-07-19 15:07:16,976 - INFO - 分析檔案 4/35: Explosion.efk
2025-07-19 15:07:16,976 - WARNING - 檔案解析完成，但未找到引用
2025-07-19 15:07:16,976 - INFO - 分析檔案 5/35: Aurora.efk
2025-07-19 15:07:16,977 - WARNING - 檔案解析完成，但未找到引用
2025-07-19 15:07:16,977 - INFO - 分析檔案 6/35: EarthGlow.efk
2025-07-19 15:07:16,979 - WARNING - 檔案解析完成，但未找到引用
2025-07-19 15:07:16,979 - INFO - 分析檔案 7/35: MantisShrimpAccumulate_1_BgFire.efk
2025-07-19 15:07:16,979 - INFO - 成功解析檔案，找到 2 個引用
2025-07-19 15:07:16,979 - INFO - 分析檔案 8/35: MantisShrimpAccumulate_1_EnergyBall.efk
2025-07-19 15:07:16,980 - INFO - 成功解析檔案，找到 3 個引用
2025-07-19 15:07:16,980 - INFO - 分析檔案 9/35: MantisShrimpAccumulate_1_EnergyLine.efk
2025-07-19 15:07:16,980 - WARNING - 檔案解析完成，但未找到引用
2025-07-19 15:07:16,980 - INFO - 分析檔案 10/35: MantisShrimpAccumulate_2_BgFire.efk
2025-07-19 15:07:16,981 - INFO - 成功解析檔案，找到 2 個引用
2025-07-19 15:07:16,981 - INFO - 分析檔案 11/35: MantisShrimpAccumulate_2_EnergyBall.efk
2025-07-19 15:07:16,981 - WARNING - 檔案解析完成，但未找到引用
2025-07-19 15:07:16,981 - INFO - 分析檔案 12/35: MantisShrimpAccumulate_2_EnergyLine.efk
2025-07-19 15:07:16,982 - INFO - 成功解析檔案，找到 3 個引用
2025-07-19 15:07:16,982 - INFO - 分析檔案 13/35: MantisShrimpBump.efk
2025-07-19 15:07:16,983 - INFO - 成功解析檔案，找到 4 個引用
2025-07-19 15:07:16,983 - INFO - 分析檔案 14/35: MantisShrimpFlash.efk
2025-07-19 15:07:16,983 - INFO - 成功解析檔案，找到 4 個引用
2025-07-19 15:07:16,983 - INFO - 分析檔案 15/35: MantisShrimpHit_1.efk
2025-07-19 15:07:16,984 - INFO - 成功解析檔案，找到 5 個引用
2025-07-19 15:07:16,984 - INFO - 分析檔案 16/35: MantisShrimpHit_2.efk
2025-07-19 15:07:16,984 - INFO - 成功解析檔案，找到 3 個引用
2025-07-19 15:07:16,984 - INFO - 分析檔案 17/35: MantisShrimpLight.efk
2025-07-19 15:07:16,986 - WARNING - 檔案解析完成，但未找到引用
2025-07-19 15:07:16,986 - INFO - 分析檔案 18/35: MantisShrimpProvoke.efk
2025-07-19 15:07:16,986 - INFO - 成功解析檔案，找到 2 個引用
2025-07-19 15:07:16,986 - INFO - 分析檔案 19/35: MantisShrimpPunch_1.efk
2025-07-19 15:07:16,987 - INFO - 成功解析檔案，找到 4 個引用
2025-07-19 15:07:16,987 - INFO - 分析檔案 20/35: MantisShrimpRipple.efk
2025-07-19 15:07:16,988 - INFO - 成功解析檔案，找到 2 個引用
2025-07-19 15:07:16,988 - INFO - 分析檔案 21/35: AngryMask.efk
2025-07-19 15:07:16,988 - WARNING - 檔案解析完成，但未找到引用
2025-07-19 15:07:16,988 - INFO - 分析檔案 22/35: angryMaskFast.efk
2025-07-19 15:07:16,989 - WARNING - 檔案解析完成，但未找到引用
2025-07-19 15:07:16,989 - INFO - 分析檔案 23/35: angryMaskLong.efk
2025-07-19 15:07:16,989 - WARNING - 檔案解析完成，但未找到引用
2025-07-19 15:07:16,989 - INFO - 分析檔案 24/35: Attack_big_1.efk
2025-07-19 15:07:16,989 - WARNING - 檔案解析完成，但未找到引用
2025-07-19 15:07:16,989 - INFO - 分析檔案 25/35: Attack_big_2.efk
2025-07-19 15:07:16,990 - WARNING - 檔案解析完成，但未找到引用
2025-07-19 15:07:16,990 - INFO - 分析檔案 26/35: Attack_big_3.efk
2025-07-19 15:07:16,990 - WARNING - 檔案解析完成，但未找到引用
2025-07-19 15:07:16,990 - INFO - 分析檔案 27/35: Attack_big_4.efk
2025-07-19 15:07:16,991 - WARNING - 檔案解析完成，但未找到引用
2025-07-19 15:07:16,991 - INFO - 分析檔案 28/35: Attack_big_5.efk
2025-07-19 15:07:16,991 - WARNING - 檔案解析完成，但未找到引用
2025-07-19 15:07:16,991 - INFO - 分析檔案 29/35: Attack_big_6.efk
2025-07-19 15:07:16,992 - WARNING - 檔案解析完成，但未找到引用
2025-07-19 15:07:16,992 - INFO - 分析檔案 30/35: Attack_big_full.efk
2025-07-19 15:07:16,993 - WARNING - 檔案解析完成，但未找到引用
2025-07-19 15:07:16,993 - INFO - 分析檔案 31/35: Attack_small.efk
2025-07-19 15:07:16,993 - WARNING - 檔案解析完成，但未找到引用
2025-07-19 15:07:16,993 - INFO - 分析檔案 32/35: Lightning.efk
2025-07-19 15:07:16,994 - INFO - 成功解析檔案，找到 4 個引用
2025-07-19 15:07:16,994 - INFO - 分析檔案 33/35: LightningFast.efk
2025-07-19 15:07:16,994 - INFO - 成功解析檔案，找到 4 個引用
2025-07-19 15:07:16,994 - INFO - 分析檔案 34/35: LightningSlow.efk
2025-07-19 15:07:16,995 - INFO - 成功解析檔案，找到 4 個引用
2025-07-19 15:07:16,995 - INFO - 分析檔案 35/35: WaterSkiing.efk
2025-07-19 15:07:16,996 - WARNING - 檔案解析完成，但未找到引用
2025-07-19 15:07:16,996 - INFO - 掃描摘要 - 總檔案數: 35, 成功: 35, 失敗: 0
2025-07-19 15:07:16,996 - INFO - 掃描完成，總共解析出 15 個有效結果
