2025-07-19 14:22:50,899 - INFO - 開始掃描專案: C:\Users\User\Desktop\OceanTale\effekseer\Efk
2025-07-19 14:22:50,899 - INFO - 找到 35 個EFK檔案
2025-07-19 14:22:50,899 - INFO - 分析檔案 1/35: Attack.efk
2025-07-19 14:22:50,900 - WARNING - 檔案解析完成，但未找到引用
2025-07-19 14:22:50,900 - INFO - 分析檔案 2/35: Aurora.efk
2025-07-19 14:22:50,900 - WARNING - 檔案解析完成，但未找到引用
2025-07-19 14:22:50,902 - INFO - 分析檔案 3/35: EarthGlow.efk
2025-07-19 14:22:50,902 - WARNING - 檔案解析完成，但未找到引用
2025-07-19 14:22:50,902 - INFO - 分析檔案 4/35: Explosion.efk
2025-07-19 14:22:50,902 - WARNING - 檔案解析完成，但未找到引用
2025-07-19 14:22:50,903 - INFO - 分析檔案 5/35: Aurora.efk
2025-07-19 14:22:50,903 - WARNING - 檔案解析完成，但未找到引用
2025-07-19 14:22:50,903 - INFO - 分析檔案 6/35: EarthGlow.efk
2025-07-19 14:22:50,904 - WARNING - 檔案解析完成，但未找到引用
2025-07-19 14:22:50,904 - INFO - 分析檔案 7/35: MantisShrimpAccumulate_1_BgFire.efk
2025-07-19 14:22:50,904 - WARNING - 檔案解析完成，但未找到引用
2025-07-19 14:22:50,904 - INFO - 分析檔案 8/35: MantisShrimpAccumulate_1_EnergyBall.efk
2025-07-19 14:22:50,904 - WARNING - 檔案解析完成，但未找到引用
2025-07-19 14:22:50,904 - INFO - 分析檔案 9/35: MantisShrimpAccumulate_1_EnergyLine.efk
2025-07-19 14:22:50,905 - WARNING - 檔案解析完成，但未找到引用
2025-07-19 14:22:50,905 - INFO - 分析檔案 10/35: MantisShrimpAccumulate_2_BgFire.efk
2025-07-19 14:22:50,905 - WARNING - 檔案解析完成，但未找到引用
2025-07-19 14:22:50,905 - INFO - 分析檔案 11/35: MantisShrimpAccumulate_2_EnergyBall.efk
2025-07-19 14:22:50,906 - WARNING - 檔案解析完成，但未找到引用
2025-07-19 14:22:50,906 - INFO - 分析檔案 12/35: MantisShrimpAccumulate_2_EnergyLine.efk
2025-07-19 14:22:50,906 - WARNING - 檔案解析完成，但未找到引用
2025-07-19 14:22:50,906 - INFO - 分析檔案 13/35: MantisShrimpBump.efk
2025-07-19 14:22:50,906 - WARNING - 檔案解析完成，但未找到引用
2025-07-19 14:22:50,906 - INFO - 分析檔案 14/35: MantisShrimpFlash.efk
2025-07-19 14:22:50,906 - WARNING - 檔案解析完成，但未找到引用
2025-07-19 14:22:50,907 - INFO - 分析檔案 15/35: MantisShrimpHit_1.efk
2025-07-19 14:22:50,907 - WARNING - 檔案解析完成，但未找到引用
2025-07-19 14:22:50,907 - INFO - 分析檔案 16/35: MantisShrimpHit_2.efk
2025-07-19 14:22:50,907 - WARNING - 檔案解析完成，但未找到引用
2025-07-19 14:22:50,907 - INFO - 分析檔案 17/35: MantisShrimpLight.efk
2025-07-19 14:22:50,908 - WARNING - 檔案解析完成，但未找到引用
2025-07-19 14:22:50,908 - INFO - 分析檔案 18/35: MantisShrimpProvoke.efk
2025-07-19 14:22:50,908 - WARNING - 檔案解析完成，但未找到引用
2025-07-19 14:22:50,909 - INFO - 分析檔案 19/35: MantisShrimpPunch_1.efk
2025-07-19 14:22:50,909 - WARNING - 檔案解析完成，但未找到引用
2025-07-19 14:22:50,909 - INFO - 分析檔案 20/35: MantisShrimpRipple.efk
2025-07-19 14:22:50,909 - WARNING - 檔案解析完成，但未找到引用
2025-07-19 14:22:50,909 - INFO - 分析檔案 21/35: AngryMask.efk
2025-07-19 14:22:50,909 - WARNING - 檔案解析完成，但未找到引用
2025-07-19 14:22:50,910 - INFO - 分析檔案 22/35: angryMaskFast.efk
2025-07-19 14:22:50,910 - WARNING - 檔案解析完成，但未找到引用
2025-07-19 14:22:50,910 - INFO - 分析檔案 23/35: angryMaskLong.efk
2025-07-19 14:22:50,910 - WARNING - 檔案解析完成，但未找到引用
2025-07-19 14:22:50,910 - INFO - 分析檔案 24/35: Attack_big_1.efk
2025-07-19 14:22:50,911 - WARNING - 檔案解析完成，但未找到引用
2025-07-19 14:22:50,911 - INFO - 分析檔案 25/35: Attack_big_2.efk
2025-07-19 14:22:50,911 - WARNING - 檔案解析完成，但未找到引用
2025-07-19 14:22:50,911 - INFO - 分析檔案 26/35: Attack_big_3.efk
2025-07-19 14:22:50,911 - WARNING - 檔案解析完成，但未找到引用
2025-07-19 14:22:50,911 - INFO - 分析檔案 27/35: Attack_big_4.efk
2025-07-19 14:22:50,911 - WARNING - 檔案解析完成，但未找到引用
2025-07-19 14:22:50,911 - INFO - 分析檔案 28/35: Attack_big_5.efk
2025-07-19 14:22:50,912 - WARNING - 檔案解析完成，但未找到引用
2025-07-19 14:22:50,912 - INFO - 分析檔案 29/35: Attack_big_6.efk
2025-07-19 14:22:50,912 - WARNING - 檔案解析完成，但未找到引用
2025-07-19 14:22:50,912 - INFO - 分析檔案 30/35: Attack_big_full.efk
2025-07-19 14:22:50,913 - WARNING - 檔案解析完成，但未找到引用
2025-07-19 14:22:50,913 - INFO - 分析檔案 31/35: Attack_small.efk
2025-07-19 14:22:50,913 - WARNING - 檔案解析完成，但未找到引用
2025-07-19 14:22:50,913 - INFO - 分析檔案 32/35: Lightning.efk
2025-07-19 14:22:50,915 - WARNING - 檔案解析完成，但未找到引用
2025-07-19 14:22:50,915 - INFO - 分析檔案 33/35: LightningFast.efk
2025-07-19 14:22:50,915 - WARNING - 檔案解析完成，但未找到引用
2025-07-19 14:22:50,915 - INFO - 分析檔案 34/35: LightningSlow.efk
2025-07-19 14:22:50,915 - WARNING - 檔案解析完成，但未找到引用
2025-07-19 14:22:50,915 - INFO - 分析檔案 35/35: WaterSkiing.efk
2025-07-19 14:22:50,915 - WARNING - 檔案解析完成，但未找到引用
2025-07-19 14:22:50,916 - INFO - 掃描摘要 - 總檔案數: 35, 成功: 35, 失敗: 0
2025-07-19 14:22:50,916 - INFO - 掃描完成，總共解析出 0 個有效結果
2025-07-19 14:52:18,603 - INFO - 開始掃描專案: C:\Users\User\Desktop\OceanTale\effekseer\Efk
2025-07-19 14:52:18,604 - INFO - 找到 35 個EFK檔案
2025-07-19 14:52:18,604 - INFO - 分析檔案 1/35: Attack.efk
2025-07-19 14:52:18,604 - WARNING - 檔案解析完成，但未找到引用
2025-07-19 14:52:18,604 - INFO - 分析檔案 2/35: Aurora.efk
2025-07-19 14:52:18,604 - WARNING - 檔案解析完成，但未找到引用
2025-07-19 14:52:18,604 - INFO - 分析檔案 3/35: EarthGlow.efk
2025-07-19 14:52:18,606 - WARNING - 檔案解析完成，但未找到引用
2025-07-19 14:52:18,606 - INFO - 分析檔案 4/35: Explosion.efk
2025-07-19 14:52:18,606 - WARNING - 檔案解析完成，但未找到引用
2025-07-19 14:52:18,606 - INFO - 分析檔案 5/35: Aurora.efk
2025-07-19 14:52:18,607 - WARNING - 檔案解析完成，但未找到引用
2025-07-19 14:52:18,607 - INFO - 分析檔案 6/35: EarthGlow.efk
2025-07-19 14:52:18,607 - WARNING - 檔案解析完成，但未找到引用
2025-07-19 14:52:18,607 - INFO - 分析檔案 7/35: MantisShrimpAccumulate_1_BgFire.efk
2025-07-19 14:52:18,608 - WARNING - 檔案解析完成，但未找到引用
2025-07-19 14:52:18,608 - INFO - 分析檔案 8/35: MantisShrimpAccumulate_1_EnergyBall.efk
2025-07-19 14:52:18,608 - WARNING - 檔案解析完成，但未找到引用
2025-07-19 14:52:18,608 - INFO - 分析檔案 9/35: MantisShrimpAccumulate_1_EnergyLine.efk
2025-07-19 14:52:18,608 - WARNING - 檔案解析完成，但未找到引用
2025-07-19 14:52:18,608 - INFO - 分析檔案 10/35: MantisShrimpAccumulate_2_BgFire.efk
2025-07-19 14:52:18,608 - WARNING - 檔案解析完成，但未找到引用
2025-07-19 14:52:18,609 - INFO - 分析檔案 11/35: MantisShrimpAccumulate_2_EnergyBall.efk
2025-07-19 14:52:18,609 - WARNING - 檔案解析完成，但未找到引用
2025-07-19 14:52:18,609 - INFO - 分析檔案 12/35: MantisShrimpAccumulate_2_EnergyLine.efk
2025-07-19 14:52:18,609 - WARNING - 檔案解析完成，但未找到引用
2025-07-19 14:52:18,609 - INFO - 分析檔案 13/35: MantisShrimpBump.efk
2025-07-19 14:52:18,610 - WARNING - 檔案解析完成，但未找到引用
2025-07-19 14:52:18,610 - INFO - 分析檔案 14/35: MantisShrimpFlash.efk
2025-07-19 14:52:18,610 - WARNING - 檔案解析完成，但未找到引用
2025-07-19 14:52:18,610 - INFO - 分析檔案 15/35: MantisShrimpHit_1.efk
2025-07-19 14:52:18,611 - WARNING - 檔案解析完成，但未找到引用
2025-07-19 14:52:18,611 - INFO - 分析檔案 16/35: MantisShrimpHit_2.efk
2025-07-19 14:52:18,611 - WARNING - 檔案解析完成，但未找到引用
2025-07-19 14:52:18,611 - INFO - 分析檔案 17/35: MantisShrimpLight.efk
2025-07-19 14:52:18,612 - WARNING - 檔案解析完成，但未找到引用
2025-07-19 14:52:18,612 - INFO - 分析檔案 18/35: MantisShrimpProvoke.efk
2025-07-19 14:52:18,612 - WARNING - 檔案解析完成，但未找到引用
2025-07-19 14:52:18,612 - INFO - 分析檔案 19/35: MantisShrimpPunch_1.efk
2025-07-19 14:52:18,612 - WARNING - 檔案解析完成，但未找到引用
2025-07-19 14:52:18,612 - INFO - 分析檔案 20/35: MantisShrimpRipple.efk
2025-07-19 14:52:18,614 - WARNING - 檔案解析完成，但未找到引用
2025-07-19 14:52:18,614 - INFO - 分析檔案 21/35: AngryMask.efk
2025-07-19 14:52:18,614 - WARNING - 檔案解析完成，但未找到引用
2025-07-19 14:52:18,614 - INFO - 分析檔案 22/35: angryMaskFast.efk
2025-07-19 14:52:18,614 - WARNING - 檔案解析完成，但未找到引用
2025-07-19 14:52:18,614 - INFO - 分析檔案 23/35: angryMaskLong.efk
2025-07-19 14:52:18,615 - WARNING - 檔案解析完成，但未找到引用
2025-07-19 14:52:18,615 - INFO - 分析檔案 24/35: Attack_big_1.efk
2025-07-19 14:52:18,615 - WARNING - 檔案解析完成，但未找到引用
2025-07-19 14:52:18,615 - INFO - 分析檔案 25/35: Attack_big_2.efk
2025-07-19 14:52:18,616 - WARNING - 檔案解析完成，但未找到引用
2025-07-19 14:52:18,616 - INFO - 分析檔案 26/35: Attack_big_3.efk
2025-07-19 14:52:18,616 - WARNING - 檔案解析完成，但未找到引用
2025-07-19 14:52:18,616 - INFO - 分析檔案 27/35: Attack_big_4.efk
2025-07-19 14:52:18,616 - WARNING - 檔案解析完成，但未找到引用
2025-07-19 14:52:18,616 - INFO - 分析檔案 28/35: Attack_big_5.efk
2025-07-19 14:52:18,617 - WARNING - 檔案解析完成，但未找到引用
2025-07-19 14:52:18,617 - INFO - 分析檔案 29/35: Attack_big_6.efk
2025-07-19 14:52:18,617 - WARNING - 檔案解析完成，但未找到引用
2025-07-19 14:52:18,617 - INFO - 分析檔案 30/35: Attack_big_full.efk
2025-07-19 14:52:18,618 - WARNING - 檔案解析完成，但未找到引用
2025-07-19 14:52:18,618 - INFO - 分析檔案 31/35: Attack_small.efk
2025-07-19 14:52:18,618 - WARNING - 檔案解析完成，但未找到引用
2025-07-19 14:52:18,618 - INFO - 分析檔案 32/35: Lightning.efk
2025-07-19 14:52:18,619 - WARNING - 檔案解析完成，但未找到引用
2025-07-19 14:52:18,619 - INFO - 分析檔案 33/35: LightningFast.efk
2025-07-19 14:52:18,619 - WARNING - 檔案解析完成，但未找到引用
2025-07-19 14:52:18,619 - INFO - 分析檔案 34/35: LightningSlow.efk
2025-07-19 14:52:18,619 - WARNING - 檔案解析完成，但未找到引用
2025-07-19 14:52:18,619 - INFO - 分析檔案 35/35: WaterSkiing.efk
2025-07-19 14:52:18,620 - WARNING - 檔案解析完成，但未找到引用
2025-07-19 14:52:18,620 - INFO - 掃描摘要 - 總檔案數: 35, 成功: 35, 失敗: 0
2025-07-19 14:52:18,620 - INFO - 掃描完成，總共解析出 0 個有效結果
