2025-07-19 15:53:18,133 - INFO - 開始掃描專案: C:\Users\User\Desktop\OceanTale\effekseer\Efk
2025-07-19 15:53:18,134 - INFO - 找到 35 個EFK檔案, 14 個EFKMAT檔案, 4 個EFKMODEL檔案
2025-07-19 15:53:18,134 - INFO - 分析EFK檔案 1/35: Attack.efk
2025-07-19 15:53:18,135 - INFO - 成功解析EFK檔案，找到 5 個引用
2025-07-19 15:53:18,135 - INFO - 分析EFK檔案 2/35: Aurora.efk
2025-07-19 15:53:18,135 - WARNING - EFK檔案解析完成，但未找到引用
2025-07-19 15:53:18,135 - INFO - 分析EFK檔案 3/35: EarthGlow.efk
2025-07-19 15:53:18,135 - WARNING - EFK檔案解析完成，但未找到引用
2025-07-19 15:53:18,137 - INFO - 分析EFK檔案 4/35: Explosion.efk
2025-07-19 15:53:18,137 - WARNING - EFK檔案解析完成，但未找到引用
2025-07-19 15:53:18,137 - INFO - 分析EFK檔案 5/35: Aurora.efk
2025-07-19 15:53:18,139 - WARNING - EFK檔案解析完成，但未找到引用
2025-07-19 15:53:18,139 - INFO - 分析EFK檔案 6/35: EarthGlow.efk
2025-07-19 15:53:18,139 - WARNING - EFK檔案解析完成，但未找到引用
2025-07-19 15:53:18,139 - INFO - 分析EFK檔案 7/35: MantisShrimpAccumulate_1_BgFire.efk
2025-07-19 15:53:18,140 - INFO - 成功解析EFK檔案，找到 3 個引用
2025-07-19 15:53:18,140 - INFO - 分析EFK檔案 8/35: MantisShrimpAccumulate_1_EnergyBall.efk
2025-07-19 15:53:18,140 - INFO - 成功解析EFK檔案，找到 4 個引用
2025-07-19 15:53:18,140 - INFO - 分析EFK檔案 9/35: MantisShrimpAccumulate_1_EnergyLine.efk
2025-07-19 15:53:18,141 - WARNING - EFK檔案解析完成，但未找到引用
2025-07-19 15:53:18,141 - INFO - 分析EFK檔案 10/35: MantisShrimpAccumulate_2_BgFire.efk
2025-07-19 15:53:18,141 - INFO - 成功解析EFK檔案，找到 3 個引用
2025-07-19 15:53:18,141 - INFO - 分析EFK檔案 11/35: MantisShrimpAccumulate_2_EnergyBall.efk
2025-07-19 15:53:18,142 - WARNING - EFK檔案解析完成，但未找到引用
2025-07-19 15:53:18,142 - INFO - 分析EFK檔案 12/35: MantisShrimpAccumulate_2_EnergyLine.efk
2025-07-19 15:53:18,142 - INFO - 成功解析EFK檔案，找到 4 個引用
2025-07-19 15:53:18,142 - INFO - 分析EFK檔案 13/35: MantisShrimpBump.efk
2025-07-19 15:53:18,144 - INFO - 成功解析EFK檔案，找到 5 個引用
2025-07-19 15:53:18,144 - INFO - 分析EFK檔案 14/35: MantisShrimpFlash.efk
2025-07-19 15:53:18,144 - INFO - 成功解析EFK檔案，找到 5 個引用
2025-07-19 15:53:18,144 - INFO - 分析EFK檔案 15/35: MantisShrimpHit_1.efk
2025-07-19 15:53:18,144 - INFO - 成功解析EFK檔案，找到 7 個引用
2025-07-19 15:53:18,144 - INFO - 分析EFK檔案 16/35: MantisShrimpHit_2.efk
2025-07-19 15:53:18,145 - INFO - 成功解析EFK檔案，找到 4 個引用
2025-07-19 15:53:18,145 - INFO - 分析EFK檔案 17/35: MantisShrimpLight.efk
2025-07-19 15:53:18,146 - WARNING - EFK檔案解析完成，但未找到引用
2025-07-19 15:53:18,146 - INFO - 分析EFK檔案 18/35: MantisShrimpProvoke.efk
2025-07-19 15:53:18,147 - INFO - 成功解析EFK檔案，找到 3 個引用
2025-07-19 15:53:18,147 - INFO - 分析EFK檔案 19/35: MantisShrimpPunch_1.efk
2025-07-19 15:53:18,147 - INFO - 成功解析EFK檔案，找到 5 個引用
2025-07-19 15:53:18,147 - INFO - 分析EFK檔案 20/35: MantisShrimpRipple.efk
2025-07-19 15:53:18,148 - INFO - 成功解析EFK檔案，找到 3 個引用
2025-07-19 15:53:18,148 - INFO - 分析EFK檔案 21/35: AngryMask.efk
2025-07-19 15:53:18,148 - WARNING - EFK檔案解析完成，但未找到引用
2025-07-19 15:53:18,149 - INFO - 分析EFK檔案 22/35: angryMaskFast.efk
2025-07-19 15:53:18,149 - WARNING - EFK檔案解析完成，但未找到引用
2025-07-19 15:53:18,149 - INFO - 分析EFK檔案 23/35: angryMaskLong.efk
2025-07-19 15:53:18,149 - WARNING - EFK檔案解析完成，但未找到引用
2025-07-19 15:53:18,149 - INFO - 分析EFK檔案 24/35: Attack_big_1.efk
2025-07-19 15:53:18,150 - WARNING - EFK檔案解析完成，但未找到引用
2025-07-19 15:53:18,150 - INFO - 分析EFK檔案 25/35: Attack_big_2.efk
2025-07-19 15:53:18,150 - WARNING - EFK檔案解析完成，但未找到引用
2025-07-19 15:53:18,150 - INFO - 分析EFK檔案 26/35: Attack_big_3.efk
2025-07-19 15:53:18,150 - WARNING - EFK檔案解析完成，但未找到引用
2025-07-19 15:53:18,150 - INFO - 分析EFK檔案 27/35: Attack_big_4.efk
2025-07-19 15:53:18,151 - WARNING - EFK檔案解析完成，但未找到引用
2025-07-19 15:53:18,151 - INFO - 分析EFK檔案 28/35: Attack_big_5.efk
2025-07-19 15:53:18,151 - WARNING - EFK檔案解析完成，但未找到引用
2025-07-19 15:53:18,151 - INFO - 分析EFK檔案 29/35: Attack_big_6.efk
2025-07-19 15:53:18,152 - WARNING - EFK檔案解析完成，但未找到引用
2025-07-19 15:53:18,152 - INFO - 分析EFK檔案 30/35: Attack_big_full.efk
2025-07-19 15:53:18,153 - WARNING - EFK檔案解析完成，但未找到引用
2025-07-19 15:53:18,153 - INFO - 分析EFK檔案 31/35: Attack_small.efk
2025-07-19 15:53:18,153 - WARNING - EFK檔案解析完成，但未找到引用
2025-07-19 15:53:18,153 - INFO - 分析EFK檔案 32/35: Lightning.efk
2025-07-19 15:53:18,154 - INFO - 成功解析EFK檔案，找到 5 個引用
2025-07-19 15:53:18,154 - INFO - 分析EFK檔案 33/35: LightningFast.efk
2025-07-19 15:53:18,154 - INFO - 成功解析EFK檔案，找到 5 個引用
2025-07-19 15:53:18,155 - INFO - 分析EFK檔案 34/35: LightningSlow.efk
2025-07-19 15:53:18,155 - INFO - 成功解析EFK檔案，找到 5 個引用
2025-07-19 15:53:18,155 - INFO - 分析EFK檔案 35/35: WaterSkiing.efk
2025-07-19 15:53:18,155 - WARNING - EFK檔案解析完成，但未找到引用
2025-07-19 15:53:18,155 - INFO - 分析EFKMAT檔案 1/14: Aurora.efkmat
2025-07-19 15:53:18,162 - INFO - 成功解析EFKMAT檔案，找到 1 個引用
2025-07-19 15:53:18,162 - INFO - 分析EFKMAT檔案 2/14: cannon_dissolve_3.efkmat
2025-07-19 15:53:18,165 - INFO - 成功解析EFKMAT檔案，找到 2 個引用
2025-07-19 15:53:18,165 - INFO - 分析EFKMAT檔案 3/14: Dissolve_04.efkmat
2025-07-19 15:53:18,167 - INFO - 成功解析EFKMAT檔案，找到 2 個引用
2025-07-19 15:53:18,167 - INFO - 分析EFKMAT檔案 4/14: Aurora.efkmat
2025-07-19 15:53:18,173 - INFO - 成功解析EFKMAT檔案，找到 1 個引用
2025-07-19 15:53:18,173 - INFO - 分析EFKMAT檔案 5/14: Explosion_Floor.efkmat
2025-07-19 15:53:18,175 - INFO - 成功解析EFKMAT檔案，找到 2 個引用
2025-07-19 15:53:18,175 - INFO - 分析EFKMAT檔案 6/14: FocusMAsk.efkmat
2025-07-19 15:53:18,176 - WARNING - EFKMAT檔案解析完成，但未找到引用
2025-07-19 15:53:18,176 - INFO - 分析EFKMAT檔案 7/14: lightning_01_dissolve.efkmat
2025-07-19 15:53:18,179 - INFO - 成功解析EFKMAT檔案，找到 3 個引用
2025-07-19 15:53:18,179 - INFO - 分析EFKMAT檔案 8/14: Shape_flow_tail_01.efkmat
2025-07-19 15:53:18,182 - INFO - 成功解析EFKMAT檔案，找到 1 個引用
2025-07-19 15:53:18,182 - INFO - 分析EFKMAT檔案 9/14: Shape_flow_tail_01_disslove.efkmat
2025-07-19 15:53:18,187 - INFO - 成功解析EFKMAT檔案，找到 2 個引用
2025-07-19 15:53:18,187 - INFO - 分析EFKMAT檔案 10/14: Slime_Track.efkmat
2025-07-19 15:53:18,189 - INFO - 成功解析EFKMAT檔案，找到 2 個引用
2025-07-19 15:53:18,189 - INFO - 分析EFKMAT檔案 11/14: Stationmaster_ring_2.efkmat
2025-07-19 15:53:18,193 - INFO - 成功解析EFKMAT檔案，找到 1 個引用
2025-07-19 15:53:18,193 - INFO - 分析EFKMAT檔案 12/14: FocusMAsk.efkmat
2025-07-19 15:53:18,194 - WARNING - EFKMAT檔案解析完成，但未找到引用
2025-07-19 15:53:18,194 - INFO - 分析EFKMAT檔案 13/14: lightning_01.efkmat
2025-07-19 15:53:18,198 - INFO - 成功解析EFKMAT檔案，找到 2 個引用
2025-07-19 15:53:18,198 - INFO - 分析EFKMAT檔案 14/14: Shape_flow_tail_01_dissolve_h.efkmat
2025-07-19 15:53:18,201 - INFO - 成功解析EFKMAT檔案，找到 1 個引用
2025-07-19 15:53:18,201 - INFO - 分析EFKMODEL檔案 1/4: Aurora_Path.efkmodel
2025-07-19 15:53:18,243 - WARNING - EFKMODEL檔案解析完成，但未找到引用
2025-07-19 15:53:18,243 - INFO - 分析EFKMODEL檔案 2/4: Aurora_Path.efkmodel
2025-07-19 15:53:18,285 - WARNING - EFKMODEL檔案解析完成，但未找到引用
2025-07-19 15:53:18,286 - INFO - 分析EFKMODEL檔案 3/4: Aurora_Path_01.efkmodel
2025-07-19 15:53:18,312 - WARNING - EFKMODEL檔案解析完成，但未找到引用
2025-07-19 15:53:18,312 - INFO - 分析EFKMODEL檔案 4/4: Blade.efkmodel
2025-07-19 15:53:18,354 - WARNING - EFKMODEL檔案解析完成，但未找到引用
2025-07-19 15:53:18,354 - INFO - 掃描摘要 - 總檔案數: 53, 成功: 53, 失敗: 0
2025-07-19 15:53:18,354 - INFO - 掃描完成，總共解析出 27 個有效結果
