2025-07-19 16:16:43,028 - INFO - 開始掃描專案: C:\Users\User\Desktop\OceanTale\effekseer\Efk
2025-07-19 16:16:43,029 - INFO - 找到 35 個EFK檔案, 14 個EFKMAT檔案, 4 個EFKMODEL檔案
2025-07-19 16:16:43,029 - INFO - 分析EFK檔案 1/35: Attack.efk
2025-07-19 16:16:43,035 - INFO - 成功解析EFK檔案，找到 8 個引用
2025-07-19 16:16:43,035 - INFO - 分析EFK檔案 2/35: Aurora.efk
2025-07-19 16:16:43,037 - INFO - 成功解析EFK檔案，找到 5 個引用
2025-07-19 16:16:43,037 - INFO - 分析EFK檔案 3/35: EarthGlow.efk
2025-07-19 16:16:43,038 - INFO - 成功解析EFK檔案，找到 3 個引用
2025-07-19 16:16:43,038 - INFO - 分析EFK檔案 4/35: Explosion.efk
2025-07-19 16:16:43,040 - INFO - 成功解析EFK檔案，找到 1 個引用
2025-07-19 16:16:43,040 - INFO - 分析EFK檔案 5/35: Aurora.efk
2025-07-19 16:16:43,046 - INFO - 成功解析EFK檔案，找到 9 個引用
2025-07-19 16:16:43,046 - INFO - 分析EFK檔案 6/35: EarthGlow.efk
2025-07-19 16:16:43,047 - INFO - 成功解析EFK檔案，找到 5 個引用
2025-07-19 16:16:43,047 - INFO - 分析EFK檔案 7/35: MantisShrimpAccumulate_1_BgFire.efk
2025-07-19 16:16:43,050 - INFO - 成功解析EFK檔案，找到 4 個引用
2025-07-19 16:16:43,050 - INFO - 分析EFK檔案 8/35: MantisShrimpAccumulate_1_EnergyBall.efk
2025-07-19 16:16:43,052 - INFO - 成功解析EFK檔案，找到 5 個引用
2025-07-19 16:16:43,052 - INFO - 分析EFK檔案 9/35: MantisShrimpAccumulate_1_EnergyLine.efk
2025-07-19 16:16:43,053 - INFO - 成功解析EFK檔案，找到 1 個引用
2025-07-19 16:16:43,053 - INFO - 分析EFK檔案 10/35: MantisShrimpAccumulate_2_BgFire.efk
2025-07-19 16:16:43,054 - INFO - 成功解析EFK檔案，找到 4 個引用
2025-07-19 16:16:43,054 - INFO - 分析EFK檔案 11/35: MantisShrimpAccumulate_2_EnergyBall.efk
2025-07-19 16:16:43,056 - INFO - 成功解析EFK檔案，找到 4 個引用
2025-07-19 16:16:43,056 - INFO - 分析EFK檔案 12/35: MantisShrimpAccumulate_2_EnergyLine.efk
2025-07-19 16:16:43,059 - INFO - 成功解析EFK檔案，找到 5 個引用
2025-07-19 16:16:43,059 - INFO - 分析EFK檔案 13/35: MantisShrimpBump.efk
2025-07-19 16:16:43,062 - INFO - 成功解析EFK檔案，找到 8 個引用
2025-07-19 16:16:43,062 - INFO - 分析EFK檔案 14/35: MantisShrimpFlash.efk
2025-07-19 16:16:43,065 - INFO - 成功解析EFK檔案，找到 8 個引用
2025-07-19 16:16:43,065 - INFO - 分析EFK檔案 15/35: MantisShrimpHit_1.efk
2025-07-19 16:16:43,068 - INFO - 成功解析EFK檔案，找到 8 個引用
2025-07-19 16:16:43,068 - INFO - 分析EFK檔案 16/35: MantisShrimpHit_2.efk
2025-07-19 16:16:43,072 - INFO - 成功解析EFK檔案，找到 5 個引用
2025-07-19 16:16:43,072 - INFO - 分析EFK檔案 17/35: MantisShrimpLight.efk
2025-07-19 16:16:43,079 - INFO - 成功解析EFK檔案，找到 1 個引用
2025-07-19 16:16:43,080 - INFO - 分析EFK檔案 18/35: MantisShrimpProvoke.efk
2025-07-19 16:16:43,081 - INFO - 成功解析EFK檔案，找到 4 個引用
2025-07-19 16:16:43,081 - INFO - 分析EFK檔案 19/35: MantisShrimpPunch_1.efk
2025-07-19 16:16:43,085 - INFO - 成功解析EFK檔案，找到 6 個引用
2025-07-19 16:16:43,085 - INFO - 分析EFK檔案 20/35: MantisShrimpRipple.efk
2025-07-19 16:16:43,086 - INFO - 成功解析EFK檔案，找到 4 個引用
2025-07-19 16:16:43,086 - INFO - 分析EFK檔案 21/35: AngryMask.efk
2025-07-19 16:16:43,086 - INFO - 成功解析EFK檔案，找到 2 個引用
2025-07-19 16:16:43,086 - INFO - 分析EFK檔案 22/35: angryMaskFast.efk
2025-07-19 16:16:43,087 - INFO - 成功解析EFK檔案，找到 2 個引用
2025-07-19 16:16:43,087 - INFO - 分析EFK檔案 23/35: angryMaskLong.efk
2025-07-19 16:16:43,088 - INFO - 成功解析EFK檔案，找到 2 個引用
2025-07-19 16:16:43,088 - INFO - 分析EFK檔案 24/35: Attack_big_1.efk
2025-07-19 16:16:43,089 - INFO - 成功解析EFK檔案，找到 5 個引用
2025-07-19 16:16:43,089 - INFO - 分析EFK檔案 25/35: Attack_big_2.efk
2025-07-19 16:16:43,091 - INFO - 成功解析EFK檔案，找到 5 個引用
2025-07-19 16:16:43,091 - INFO - 分析EFK檔案 26/35: Attack_big_3.efk
2025-07-19 16:16:43,092 - INFO - 成功解析EFK檔案，找到 5 個引用
2025-07-19 16:16:43,092 - INFO - 分析EFK檔案 27/35: Attack_big_4.efk
2025-07-19 16:16:43,094 - INFO - 成功解析EFK檔案，找到 5 個引用
2025-07-19 16:16:43,095 - INFO - 分析EFK檔案 28/35: Attack_big_5.efk
2025-07-19 16:16:43,096 - INFO - 成功解析EFK檔案，找到 5 個引用
2025-07-19 16:16:43,096 - INFO - 分析EFK檔案 29/35: Attack_big_6.efk
2025-07-19 16:16:43,097 - INFO - 成功解析EFK檔案，找到 5 個引用
2025-07-19 16:16:43,098 - INFO - 分析EFK檔案 30/35: Attack_big_full.efk
2025-07-19 16:16:43,103 - INFO - 成功解析EFK檔案，找到 1 個引用
2025-07-19 16:16:43,105 - INFO - 分析EFK檔案 31/35: Attack_small.efk
2025-07-19 16:16:43,107 - INFO - 成功解析EFK檔案，找到 5 個引用
2025-07-19 16:16:43,107 - INFO - 分析EFK檔案 32/35: Lightning.efk
2025-07-19 16:16:43,109 - INFO - 成功解析EFK檔案，找到 6 個引用
2025-07-19 16:16:43,109 - INFO - 分析EFK檔案 33/35: LightningFast.efk
2025-07-19 16:16:43,111 - INFO - 成功解析EFK檔案，找到 6 個引用
2025-07-19 16:16:43,112 - INFO - 分析EFK檔案 34/35: LightningSlow.efk
2025-07-19 16:16:43,113 - INFO - 成功解析EFK檔案，找到 6 個引用
2025-07-19 16:16:43,113 - INFO - 分析EFK檔案 35/35: WaterSkiing.efk
2025-07-19 16:16:43,115 - INFO - 成功解析EFK檔案，找到 1 個引用
2025-07-19 16:16:43,115 - INFO - 分析EFKMAT檔案 1/14: Aurora.efkmat
2025-07-19 16:16:43,137 - INFO - 成功解析EFKMAT檔案，找到 1 個引用
2025-07-19 16:16:43,137 - INFO - 分析EFKMAT檔案 2/14: cannon_dissolve_3.efkmat
2025-07-19 16:16:43,151 - INFO - 成功解析EFKMAT檔案，找到 2 個引用
2025-07-19 16:16:43,152 - INFO - 分析EFKMAT檔案 3/14: Dissolve_04.efkmat
2025-07-19 16:16:43,158 - INFO - 成功解析EFKMAT檔案，找到 2 個引用
2025-07-19 16:16:43,158 - INFO - 分析EFKMAT檔案 4/14: Aurora.efkmat
2025-07-19 16:16:43,180 - INFO - 成功解析EFKMAT檔案，找到 1 個引用
2025-07-19 16:16:43,180 - INFO - 分析EFKMAT檔案 5/14: Explosion_Floor.efkmat
2025-07-19 16:16:43,189 - INFO - 成功解析EFKMAT檔案，找到 2 個引用
2025-07-19 16:16:43,189 - INFO - 分析EFKMAT檔案 6/14: FocusMAsk.efkmat
2025-07-19 16:16:43,191 - WARNING - EFKMAT檔案解析完成，但未找到引用
2025-07-19 16:16:43,191 - INFO - 分析EFKMAT檔案 7/14: lightning_01_dissolve.efkmat
2025-07-19 16:16:43,207 - INFO - 成功解析EFKMAT檔案，找到 3 個引用
2025-07-19 16:16:43,207 - INFO - 分析EFKMAT檔案 8/14: Shape_flow_tail_01.efkmat
2025-07-19 16:16:43,219 - INFO - 成功解析EFKMAT檔案，找到 1 個引用
2025-07-19 16:16:43,219 - INFO - 分析EFKMAT檔案 9/14: Shape_flow_tail_01_disslove.efkmat
2025-07-19 16:16:43,235 - INFO - 成功解析EFKMAT檔案，找到 2 個引用
2025-07-19 16:16:43,235 - INFO - 分析EFKMAT檔案 10/14: Slime_Track.efkmat
2025-07-19 16:16:43,246 - INFO - 成功解析EFKMAT檔案，找到 2 個引用
2025-07-19 16:16:43,246 - INFO - 分析EFKMAT檔案 11/14: Stationmaster_ring_2.efkmat
2025-07-19 16:16:43,257 - INFO - 成功解析EFKMAT檔案，找到 1 個引用
2025-07-19 16:16:43,257 - INFO - 分析EFKMAT檔案 12/14: FocusMAsk.efkmat
2025-07-19 16:16:43,259 - WARNING - EFKMAT檔案解析完成，但未找到引用
2025-07-19 16:16:43,259 - INFO - 分析EFKMAT檔案 13/14: lightning_01.efkmat
2025-07-19 16:16:43,270 - INFO - 成功解析EFKMAT檔案，找到 2 個引用
2025-07-19 16:16:43,270 - INFO - 分析EFKMAT檔案 14/14: Shape_flow_tail_01_dissolve_h.efkmat
2025-07-19 16:16:43,285 - INFO - 成功解析EFKMAT檔案，找到 1 個引用
2025-07-19 16:16:43,285 - INFO - 分析EFKMODEL檔案 1/4: Aurora_Path.efkmodel
2025-07-19 16:16:43,339 - WARNING - EFKMODEL檔案解析完成，但未找到引用
2025-07-19 16:16:43,339 - INFO - 分析EFKMODEL檔案 2/4: Aurora_Path.efkmodel
2025-07-19 16:16:43,395 - WARNING - EFKMODEL檔案解析完成，但未找到引用
2025-07-19 16:16:43,395 - INFO - 分析EFKMODEL檔案 3/4: Aurora_Path_01.efkmodel
2025-07-19 16:16:43,429 - WARNING - EFKMODEL檔案解析完成，但未找到引用
2025-07-19 16:16:43,429 - INFO - 分析EFKMODEL檔案 4/4: Blade.efkmodel
2025-07-19 16:16:43,484 - WARNING - EFKMODEL檔案解析完成，但未找到引用
2025-07-19 16:16:43,485 - INFO - 掃描摘要 - 總檔案數: 53, 成功: 53, 失敗: 0
2025-07-19 16:16:43,485 - INFO - 掃描完成，總共解析出 47 個有效結果
2025-07-19 16:16:53,634 - INFO - 開始掃描專案: C:\Users\User\Desktop\OceanTale\effekseer\Efk\EfkMantisShrimp
2025-07-19 16:16:53,634 - INFO - 找到 14 個EFK檔案, 7 個EFKMAT檔案, 0 個EFKMODEL檔案
2025-07-19 16:16:53,634 - INFO - 分析EFK檔案 1/14: MantisShrimpAccumulate_1_BgFire.efk
2025-07-19 16:16:53,636 - INFO - 成功解析EFK檔案，找到 4 個引用
2025-07-19 16:16:53,636 - INFO - 分析EFK檔案 2/14: MantisShrimpAccumulate_1_EnergyBall.efk
2025-07-19 16:16:53,639 - INFO - 成功解析EFK檔案，找到 5 個引用
2025-07-19 16:16:53,639 - INFO - 分析EFK檔案 3/14: MantisShrimpAccumulate_1_EnergyLine.efk
2025-07-19 16:16:53,640 - INFO - 成功解析EFK檔案，找到 1 個引用
2025-07-19 16:16:53,640 - INFO - 分析EFK檔案 4/14: MantisShrimpAccumulate_2_BgFire.efk
2025-07-19 16:16:53,642 - INFO - 成功解析EFK檔案，找到 4 個引用
2025-07-19 16:16:53,642 - INFO - 分析EFK檔案 5/14: MantisShrimpAccumulate_2_EnergyBall.efk
2025-07-19 16:16:53,644 - INFO - 成功解析EFK檔案，找到 4 個引用
2025-07-19 16:16:53,644 - INFO - 分析EFK檔案 6/14: MantisShrimpAccumulate_2_EnergyLine.efk
2025-07-19 16:16:53,646 - INFO - 成功解析EFK檔案，找到 5 個引用
2025-07-19 16:16:53,647 - INFO - 分析EFK檔案 7/14: MantisShrimpBump.efk
2025-07-19 16:16:53,650 - INFO - 成功解析EFK檔案，找到 8 個引用
2025-07-19 16:16:53,650 - INFO - 分析EFK檔案 8/14: MantisShrimpFlash.efk
2025-07-19 16:16:53,652 - INFO - 成功解析EFK檔案，找到 8 個引用
2025-07-19 16:16:53,652 - INFO - 分析EFK檔案 9/14: MantisShrimpHit_1.efk
2025-07-19 16:16:53,655 - INFO - 成功解析EFK檔案，找到 8 個引用
2025-07-19 16:16:53,655 - INFO - 分析EFK檔案 10/14: MantisShrimpHit_2.efk
2025-07-19 16:16:53,660 - INFO - 成功解析EFK檔案，找到 5 個引用
2025-07-19 16:16:53,660 - INFO - 分析EFK檔案 11/14: MantisShrimpLight.efk
2025-07-19 16:16:53,667 - INFO - 成功解析EFK檔案，找到 1 個引用
2025-07-19 16:16:53,667 - INFO - 分析EFK檔案 12/14: MantisShrimpProvoke.efk
2025-07-19 16:16:53,668 - INFO - 成功解析EFK檔案，找到 4 個引用
2025-07-19 16:16:53,668 - INFO - 分析EFK檔案 13/14: MantisShrimpPunch_1.efk
2025-07-19 16:16:53,672 - INFO - 成功解析EFK檔案，找到 6 個引用
2025-07-19 16:16:53,672 - INFO - 分析EFK檔案 14/14: MantisShrimpRipple.efk
2025-07-19 16:16:53,672 - INFO - 成功解析EFK檔案，找到 4 個引用
2025-07-19 16:16:53,674 - INFO - 分析EFKMAT檔案 1/7: Explosion_Floor.efkmat
2025-07-19 16:16:53,681 - INFO - 成功解析EFKMAT檔案，找到 2 個引用
2025-07-19 16:16:53,681 - INFO - 分析EFKMAT檔案 2/7: FocusMAsk.efkmat
2025-07-19 16:16:53,684 - WARNING - EFKMAT檔案解析完成，但未找到引用
2025-07-19 16:16:53,684 - INFO - 分析EFKMAT檔案 3/7: lightning_01_dissolve.efkmat
2025-07-19 16:16:53,699 - INFO - 成功解析EFKMAT檔案，找到 3 個引用
2025-07-19 16:16:53,699 - INFO - 分析EFKMAT檔案 4/7: Shape_flow_tail_01.efkmat
2025-07-19 16:16:53,712 - INFO - 成功解析EFKMAT檔案，找到 1 個引用
2025-07-19 16:16:53,712 - INFO - 分析EFKMAT檔案 5/7: Shape_flow_tail_01_disslove.efkmat
2025-07-19 16:16:53,727 - INFO - 成功解析EFKMAT檔案，找到 2 個引用
2025-07-19 16:16:53,727 - INFO - 分析EFKMAT檔案 6/7: Slime_Track.efkmat
2025-07-19 16:16:53,738 - INFO - 成功解析EFKMAT檔案，找到 2 個引用
2025-07-19 16:16:53,738 - INFO - 分析EFKMAT檔案 7/7: Stationmaster_ring_2.efkmat
2025-07-19 16:16:53,750 - INFO - 成功解析EFKMAT檔案，找到 1 個引用
2025-07-19 16:16:53,750 - INFO - 掃描摘要 - 總檔案數: 21, 成功: 21, 失敗: 0
2025-07-19 16:16:53,750 - INFO - 掃描完成，總共解析出 20 個有效結果
2025-07-19 16:17:14,205 - INFO - 開始掃描專案: C:\Users\User\Desktop\OceanTale\effekseer\Efk\EfkMantisShrimp
2025-07-19 16:17:14,205 - INFO - 找到 14 個EFK檔案, 7 個EFKMAT檔案, 0 個EFKMODEL檔案
2025-07-19 16:17:14,206 - INFO - 分析EFK檔案 1/14: MantisShrimpAccumulate_1_BgFire.efk
2025-07-19 16:17:14,207 - INFO - 成功解析EFK檔案，找到 4 個引用
2025-07-19 16:17:14,207 - INFO - 分析EFK檔案 2/14: MantisShrimpAccumulate_1_EnergyBall.efk
2025-07-19 16:17:14,209 - INFO - 成功解析EFK檔案，找到 5 個引用
2025-07-19 16:17:14,209 - INFO - 分析EFK檔案 3/14: MantisShrimpAccumulate_1_EnergyLine.efk
2025-07-19 16:17:14,211 - INFO - 成功解析EFK檔案，找到 1 個引用
2025-07-19 16:17:14,211 - INFO - 分析EFK檔案 4/14: MantisShrimpAccumulate_2_BgFire.efk
2025-07-19 16:17:14,213 - INFO - 成功解析EFK檔案，找到 4 個引用
2025-07-19 16:17:14,213 - INFO - 分析EFK檔案 5/14: MantisShrimpAccumulate_2_EnergyBall.efk
2025-07-19 16:17:14,214 - INFO - 成功解析EFK檔案，找到 4 個引用
2025-07-19 16:17:14,214 - INFO - 分析EFK檔案 6/14: MantisShrimpAccumulate_2_EnergyLine.efk
2025-07-19 16:17:14,218 - INFO - 成功解析EFK檔案，找到 5 個引用
2025-07-19 16:17:14,218 - INFO - 分析EFK檔案 7/14: MantisShrimpBump.efk
2025-07-19 16:17:14,221 - INFO - 成功解析EFK檔案，找到 8 個引用
2025-07-19 16:17:14,221 - INFO - 分析EFK檔案 8/14: MantisShrimpFlash.efk
2025-07-19 16:17:14,223 - INFO - 成功解析EFK檔案，找到 8 個引用
2025-07-19 16:17:14,223 - INFO - 分析EFK檔案 9/14: MantisShrimpHit_1.efk
2025-07-19 16:17:14,226 - INFO - 成功解析EFK檔案，找到 8 個引用
2025-07-19 16:17:14,226 - INFO - 分析EFK檔案 10/14: MantisShrimpHit_2.efk
2025-07-19 16:17:14,230 - INFO - 成功解析EFK檔案，找到 5 個引用
2025-07-19 16:17:14,230 - INFO - 分析EFK檔案 11/14: MantisShrimpLight.efk
2025-07-19 16:17:14,238 - INFO - 成功解析EFK檔案，找到 1 個引用
2025-07-19 16:17:14,238 - INFO - 分析EFK檔案 12/14: MantisShrimpProvoke.efk
2025-07-19 16:17:14,239 - INFO - 成功解析EFK檔案，找到 4 個引用
2025-07-19 16:17:14,239 - INFO - 分析EFK檔案 13/14: MantisShrimpPunch_1.efk
2025-07-19 16:17:14,242 - INFO - 成功解析EFK檔案，找到 6 個引用
2025-07-19 16:17:14,242 - INFO - 分析EFK檔案 14/14: MantisShrimpRipple.efk
2025-07-19 16:17:14,244 - INFO - 成功解析EFK檔案，找到 4 個引用
2025-07-19 16:17:14,244 - INFO - 分析EFKMAT檔案 1/7: Explosion_Floor.efkmat
2025-07-19 16:17:14,252 - INFO - 成功解析EFKMAT檔案，找到 2 個引用
2025-07-19 16:17:14,252 - INFO - 分析EFKMAT檔案 2/7: FocusMAsk.efkmat
2025-07-19 16:17:14,255 - WARNING - EFKMAT檔案解析完成，但未找到引用
2025-07-19 16:17:14,255 - INFO - 分析EFKMAT檔案 3/7: lightning_01_dissolve.efkmat
2025-07-19 16:17:14,270 - INFO - 成功解析EFKMAT檔案，找到 3 個引用
2025-07-19 16:17:14,270 - INFO - 分析EFKMAT檔案 4/7: Shape_flow_tail_01.efkmat
2025-07-19 16:17:14,282 - INFO - 成功解析EFKMAT檔案，找到 1 個引用
2025-07-19 16:17:14,282 - INFO - 分析EFKMAT檔案 5/7: Shape_flow_tail_01_disslove.efkmat
2025-07-19 16:17:14,299 - INFO - 成功解析EFKMAT檔案，找到 2 個引用
2025-07-19 16:17:14,299 - INFO - 分析EFKMAT檔案 6/7: Slime_Track.efkmat
2025-07-19 16:17:14,309 - INFO - 成功解析EFKMAT檔案，找到 2 個引用
2025-07-19 16:17:14,309 - INFO - 分析EFKMAT檔案 7/7: Stationmaster_ring_2.efkmat
2025-07-19 16:17:14,321 - INFO - 成功解析EFKMAT檔案，找到 1 個引用
2025-07-19 16:17:14,321 - INFO - 掃描摘要 - 總檔案數: 21, 成功: 21, 失敗: 0
2025-07-19 16:17:14,321 - INFO - 掃描完成，總共解析出 20 個有效結果
2025-07-19 16:17:17,589 - INFO - 開始掃描專案: C:\Users\User\Desktop\OceanTale\effekseer\Efk\EfkMantisShrimp
2025-07-19 16:17:17,591 - INFO - 找到 14 個EFK檔案, 7 個EFKMAT檔案, 0 個EFKMODEL檔案
2025-07-19 16:17:17,591 - INFO - 分析EFK檔案 1/14: MantisShrimpAccumulate_1_BgFire.efk
2025-07-19 16:17:17,592 - INFO - 成功解析EFK檔案，找到 4 個引用
2025-07-19 16:17:17,592 - INFO - 分析EFK檔案 2/14: MantisShrimpAccumulate_1_EnergyBall.efk
2025-07-19 16:17:17,593 - INFO - 成功解析EFK檔案，找到 5 個引用
2025-07-19 16:17:17,595 - INFO - 分析EFK檔案 3/14: MantisShrimpAccumulate_1_EnergyLine.efk
2025-07-19 16:17:17,596 - INFO - 成功解析EFK檔案，找到 1 個引用
2025-07-19 16:17:17,596 - INFO - 分析EFK檔案 4/14: MantisShrimpAccumulate_2_BgFire.efk
2025-07-19 16:17:17,597 - INFO - 成功解析EFK檔案，找到 4 個引用
2025-07-19 16:17:17,597 - INFO - 分析EFK檔案 5/14: MantisShrimpAccumulate_2_EnergyBall.efk
2025-07-19 16:17:17,599 - INFO - 成功解析EFK檔案，找到 4 個引用
2025-07-19 16:17:17,599 - INFO - 分析EFK檔案 6/14: MantisShrimpAccumulate_2_EnergyLine.efk
2025-07-19 16:17:17,602 - INFO - 成功解析EFK檔案，找到 5 個引用
2025-07-19 16:17:17,602 - INFO - 分析EFK檔案 7/14: MantisShrimpBump.efk
2025-07-19 16:17:17,605 - INFO - 成功解析EFK檔案，找到 8 個引用
2025-07-19 16:17:17,606 - INFO - 分析EFK檔案 8/14: MantisShrimpFlash.efk
2025-07-19 16:17:17,607 - INFO - 成功解析EFK檔案，找到 8 個引用
2025-07-19 16:17:17,607 - INFO - 分析EFK檔案 9/14: MantisShrimpHit_1.efk
2025-07-19 16:17:17,611 - INFO - 成功解析EFK檔案，找到 8 個引用
2025-07-19 16:17:17,611 - INFO - 分析EFK檔案 10/14: MantisShrimpHit_2.efk
2025-07-19 16:17:17,615 - INFO - 成功解析EFK檔案，找到 5 個引用
2025-07-19 16:17:17,616 - INFO - 分析EFK檔案 11/14: MantisShrimpLight.efk
2025-07-19 16:17:17,623 - INFO - 成功解析EFK檔案，找到 1 個引用
2025-07-19 16:17:17,623 - INFO - 分析EFK檔案 12/14: MantisShrimpProvoke.efk
2025-07-19 16:17:17,624 - INFO - 成功解析EFK檔案，找到 4 個引用
2025-07-19 16:17:17,624 - INFO - 分析EFK檔案 13/14: MantisShrimpPunch_1.efk
2025-07-19 16:17:17,627 - INFO - 成功解析EFK檔案，找到 6 個引用
2025-07-19 16:17:17,627 - INFO - 分析EFK檔案 14/14: MantisShrimpRipple.efk
2025-07-19 16:17:17,628 - INFO - 成功解析EFK檔案，找到 4 個引用
2025-07-19 16:17:17,628 - INFO - 分析EFKMAT檔案 1/7: Explosion_Floor.efkmat
2025-07-19 16:17:17,638 - INFO - 成功解析EFKMAT檔案，找到 2 個引用
2025-07-19 16:17:17,638 - INFO - 分析EFKMAT檔案 2/7: FocusMAsk.efkmat
2025-07-19 16:17:17,640 - WARNING - EFKMAT檔案解析完成，但未找到引用
2025-07-19 16:17:17,640 - INFO - 分析EFKMAT檔案 3/7: lightning_01_dissolve.efkmat
2025-07-19 16:17:17,654 - INFO - 成功解析EFKMAT檔案，找到 3 個引用
2025-07-19 16:17:17,654 - INFO - 分析EFKMAT檔案 4/7: Shape_flow_tail_01.efkmat
2025-07-19 16:17:17,667 - INFO - 成功解析EFKMAT檔案，找到 1 個引用
2025-07-19 16:17:17,667 - INFO - 分析EFKMAT檔案 5/7: Shape_flow_tail_01_disslove.efkmat
2025-07-19 16:17:17,683 - INFO - 成功解析EFKMAT檔案，找到 2 個引用
2025-07-19 16:17:17,683 - INFO - 分析EFKMAT檔案 6/7: Slime_Track.efkmat
2025-07-19 16:17:17,694 - INFO - 成功解析EFKMAT檔案，找到 2 個引用
2025-07-19 16:17:17,694 - INFO - 分析EFKMAT檔案 7/7: Stationmaster_ring_2.efkmat
2025-07-19 16:17:17,705 - INFO - 成功解析EFKMAT檔案，找到 1 個引用
2025-07-19 16:17:17,705 - INFO - 掃描摘要 - 總檔案數: 21, 成功: 21, 失敗: 0
2025-07-19 16:17:17,705 - INFO - 掃描完成，總共解析出 20 個有效結果
2025-07-19 16:17:50,438 - INFO - 開始掃描專案: C:\Users\User\Desktop\OceanTale\effekseer\Efk
2025-07-19 16:17:50,439 - INFO - 找到 35 個EFK檔案, 14 個EFKMAT檔案, 4 個EFKMODEL檔案
2025-07-19 16:17:50,439 - INFO - 分析EFK檔案 1/35: Attack.efk
2025-07-19 16:17:50,442 - INFO - 成功解析EFK檔案，找到 8 個引用
2025-07-19 16:17:50,442 - INFO - 分析EFK檔案 2/35: Aurora.efk
2025-07-19 16:17:50,443 - INFO - 成功解析EFK檔案，找到 5 個引用
2025-07-19 16:17:50,443 - INFO - 分析EFK檔案 3/35: EarthGlow.efk
2025-07-19 16:17:50,445 - INFO - 成功解析EFK檔案，找到 3 個引用
2025-07-19 16:17:50,445 - INFO - 分析EFK檔案 4/35: Explosion.efk
2025-07-19 16:17:50,447 - INFO - 成功解析EFK檔案，找到 1 個引用
2025-07-19 16:17:50,447 - INFO - 分析EFK檔案 5/35: Aurora.efk
2025-07-19 16:17:50,453 - INFO - 成功解析EFK檔案，找到 9 個引用
2025-07-19 16:17:50,453 - INFO - 分析EFK檔案 6/35: EarthGlow.efk
2025-07-19 16:17:50,455 - INFO - 成功解析EFK檔案，找到 5 個引用
2025-07-19 16:17:50,455 - INFO - 分析EFK檔案 7/35: MantisShrimpAccumulate_1_BgFire.efk
2025-07-19 16:17:50,456 - INFO - 成功解析EFK檔案，找到 4 個引用
2025-07-19 16:17:50,456 - INFO - 分析EFK檔案 8/35: MantisShrimpAccumulate_1_EnergyBall.efk
2025-07-19 16:17:50,458 - INFO - 成功解析EFK檔案，找到 5 個引用
2025-07-19 16:17:50,459 - INFO - 分析EFK檔案 9/35: MantisShrimpAccumulate_1_EnergyLine.efk
2025-07-19 16:17:50,460 - INFO - 成功解析EFK檔案，找到 1 個引用
2025-07-19 16:17:50,460 - INFO - 分析EFK檔案 10/35: MantisShrimpAccumulate_2_BgFire.efk
2025-07-19 16:17:50,462 - INFO - 成功解析EFK檔案，找到 4 個引用
2025-07-19 16:17:50,462 - INFO - 分析EFK檔案 11/35: MantisShrimpAccumulate_2_EnergyBall.efk
2025-07-19 16:17:50,464 - INFO - 成功解析EFK檔案，找到 4 個引用
2025-07-19 16:17:50,464 - INFO - 分析EFK檔案 12/35: MantisShrimpAccumulate_2_EnergyLine.efk
2025-07-19 16:17:50,467 - INFO - 成功解析EFK檔案，找到 5 個引用
2025-07-19 16:17:50,467 - INFO - 分析EFK檔案 13/35: MantisShrimpBump.efk
2025-07-19 16:17:50,471 - INFO - 成功解析EFK檔案，找到 8 個引用
2025-07-19 16:17:50,471 - INFO - 分析EFK檔案 14/35: MantisShrimpFlash.efk
2025-07-19 16:17:50,473 - INFO - 成功解析EFK檔案，找到 8 個引用
2025-07-19 16:17:50,473 - INFO - 分析EFK檔案 15/35: MantisShrimpHit_1.efk
2025-07-19 16:17:50,476 - INFO - 成功解析EFK檔案，找到 8 個引用
2025-07-19 16:17:50,477 - INFO - 分析EFK檔案 16/35: MantisShrimpHit_2.efk
2025-07-19 16:17:50,480 - INFO - 成功解析EFK檔案，找到 5 個引用
2025-07-19 16:17:50,480 - INFO - 分析EFK檔案 17/35: MantisShrimpLight.efk
2025-07-19 16:17:50,488 - INFO - 成功解析EFK檔案，找到 1 個引用
2025-07-19 16:17:50,488 - INFO - 分析EFK檔案 18/35: MantisShrimpProvoke.efk
2025-07-19 16:17:50,489 - INFO - 成功解析EFK檔案，找到 4 個引用
2025-07-19 16:17:50,489 - INFO - 分析EFK檔案 19/35: MantisShrimpPunch_1.efk
2025-07-19 16:17:50,493 - INFO - 成功解析EFK檔案，找到 6 個引用
2025-07-19 16:17:50,493 - INFO - 分析EFK檔案 20/35: MantisShrimpRipple.efk
2025-07-19 16:17:50,494 - INFO - 成功解析EFK檔案，找到 4 個引用
2025-07-19 16:17:50,494 - INFO - 分析EFK檔案 21/35: AngryMask.efk
2025-07-19 16:17:50,494 - INFO - 成功解析EFK檔案，找到 2 個引用
2025-07-19 16:17:50,494 - INFO - 分析EFK檔案 22/35: angryMaskFast.efk
2025-07-19 16:17:50,496 - INFO - 成功解析EFK檔案，找到 2 個引用
2025-07-19 16:17:50,496 - INFO - 分析EFK檔案 23/35: angryMaskLong.efk
2025-07-19 16:17:50,496 - INFO - 成功解析EFK檔案，找到 2 個引用
2025-07-19 16:17:50,496 - INFO - 分析EFK檔案 24/35: Attack_big_1.efk
2025-07-19 16:17:50,498 - INFO - 成功解析EFK檔案，找到 5 個引用
2025-07-19 16:17:50,498 - INFO - 分析EFK檔案 25/35: Attack_big_2.efk
2025-07-19 16:17:50,499 - INFO - 成功解析EFK檔案，找到 5 個引用
2025-07-19 16:17:50,499 - INFO - 分析EFK檔案 26/35: Attack_big_3.efk
2025-07-19 16:17:50,500 - INFO - 成功解析EFK檔案，找到 5 個引用
2025-07-19 16:17:50,500 - INFO - 分析EFK檔案 27/35: Attack_big_4.efk
2025-07-19 16:17:50,502 - INFO - 成功解析EFK檔案，找到 5 個引用
2025-07-19 16:17:50,502 - INFO - 分析EFK檔案 28/35: Attack_big_5.efk
2025-07-19 16:17:50,503 - INFO - 成功解析EFK檔案，找到 5 個引用
2025-07-19 16:17:50,503 - INFO - 分析EFK檔案 29/35: Attack_big_6.efk
2025-07-19 16:17:50,505 - INFO - 成功解析EFK檔案，找到 5 個引用
2025-07-19 16:17:50,505 - INFO - 分析EFK檔案 30/35: Attack_big_full.efk
2025-07-19 16:17:50,512 - INFO - 成功解析EFK檔案，找到 1 個引用
2025-07-19 16:17:50,512 - INFO - 分析EFK檔案 31/35: Attack_small.efk
2025-07-19 16:17:50,514 - INFO - 成功解析EFK檔案，找到 5 個引用
2025-07-19 16:17:50,514 - INFO - 分析EFK檔案 32/35: Lightning.efk
2025-07-19 16:17:50,516 - INFO - 成功解析EFK檔案，找到 6 個引用
2025-07-19 16:17:50,516 - INFO - 分析EFK檔案 33/35: LightningFast.efk
2025-07-19 16:17:50,518 - INFO - 成功解析EFK檔案，找到 6 個引用
2025-07-19 16:17:50,518 - INFO - 分析EFK檔案 34/35: LightningSlow.efk
2025-07-19 16:17:50,521 - INFO - 成功解析EFK檔案，找到 6 個引用
2025-07-19 16:17:50,521 - INFO - 分析EFK檔案 35/35: WaterSkiing.efk
2025-07-19 16:17:50,522 - INFO - 成功解析EFK檔案，找到 1 個引用
2025-07-19 16:17:50,522 - INFO - 分析EFKMAT檔案 1/14: Aurora.efkmat
2025-07-19 16:17:50,543 - INFO - 成功解析EFKMAT檔案，找到 1 個引用
2025-07-19 16:17:50,543 - INFO - 分析EFKMAT檔案 2/14: cannon_dissolve_3.efkmat
2025-07-19 16:17:50,558 - INFO - 成功解析EFKMAT檔案，找到 2 個引用
2025-07-19 16:17:50,558 - INFO - 分析EFKMAT檔案 3/14: Dissolve_04.efkmat
2025-07-19 16:17:50,564 - INFO - 成功解析EFKMAT檔案，找到 2 個引用
2025-07-19 16:17:50,564 - INFO - 分析EFKMAT檔案 4/14: Aurora.efkmat
2025-07-19 16:17:50,587 - INFO - 成功解析EFKMAT檔案，找到 1 個引用
2025-07-19 16:17:50,587 - INFO - 分析EFKMAT檔案 5/14: Explosion_Floor.efkmat
2025-07-19 16:17:50,595 - INFO - 成功解析EFKMAT檔案，找到 2 個引用
2025-07-19 16:17:50,595 - INFO - 分析EFKMAT檔案 6/14: FocusMAsk.efkmat
2025-07-19 16:17:50,597 - WARNING - EFKMAT檔案解析完成，但未找到引用
2025-07-19 16:17:50,597 - INFO - 分析EFKMAT檔案 7/14: lightning_01_dissolve.efkmat
2025-07-19 16:17:50,612 - INFO - 成功解析EFKMAT檔案，找到 3 個引用
2025-07-19 16:17:50,613 - INFO - 分析EFKMAT檔案 8/14: Shape_flow_tail_01.efkmat
2025-07-19 16:17:50,624 - INFO - 成功解析EFKMAT檔案，找到 1 個引用
2025-07-19 16:17:50,624 - INFO - 分析EFKMAT檔案 9/14: Shape_flow_tail_01_disslove.efkmat
2025-07-19 16:17:50,641 - INFO - 成功解析EFKMAT檔案，找到 2 個引用
2025-07-19 16:17:50,641 - INFO - 分析EFKMAT檔案 10/14: Slime_Track.efkmat
2025-07-19 16:17:50,653 - INFO - 成功解析EFKMAT檔案，找到 2 個引用
2025-07-19 16:17:50,653 - INFO - 分析EFKMAT檔案 11/14: Stationmaster_ring_2.efkmat
2025-07-19 16:17:50,663 - INFO - 成功解析EFKMAT檔案，找到 1 個引用
2025-07-19 16:17:50,663 - INFO - 分析EFKMAT檔案 12/14: FocusMAsk.efkmat
2025-07-19 16:17:50,666 - WARNING - EFKMAT檔案解析完成，但未找到引用
2025-07-19 16:17:50,666 - INFO - 分析EFKMAT檔案 13/14: lightning_01.efkmat
2025-07-19 16:17:50,677 - INFO - 成功解析EFKMAT檔案，找到 2 個引用
2025-07-19 16:17:50,677 - INFO - 分析EFKMAT檔案 14/14: Shape_flow_tail_01_dissolve_h.efkmat
2025-07-19 16:17:50,691 - INFO - 成功解析EFKMAT檔案，找到 1 個引用
2025-07-19 16:17:50,691 - INFO - 分析EFKMODEL檔案 1/4: Aurora_Path.efkmodel
2025-07-19 16:17:50,743 - WARNING - EFKMODEL檔案解析完成，但未找到引用
2025-07-19 16:17:50,743 - INFO - 分析EFKMODEL檔案 2/4: Aurora_Path.efkmodel
2025-07-19 16:17:50,797 - WARNING - EFKMODEL檔案解析完成，但未找到引用
2025-07-19 16:17:50,797 - INFO - 分析EFKMODEL檔案 3/4: Aurora_Path_01.efkmodel
2025-07-19 16:17:50,831 - WARNING - EFKMODEL檔案解析完成，但未找到引用
2025-07-19 16:17:50,831 - INFO - 分析EFKMODEL檔案 4/4: Blade.efkmodel
2025-07-19 16:17:50,883 - WARNING - EFKMODEL檔案解析完成，但未找到引用
2025-07-19 16:17:50,883 - INFO - 掃描摘要 - 總檔案數: 53, 成功: 53, 失敗: 0
2025-07-19 16:17:50,883 - INFO - 掃描完成，總共解析出 47 個有效結果
