2025-07-19 16:07:27,515 - INFO - 開始掃描專案: C:\Users\User\Desktop\OceanTale\effekseer\Efk\CrazyPirateShip
2025-07-19 16:07:27,515 - INFO - 找到 4 個EFK檔案, 3 個EFKMAT檔案, 1 個EFKMODEL檔案
2025-07-19 16:07:27,515 - INFO - 分析EFK檔案 1/4: Attack.efk
2025-07-19 16:07:27,521 - INFO - 成功解析EFK檔案，找到 8 個引用
2025-07-19 16:07:27,521 - INFO - 分析EFK檔案 2/4: Aurora.efk
2025-07-19 16:07:27,523 - INFO - 成功解析EFK檔案，找到 5 個引用
2025-07-19 16:07:27,523 - INFO - 分析EFK檔案 3/4: EarthGlow.efk
2025-07-19 16:07:27,524 - INFO - 成功解析EFK檔案，找到 3 個引用
2025-07-19 16:07:27,524 - INFO - 分析EFK檔案 4/4: Explosion.efk
2025-07-19 16:07:27,527 - INFO - 成功解析EFK檔案，找到 1 個引用
2025-07-19 16:07:27,527 - INFO - 分析EFKMAT檔案 1/3: Aurora.efkmat
2025-07-19 16:07:27,548 - INFO - 成功解析EFKMAT檔案，找到 1 個引用
2025-07-19 16:07:27,548 - INFO - 分析EFKMAT檔案 2/3: cannon_dissolve_3.efkmat
2025-07-19 16:07:27,563 - INFO - 成功解析EFKMAT檔案，找到 2 個引用
2025-07-19 16:07:27,563 - INFO - 分析EFKMAT檔案 3/3: Dissolve_04.efkmat
2025-07-19 16:07:27,569 - INFO - 成功解析EFKMAT檔案，找到 2 個引用
2025-07-19 16:07:27,569 - INFO - 分析EFKMODEL檔案 1/1: Aurora_Path.efkmodel
2025-07-19 16:07:27,625 - WARNING - EFKMODEL檔案解析完成，但未找到引用
2025-07-19 16:07:27,625 - INFO - 掃描摘要 - 總檔案數: 8, 成功: 8, 失敗: 0
2025-07-19 16:07:27,625 - INFO - 掃描完成，總共解析出 7 個有效結果
2025-07-19 16:07:27,626 - INFO - 開始掃描專案: C:\Users\User\Desktop\OceanTale\effekseer\Efk
2025-07-19 16:07:27,627 - INFO - 找到 35 個EFK檔案, 14 個EFKMAT檔案, 4 個EFKMODEL檔案
2025-07-19 16:07:27,627 - INFO - 分析EFK檔案 1/35: Attack.efk
2025-07-19 16:07:27,630 - INFO - 成功解析EFK檔案，找到 8 個引用
2025-07-19 16:07:27,630 - INFO - 分析EFK檔案 2/35: Aurora.efk
2025-07-19 16:07:27,631 - INFO - 成功解析EFK檔案，找到 5 個引用
2025-07-19 16:07:27,631 - INFO - 分析EFK檔案 3/35: EarthGlow.efk
2025-07-19 16:07:27,633 - INFO - 成功解析EFK檔案，找到 3 個引用
2025-07-19 16:07:27,633 - INFO - 分析EFK檔案 4/35: Explosion.efk
2025-07-19 16:07:27,635 - INFO - 成功解析EFK檔案，找到 1 個引用
2025-07-19 16:07:27,635 - INFO - 分析EFK檔案 5/35: Aurora.efk
2025-07-19 16:07:27,641 - INFO - 成功解析EFK檔案，找到 9 個引用
2025-07-19 16:07:27,641 - INFO - 分析EFK檔案 6/35: EarthGlow.efk
2025-07-19 16:07:27,643 - INFO - 成功解析EFK檔案，找到 5 個引用
2025-07-19 16:07:27,643 - INFO - 分析EFK檔案 7/35: MantisShrimpAccumulate_1_BgFire.efk
2025-07-19 16:07:27,644 - INFO - 成功解析EFK檔案，找到 4 個引用
2025-07-19 16:07:27,644 - INFO - 分析EFK檔案 8/35: MantisShrimpAccumulate_1_EnergyBall.efk
2025-07-19 16:07:27,647 - INFO - 成功解析EFK檔案，找到 5 個引用
2025-07-19 16:07:27,647 - INFO - 分析EFK檔案 9/35: MantisShrimpAccumulate_1_EnergyLine.efk
2025-07-19 16:07:27,648 - INFO - 成功解析EFK檔案，找到 1 個引用
2025-07-19 16:07:27,648 - INFO - 分析EFK檔案 10/35: MantisShrimpAccumulate_2_BgFire.efk
2025-07-19 16:07:27,650 - INFO - 成功解析EFK檔案，找到 4 個引用
2025-07-19 16:07:27,650 - INFO - 分析EFK檔案 11/35: MantisShrimpAccumulate_2_EnergyBall.efk
2025-07-19 16:07:27,651 - INFO - 成功解析EFK檔案，找到 4 個引用
2025-07-19 16:07:27,651 - INFO - 分析EFK檔案 12/35: MantisShrimpAccumulate_2_EnergyLine.efk
2025-07-19 16:07:27,654 - INFO - 成功解析EFK檔案，找到 5 個引用
2025-07-19 16:07:27,655 - INFO - 分析EFK檔案 13/35: MantisShrimpBump.efk
2025-07-19 16:07:27,658 - INFO - 成功解析EFK檔案，找到 8 個引用
2025-07-19 16:07:27,658 - INFO - 分析EFK檔案 14/35: MantisShrimpFlash.efk
2025-07-19 16:07:27,660 - INFO - 成功解析EFK檔案，找到 8 個引用
2025-07-19 16:07:27,660 - INFO - 分析EFK檔案 15/35: MantisShrimpHit_1.efk
2025-07-19 16:07:27,663 - INFO - 成功解析EFK檔案，找到 8 個引用
2025-07-19 16:07:27,663 - INFO - 分析EFK檔案 16/35: MantisShrimpHit_2.efk
2025-07-19 16:07:27,668 - INFO - 成功解析EFK檔案，找到 5 個引用
2025-07-19 16:07:27,668 - INFO - 分析EFK檔案 17/35: MantisShrimpLight.efk
2025-07-19 16:07:27,676 - INFO - 成功解析EFK檔案，找到 1 個引用
2025-07-19 16:07:27,676 - INFO - 分析EFK檔案 18/35: MantisShrimpProvoke.efk
2025-07-19 16:07:27,677 - INFO - 成功解析EFK檔案，找到 4 個引用
2025-07-19 16:07:27,677 - INFO - 分析EFK檔案 19/35: MantisShrimpPunch_1.efk
2025-07-19 16:07:27,680 - INFO - 成功解析EFK檔案，找到 6 個引用
2025-07-19 16:07:27,680 - INFO - 分析EFK檔案 20/35: MantisShrimpRipple.efk
2025-07-19 16:07:27,681 - INFO - 成功解析EFK檔案，找到 4 個引用
2025-07-19 16:07:27,681 - INFO - 分析EFK檔案 21/35: AngryMask.efk
2025-07-19 16:07:27,682 - INFO - 成功解析EFK檔案，找到 2 個引用
2025-07-19 16:07:27,682 - INFO - 分析EFK檔案 22/35: angryMaskFast.efk
2025-07-19 16:07:27,682 - INFO - 成功解析EFK檔案，找到 2 個引用
2025-07-19 16:07:27,682 - INFO - 分析EFK檔案 23/35: angryMaskLong.efk
2025-07-19 16:07:27,682 - INFO - 成功解析EFK檔案，找到 2 個引用
2025-07-19 16:07:27,684 - INFO - 分析EFK檔案 24/35: Attack_big_1.efk
2025-07-19 16:07:27,684 - INFO - 成功解析EFK檔案，找到 5 個引用
2025-07-19 16:07:27,685 - INFO - 分析EFK檔案 25/35: Attack_big_2.efk
2025-07-19 16:07:27,686 - INFO - 成功解析EFK檔案，找到 5 個引用
2025-07-19 16:07:27,686 - INFO - 分析EFK檔案 26/35: Attack_big_3.efk
2025-07-19 16:07:27,688 - INFO - 成功解析EFK檔案，找到 5 個引用
2025-07-19 16:07:27,688 - INFO - 分析EFK檔案 27/35: Attack_big_4.efk
2025-07-19 16:07:27,689 - INFO - 成功解析EFK檔案，找到 5 個引用
2025-07-19 16:07:27,690 - INFO - 分析EFK檔案 28/35: Attack_big_5.efk
2025-07-19 16:07:27,690 - INFO - 成功解析EFK檔案，找到 5 個引用
2025-07-19 16:07:27,691 - INFO - 分析EFK檔案 29/35: Attack_big_6.efk
2025-07-19 16:07:27,692 - INFO - 成功解析EFK檔案，找到 5 個引用
2025-07-19 16:07:27,692 - INFO - 分析EFK檔案 30/35: Attack_big_full.efk
2025-07-19 16:07:27,699 - INFO - 成功解析EFK檔案，找到 1 個引用
2025-07-19 16:07:27,699 - INFO - 分析EFK檔案 31/35: Attack_small.efk
2025-07-19 16:07:27,701 - INFO - 成功解析EFK檔案，找到 5 個引用
2025-07-19 16:07:27,701 - INFO - 分析EFK檔案 32/35: Lightning.efk
2025-07-19 16:07:27,703 - INFO - 成功解析EFK檔案，找到 6 個引用
2025-07-19 16:07:27,703 - INFO - 分析EFK檔案 33/35: LightningFast.efk
2025-07-19 16:07:27,705 - INFO - 成功解析EFK檔案，找到 6 個引用
2025-07-19 16:07:27,705 - INFO - 分析EFK檔案 34/35: LightningSlow.efk
2025-07-19 16:07:27,708 - INFO - 成功解析EFK檔案，找到 6 個引用
2025-07-19 16:07:27,708 - INFO - 分析EFK檔案 35/35: WaterSkiing.efk
2025-07-19 16:07:27,708 - INFO - 成功解析EFK檔案，找到 1 個引用
2025-07-19 16:07:27,709 - INFO - 分析EFKMAT檔案 1/14: Aurora.efkmat
2025-07-19 16:07:27,729 - INFO - 成功解析EFKMAT檔案，找到 1 個引用
2025-07-19 16:07:27,729 - INFO - 分析EFKMAT檔案 2/14: cannon_dissolve_3.efkmat
2025-07-19 16:07:27,743 - INFO - 成功解析EFKMAT檔案，找到 2 個引用
2025-07-19 16:07:27,743 - INFO - 分析EFKMAT檔案 3/14: Dissolve_04.efkmat
2025-07-19 16:07:27,751 - INFO - 成功解析EFKMAT檔案，找到 2 個引用
2025-07-19 16:07:27,751 - INFO - 分析EFKMAT檔案 4/14: Aurora.efkmat
2025-07-19 16:07:27,773 - INFO - 成功解析EFKMAT檔案，找到 1 個引用
2025-07-19 16:07:27,773 - INFO - 分析EFKMAT檔案 5/14: Explosion_Floor.efkmat
2025-07-19 16:07:27,782 - INFO - 成功解析EFKMAT檔案，找到 2 個引用
2025-07-19 16:07:27,782 - INFO - 分析EFKMAT檔案 6/14: FocusMAsk.efkmat
2025-07-19 16:07:27,784 - WARNING - EFKMAT檔案解析完成，但未找到引用
2025-07-19 16:07:27,784 - INFO - 分析EFKMAT檔案 7/14: lightning_01_dissolve.efkmat
2025-07-19 16:07:27,801 - INFO - 成功解析EFKMAT檔案，找到 3 個引用
2025-07-19 16:07:27,801 - INFO - 分析EFKMAT檔案 8/14: Shape_flow_tail_01.efkmat
2025-07-19 16:07:27,814 - INFO - 成功解析EFKMAT檔案，找到 1 個引用
2025-07-19 16:07:27,814 - INFO - 分析EFKMAT檔案 9/14: Shape_flow_tail_01_disslove.efkmat
2025-07-19 16:07:27,830 - INFO - 成功解析EFKMAT檔案，找到 2 個引用
2025-07-19 16:07:27,831 - INFO - 分析EFKMAT檔案 10/14: Slime_Track.efkmat
2025-07-19 16:07:27,842 - INFO - 成功解析EFKMAT檔案，找到 2 個引用
2025-07-19 16:07:27,842 - INFO - 分析EFKMAT檔案 11/14: Stationmaster_ring_2.efkmat
2025-07-19 16:07:27,852 - INFO - 成功解析EFKMAT檔案，找到 1 個引用
2025-07-19 16:07:27,852 - INFO - 分析EFKMAT檔案 12/14: FocusMAsk.efkmat
2025-07-19 16:07:27,854 - WARNING - EFKMAT檔案解析完成，但未找到引用
2025-07-19 16:07:27,854 - INFO - 分析EFKMAT檔案 13/14: lightning_01.efkmat
2025-07-19 16:07:27,866 - INFO - 成功解析EFKMAT檔案，找到 2 個引用
2025-07-19 16:07:27,866 - INFO - 分析EFKMAT檔案 14/14: Shape_flow_tail_01_dissolve_h.efkmat
2025-07-19 16:07:27,881 - INFO - 成功解析EFKMAT檔案，找到 1 個引用
2025-07-19 16:07:27,882 - INFO - 分析EFKMODEL檔案 1/4: Aurora_Path.efkmodel
2025-07-19 16:07:27,933 - WARNING - EFKMODEL檔案解析完成，但未找到引用
2025-07-19 16:07:27,933 - INFO - 分析EFKMODEL檔案 2/4: Aurora_Path.efkmodel
2025-07-19 16:07:27,988 - WARNING - EFKMODEL檔案解析完成，但未找到引用
2025-07-19 16:07:27,988 - INFO - 分析EFKMODEL檔案 3/4: Aurora_Path_01.efkmodel
2025-07-19 16:07:28,022 - WARNING - EFKMODEL檔案解析完成，但未找到引用
2025-07-19 16:07:28,022 - INFO - 分析EFKMODEL檔案 4/4: Blade.efkmodel
2025-07-19 16:07:28,078 - WARNING - EFKMODEL檔案解析完成，但未找到引用
2025-07-19 16:07:28,080 - INFO - 掃描摘要 - 總檔案數: 53, 成功: 53, 失敗: 0
2025-07-19 16:07:28,080 - INFO - 掃描完成，總共解析出 47 個有效結果
