2025-07-19 17:26:40,785 - INFO - 開始掃描專案: C:\Users\User\Desktop\OceanTale\effekseer\Efk
2025-07-19 17:26:40,786 - INFO - 找到 35 個EFK檔案, 14 個EFKMAT檔案, 4 個EFKMODEL檔案
2025-07-19 17:26:40,786 - INFO - 分析EFK檔案 1/35: Attack.efk
2025-07-19 17:26:40,792 - INFO - 成功解析EFK檔案，找到 8 個引用
2025-07-19 17:26:40,792 - INFO - 分析EFK檔案 2/35: Aurora.efk
2025-07-19 17:26:40,793 - INFO - 成功解析EFK檔案，找到 5 個引用
2025-07-19 17:26:40,793 - INFO - 分析EFK檔案 3/35: EarthGlow.efk
2025-07-19 17:26:40,794 - INFO - 成功解析EFK檔案，找到 3 個引用
2025-07-19 17:26:40,795 - INFO - 分析EFK檔案 4/35: Explosion.efk
2025-07-19 17:26:40,797 - INFO - 成功解析EFK檔案，找到 1 個引用
2025-07-19 17:26:40,797 - INFO - 分析EFK檔案 5/35: Aurora.efk
2025-07-19 17:26:40,803 - INFO - 成功解析EFK檔案，找到 9 個引用
2025-07-19 17:26:40,803 - INFO - 分析EFK檔案 6/35: EarthGlow.efk
2025-07-19 17:26:40,804 - INFO - 成功解析EFK檔案，找到 5 個引用
2025-07-19 17:26:40,804 - INFO - 分析EFK檔案 7/35: MantisShrimpAccumulate_1_BgFire.efk
2025-07-19 17:26:40,805 - INFO - 成功解析EFK檔案，找到 4 個引用
2025-07-19 17:26:40,805 - INFO - 分析EFK檔案 8/35: MantisShrimpAccumulate_1_EnergyBall.efk
2025-07-19 17:26:40,807 - INFO - 成功解析EFK檔案，找到 5 個引用
2025-07-19 17:26:40,808 - INFO - 分析EFK檔案 9/35: MantisShrimpAccumulate_1_EnergyLine.efk
2025-07-19 17:26:40,809 - INFO - 成功解析EFK檔案，找到 1 個引用
2025-07-19 17:26:40,809 - INFO - 分析EFK檔案 10/35: MantisShrimpAccumulate_2_BgFire.efk
2025-07-19 17:26:40,811 - INFO - 成功解析EFK檔案，找到 4 個引用
2025-07-19 17:26:40,812 - INFO - 分析EFK檔案 11/35: MantisShrimpAccumulate_2_EnergyBall.efk
2025-07-19 17:26:40,813 - INFO - 成功解析EFK檔案，找到 4 個引用
2025-07-19 17:26:40,814 - INFO - 分析EFK檔案 12/35: MantisShrimpAccumulate_2_EnergyLine.efk
2025-07-19 17:26:40,816 - INFO - 成功解析EFK檔案，找到 5 個引用
2025-07-19 17:26:40,816 - INFO - 分析EFK檔案 13/35: MantisShrimpBump.efk
2025-07-19 17:26:40,819 - INFO - 成功解析EFK檔案，找到 8 個引用
2025-07-19 17:26:40,819 - INFO - 分析EFK檔案 14/35: MantisShrimpFlash.efk
2025-07-19 17:26:40,821 - INFO - 成功解析EFK檔案，找到 8 個引用
2025-07-19 17:26:40,821 - INFO - 分析EFK檔案 15/35: MantisShrimpHit_1.efk
2025-07-19 17:26:40,826 - INFO - 成功解析EFK檔案，找到 8 個引用
2025-07-19 17:26:40,826 - INFO - 分析EFK檔案 16/35: MantisShrimpHit_2.efk
2025-07-19 17:26:40,829 - INFO - 成功解析EFK檔案，找到 5 個引用
2025-07-19 17:26:40,829 - INFO - 分析EFK檔案 17/35: MantisShrimpLight.efk
2025-07-19 17:26:40,837 - INFO - 成功解析EFK檔案，找到 1 個引用
2025-07-19 17:26:40,837 - INFO - 分析EFK檔案 18/35: MantisShrimpProvoke.efk
2025-07-19 17:26:40,838 - INFO - 成功解析EFK檔案，找到 4 個引用
2025-07-19 17:26:40,838 - INFO - 分析EFK檔案 19/35: MantisShrimpPunch_1.efk
2025-07-19 17:26:40,842 - INFO - 成功解析EFK檔案，找到 6 個引用
2025-07-19 17:26:40,842 - INFO - 分析EFK檔案 20/35: MantisShrimpRipple.efk
2025-07-19 17:26:40,843 - INFO - 成功解析EFK檔案，找到 4 個引用
2025-07-19 17:26:40,843 - INFO - 分析EFK檔案 21/35: AngryMask.efk
2025-07-19 17:26:40,844 - INFO - 成功解析EFK檔案，找到 2 個引用
2025-07-19 17:26:40,844 - INFO - 分析EFK檔案 22/35: angryMaskFast.efk
2025-07-19 17:26:40,844 - INFO - 成功解析EFK檔案，找到 2 個引用
2025-07-19 17:26:40,844 - INFO - 分析EFK檔案 23/35: angryMaskLong.efk
2025-07-19 17:26:40,845 - INFO - 成功解析EFK檔案，找到 2 個引用
2025-07-19 17:26:40,845 - INFO - 分析EFK檔案 24/35: Attack_big_1.efk
2025-07-19 17:26:40,846 - INFO - 成功解析EFK檔案，找到 5 個引用
2025-07-19 17:26:40,846 - INFO - 分析EFK檔案 25/35: Attack_big_2.efk
2025-07-19 17:26:40,847 - INFO - 成功解析EFK檔案，找到 5 個引用
2025-07-19 17:26:40,847 - INFO - 分析EFK檔案 26/35: Attack_big_3.efk
2025-07-19 17:26:40,849 - INFO - 成功解析EFK檔案，找到 5 個引用
2025-07-19 17:26:40,849 - INFO - 分析EFK檔案 27/35: Attack_big_4.efk
2025-07-19 17:26:40,850 - INFO - 成功解析EFK檔案，找到 5 個引用
2025-07-19 17:26:40,850 - INFO - 分析EFK檔案 28/35: Attack_big_5.efk
2025-07-19 17:26:40,852 - INFO - 成功解析EFK檔案，找到 5 個引用
2025-07-19 17:26:40,852 - INFO - 分析EFK檔案 29/35: Attack_big_6.efk
2025-07-19 17:26:40,853 - INFO - 成功解析EFK檔案，找到 5 個引用
2025-07-19 17:26:40,853 - INFO - 分析EFK檔案 30/35: Attack_big_full.efk
2025-07-19 17:26:40,860 - INFO - 成功解析EFK檔案，找到 1 個引用
2025-07-19 17:26:40,860 - INFO - 分析EFK檔案 31/35: Attack_small.efk
2025-07-19 17:26:40,862 - INFO - 成功解析EFK檔案，找到 5 個引用
2025-07-19 17:26:40,863 - INFO - 分析EFK檔案 32/35: Lightning.efk
2025-07-19 17:26:40,865 - INFO - 成功解析EFK檔案，找到 6 個引用
2025-07-19 17:26:40,865 - INFO - 分析EFK檔案 33/35: LightningFast.efk
2025-07-19 17:26:40,868 - INFO - 成功解析EFK檔案，找到 6 個引用
2025-07-19 17:26:40,868 - INFO - 分析EFK檔案 34/35: LightningSlow.efk
2025-07-19 17:26:40,871 - INFO - 成功解析EFK檔案，找到 6 個引用
2025-07-19 17:26:40,871 - INFO - 分析EFK檔案 35/35: WaterSkiing.efk
2025-07-19 17:26:40,872 - INFO - 成功解析EFK檔案，找到 1 個引用
2025-07-19 17:26:40,872 - INFO - 分析EFKMAT檔案 1/14: Aurora.efkmat
2025-07-19 17:26:40,896 - INFO - 成功解析EFKMAT檔案，找到 1 個引用
2025-07-19 17:26:40,896 - INFO - 分析EFKMAT檔案 2/14: cannon_dissolve_3.efkmat
2025-07-19 17:26:40,911 - INFO - 成功解析EFKMAT檔案，找到 2 個引用
2025-07-19 17:26:40,911 - INFO - 分析EFKMAT檔案 3/14: Dissolve_04.efkmat
2025-07-19 17:26:40,917 - INFO - 成功解析EFKMAT檔案，找到 2 個引用
2025-07-19 17:26:40,917 - INFO - 分析EFKMAT檔案 4/14: Aurora.efkmat
2025-07-19 17:26:40,940 - INFO - 成功解析EFKMAT檔案，找到 1 個引用
2025-07-19 17:26:40,940 - INFO - 分析EFKMAT檔案 5/14: Explosion_Floor.efkmat
2025-07-19 17:26:40,948 - INFO - 成功解析EFKMAT檔案，找到 2 個引用
2025-07-19 17:26:40,948 - INFO - 分析EFKMAT檔案 6/14: FocusMAsk.efkmat
2025-07-19 17:26:40,950 - WARNING - EFKMAT檔案解析完成，但未找到引用
2025-07-19 17:26:40,950 - INFO - 分析EFKMAT檔案 7/14: lightning_01_dissolve.efkmat
2025-07-19 17:26:40,965 - INFO - 成功解析EFKMAT檔案，找到 3 個引用
2025-07-19 17:26:40,965 - INFO - 分析EFKMAT檔案 8/14: Shape_flow_tail_01.efkmat
2025-07-19 17:26:40,977 - INFO - 成功解析EFKMAT檔案，找到 1 個引用
2025-07-19 17:26:40,977 - INFO - 分析EFKMAT檔案 9/14: Shape_flow_tail_01_disslove.efkmat
2025-07-19 17:26:40,999 - INFO - 成功解析EFKMAT檔案，找到 2 個引用
2025-07-19 17:26:40,999 - INFO - 分析EFKMAT檔案 10/14: Slime_Track.efkmat
2025-07-19 17:26:41,014 - INFO - 成功解析EFKMAT檔案，找到 2 個引用
2025-07-19 17:26:41,014 - INFO - 分析EFKMAT檔案 11/14: Stationmaster_ring_2.efkmat
2025-07-19 17:26:41,029 - INFO - 成功解析EFKMAT檔案，找到 1 個引用
2025-07-19 17:26:41,029 - INFO - 分析EFKMAT檔案 12/14: FocusMAsk.efkmat
2025-07-19 17:26:41,033 - WARNING - EFKMAT檔案解析完成，但未找到引用
2025-07-19 17:26:41,034 - INFO - 分析EFKMAT檔案 13/14: lightning_01.efkmat
2025-07-19 17:26:41,047 - INFO - 成功解析EFKMAT檔案，找到 2 個引用
2025-07-19 17:26:41,047 - INFO - 分析EFKMAT檔案 14/14: Shape_flow_tail_01_dissolve_h.efkmat
2025-07-19 17:26:41,061 - INFO - 成功解析EFKMAT檔案，找到 1 個引用
2025-07-19 17:26:41,061 - INFO - 分析EFKMODEL檔案 1/4: Aurora_Path.efkmodel
2025-07-19 17:26:41,119 - WARNING - EFKMODEL檔案解析完成，但未找到引用
2025-07-19 17:26:41,119 - INFO - 分析EFKMODEL檔案 2/4: Aurora_Path.efkmodel
2025-07-19 17:26:41,174 - WARNING - EFKMODEL檔案解析完成，但未找到引用
2025-07-19 17:26:41,174 - INFO - 分析EFKMODEL檔案 3/4: Aurora_Path_01.efkmodel
2025-07-19 17:26:41,209 - WARNING - EFKMODEL檔案解析完成，但未找到引用
2025-07-19 17:26:41,209 - INFO - 分析EFKMODEL檔案 4/4: Blade.efkmodel
2025-07-19 17:26:41,259 - WARNING - EFKMODEL檔案解析完成，但未找到引用
2025-07-19 17:26:41,259 - INFO - 掃描摘要 - 總檔案數: 53, 成功: 53, 失敗: 0
2025-07-19 17:26:41,261 - INFO - 掃描完成，總共解析出 47 個有效結果
