2025-07-19 16:49:36,814 - INFO - 開始掃描專案: C:\Users\User\Desktop\OceanTale\effekseer\Efk
2025-07-19 16:49:36,815 - INFO - 找到 35 個EFK檔案, 14 個EFKMAT檔案, 4 個EFKMODEL檔案
2025-07-19 16:49:36,815 - INFO - 分析EFK檔案 1/35: Attack.efk
2025-07-19 16:49:36,821 - INFO - 成功解析EFK檔案，找到 8 個引用
2025-07-19 16:49:36,821 - INFO - 分析EFK檔案 2/35: Aurora.efk
2025-07-19 16:49:36,823 - INFO - 成功解析EFK檔案，找到 5 個引用
2025-07-19 16:49:36,823 - INFO - 分析EFK檔案 3/35: EarthGlow.efk
2025-07-19 16:49:36,825 - INFO - 成功解析EFK檔案，找到 3 個引用
2025-07-19 16:49:36,825 - INFO - 分析EFK檔案 4/35: Explosion.efk
2025-07-19 16:49:36,827 - INFO - 成功解析EFK檔案，找到 1 個引用
2025-07-19 16:49:36,828 - INFO - 分析EFK檔案 5/35: Aurora.efk
2025-07-19 16:49:36,832 - INFO - 成功解析EFK檔案，找到 9 個引用
2025-07-19 16:49:36,833 - INFO - 分析EFK檔案 6/35: EarthGlow.efk
2025-07-19 16:49:36,834 - INFO - 成功解析EFK檔案，找到 5 個引用
2025-07-19 16:49:36,834 - INFO - 分析EFK檔案 7/35: MantisShrimpAccumulate_1_BgFire.efk
2025-07-19 16:49:36,835 - INFO - 成功解析EFK檔案，找到 4 個引用
2025-07-19 16:49:36,835 - INFO - 分析EFK檔案 8/35: MantisShrimpAccumulate_1_EnergyBall.efk
2025-07-19 16:49:36,838 - INFO - 成功解析EFK檔案，找到 5 個引用
2025-07-19 16:49:36,838 - INFO - 分析EFK檔案 9/35: MantisShrimpAccumulate_1_EnergyLine.efk
2025-07-19 16:49:36,839 - INFO - 成功解析EFK檔案，找到 1 個引用
2025-07-19 16:49:36,839 - INFO - 分析EFK檔案 10/35: MantisShrimpAccumulate_2_BgFire.efk
2025-07-19 16:49:36,840 - INFO - 成功解析EFK檔案，找到 4 個引用
2025-07-19 16:49:36,840 - INFO - 分析EFK檔案 11/35: MantisShrimpAccumulate_2_EnergyBall.efk
2025-07-19 16:49:36,842 - INFO - 成功解析EFK檔案，找到 4 個引用
2025-07-19 16:49:36,842 - INFO - 分析EFK檔案 12/35: MantisShrimpAccumulate_2_EnergyLine.efk
2025-07-19 16:49:36,845 - INFO - 成功解析EFK檔案，找到 5 個引用
2025-07-19 16:49:36,845 - INFO - 分析EFK檔案 13/35: MantisShrimpBump.efk
2025-07-19 16:49:36,850 - INFO - 成功解析EFK檔案，找到 8 個引用
2025-07-19 16:49:36,850 - INFO - 分析EFK檔案 14/35: MantisShrimpFlash.efk
2025-07-19 16:49:36,852 - INFO - 成功解析EFK檔案，找到 8 個引用
2025-07-19 16:49:36,852 - INFO - 分析EFK檔案 15/35: MantisShrimpHit_1.efk
2025-07-19 16:49:36,855 - INFO - 成功解析EFK檔案，找到 8 個引用
2025-07-19 16:49:36,855 - INFO - 分析EFK檔案 16/35: MantisShrimpHit_2.efk
2025-07-19 16:49:36,859 - INFO - 成功解析EFK檔案，找到 5 個引用
2025-07-19 16:49:36,859 - INFO - 分析EFK檔案 17/35: MantisShrimpLight.efk
2025-07-19 16:49:36,866 - INFO - 成功解析EFK檔案，找到 1 個引用
2025-07-19 16:49:36,866 - INFO - 分析EFK檔案 18/35: MantisShrimpProvoke.efk
2025-07-19 16:49:36,869 - INFO - 成功解析EFK檔案，找到 4 個引用
2025-07-19 16:49:36,869 - INFO - 分析EFK檔案 19/35: MantisShrimpPunch_1.efk
2025-07-19 16:49:36,872 - INFO - 成功解析EFK檔案，找到 6 個引用
2025-07-19 16:49:36,872 - INFO - 分析EFK檔案 20/35: MantisShrimpRipple.efk
2025-07-19 16:49:36,872 - INFO - 成功解析EFK檔案，找到 4 個引用
2025-07-19 16:49:36,872 - INFO - 分析EFK檔案 21/35: AngryMask.efk
2025-07-19 16:49:36,873 - INFO - 成功解析EFK檔案，找到 2 個引用
2025-07-19 16:49:36,873 - INFO - 分析EFK檔案 22/35: angryMaskFast.efk
2025-07-19 16:49:36,874 - INFO - 成功解析EFK檔案，找到 2 個引用
2025-07-19 16:49:36,874 - INFO - 分析EFK檔案 23/35: angryMaskLong.efk
2025-07-19 16:49:36,874 - INFO - 成功解析EFK檔案，找到 2 個引用
2025-07-19 16:49:36,874 - INFO - 分析EFK檔案 24/35: Attack_big_1.efk
2025-07-19 16:49:36,875 - INFO - 成功解析EFK檔案，找到 5 個引用
2025-07-19 16:49:36,876 - INFO - 分析EFK檔案 25/35: Attack_big_2.efk
2025-07-19 16:49:36,877 - INFO - 成功解析EFK檔案，找到 5 個引用
2025-07-19 16:49:36,877 - INFO - 分析EFK檔案 26/35: Attack_big_3.efk
2025-07-19 16:49:36,878 - INFO - 成功解析EFK檔案，找到 5 個引用
2025-07-19 16:49:36,878 - INFO - 分析EFK檔案 27/35: Attack_big_4.efk
2025-07-19 16:49:36,881 - INFO - 成功解析EFK檔案，找到 5 個引用
2025-07-19 16:49:36,881 - INFO - 分析EFK檔案 28/35: Attack_big_5.efk
2025-07-19 16:49:36,882 - INFO - 成功解析EFK檔案，找到 5 個引用
2025-07-19 16:49:36,882 - INFO - 分析EFK檔案 29/35: Attack_big_6.efk
2025-07-19 16:49:36,884 - INFO - 成功解析EFK檔案，找到 5 個引用
2025-07-19 16:49:36,884 - INFO - 分析EFK檔案 30/35: Attack_big_full.efk
2025-07-19 16:49:36,890 - INFO - 成功解析EFK檔案，找到 1 個引用
2025-07-19 16:49:36,890 - INFO - 分析EFK檔案 31/35: Attack_small.efk
2025-07-19 16:49:36,892 - INFO - 成功解析EFK檔案，找到 5 個引用
2025-07-19 16:49:36,892 - INFO - 分析EFK檔案 32/35: Lightning.efk
2025-07-19 16:49:36,895 - INFO - 成功解析EFK檔案，找到 6 個引用
2025-07-19 16:49:36,895 - INFO - 分析EFK檔案 33/35: LightningFast.efk
2025-07-19 16:49:36,897 - INFO - 成功解析EFK檔案，找到 6 個引用
2025-07-19 16:49:36,897 - INFO - 分析EFK檔案 34/35: LightningSlow.efk
2025-07-19 16:49:36,898 - INFO - 成功解析EFK檔案，找到 6 個引用
2025-07-19 16:49:36,898 - INFO - 分析EFK檔案 35/35: WaterSkiing.efk
2025-07-19 16:49:36,899 - INFO - 成功解析EFK檔案，找到 1 個引用
2025-07-19 16:49:36,899 - INFO - 分析EFKMAT檔案 1/14: Aurora.efkmat
2025-07-19 16:49:36,921 - INFO - 成功解析EFKMAT檔案，找到 1 個引用
2025-07-19 16:49:36,921 - INFO - 分析EFKMAT檔案 2/14: cannon_dissolve_3.efkmat
2025-07-19 16:49:36,936 - INFO - 成功解析EFKMAT檔案，找到 2 個引用
2025-07-19 16:49:36,936 - INFO - 分析EFKMAT檔案 3/14: Dissolve_04.efkmat
2025-07-19 16:49:36,943 - INFO - 成功解析EFKMAT檔案，找到 2 個引用
2025-07-19 16:49:36,943 - INFO - 分析EFKMAT檔案 4/14: Aurora.efkmat
2025-07-19 16:49:36,965 - INFO - 成功解析EFKMAT檔案，找到 1 個引用
2025-07-19 16:49:36,965 - INFO - 分析EFKMAT檔案 5/14: Explosion_Floor.efkmat
2025-07-19 16:49:36,974 - INFO - 成功解析EFKMAT檔案，找到 2 個引用
2025-07-19 16:49:36,974 - INFO - 分析EFKMAT檔案 6/14: FocusMAsk.efkmat
2025-07-19 16:49:36,976 - WARNING - EFKMAT檔案解析完成，但未找到引用
2025-07-19 16:49:36,976 - INFO - 分析EFKMAT檔案 7/14: lightning_01_dissolve.efkmat
2025-07-19 16:49:36,992 - INFO - 成功解析EFKMAT檔案，找到 3 個引用
2025-07-19 16:49:36,992 - INFO - 分析EFKMAT檔案 8/14: Shape_flow_tail_01.efkmat
2025-07-19 16:49:37,003 - INFO - 成功解析EFKMAT檔案，找到 1 個引用
2025-07-19 16:49:37,005 - INFO - 分析EFKMAT檔案 9/14: Shape_flow_tail_01_disslove.efkmat
2025-07-19 16:49:37,020 - INFO - 成功解析EFKMAT檔案，找到 2 個引用
2025-07-19 16:49:37,020 - INFO - 分析EFKMAT檔案 10/14: Slime_Track.efkmat
2025-07-19 16:49:37,031 - INFO - 成功解析EFKMAT檔案，找到 2 個引用
2025-07-19 16:49:37,031 - INFO - 分析EFKMAT檔案 11/14: Stationmaster_ring_2.efkmat
2025-07-19 16:49:37,042 - INFO - 成功解析EFKMAT檔案，找到 1 個引用
2025-07-19 16:49:37,042 - INFO - 分析EFKMAT檔案 12/14: FocusMAsk.efkmat
2025-07-19 16:49:37,045 - WARNING - EFKMAT檔案解析完成，但未找到引用
2025-07-19 16:49:37,045 - INFO - 分析EFKMAT檔案 13/14: lightning_01.efkmat
2025-07-19 16:49:37,055 - INFO - 成功解析EFKMAT檔案，找到 2 個引用
2025-07-19 16:49:37,055 - INFO - 分析EFKMAT檔案 14/14: Shape_flow_tail_01_dissolve_h.efkmat
2025-07-19 16:49:37,069 - INFO - 成功解析EFKMAT檔案，找到 1 個引用
2025-07-19 16:49:37,069 - INFO - 分析EFKMODEL檔案 1/4: Aurora_Path.efkmodel
2025-07-19 16:49:37,122 - WARNING - EFKMODEL檔案解析完成，但未找到引用
2025-07-19 16:49:37,122 - INFO - 分析EFKMODEL檔案 2/4: Aurora_Path.efkmodel
2025-07-19 16:49:37,177 - WARNING - EFKMODEL檔案解析完成，但未找到引用
2025-07-19 16:49:37,177 - INFO - 分析EFKMODEL檔案 3/4: Aurora_Path_01.efkmodel
2025-07-19 16:49:37,210 - WARNING - EFKMODEL檔案解析完成，但未找到引用
2025-07-19 16:49:37,210 - INFO - 分析EFKMODEL檔案 4/4: Blade.efkmodel
2025-07-19 16:49:37,263 - WARNING - EFKMODEL檔案解析完成，但未找到引用
2025-07-19 16:49:37,263 - INFO - 掃描摘要 - 總檔案數: 53, 成功: 53, 失敗: 0
2025-07-19 16:49:37,264 - INFO - 掃描完成，總共解析出 47 個有效結果
