2025-07-19 17:01:11,188 - INFO - 開始掃描專案: C:\Users\User\Desktop\OceanTale\effekseer\Efk
2025-07-19 17:01:11,189 - INFO - 找到 35 個EFK檔案, 14 個EFKMAT檔案, 4 個EFKMODEL檔案
2025-07-19 17:01:11,189 - INFO - 分析EFK檔案 1/35: Attack.efk
2025-07-19 17:01:11,194 - INFO - 成功解析EFK檔案，找到 8 個引用
2025-07-19 17:01:11,194 - INFO - 分析EFK檔案 2/35: Aurora.efk
2025-07-19 17:01:11,196 - INFO - 成功解析EFK檔案，找到 5 個引用
2025-07-19 17:01:11,196 - INFO - 分析EFK檔案 3/35: EarthGlow.efk
2025-07-19 17:01:11,197 - INFO - 成功解析EFK檔案，找到 3 個引用
2025-07-19 17:01:11,198 - INFO - 分析EFK檔案 4/35: Explosion.efk
2025-07-19 17:01:11,201 - INFO - 成功解析EFK檔案，找到 1 個引用
2025-07-19 17:01:11,201 - INFO - 分析EFK檔案 5/35: Aurora.efk
2025-07-19 17:01:11,205 - INFO - 成功解析EFK檔案，找到 9 個引用
2025-07-19 17:01:11,205 - INFO - 分析EFK檔案 6/35: EarthGlow.efk
2025-07-19 17:01:11,207 - INFO - 成功解析EFK檔案，找到 5 個引用
2025-07-19 17:01:11,207 - INFO - 分析EFK檔案 7/35: MantisShrimpAccumulate_1_BgFire.efk
2025-07-19 17:01:11,210 - INFO - 成功解析EFK檔案，找到 4 個引用
2025-07-19 17:01:11,210 - INFO - 分析EFK檔案 8/35: MantisShrimpAccumulate_1_EnergyBall.efk
2025-07-19 17:01:11,212 - INFO - 成功解析EFK檔案，找到 5 個引用
2025-07-19 17:01:11,212 - INFO - 分析EFK檔案 9/35: MantisShrimpAccumulate_1_EnergyLine.efk
2025-07-19 17:01:11,213 - INFO - 成功解析EFK檔案，找到 1 個引用
2025-07-19 17:01:11,213 - INFO - 分析EFK檔案 10/35: MantisShrimpAccumulate_2_BgFire.efk
2025-07-19 17:01:11,215 - INFO - 成功解析EFK檔案，找到 4 個引用
2025-07-19 17:01:11,215 - INFO - 分析EFK檔案 11/35: MantisShrimpAccumulate_2_EnergyBall.efk
2025-07-19 17:01:11,217 - INFO - 成功解析EFK檔案，找到 4 個引用
2025-07-19 17:01:11,217 - INFO - 分析EFK檔案 12/35: MantisShrimpAccumulate_2_EnergyLine.efk
2025-07-19 17:01:11,219 - INFO - 成功解析EFK檔案，找到 5 個引用
2025-07-19 17:01:11,219 - INFO - 分析EFK檔案 13/35: MantisShrimpBump.efk
2025-07-19 17:01:11,222 - INFO - 成功解析EFK檔案，找到 8 個引用
2025-07-19 17:01:11,224 - INFO - 分析EFK檔案 14/35: MantisShrimpFlash.efk
2025-07-19 17:01:11,225 - INFO - 成功解析EFK檔案，找到 8 個引用
2025-07-19 17:01:11,225 - INFO - 分析EFK檔案 15/35: MantisShrimpHit_1.efk
2025-07-19 17:01:11,229 - INFO - 成功解析EFK檔案，找到 8 個引用
2025-07-19 17:01:11,229 - INFO - 分析EFK檔案 16/35: MantisShrimpHit_2.efk
2025-07-19 17:01:11,233 - INFO - 成功解析EFK檔案，找到 5 個引用
2025-07-19 17:01:11,234 - INFO - 分析EFK檔案 17/35: MantisShrimpLight.efk
2025-07-19 17:01:11,241 - INFO - 成功解析EFK檔案，找到 1 個引用
2025-07-19 17:01:11,241 - INFO - 分析EFK檔案 18/35: MantisShrimpProvoke.efk
2025-07-19 17:01:11,243 - INFO - 成功解析EFK檔案，找到 4 個引用
2025-07-19 17:01:11,243 - INFO - 分析EFK檔案 19/35: MantisShrimpPunch_1.efk
2025-07-19 17:01:11,247 - INFO - 成功解析EFK檔案，找到 6 個引用
2025-07-19 17:01:11,247 - INFO - 分析EFK檔案 20/35: MantisShrimpRipple.efk
2025-07-19 17:01:11,248 - INFO - 成功解析EFK檔案，找到 4 個引用
2025-07-19 17:01:11,248 - INFO - 分析EFK檔案 21/35: AngryMask.efk
2025-07-19 17:01:11,249 - INFO - 成功解析EFK檔案，找到 2 個引用
2025-07-19 17:01:11,249 - INFO - 分析EFK檔案 22/35: angryMaskFast.efk
2025-07-19 17:01:11,249 - INFO - 成功解析EFK檔案，找到 2 個引用
2025-07-19 17:01:11,249 - INFO - 分析EFK檔案 23/35: angryMaskLong.efk
2025-07-19 17:01:11,250 - INFO - 成功解析EFK檔案，找到 2 個引用
2025-07-19 17:01:11,250 - INFO - 分析EFK檔案 24/35: Attack_big_1.efk
2025-07-19 17:01:11,252 - INFO - 成功解析EFK檔案，找到 5 個引用
2025-07-19 17:01:11,252 - INFO - 分析EFK檔案 25/35: Attack_big_2.efk
2025-07-19 17:01:11,253 - INFO - 成功解析EFK檔案，找到 5 個引用
2025-07-19 17:01:11,253 - INFO - 分析EFK檔案 26/35: Attack_big_3.efk
2025-07-19 17:01:11,255 - INFO - 成功解析EFK檔案，找到 5 個引用
2025-07-19 17:01:11,255 - INFO - 分析EFK檔案 27/35: Attack_big_4.efk
2025-07-19 17:01:11,256 - INFO - 成功解析EFK檔案，找到 5 個引用
2025-07-19 17:01:11,257 - INFO - 分析EFK檔案 28/35: Attack_big_5.efk
2025-07-19 17:01:11,258 - INFO - 成功解析EFK檔案，找到 5 個引用
2025-07-19 17:01:11,258 - INFO - 分析EFK檔案 29/35: Attack_big_6.efk
2025-07-19 17:01:11,260 - INFO - 成功解析EFK檔案，找到 5 個引用
2025-07-19 17:01:11,260 - INFO - 分析EFK檔案 30/35: Attack_big_full.efk
2025-07-19 17:01:11,267 - INFO - 成功解析EFK檔案，找到 1 個引用
2025-07-19 17:01:11,267 - INFO - 分析EFK檔案 31/35: Attack_small.efk
2025-07-19 17:01:11,268 - INFO - 成功解析EFK檔案，找到 5 個引用
2025-07-19 17:01:11,269 - INFO - 分析EFK檔案 32/35: Lightning.efk
2025-07-19 17:01:11,270 - INFO - 成功解析EFK檔案，找到 6 個引用
2025-07-19 17:01:11,270 - INFO - 分析EFK檔案 33/35: LightningFast.efk
2025-07-19 17:01:11,273 - INFO - 成功解析EFK檔案，找到 6 個引用
2025-07-19 17:01:11,273 - INFO - 分析EFK檔案 34/35: LightningSlow.efk
2025-07-19 17:01:11,276 - INFO - 成功解析EFK檔案，找到 6 個引用
2025-07-19 17:01:11,276 - INFO - 分析EFK檔案 35/35: WaterSkiing.efk
2025-07-19 17:01:11,277 - INFO - 成功解析EFK檔案，找到 1 個引用
2025-07-19 17:01:11,277 - INFO - 分析EFKMAT檔案 1/14: Aurora.efkmat
2025-07-19 17:01:11,298 - INFO - 成功解析EFKMAT檔案，找到 1 個引用
2025-07-19 17:01:11,298 - INFO - 分析EFKMAT檔案 2/14: cannon_dissolve_3.efkmat
2025-07-19 17:01:11,312 - INFO - 成功解析EFKMAT檔案，找到 2 個引用
2025-07-19 17:01:11,313 - INFO - 分析EFKMAT檔案 3/14: Dissolve_04.efkmat
2025-07-19 17:01:11,318 - INFO - 成功解析EFKMAT檔案，找到 2 個引用
2025-07-19 17:01:11,319 - INFO - 分析EFKMAT檔案 4/14: Aurora.efkmat
2025-07-19 17:01:11,341 - INFO - 成功解析EFKMAT檔案，找到 1 個引用
2025-07-19 17:01:11,341 - INFO - 分析EFKMAT檔案 5/14: Explosion_Floor.efkmat
2025-07-19 17:01:11,350 - INFO - 成功解析EFKMAT檔案，找到 2 個引用
2025-07-19 17:01:11,350 - INFO - 分析EFKMAT檔案 6/14: FocusMAsk.efkmat
2025-07-19 17:01:11,353 - WARNING - EFKMAT檔案解析完成，但未找到引用
2025-07-19 17:01:11,353 - INFO - 分析EFKMAT檔案 7/14: lightning_01_dissolve.efkmat
2025-07-19 17:01:11,367 - INFO - 成功解析EFKMAT檔案，找到 3 個引用
2025-07-19 17:01:11,367 - INFO - 分析EFKMAT檔案 8/14: Shape_flow_tail_01.efkmat
2025-07-19 17:01:11,380 - INFO - 成功解析EFKMAT檔案，找到 1 個引用
2025-07-19 17:01:11,380 - INFO - 分析EFKMAT檔案 9/14: Shape_flow_tail_01_disslove.efkmat
2025-07-19 17:01:11,396 - INFO - 成功解析EFKMAT檔案，找到 2 個引用
2025-07-19 17:01:11,396 - INFO - 分析EFKMAT檔案 10/14: Slime_Track.efkmat
2025-07-19 17:01:11,407 - INFO - 成功解析EFKMAT檔案，找到 2 個引用
2025-07-19 17:01:11,407 - INFO - 分析EFKMAT檔案 11/14: Stationmaster_ring_2.efkmat
2025-07-19 17:01:11,418 - INFO - 成功解析EFKMAT檔案，找到 1 個引用
2025-07-19 17:01:11,418 - INFO - 分析EFKMAT檔案 12/14: FocusMAsk.efkmat
2025-07-19 17:01:11,420 - WARNING - EFKMAT檔案解析完成，但未找到引用
2025-07-19 17:01:11,420 - INFO - 分析EFKMAT檔案 13/14: lightning_01.efkmat
2025-07-19 17:01:11,430 - INFO - 成功解析EFKMAT檔案，找到 2 個引用
2025-07-19 17:01:11,430 - INFO - 分析EFKMAT檔案 14/14: Shape_flow_tail_01_dissolve_h.efkmat
2025-07-19 17:01:11,447 - INFO - 成功解析EFKMAT檔案，找到 1 個引用
2025-07-19 17:01:11,447 - INFO - 分析EFKMODEL檔案 1/4: Aurora_Path.efkmodel
2025-07-19 17:01:11,508 - WARNING - EFKMODEL檔案解析完成，但未找到引用
2025-07-19 17:01:11,508 - INFO - 分析EFKMODEL檔案 2/4: Aurora_Path.efkmodel
2025-07-19 17:01:11,562 - WARNING - EFKMODEL檔案解析完成，但未找到引用
2025-07-19 17:01:11,562 - INFO - 分析EFKMODEL檔案 3/4: Aurora_Path_01.efkmodel
2025-07-19 17:01:11,596 - WARNING - EFKMODEL檔案解析完成，但未找到引用
2025-07-19 17:01:11,596 - INFO - 分析EFKMODEL檔案 4/4: Blade.efkmodel
2025-07-19 17:01:11,653 - WARNING - EFKMODEL檔案解析完成，但未找到引用
2025-07-19 17:01:11,653 - INFO - 掃描摘要 - 總檔案數: 53, 成功: 53, 失敗: 0
2025-07-19 17:01:11,653 - INFO - 掃描完成，總共解析出 47 個有效結果
