2025-07-19 16:41:18,393 - INFO - 開始掃描專案: C:\Users\User\Desktop\OceanTale\effekseer\Efk
2025-07-19 16:41:18,394 - INFO - 找到 35 個EFK檔案, 14 個EFKMAT檔案, 4 個EFKMODEL檔案
2025-07-19 16:41:18,394 - INFO - 分析EFK檔案 1/35: Attack.efk
2025-07-19 16:41:18,400 - INFO - 成功解析EFK檔案，找到 8 個引用
2025-07-19 16:41:18,400 - INFO - 分析EFK檔案 2/35: Aurora.efk
2025-07-19 16:41:18,401 - INFO - 成功解析EFK檔案，找到 5 個引用
2025-07-19 16:41:18,401 - INFO - 分析EFK檔案 3/35: EarthGlow.efk
2025-07-19 16:41:18,404 - INFO - 成功解析EFK檔案，找到 3 個引用
2025-07-19 16:41:18,404 - INFO - 分析EFK檔案 4/35: Explosion.efk
2025-07-19 16:41:18,406 - INFO - 成功解析EFK檔案，找到 1 個引用
2025-07-19 16:41:18,406 - INFO - 分析EFK檔案 5/35: Aurora.efk
2025-07-19 16:41:18,412 - INFO - 成功解析EFK檔案，找到 9 個引用
2025-07-19 16:41:18,412 - INFO - 分析EFK檔案 6/35: EarthGlow.efk
2025-07-19 16:41:18,413 - INFO - 成功解析EFK檔案，找到 5 個引用
2025-07-19 16:41:18,413 - INFO - 分析EFK檔案 7/35: MantisShrimpAccumulate_1_BgFire.efk
2025-07-19 16:41:18,415 - INFO - 成功解析EFK檔案，找到 4 個引用
2025-07-19 16:41:18,415 - INFO - 分析EFK檔案 8/35: MantisShrimpAccumulate_1_EnergyBall.efk
2025-07-19 16:41:18,417 - INFO - 成功解析EFK檔案，找到 5 個引用
2025-07-19 16:41:18,417 - INFO - 分析EFK檔案 9/35: MantisShrimpAccumulate_1_EnergyLine.efk
2025-07-19 16:41:18,418 - INFO - 成功解析EFK檔案，找到 1 個引用
2025-07-19 16:41:18,418 - INFO - 分析EFK檔案 10/35: MantisShrimpAccumulate_2_BgFire.efk
2025-07-19 16:41:18,420 - INFO - 成功解析EFK檔案，找到 4 個引用
2025-07-19 16:41:18,421 - INFO - 分析EFK檔案 11/35: MantisShrimpAccumulate_2_EnergyBall.efk
2025-07-19 16:41:18,422 - INFO - 成功解析EFK檔案，找到 4 個引用
2025-07-19 16:41:18,422 - INFO - 分析EFK檔案 12/35: MantisShrimpAccumulate_2_EnergyLine.efk
2025-07-19 16:41:18,425 - INFO - 成功解析EFK檔案，找到 5 個引用
2025-07-19 16:41:18,425 - INFO - 分析EFK檔案 13/35: MantisShrimpBump.efk
2025-07-19 16:41:18,428 - INFO - 成功解析EFK檔案，找到 8 個引用
2025-07-19 16:41:18,428 - INFO - 分析EFK檔案 14/35: MantisShrimpFlash.efk
2025-07-19 16:41:18,431 - INFO - 成功解析EFK檔案，找到 8 個引用
2025-07-19 16:41:18,431 - INFO - 分析EFK檔案 15/35: MantisShrimpHit_1.efk
2025-07-19 16:41:18,434 - INFO - 成功解析EFK檔案，找到 8 個引用
2025-07-19 16:41:18,434 - INFO - 分析EFK檔案 16/35: MantisShrimpHit_2.efk
2025-07-19 16:41:18,437 - INFO - 成功解析EFK檔案，找到 5 個引用
2025-07-19 16:41:18,437 - INFO - 分析EFK檔案 17/35: MantisShrimpLight.efk
2025-07-19 16:41:18,445 - INFO - 成功解析EFK檔案，找到 1 個引用
2025-07-19 16:41:18,445 - INFO - 分析EFK檔案 18/35: MantisShrimpProvoke.efk
2025-07-19 16:41:18,447 - INFO - 成功解析EFK檔案，找到 4 個引用
2025-07-19 16:41:18,447 - INFO - 分析EFK檔案 19/35: MantisShrimpPunch_1.efk
2025-07-19 16:41:18,450 - INFO - 成功解析EFK檔案，找到 6 個引用
2025-07-19 16:41:18,451 - INFO - 分析EFK檔案 20/35: MantisShrimpRipple.efk
2025-07-19 16:41:18,452 - INFO - 成功解析EFK檔案，找到 4 個引用
2025-07-19 16:41:18,452 - INFO - 分析EFK檔案 21/35: AngryMask.efk
2025-07-19 16:41:18,452 - INFO - 成功解析EFK檔案，找到 2 個引用
2025-07-19 16:41:18,453 - INFO - 分析EFK檔案 22/35: angryMaskFast.efk
2025-07-19 16:41:18,453 - INFO - 成功解析EFK檔案，找到 2 個引用
2025-07-19 16:41:18,453 - INFO - 分析EFK檔案 23/35: angryMaskLong.efk
2025-07-19 16:41:18,454 - INFO - 成功解析EFK檔案，找到 2 個引用
2025-07-19 16:41:18,454 - INFO - 分析EFK檔案 24/35: Attack_big_1.efk
2025-07-19 16:41:18,455 - INFO - 成功解析EFK檔案，找到 5 個引用
2025-07-19 16:41:18,455 - INFO - 分析EFK檔案 25/35: Attack_big_2.efk
2025-07-19 16:41:18,458 - INFO - 成功解析EFK檔案，找到 5 個引用
2025-07-19 16:41:18,458 - INFO - 分析EFK檔案 26/35: Attack_big_3.efk
2025-07-19 16:41:18,459 - INFO - 成功解析EFK檔案，找到 5 個引用
2025-07-19 16:41:18,459 - INFO - 分析EFK檔案 27/35: Attack_big_4.efk
2025-07-19 16:41:18,460 - INFO - 成功解析EFK檔案，找到 5 個引用
2025-07-19 16:41:18,460 - INFO - 分析EFK檔案 28/35: Attack_big_5.efk
2025-07-19 16:41:18,463 - INFO - 成功解析EFK檔案，找到 5 個引用
2025-07-19 16:41:18,463 - INFO - 分析EFK檔案 29/35: Attack_big_6.efk
2025-07-19 16:41:18,464 - INFO - 成功解析EFK檔案，找到 5 個引用
2025-07-19 16:41:18,464 - INFO - 分析EFK檔案 30/35: Attack_big_full.efk
2025-07-19 16:41:18,473 - INFO - 成功解析EFK檔案，找到 1 個引用
2025-07-19 16:41:18,473 - INFO - 分析EFK檔案 31/35: Attack_small.efk
2025-07-19 16:41:18,475 - INFO - 成功解析EFK檔案，找到 5 個引用
2025-07-19 16:41:18,475 - INFO - 分析EFK檔案 32/35: Lightning.efk
2025-07-19 16:41:18,478 - INFO - 成功解析EFK檔案，找到 6 個引用
2025-07-19 16:41:18,478 - INFO - 分析EFK檔案 33/35: LightningFast.efk
2025-07-19 16:41:18,480 - INFO - 成功解析EFK檔案，找到 6 個引用
2025-07-19 16:41:18,481 - INFO - 分析EFK檔案 34/35: LightningSlow.efk
2025-07-19 16:41:18,483 - INFO - 成功解析EFK檔案，找到 6 個引用
2025-07-19 16:41:18,483 - INFO - 分析EFK檔案 35/35: WaterSkiing.efk
2025-07-19 16:41:18,483 - INFO - 成功解析EFK檔案，找到 1 個引用
2025-07-19 16:41:18,484 - INFO - 分析EFKMAT檔案 1/14: Aurora.efkmat
2025-07-19 16:41:18,505 - INFO - 成功解析EFKMAT檔案，找到 1 個引用
2025-07-19 16:41:18,505 - INFO - 分析EFKMAT檔案 2/14: cannon_dissolve_3.efkmat
2025-07-19 16:41:18,520 - INFO - 成功解析EFKMAT檔案，找到 2 個引用
2025-07-19 16:41:18,520 - INFO - 分析EFKMAT檔案 3/14: Dissolve_04.efkmat
2025-07-19 16:41:18,527 - INFO - 成功解析EFKMAT檔案，找到 2 個引用
2025-07-19 16:41:18,527 - INFO - 分析EFKMAT檔案 4/14: Aurora.efkmat
2025-07-19 16:41:18,549 - INFO - 成功解析EFKMAT檔案，找到 1 個引用
2025-07-19 16:41:18,549 - INFO - 分析EFKMAT檔案 5/14: Explosion_Floor.efkmat
2025-07-19 16:41:18,557 - INFO - 成功解析EFKMAT檔案，找到 2 個引用
2025-07-19 16:41:18,557 - INFO - 分析EFKMAT檔案 6/14: FocusMAsk.efkmat
2025-07-19 16:41:18,560 - WARNING - EFKMAT檔案解析完成，但未找到引用
2025-07-19 16:41:18,560 - INFO - 分析EFKMAT檔案 7/14: lightning_01_dissolve.efkmat
2025-07-19 16:41:18,574 - INFO - 成功解析EFKMAT檔案，找到 3 個引用
2025-07-19 16:41:18,574 - INFO - 分析EFKMAT檔案 8/14: Shape_flow_tail_01.efkmat
2025-07-19 16:41:18,587 - INFO - 成功解析EFKMAT檔案，找到 1 個引用
2025-07-19 16:41:18,587 - INFO - 分析EFKMAT檔案 9/14: Shape_flow_tail_01_disslove.efkmat
2025-07-19 16:41:18,602 - INFO - 成功解析EFKMAT檔案，找到 2 個引用
2025-07-19 16:41:18,603 - INFO - 分析EFKMAT檔案 10/14: Slime_Track.efkmat
2025-07-19 16:41:18,613 - INFO - 成功解析EFKMAT檔案，找到 2 個引用
2025-07-19 16:41:18,613 - INFO - 分析EFKMAT檔案 11/14: Stationmaster_ring_2.efkmat
2025-07-19 16:41:18,627 - INFO - 成功解析EFKMAT檔案，找到 1 個引用
2025-07-19 16:41:18,627 - INFO - 分析EFKMAT檔案 12/14: FocusMAsk.efkmat
2025-07-19 16:41:18,630 - WARNING - EFKMAT檔案解析完成，但未找到引用
2025-07-19 16:41:18,630 - INFO - 分析EFKMAT檔案 13/14: lightning_01.efkmat
2025-07-19 16:41:18,643 - INFO - 成功解析EFKMAT檔案，找到 2 個引用
2025-07-19 16:41:18,643 - INFO - 分析EFKMAT檔案 14/14: Shape_flow_tail_01_dissolve_h.efkmat
2025-07-19 16:41:18,658 - INFO - 成功解析EFKMAT檔案，找到 1 個引用
2025-07-19 16:41:18,658 - INFO - 分析EFKMODEL檔案 1/4: Aurora_Path.efkmodel
2025-07-19 16:41:18,712 - WARNING - EFKMODEL檔案解析完成，但未找到引用
2025-07-19 16:41:18,712 - INFO - 分析EFKMODEL檔案 2/4: Aurora_Path.efkmodel
2025-07-19 16:41:18,769 - WARNING - EFKMODEL檔案解析完成，但未找到引用
2025-07-19 16:41:18,769 - INFO - 分析EFKMODEL檔案 3/4: Aurora_Path_01.efkmodel
2025-07-19 16:41:18,802 - WARNING - EFKMODEL檔案解析完成，但未找到引用
2025-07-19 16:41:18,802 - INFO - 分析EFKMODEL檔案 4/4: Blade.efkmodel
2025-07-19 16:41:18,853 - WARNING - EFKMODEL檔案解析完成，但未找到引用
2025-07-19 16:41:18,853 - INFO - 掃描摘要 - 總檔案數: 53, 成功: 53, 失敗: 0
2025-07-19 16:41:18,853 - INFO - 掃描完成，總共解析出 47 個有效結果
2025-07-19 16:41:39,147 - INFO - 開始掃描專案: C:\Users\User\Desktop\OceanTale\effekseer\Efk
2025-07-19 16:41:39,148 - INFO - 找到 35 個EFK檔案, 14 個EFKMAT檔案, 4 個EFKMODEL檔案
2025-07-19 16:41:39,148 - INFO - 分析EFK檔案 1/35: Attack.efk
2025-07-19 16:41:39,152 - INFO - 成功解析EFK檔案，找到 8 個引用
2025-07-19 16:41:39,152 - INFO - 分析EFK檔案 2/35: Aurora.efk
2025-07-19 16:41:39,154 - INFO - 成功解析EFK檔案，找到 5 個引用
2025-07-19 16:41:39,154 - INFO - 分析EFK檔案 3/35: EarthGlow.efk
2025-07-19 16:41:39,155 - INFO - 成功解析EFK檔案，找到 3 個引用
2025-07-19 16:41:39,155 - INFO - 分析EFK檔案 4/35: Explosion.efk
2025-07-19 16:41:39,157 - INFO - 成功解析EFK檔案，找到 1 個引用
2025-07-19 16:41:39,157 - INFO - 分析EFK檔案 5/35: Aurora.efk
2025-07-19 16:41:39,163 - INFO - 成功解析EFK檔案，找到 9 個引用
2025-07-19 16:41:39,163 - INFO - 分析EFK檔案 6/35: EarthGlow.efk
2025-07-19 16:41:39,164 - INFO - 成功解析EFK檔案，找到 5 個引用
2025-07-19 16:41:39,164 - INFO - 分析EFK檔案 7/35: MantisShrimpAccumulate_1_BgFire.efk
2025-07-19 16:41:39,166 - INFO - 成功解析EFK檔案，找到 4 個引用
2025-07-19 16:41:39,166 - INFO - 分析EFK檔案 8/35: MantisShrimpAccumulate_1_EnergyBall.efk
2025-07-19 16:41:39,168 - INFO - 成功解析EFK檔案，找到 5 個引用
2025-07-19 16:41:39,168 - INFO - 分析EFK檔案 9/35: MantisShrimpAccumulate_1_EnergyLine.efk
2025-07-19 16:41:39,168 - INFO - 成功解析EFK檔案，找到 1 個引用
2025-07-19 16:41:39,170 - INFO - 分析EFK檔案 10/35: MantisShrimpAccumulate_2_BgFire.efk
2025-07-19 16:41:39,171 - INFO - 成功解析EFK檔案，找到 4 個引用
2025-07-19 16:41:39,171 - INFO - 分析EFK檔案 11/35: MantisShrimpAccumulate_2_EnergyBall.efk
2025-07-19 16:41:39,173 - INFO - 成功解析EFK檔案，找到 4 個引用
2025-07-19 16:41:39,173 - INFO - 分析EFK檔案 12/35: MantisShrimpAccumulate_2_EnergyLine.efk
2025-07-19 16:41:39,176 - INFO - 成功解析EFK檔案，找到 5 個引用
2025-07-19 16:41:39,176 - INFO - 分析EFK檔案 13/35: MantisShrimpBump.efk
2025-07-19 16:41:39,180 - INFO - 成功解析EFK檔案，找到 8 個引用
2025-07-19 16:41:39,180 - INFO - 分析EFK檔案 14/35: MantisShrimpFlash.efk
2025-07-19 16:41:39,182 - INFO - 成功解析EFK檔案，找到 8 個引用
2025-07-19 16:41:39,182 - INFO - 分析EFK檔案 15/35: MantisShrimpHit_1.efk
2025-07-19 16:41:39,185 - INFO - 成功解析EFK檔案，找到 8 個引用
2025-07-19 16:41:39,185 - INFO - 分析EFK檔案 16/35: MantisShrimpHit_2.efk
2025-07-19 16:41:39,189 - INFO - 成功解析EFK檔案，找到 5 個引用
2025-07-19 16:41:39,189 - INFO - 分析EFK檔案 17/35: MantisShrimpLight.efk
2025-07-19 16:41:39,197 - INFO - 成功解析EFK檔案，找到 1 個引用
2025-07-19 16:41:39,197 - INFO - 分析EFK檔案 18/35: MantisShrimpProvoke.efk
2025-07-19 16:41:39,198 - INFO - 成功解析EFK檔案，找到 4 個引用
2025-07-19 16:41:39,198 - INFO - 分析EFK檔案 19/35: MantisShrimpPunch_1.efk
2025-07-19 16:41:39,201 - INFO - 成功解析EFK檔案，找到 6 個引用
2025-07-19 16:41:39,201 - INFO - 分析EFK檔案 20/35: MantisShrimpRipple.efk
2025-07-19 16:41:39,202 - INFO - 成功解析EFK檔案，找到 4 個引用
2025-07-19 16:41:39,202 - INFO - 分析EFK檔案 21/35: AngryMask.efk
2025-07-19 16:41:39,203 - INFO - 成功解析EFK檔案，找到 2 個引用
2025-07-19 16:41:39,203 - INFO - 分析EFK檔案 22/35: angryMaskFast.efk
2025-07-19 16:41:39,203 - INFO - 成功解析EFK檔案，找到 2 個引用
2025-07-19 16:41:39,203 - INFO - 分析EFK檔案 23/35: angryMaskLong.efk
2025-07-19 16:41:39,205 - INFO - 成功解析EFK檔案，找到 2 個引用
2025-07-19 16:41:39,205 - INFO - 分析EFK檔案 24/35: Attack_big_1.efk
2025-07-19 16:41:39,206 - INFO - 成功解析EFK檔案，找到 5 個引用
2025-07-19 16:41:39,206 - INFO - 分析EFK檔案 25/35: Attack_big_2.efk
2025-07-19 16:41:39,207 - INFO - 成功解析EFK檔案，找到 5 個引用
2025-07-19 16:41:39,207 - INFO - 分析EFK檔案 26/35: Attack_big_3.efk
2025-07-19 16:41:39,209 - INFO - 成功解析EFK檔案，找到 5 個引用
2025-07-19 16:41:39,209 - INFO - 分析EFK檔案 27/35: Attack_big_4.efk
2025-07-19 16:41:39,210 - INFO - 成功解析EFK檔案，找到 5 個引用
2025-07-19 16:41:39,210 - INFO - 分析EFK檔案 28/35: Attack_big_5.efk
2025-07-19 16:41:39,212 - INFO - 成功解析EFK檔案，找到 5 個引用
2025-07-19 16:41:39,212 - INFO - 分析EFK檔案 29/35: Attack_big_6.efk
2025-07-19 16:41:39,213 - INFO - 成功解析EFK檔案，找到 5 個引用
2025-07-19 16:41:39,213 - INFO - 分析EFK檔案 30/35: Attack_big_full.efk
2025-07-19 16:41:39,221 - INFO - 成功解析EFK檔案，找到 1 個引用
2025-07-19 16:41:39,221 - INFO - 分析EFK檔案 31/35: Attack_small.efk
2025-07-19 16:41:39,222 - INFO - 成功解析EFK檔案，找到 5 個引用
2025-07-19 16:41:39,222 - INFO - 分析EFK檔案 32/35: Lightning.efk
2025-07-19 16:41:39,225 - INFO - 成功解析EFK檔案，找到 6 個引用
2025-07-19 16:41:39,225 - INFO - 分析EFK檔案 33/35: LightningFast.efk
2025-07-19 16:41:39,228 - INFO - 成功解析EFK檔案，找到 6 個引用
2025-07-19 16:41:39,228 - INFO - 分析EFK檔案 34/35: LightningSlow.efk
2025-07-19 16:41:39,230 - INFO - 成功解析EFK檔案，找到 6 個引用
2025-07-19 16:41:39,230 - INFO - 分析EFK檔案 35/35: WaterSkiing.efk
2025-07-19 16:41:39,230 - INFO - 成功解析EFK檔案，找到 1 個引用
2025-07-19 16:41:39,230 - INFO - 分析EFKMAT檔案 1/14: Aurora.efkmat
2025-07-19 16:41:39,251 - INFO - 成功解析EFKMAT檔案，找到 1 個引用
2025-07-19 16:41:39,251 - INFO - 分析EFKMAT檔案 2/14: cannon_dissolve_3.efkmat
2025-07-19 16:41:39,265 - INFO - 成功解析EFKMAT檔案，找到 2 個引用
2025-07-19 16:41:39,266 - INFO - 分析EFKMAT檔案 3/14: Dissolve_04.efkmat
2025-07-19 16:41:39,272 - INFO - 成功解析EFKMAT檔案，找到 2 個引用
2025-07-19 16:41:39,272 - INFO - 分析EFKMAT檔案 4/14: Aurora.efkmat
2025-07-19 16:41:39,295 - INFO - 成功解析EFKMAT檔案，找到 1 個引用
2025-07-19 16:41:39,295 - INFO - 分析EFKMAT檔案 5/14: Explosion_Floor.efkmat
2025-07-19 16:41:39,303 - INFO - 成功解析EFKMAT檔案，找到 2 個引用
2025-07-19 16:41:39,303 - INFO - 分析EFKMAT檔案 6/14: FocusMAsk.efkmat
2025-07-19 16:41:39,305 - WARNING - EFKMAT檔案解析完成，但未找到引用
2025-07-19 16:41:39,305 - INFO - 分析EFKMAT檔案 7/14: lightning_01_dissolve.efkmat
2025-07-19 16:41:39,320 - INFO - 成功解析EFKMAT檔案，找到 3 個引用
2025-07-19 16:41:39,320 - INFO - 分析EFKMAT檔案 8/14: Shape_flow_tail_01.efkmat
2025-07-19 16:41:39,332 - INFO - 成功解析EFKMAT檔案，找到 1 個引用
2025-07-19 16:41:39,332 - INFO - 分析EFKMAT檔案 9/14: Shape_flow_tail_01_disslove.efkmat
2025-07-19 16:41:39,350 - INFO - 成功解析EFKMAT檔案，找到 2 個引用
2025-07-19 16:41:39,350 - INFO - 分析EFKMAT檔案 10/14: Slime_Track.efkmat
2025-07-19 16:41:39,362 - INFO - 成功解析EFKMAT檔案，找到 2 個引用
2025-07-19 16:41:39,362 - INFO - 分析EFKMAT檔案 11/14: Stationmaster_ring_2.efkmat
2025-07-19 16:41:39,372 - INFO - 成功解析EFKMAT檔案，找到 1 個引用
2025-07-19 16:41:39,372 - INFO - 分析EFKMAT檔案 12/14: FocusMAsk.efkmat
2025-07-19 16:41:39,374 - WARNING - EFKMAT檔案解析完成，但未找到引用
2025-07-19 16:41:39,375 - INFO - 分析EFKMAT檔案 13/14: lightning_01.efkmat
2025-07-19 16:41:39,386 - INFO - 成功解析EFKMAT檔案，找到 2 個引用
2025-07-19 16:41:39,386 - INFO - 分析EFKMAT檔案 14/14: Shape_flow_tail_01_dissolve_h.efkmat
2025-07-19 16:41:39,400 - INFO - 成功解析EFKMAT檔案，找到 1 個引用
2025-07-19 16:41:39,401 - INFO - 分析EFKMODEL檔案 1/4: Aurora_Path.efkmodel
2025-07-19 16:41:39,454 - WARNING - EFKMODEL檔案解析完成，但未找到引用
2025-07-19 16:41:39,454 - INFO - 分析EFKMODEL檔案 2/4: Aurora_Path.efkmodel
2025-07-19 16:41:39,507 - WARNING - EFKMODEL檔案解析完成，但未找到引用
2025-07-19 16:41:39,507 - INFO - 分析EFKMODEL檔案 3/4: Aurora_Path_01.efkmodel
2025-07-19 16:41:39,541 - WARNING - EFKMODEL檔案解析完成，但未找到引用
2025-07-19 16:41:39,541 - INFO - 分析EFKMODEL檔案 4/4: Blade.efkmodel
2025-07-19 16:41:39,593 - WARNING - EFKMODEL檔案解析完成，但未找到引用
2025-07-19 16:41:39,593 - INFO - 掃描摘要 - 總檔案數: 53, 成功: 53, 失敗: 0
2025-07-19 16:41:39,593 - INFO - 掃描完成，總共解析出 47 個有效結果
