2025-07-19 15:43:14,372 - INFO - 開始掃描專案: C:\Users\User\Desktop\OceanTale\effekseer\Efk
2025-07-19 15:43:14,372 - INFO - 找到 35 個EFK檔案, 14 個EFKMAT檔案, 4 個EFKMODEL檔案
2025-07-19 15:43:14,373 - INFO - 分析EFK檔案 1/35: Attack.efk
2025-07-19 15:43:14,374 - INFO - 成功解析EFK檔案，找到 5 個引用
2025-07-19 15:43:14,374 - INFO - 分析EFK檔案 2/35: Aurora.efk
2025-07-19 15:43:14,374 - WARNING - EFK檔案解析完成，但未找到引用
2025-07-19 15:43:14,374 - INFO - 分析EFK檔案 3/35: EarthGlow.efk
2025-07-19 15:43:14,375 - WARNING - EFK檔案解析完成，但未找到引用
2025-07-19 15:43:14,375 - INFO - 分析EFK檔案 4/35: Explosion.efk
2025-07-19 15:43:14,375 - WARNING - EFK檔案解析完成，但未找到引用
2025-07-19 15:43:14,375 - INFO - 分析EFK檔案 5/35: Aurora.efk
2025-07-19 15:43:14,376 - WARNING - EFK檔案解析完成，但未找到引用
2025-07-19 15:43:14,378 - INFO - 分析EFK檔案 6/35: EarthGlow.efk
2025-07-19 15:43:14,378 - WARNING - EFK檔案解析完成，但未找到引用
2025-07-19 15:43:14,378 - INFO - 分析EFK檔案 7/35: MantisShrimpAccumulate_1_BgFire.efk
2025-07-19 15:43:14,378 - INFO - 成功解析EFK檔案，找到 3 個引用
2025-07-19 15:43:14,378 - INFO - 分析EFK檔案 8/35: MantisShrimpAccumulate_1_EnergyBall.efk
2025-07-19 15:43:14,379 - INFO - 成功解析EFK檔案，找到 4 個引用
2025-07-19 15:43:14,379 - INFO - 分析EFK檔案 9/35: MantisShrimpAccumulate_1_EnergyLine.efk
2025-07-19 15:43:14,379 - WARNING - EFK檔案解析完成，但未找到引用
2025-07-19 15:43:14,380 - INFO - 分析EFK檔案 10/35: MantisShrimpAccumulate_2_BgFire.efk
2025-07-19 15:43:14,380 - INFO - 成功解析EFK檔案，找到 3 個引用
2025-07-19 15:43:14,380 - INFO - 分析EFK檔案 11/35: MantisShrimpAccumulate_2_EnergyBall.efk
2025-07-19 15:43:14,380 - WARNING - EFK檔案解析完成，但未找到引用
2025-07-19 15:43:14,380 - INFO - 分析EFK檔案 12/35: MantisShrimpAccumulate_2_EnergyLine.efk
2025-07-19 15:43:14,381 - INFO - 成功解析EFK檔案，找到 4 個引用
2025-07-19 15:43:14,381 - INFO - 分析EFK檔案 13/35: MantisShrimpBump.efk
2025-07-19 15:43:14,381 - INFO - 成功解析EFK檔案，找到 5 個引用
2025-07-19 15:43:14,381 - INFO - 分析EFK檔案 14/35: MantisShrimpFlash.efk
2025-07-19 15:43:14,382 - INFO - 成功解析EFK檔案，找到 5 個引用
2025-07-19 15:43:14,382 - INFO - 分析EFK檔案 15/35: MantisShrimpHit_1.efk
2025-07-19 15:43:14,383 - INFO - 成功解析EFK檔案，找到 7 個引用
2025-07-19 15:43:14,383 - INFO - 分析EFK檔案 16/35: MantisShrimpHit_2.efk
2025-07-19 15:43:14,383 - INFO - 成功解析EFK檔案，找到 4 個引用
2025-07-19 15:43:14,383 - INFO - 分析EFK檔案 17/35: MantisShrimpLight.efk
2025-07-19 15:43:14,384 - WARNING - EFK檔案解析完成，但未找到引用
2025-07-19 15:43:14,385 - INFO - 分析EFK檔案 18/35: MantisShrimpProvoke.efk
2025-07-19 15:43:14,385 - INFO - 成功解析EFK檔案，找到 3 個引用
2025-07-19 15:43:14,385 - INFO - 分析EFK檔案 19/35: MantisShrimpPunch_1.efk
2025-07-19 15:43:14,385 - INFO - 成功解析EFK檔案，找到 5 個引用
2025-07-19 15:43:14,385 - INFO - 分析EFK檔案 20/35: MantisShrimpRipple.efk
2025-07-19 15:43:14,386 - INFO - 成功解析EFK檔案，找到 3 個引用
2025-07-19 15:43:14,386 - INFO - 分析EFK檔案 21/35: AngryMask.efk
2025-07-19 15:43:14,386 - WARNING - EFK檔案解析完成，但未找到引用
2025-07-19 15:43:14,386 - INFO - 分析EFK檔案 22/35: angryMaskFast.efk
2025-07-19 15:43:14,386 - WARNING - EFK檔案解析完成，但未找到引用
2025-07-19 15:43:14,386 - INFO - 分析EFK檔案 23/35: angryMaskLong.efk
2025-07-19 15:43:14,386 - WARNING - EFK檔案解析完成，但未找到引用
2025-07-19 15:43:14,386 - INFO - 分析EFK檔案 24/35: Attack_big_1.efk
2025-07-19 15:43:14,386 - WARNING - EFK檔案解析完成，但未找到引用
2025-07-19 15:43:14,386 - INFO - 分析EFK檔案 25/35: Attack_big_2.efk
2025-07-19 15:43:14,386 - WARNING - EFK檔案解析完成，但未找到引用
2025-07-19 15:43:14,388 - INFO - 分析EFK檔案 26/35: Attack_big_3.efk
2025-07-19 15:43:14,388 - WARNING - EFK檔案解析完成，但未找到引用
2025-07-19 15:43:14,388 - INFO - 分析EFK檔案 27/35: Attack_big_4.efk
2025-07-19 15:43:14,388 - WARNING - EFK檔案解析完成，但未找到引用
2025-07-19 15:43:14,388 - INFO - 分析EFK檔案 28/35: Attack_big_5.efk
2025-07-19 15:43:14,389 - WARNING - EFK檔案解析完成，但未找到引用
2025-07-19 15:43:14,389 - INFO - 分析EFK檔案 29/35: Attack_big_6.efk
2025-07-19 15:43:14,389 - WARNING - EFK檔案解析完成，但未找到引用
2025-07-19 15:43:14,389 - INFO - 分析EFK檔案 30/35: Attack_big_full.efk
2025-07-19 15:43:14,390 - WARNING - EFK檔案解析完成，但未找到引用
2025-07-19 15:43:14,391 - INFO - 分析EFK檔案 31/35: Attack_small.efk
2025-07-19 15:43:14,391 - WARNING - EFK檔案解析完成，但未找到引用
2025-07-19 15:43:14,391 - INFO - 分析EFK檔案 32/35: Lightning.efk
2025-07-19 15:43:14,391 - INFO - 成功解析EFK檔案，找到 5 個引用
2025-07-19 15:43:14,391 - INFO - 分析EFK檔案 33/35: LightningFast.efk
2025-07-19 15:43:14,392 - INFO - 成功解析EFK檔案，找到 5 個引用
2025-07-19 15:43:14,392 - INFO - 分析EFK檔案 34/35: LightningSlow.efk
2025-07-19 15:43:14,392 - INFO - 成功解析EFK檔案，找到 5 個引用
2025-07-19 15:43:14,392 - INFO - 分析EFK檔案 35/35: WaterSkiing.efk
2025-07-19 15:43:14,392 - WARNING - EFK檔案解析完成，但未找到引用
2025-07-19 15:43:14,392 - INFO - 分析EFKMAT檔案 1/14: Aurora.efkmat
2025-07-19 15:43:14,399 - INFO - 成功解析EFKMAT檔案，找到 1 個引用
2025-07-19 15:43:14,399 - INFO - 分析EFKMAT檔案 2/14: cannon_dissolve_3.efkmat
2025-07-19 15:43:14,409 - INFO - 成功解析EFKMAT檔案，找到 2 個引用
2025-07-19 15:43:14,409 - INFO - 分析EFKMAT檔案 3/14: Dissolve_04.efkmat
2025-07-19 15:43:14,415 - INFO - 成功解析EFKMAT檔案，找到 2 個引用
2025-07-19 15:43:14,415 - INFO - 分析EFKMAT檔案 4/14: Aurora.efkmat
2025-07-19 15:43:14,423 - INFO - 成功解析EFKMAT檔案，找到 1 個引用
2025-07-19 15:43:14,424 - INFO - 分析EFKMAT檔案 5/14: Explosion_Floor.efkmat
2025-07-19 15:43:14,429 - INFO - 成功解析EFKMAT檔案，找到 2 個引用
2025-07-19 15:43:14,429 - INFO - 分析EFKMAT檔案 6/14: FocusMAsk.efkmat
2025-07-19 15:43:14,433 - WARNING - EFKMAT檔案解析完成，但未找到引用
2025-07-19 15:43:14,433 - INFO - 分析EFKMAT檔案 7/14: lightning_01_dissolve.efkmat
2025-07-19 15:43:14,440 - INFO - 成功解析EFKMAT檔案，找到 3 個引用
2025-07-19 15:43:14,440 - INFO - 分析EFKMAT檔案 8/14: Shape_flow_tail_01.efkmat
2025-07-19 15:43:14,446 - INFO - 成功解析EFKMAT檔案，找到 1 個引用
2025-07-19 15:43:14,447 - INFO - 分析EFKMAT檔案 9/14: Shape_flow_tail_01_disslove.efkmat
2025-07-19 15:43:14,453 - INFO - 成功解析EFKMAT檔案，找到 2 個引用
2025-07-19 15:43:14,453 - INFO - 分析EFKMAT檔案 10/14: Slime_Track.efkmat
2025-07-19 15:43:14,458 - INFO - 成功解析EFKMAT檔案，找到 2 個引用
2025-07-19 15:43:14,459 - INFO - 分析EFKMAT檔案 11/14: Stationmaster_ring_2.efkmat
2025-07-19 15:43:14,464 - INFO - 成功解析EFKMAT檔案，找到 1 個引用
2025-07-19 15:43:14,464 - INFO - 分析EFKMAT檔案 12/14: FocusMAsk.efkmat
2025-07-19 15:43:14,466 - WARNING - EFKMAT檔案解析完成，但未找到引用
2025-07-19 15:43:14,466 - INFO - 分析EFKMAT檔案 13/14: lightning_01.efkmat
2025-07-19 15:43:14,472 - INFO - 成功解析EFKMAT檔案，找到 2 個引用
2025-07-19 15:43:14,472 - INFO - 分析EFKMAT檔案 14/14: Shape_flow_tail_01_dissolve_h.efkmat
2025-07-19 15:43:14,478 - INFO - 成功解析EFKMAT檔案，找到 1 個引用
2025-07-19 15:43:14,478 - INFO - 分析EFKMODEL檔案 1/4: Aurora_Path.efkmodel
2025-07-19 15:43:14,483 - WARNING - EFKMODEL檔案解析完成，但未找到引用
2025-07-19 15:43:14,483 - INFO - 分析EFKMODEL檔案 2/4: Aurora_Path.efkmodel
2025-07-19 15:43:14,491 - WARNING - EFKMODEL檔案解析完成，但未找到引用
2025-07-19 15:43:14,491 - INFO - 分析EFKMODEL檔案 3/4: Aurora_Path_01.efkmodel
2025-07-19 15:43:14,496 - WARNING - EFKMODEL檔案解析完成，但未找到引用
2025-07-19 15:43:14,496 - INFO - 分析EFKMODEL檔案 4/4: Blade.efkmodel
2025-07-19 15:43:14,503 - WARNING - EFKMODEL檔案解析完成，但未找到引用
2025-07-19 15:43:14,503 - INFO - 掃描摘要 - 總檔案數: 53, 成功: 53, 失敗: 0
2025-07-19 15:43:14,503 - INFO - 掃描完成，總共解析出 27 個有效結果
