2025-07-19 15:55:15,037 - INFO - 開始掃描專案: C:\Users\User\Desktop\OceanTale\effekseer\Efk\CrazyPirateShip
2025-07-19 15:55:15,037 - INFO - 找到 4 個EFK檔案, 3 個EFKMAT檔案, 1 個EFKMODEL檔案
2025-07-19 15:55:15,037 - INFO - 分析EFK檔案 1/4: Attack.efk
2025-07-19 15:55:15,038 - INFO - 成功解析EFK檔案，找到 5 個引用
2025-07-19 15:55:15,038 - INFO - 分析EFK檔案 2/4: Aurora.efk
2025-07-19 15:55:15,038 - WARNING - EFK檔案解析完成，但未找到引用
2025-07-19 15:55:15,038 - INFO - 分析EFK檔案 3/4: EarthGlow.efk
2025-07-19 15:55:15,040 - WARNING - EFK檔案解析完成，但未找到引用
2025-07-19 15:55:15,040 - INFO - 分析EFK檔案 4/4: Explosion.efk
2025-07-19 15:55:15,040 - WARNING - EFK檔案解析完成，但未找到引用
2025-07-19 15:55:15,040 - INFO - 分析EFKMAT檔案 1/3: Aurora.efkmat
2025-07-19 15:55:15,047 - INFO - 成功解析EFKMAT檔案，找到 1 個引用
2025-07-19 15:55:15,047 - INFO - 分析EFKMAT檔案 2/3: cannon_dissolve_3.efkmat
2025-07-19 15:55:15,051 - INFO - 成功解析EFKMAT檔案，找到 2 個引用
2025-07-19 15:55:15,051 - INFO - 分析EFKMAT檔案 3/3: Dissolve_04.efkmat
2025-07-19 15:55:15,053 - INFO - 成功解析EFKMAT檔案，找到 2 個引用
2025-07-19 15:55:15,053 - INFO - 分析EFKMODEL檔案 1/1: Aurora_Path.efkmodel
2025-07-19 15:55:15,094 - WARNING - EFKMODEL檔案解析完成，但未找到引用
2025-07-19 15:55:15,094 - INFO - 掃描摘要 - 總檔案數: 8, 成功: 8, 失敗: 0
2025-07-19 15:55:15,095 - INFO - 掃描完成，總共解析出 4 個有效結果
